<?xml version="1.0" encoding="UTF-8"?>
<testsuite xmlns:xsi="http://www.w3.org/2001/XMLSchema-instance" xsi:noNamespaceSchemaLocation="https://maven.apache.org/surefire/maven-surefire-plugin/xsd/surefire-test-report-3.0.xsd" version="3.0" name="com.foodorder.usermanagement.service.UserServiceEdgeCaseTest" time="11.48" tests="11" errors="0" skipped="0" failures="0">
  <properties>
    <property name="java.specification.version" value="21"/>
    <property name="sun.cpu.isalist" value="amd64"/>
    <property name="sun.jnu.encoding" value="Cp1252"/>
    <property name="java.class.path" value="C:\Users\fredrick.gnanaraj\AI upskill\food order application\target\test-classes;C:\Users\fredrick.gnanaraj\AI upskill\food order application\target\classes;C:\Users\fredrick.gnanaraj\.m2\repository\org\springframework\boot\spring-boot-starter-web\3.2.3\spring-boot-starter-web-3.2.3.jar;C:\Users\fredrick.gnanaraj\.m2\repository\org\springframework\boot\spring-boot-starter\3.2.3\spring-boot-starter-3.2.3.jar;C:\Users\fredrick.gnanaraj\.m2\repository\org\springframework\boot\spring-boot\3.2.3\spring-boot-3.2.3.jar;C:\Users\fredrick.gnanaraj\.m2\repository\org\springframework\boot\spring-boot-starter-logging\3.2.3\spring-boot-starter-logging-3.2.3.jar;C:\Users\fredrick.gnanaraj\.m2\repository\ch\qos\logback\logback-classic\1.4.14\logback-classic-1.4.14.jar;C:\Users\fredrick.gnanaraj\.m2\repository\ch\qos\logback\logback-core\1.4.14\logback-core-1.4.14.jar;C:\Users\fredrick.gnanaraj\.m2\repository\org\apache\logging\log4j\log4j-to-slf4j\2.21.1\log4j-to-slf4j-2.21.1.jar;C:\Users\fredrick.gnanaraj\.m2\repository\org\apache\logging\log4j\log4j-api\2.21.1\log4j-api-2.21.1.jar;C:\Users\fredrick.gnanaraj\.m2\repository\org\slf4j\jul-to-slf4j\2.0.12\jul-to-slf4j-2.0.12.jar;C:\Users\fredrick.gnanaraj\.m2\repository\jakarta\annotation\jakarta.annotation-api\2.1.1\jakarta.annotation-api-2.1.1.jar;C:\Users\fredrick.gnanaraj\.m2\repository\org\yaml\snakeyaml\2.2\snakeyaml-2.2.jar;C:\Users\fredrick.gnanaraj\.m2\repository\org\springframework\boot\spring-boot-starter-json\3.2.3\spring-boot-starter-json-3.2.3.jar;C:\Users\fredrick.gnanaraj\.m2\repository\com\fasterxml\jackson\datatype\jackson-datatype-jdk8\2.15.4\jackson-datatype-jdk8-2.15.4.jar;C:\Users\fredrick.gnanaraj\.m2\repository\com\fasterxml\jackson\datatype\jackson-datatype-jsr310\2.15.4\jackson-datatype-jsr310-2.15.4.jar;C:\Users\fredrick.gnanaraj\.m2\repository\com\fasterxml\jackson\module\jackson-module-parameter-names\2.15.4\jackson-module-parameter-names-2.15.4.jar;C:\Users\fredrick.gnanaraj\.m2\repository\org\springframework\boot\spring-boot-starter-tomcat\3.2.3\spring-boot-starter-tomcat-3.2.3.jar;C:\Users\fredrick.gnanaraj\.m2\repository\org\apache\tomcat\embed\tomcat-embed-core\10.1.19\tomcat-embed-core-10.1.19.jar;C:\Users\fredrick.gnanaraj\.m2\repository\org\apache\tomcat\embed\tomcat-embed-websocket\10.1.19\tomcat-embed-websocket-10.1.19.jar;C:\Users\fredrick.gnanaraj\.m2\repository\org\springframework\spring-web\6.1.4\spring-web-6.1.4.jar;C:\Users\fredrick.gnanaraj\.m2\repository\org\springframework\spring-beans\6.1.4\spring-beans-6.1.4.jar;C:\Users\fredrick.gnanaraj\.m2\repository\io\micrometer\micrometer-observation\1.12.3\micrometer-observation-1.12.3.jar;C:\Users\fredrick.gnanaraj\.m2\repository\io\micrometer\micrometer-commons\1.12.3\micrometer-commons-1.12.3.jar;C:\Users\fredrick.gnanaraj\.m2\repository\org\springframework\spring-webmvc\6.1.4\spring-webmvc-6.1.4.jar;C:\Users\fredrick.gnanaraj\.m2\repository\org\springframework\spring-context\6.1.4\spring-context-6.1.4.jar;C:\Users\fredrick.gnanaraj\.m2\repository\org\springframework\spring-expression\6.1.4\spring-expression-6.1.4.jar;C:\Users\fredrick.gnanaraj\.m2\repository\org\springframework\boot\spring-boot-starter-data-jpa\3.2.3\spring-boot-starter-data-jpa-3.2.3.jar;C:\Users\fredrick.gnanaraj\.m2\repository\org\springframework\boot\spring-boot-starter-aop\3.2.3\spring-boot-starter-aop-3.2.3.jar;C:\Users\fredrick.gnanaraj\.m2\repository\org\aspectj\aspectjweaver\1.9.21\aspectjweaver-1.9.21.jar;C:\Users\fredrick.gnanaraj\.m2\repository\org\springframework\boot\spring-boot-starter-jdbc\3.2.3\spring-boot-starter-jdbc-3.2.3.jar;C:\Users\fredrick.gnanaraj\.m2\repository\com\zaxxer\HikariCP\5.0.1\HikariCP-5.0.1.jar;C:\Users\fredrick.gnanaraj\.m2\repository\org\springframework\spring-jdbc\6.1.4\spring-jdbc-6.1.4.jar;C:\Users\fredrick.gnanaraj\.m2\repository\org\hibernate\orm\hibernate-core\6.4.4.Final\hibernate-core-6.4.4.Final.jar;C:\Users\fredrick.gnanaraj\.m2\repository\jakarta\persistence\jakarta.persistence-api\3.1.0\jakarta.persistence-api-3.1.0.jar;C:\Users\fredrick.gnanaraj\.m2\repository\jakarta\transaction\jakarta.transaction-api\2.0.1\jakarta.transaction-api-2.0.1.jar;C:\Users\fredrick.gnanaraj\.m2\repository\org\jboss\logging\jboss-logging\3.5.3.Final\jboss-logging-3.5.3.Final.jar;C:\Users\fredrick.gnanaraj\.m2\repository\org\hibernate\common\hibernate-commons-annotations\6.0.6.Final\hibernate-commons-annotations-6.0.6.Final.jar;C:\Users\fredrick.gnanaraj\.m2\repository\io\smallrye\jandex\3.1.2\jandex-3.1.2.jar;C:\Users\fredrick.gnanaraj\.m2\repository\com\fasterxml\classmate\1.6.0\classmate-1.6.0.jar;C:\Users\fredrick.gnanaraj\.m2\repository\net\bytebuddy\byte-buddy\1.14.12\byte-buddy-1.14.12.jar;C:\Users\fredrick.gnanaraj\.m2\repository\org\glassfish\jaxb\jaxb-runtime\4.0.4\jaxb-runtime-4.0.4.jar;C:\Users\fredrick.gnanaraj\.m2\repository\org\glassfish\jaxb\jaxb-core\4.0.4\jaxb-core-4.0.4.jar;C:\Users\fredrick.gnanaraj\.m2\repository\org\glassfish\jaxb\txw2\4.0.4\txw2-4.0.4.jar;C:\Users\fredrick.gnanaraj\.m2\repository\com\sun\istack\istack-commons-runtime\4.1.2\istack-commons-runtime-4.1.2.jar;C:\Users\fredrick.gnanaraj\.m2\repository\jakarta\inject\jakarta.inject-api\2.0.1\jakarta.inject-api-2.0.1.jar;C:\Users\fredrick.gnanaraj\.m2\repository\org\antlr\antlr4-runtime\4.13.0\antlr4-runtime-4.13.0.jar;C:\Users\fredrick.gnanaraj\.m2\repository\org\springframework\data\spring-data-jpa\3.2.3\spring-data-jpa-3.2.3.jar;C:\Users\fredrick.gnanaraj\.m2\repository\org\springframework\data\spring-data-commons\3.2.3\spring-data-commons-3.2.3.jar;C:\Users\fredrick.gnanaraj\.m2\repository\org\springframework\spring-orm\6.1.4\spring-orm-6.1.4.jar;C:\Users\fredrick.gnanaraj\.m2\repository\org\springframework\spring-tx\6.1.4\spring-tx-6.1.4.jar;C:\Users\fredrick.gnanaraj\.m2\repository\org\slf4j\slf4j-api\2.0.12\slf4j-api-2.0.12.jar;C:\Users\fredrick.gnanaraj\.m2\repository\org\springframework\spring-aspects\6.1.4\spring-aspects-6.1.4.jar;C:\Users\fredrick.gnanaraj\.m2\repository\org\springframework\boot\spring-boot-starter-security\3.2.3\spring-boot-starter-security-3.2.3.jar;C:\Users\fredrick.gnanaraj\.m2\repository\org\springframework\spring-aop\6.1.4\spring-aop-6.1.4.jar;C:\Users\fredrick.gnanaraj\.m2\repository\org\springframework\security\spring-security-config\6.2.2\spring-security-config-6.2.2.jar;C:\Users\fredrick.gnanaraj\.m2\repository\org\springframework\security\spring-security-web\6.2.2\spring-security-web-6.2.2.jar;C:\Users\fredrick.gnanaraj\.m2\repository\org\springframework\boot\spring-boot-starter-validation\3.2.3\spring-boot-starter-validation-3.2.3.jar;C:\Users\fredrick.gnanaraj\.m2\repository\org\apache\tomcat\embed\tomcat-embed-el\10.1.19\tomcat-embed-el-10.1.19.jar;C:\Users\fredrick.gnanaraj\.m2\repository\org\hibernate\validator\hibernate-validator\8.0.1.Final\hibernate-validator-8.0.1.Final.jar;C:\Users\fredrick.gnanaraj\.m2\repository\jakarta\validation\jakarta.validation-api\3.0.2\jakarta.validation-api-3.0.2.jar;C:\Users\fredrick.gnanaraj\.m2\repository\org\springframework\boot\spring-boot-starter-mail\3.2.3\spring-boot-starter-mail-3.2.3.jar;C:\Users\fredrick.gnanaraj\.m2\repository\org\springframework\spring-context-support\6.1.4\spring-context-support-6.1.4.jar;C:\Users\fredrick.gnanaraj\.m2\repository\org\eclipse\angus\jakarta.mail\2.0.2\jakarta.mail-2.0.2.jar;C:\Users\fredrick.gnanaraj\.m2\repository\jakarta\activation\jakarta.activation-api\2.1.2\jakarta.activation-api-2.1.2.jar;C:\Users\fredrick.gnanaraj\.m2\repository\org\eclipse\angus\angus-activation\2.0.1\angus-activation-2.0.1.jar;C:\Users\fredrick.gnanaraj\.m2\repository\org\postgresql\postgresql\42.6.1\postgresql-42.6.1.jar;C:\Users\fredrick.gnanaraj\.m2\repository\org\checkerframework\checker-qual\3.31.0\checker-qual-3.31.0.jar;C:\Users\fredrick.gnanaraj\.m2\repository\io\jsonwebtoken\jjwt-api\0.11.5\jjwt-api-0.11.5.jar;C:\Users\fredrick.gnanaraj\.m2\repository\io\jsonwebtoken\jjwt-impl\0.11.5\jjwt-impl-0.11.5.jar;C:\Users\fredrick.gnanaraj\.m2\repository\io\jsonwebtoken\jjwt-jackson\0.11.5\jjwt-jackson-0.11.5.jar;C:\Users\fredrick.gnanaraj\.m2\repository\com\fasterxml\jackson\core\jackson-databind\2.15.4\jackson-databind-2.15.4.jar;C:\Users\fredrick.gnanaraj\.m2\repository\com\fasterxml\jackson\core\jackson-annotations\2.15.4\jackson-annotations-2.15.4.jar;C:\Users\fredrick.gnanaraj\.m2\repository\com\fasterxml\jackson\core\jackson-core\2.15.4\jackson-core-2.15.4.jar;C:\Users\fredrick.gnanaraj\.m2\repository\org\projectlombok\lombok\1.18.30\lombok-1.18.30.jar;C:\Users\fredrick.gnanaraj\.m2\repository\org\springframework\boot\spring-boot-starter-test\3.2.3\spring-boot-starter-test-3.2.3.jar;C:\Users\fredrick.gnanaraj\.m2\repository\org\springframework\boot\spring-boot-test\3.2.3\spring-boot-test-3.2.3.jar;C:\Users\fredrick.gnanaraj\.m2\repository\org\springframework\boot\spring-boot-test-autoconfigure\3.2.3\spring-boot-test-autoconfigure-3.2.3.jar;C:\Users\fredrick.gnanaraj\.m2\repository\com\jayway\jsonpath\json-path\2.9.0\json-path-2.9.0.jar;C:\Users\fredrick.gnanaraj\.m2\repository\jakarta\xml\bind\jakarta.xml.bind-api\4.0.1\jakarta.xml.bind-api-4.0.1.jar;C:\Users\fredrick.gnanaraj\.m2\repository\net\minidev\json-smart\2.5.0\json-smart-2.5.0.jar;C:\Users\fredrick.gnanaraj\.m2\repository\net\minidev\accessors-smart\2.5.0\accessors-smart-2.5.0.jar;C:\Users\fredrick.gnanaraj\.m2\repository\org\ow2\asm\asm\9.3\asm-9.3.jar;C:\Users\fredrick.gnanaraj\.m2\repository\org\assertj\assertj-core\3.24.2\assertj-core-3.24.2.jar;C:\Users\fredrick.gnanaraj\.m2\repository\org\awaitility\awaitility\4.2.0\awaitility-4.2.0.jar;C:\Users\fredrick.gnanaraj\.m2\repository\org\hamcrest\hamcrest\2.2\hamcrest-2.2.jar;C:\Users\fredrick.gnanaraj\.m2\repository\org\junit\jupiter\junit-jupiter\5.10.2\junit-jupiter-5.10.2.jar;C:\Users\fredrick.gnanaraj\.m2\repository\org\junit\jupiter\junit-jupiter-api\5.10.2\junit-jupiter-api-5.10.2.jar;C:\Users\fredrick.gnanaraj\.m2\repository\org\opentest4j\opentest4j\1.3.0\opentest4j-1.3.0.jar;C:\Users\fredrick.gnanaraj\.m2\repository\org\junit\platform\junit-platform-commons\1.10.2\junit-platform-commons-1.10.2.jar;C:\Users\fredrick.gnanaraj\.m2\repository\org\apiguardian\apiguardian-api\1.1.2\apiguardian-api-1.1.2.jar;C:\Users\fredrick.gnanaraj\.m2\repository\org\junit\jupiter\junit-jupiter-params\5.10.2\junit-jupiter-params-5.10.2.jar;C:\Users\fredrick.gnanaraj\.m2\repository\org\junit\jupiter\junit-jupiter-engine\5.10.2\junit-jupiter-engine-5.10.2.jar;C:\Users\fredrick.gnanaraj\.m2\repository\org\junit\platform\junit-platform-engine\1.10.2\junit-platform-engine-1.10.2.jar;C:\Users\fredrick.gnanaraj\.m2\repository\org\mockito\mockito-core\5.7.0\mockito-core-5.7.0.jar;C:\Users\fredrick.gnanaraj\.m2\repository\net\bytebuddy\byte-buddy-agent\1.14.12\byte-buddy-agent-1.14.12.jar;C:\Users\fredrick.gnanaraj\.m2\repository\org\objenesis\objenesis\3.3\objenesis-3.3.jar;C:\Users\fredrick.gnanaraj\.m2\repository\org\mockito\mockito-junit-jupiter\5.7.0\mockito-junit-jupiter-5.7.0.jar;C:\Users\fredrick.gnanaraj\.m2\repository\org\skyscreamer\jsonassert\1.5.1\jsonassert-1.5.1.jar;C:\Users\fredrick.gnanaraj\.m2\repository\com\vaadin\external\google\android-json\0.0.20131108.vaadin1\android-json-0.0.20131108.vaadin1.jar;C:\Users\fredrick.gnanaraj\.m2\repository\org\springframework\spring-core\6.1.4\spring-core-6.1.4.jar;C:\Users\fredrick.gnanaraj\.m2\repository\org\springframework\spring-jcl\6.1.4\spring-jcl-6.1.4.jar;C:\Users\fredrick.gnanaraj\.m2\repository\org\springframework\spring-test\6.1.4\spring-test-6.1.4.jar;C:\Users\fredrick.gnanaraj\.m2\repository\org\xmlunit\xmlunit-core\2.9.1\xmlunit-core-2.9.1.jar;C:\Users\fredrick.gnanaraj\.m2\repository\org\springframework\security\spring-security-test\6.2.2\spring-security-test-6.2.2.jar;C:\Users\fredrick.gnanaraj\.m2\repository\org\springframework\security\spring-security-core\6.2.2\spring-security-core-6.2.2.jar;C:\Users\fredrick.gnanaraj\.m2\repository\org\springframework\security\spring-security-crypto\6.2.2\spring-security-crypto-6.2.2.jar;C:\Users\fredrick.gnanaraj\.m2\repository\org\springdoc\springdoc-openapi-starter-webmvc-ui\2.3.0\springdoc-openapi-starter-webmvc-ui-2.3.0.jar;C:\Users\fredrick.gnanaraj\.m2\repository\org\springdoc\springdoc-openapi-starter-webmvc-api\2.3.0\springdoc-openapi-starter-webmvc-api-2.3.0.jar;C:\Users\fredrick.gnanaraj\.m2\repository\org\springdoc\springdoc-openapi-starter-common\2.3.0\springdoc-openapi-starter-common-2.3.0.jar;C:\Users\fredrick.gnanaraj\.m2\repository\io\swagger\core\v3\swagger-core-jakarta\2.2.19\swagger-core-jakarta-2.2.19.jar;C:\Users\fredrick.gnanaraj\.m2\repository\org\apache\commons\commons-lang3\3.13.0\commons-lang3-3.13.0.jar;C:\Users\fredrick.gnanaraj\.m2\repository\io\swagger\core\v3\swagger-annotations-jakarta\2.2.19\swagger-annotations-jakarta-2.2.19.jar;C:\Users\fredrick.gnanaraj\.m2\repository\io\swagger\core\v3\swagger-models-jakarta\2.2.19\swagger-models-jakarta-2.2.19.jar;C:\Users\fredrick.gnanaraj\.m2\repository\com\fasterxml\jackson\dataformat\jackson-dataformat-yaml\2.15.4\jackson-dataformat-yaml-2.15.4.jar;C:\Users\fredrick.gnanaraj\.m2\repository\org\webjars\swagger-ui\5.10.3\swagger-ui-5.10.3.jar;C:\Users\fredrick.gnanaraj\.m2\repository\org\testcontainers\junit-jupiter\1.19.3\junit-jupiter-1.19.3.jar;C:\Users\fredrick.gnanaraj\.m2\repository\org\testcontainers\testcontainers\1.19.5\testcontainers-1.19.5.jar;C:\Users\fredrick.gnanaraj\.m2\repository\junit\junit\4.13.2\junit-4.13.2.jar;C:\Users\fredrick.gnanaraj\.m2\repository\org\hamcrest\hamcrest-core\2.2\hamcrest-core-2.2.jar;C:\Users\fredrick.gnanaraj\.m2\repository\org\apache\commons\commons-compress\1.24.0\commons-compress-1.24.0.jar;C:\Users\fredrick.gnanaraj\.m2\repository\org\rnorth\duct-tape\duct-tape\1.0.8\duct-tape-1.0.8.jar;C:\Users\fredrick.gnanaraj\.m2\repository\org\jetbrains\annotations\17.0.0\annotations-17.0.0.jar;C:\Users\fredrick.gnanaraj\.m2\repository\com\github\docker-java\docker-java-api\3.3.4\docker-java-api-3.3.4.jar;C:\Users\fredrick.gnanaraj\.m2\repository\com\github\docker-java\docker-java-transport-zerodep\3.3.4\docker-java-transport-zerodep-3.3.4.jar;C:\Users\fredrick.gnanaraj\.m2\repository\com\github\docker-java\docker-java-transport\3.3.4\docker-java-transport-3.3.4.jar;C:\Users\fredrick.gnanaraj\.m2\repository\net\java\dev\jna\jna\5.13.0\jna-5.13.0.jar;C:\Users\fredrick.gnanaraj\.m2\repository\org\testcontainers\postgresql\1.19.3\postgresql-1.19.3.jar;C:\Users\fredrick.gnanaraj\.m2\repository\org\testcontainers\jdbc\1.19.5\jdbc-1.19.5.jar;C:\Users\fredrick.gnanaraj\.m2\repository\org\testcontainers\database-commons\1.19.5\database-commons-1.19.5.jar;C:\Users\fredrick.gnanaraj\.m2\repository\org\springframework\boot\spring-boot-testcontainers\3.2.3\spring-boot-testcontainers-3.2.3.jar;C:\Users\fredrick.gnanaraj\.m2\repository\org\springframework\boot\spring-boot-autoconfigure\3.2.3\spring-boot-autoconfigure-3.2.3.jar;C:\Users\fredrick.gnanaraj\.m2\repository\commons-validator\commons-validator\1.7\commons-validator-1.7.jar;C:\Users\fredrick.gnanaraj\.m2\repository\commons-beanutils\commons-beanutils\1.9.4\commons-beanutils-1.9.4.jar;C:\Users\fredrick.gnanaraj\.m2\repository\commons-digester\commons-digester\2.1\commons-digester-2.1.jar;C:\Users\fredrick.gnanaraj\.m2\repository\commons-logging\commons-logging\1.2\commons-logging-1.2.jar;C:\Users\fredrick.gnanaraj\.m2\repository\commons-collections\commons-collections\3.2.2\commons-collections-3.2.2.jar;"/>
    <property name="java.vm.vendor" value="Oracle Corporation"/>
    <property name="sun.arch.data.model" value="64"/>
    <property name="user.variant" value=""/>
    <property name="java.vendor.url" value="https://java.oracle.com/"/>
    <property name="catalina.useNaming" value="false"/>
    <property name="user.timezone" value="Asia/Calcutta"/>
    <property name="org.jboss.logging.provider" value="slf4j"/>
    <property name="os.name" value="Windows 11"/>
    <property name="java.vm.specification.version" value="21"/>
    <property name="sun.java.launcher" value="SUN_STANDARD"/>
    <property name="user.country" value="US"/>
    <property name="sun.boot.library.path" value="C:\Program Files\Java\jdk-21\bin"/>
    <property name="sun.java.command" value="C:\Users\fredrick.gnanaraj\AppData\Local\Temp\surefire7217460744059989710\surefirebooter-20250620141803897_3.jar C:\Users\fredrick.gnanaraj\AppData\Local\Temp\surefire7217460744059989710 2025-06-20T14-18-03_526-jvmRun1 surefire-20250620141803897_1tmp surefire_0-20250620141803897_2tmp"/>
    <property name="jdk.debug" value="release"/>
    <property name="surefire.test.class.path" value="C:\Users\fredrick.gnanaraj\AI upskill\food order application\target\test-classes;C:\Users\fredrick.gnanaraj\AI upskill\food order application\target\classes;C:\Users\fredrick.gnanaraj\.m2\repository\org\springframework\boot\spring-boot-starter-web\3.2.3\spring-boot-starter-web-3.2.3.jar;C:\Users\fredrick.gnanaraj\.m2\repository\org\springframework\boot\spring-boot-starter\3.2.3\spring-boot-starter-3.2.3.jar;C:\Users\fredrick.gnanaraj\.m2\repository\org\springframework\boot\spring-boot\3.2.3\spring-boot-3.2.3.jar;C:\Users\fredrick.gnanaraj\.m2\repository\org\springframework\boot\spring-boot-starter-logging\3.2.3\spring-boot-starter-logging-3.2.3.jar;C:\Users\fredrick.gnanaraj\.m2\repository\ch\qos\logback\logback-classic\1.4.14\logback-classic-1.4.14.jar;C:\Users\fredrick.gnanaraj\.m2\repository\ch\qos\logback\logback-core\1.4.14\logback-core-1.4.14.jar;C:\Users\fredrick.gnanaraj\.m2\repository\org\apache\logging\log4j\log4j-to-slf4j\2.21.1\log4j-to-slf4j-2.21.1.jar;C:\Users\fredrick.gnanaraj\.m2\repository\org\apache\logging\log4j\log4j-api\2.21.1\log4j-api-2.21.1.jar;C:\Users\fredrick.gnanaraj\.m2\repository\org\slf4j\jul-to-slf4j\2.0.12\jul-to-slf4j-2.0.12.jar;C:\Users\fredrick.gnanaraj\.m2\repository\jakarta\annotation\jakarta.annotation-api\2.1.1\jakarta.annotation-api-2.1.1.jar;C:\Users\fredrick.gnanaraj\.m2\repository\org\yaml\snakeyaml\2.2\snakeyaml-2.2.jar;C:\Users\fredrick.gnanaraj\.m2\repository\org\springframework\boot\spring-boot-starter-json\3.2.3\spring-boot-starter-json-3.2.3.jar;C:\Users\fredrick.gnanaraj\.m2\repository\com\fasterxml\jackson\datatype\jackson-datatype-jdk8\2.15.4\jackson-datatype-jdk8-2.15.4.jar;C:\Users\fredrick.gnanaraj\.m2\repository\com\fasterxml\jackson\datatype\jackson-datatype-jsr310\2.15.4\jackson-datatype-jsr310-2.15.4.jar;C:\Users\fredrick.gnanaraj\.m2\repository\com\fasterxml\jackson\module\jackson-module-parameter-names\2.15.4\jackson-module-parameter-names-2.15.4.jar;C:\Users\fredrick.gnanaraj\.m2\repository\org\springframework\boot\spring-boot-starter-tomcat\3.2.3\spring-boot-starter-tomcat-3.2.3.jar;C:\Users\fredrick.gnanaraj\.m2\repository\org\apache\tomcat\embed\tomcat-embed-core\10.1.19\tomcat-embed-core-10.1.19.jar;C:\Users\fredrick.gnanaraj\.m2\repository\org\apache\tomcat\embed\tomcat-embed-websocket\10.1.19\tomcat-embed-websocket-10.1.19.jar;C:\Users\fredrick.gnanaraj\.m2\repository\org\springframework\spring-web\6.1.4\spring-web-6.1.4.jar;C:\Users\fredrick.gnanaraj\.m2\repository\org\springframework\spring-beans\6.1.4\spring-beans-6.1.4.jar;C:\Users\fredrick.gnanaraj\.m2\repository\io\micrometer\micrometer-observation\1.12.3\micrometer-observation-1.12.3.jar;C:\Users\fredrick.gnanaraj\.m2\repository\io\micrometer\micrometer-commons\1.12.3\micrometer-commons-1.12.3.jar;C:\Users\fredrick.gnanaraj\.m2\repository\org\springframework\spring-webmvc\6.1.4\spring-webmvc-6.1.4.jar;C:\Users\fredrick.gnanaraj\.m2\repository\org\springframework\spring-context\6.1.4\spring-context-6.1.4.jar;C:\Users\fredrick.gnanaraj\.m2\repository\org\springframework\spring-expression\6.1.4\spring-expression-6.1.4.jar;C:\Users\fredrick.gnanaraj\.m2\repository\org\springframework\boot\spring-boot-starter-data-jpa\3.2.3\spring-boot-starter-data-jpa-3.2.3.jar;C:\Users\fredrick.gnanaraj\.m2\repository\org\springframework\boot\spring-boot-starter-aop\3.2.3\spring-boot-starter-aop-3.2.3.jar;C:\Users\fredrick.gnanaraj\.m2\repository\org\aspectj\aspectjweaver\1.9.21\aspectjweaver-1.9.21.jar;C:\Users\fredrick.gnanaraj\.m2\repository\org\springframework\boot\spring-boot-starter-jdbc\3.2.3\spring-boot-starter-jdbc-3.2.3.jar;C:\Users\fredrick.gnanaraj\.m2\repository\com\zaxxer\HikariCP\5.0.1\HikariCP-5.0.1.jar;C:\Users\fredrick.gnanaraj\.m2\repository\org\springframework\spring-jdbc\6.1.4\spring-jdbc-6.1.4.jar;C:\Users\fredrick.gnanaraj\.m2\repository\org\hibernate\orm\hibernate-core\6.4.4.Final\hibernate-core-6.4.4.Final.jar;C:\Users\fredrick.gnanaraj\.m2\repository\jakarta\persistence\jakarta.persistence-api\3.1.0\jakarta.persistence-api-3.1.0.jar;C:\Users\fredrick.gnanaraj\.m2\repository\jakarta\transaction\jakarta.transaction-api\2.0.1\jakarta.transaction-api-2.0.1.jar;C:\Users\fredrick.gnanaraj\.m2\repository\org\jboss\logging\jboss-logging\3.5.3.Final\jboss-logging-3.5.3.Final.jar;C:\Users\fredrick.gnanaraj\.m2\repository\org\hibernate\common\hibernate-commons-annotations\6.0.6.Final\hibernate-commons-annotations-6.0.6.Final.jar;C:\Users\fredrick.gnanaraj\.m2\repository\io\smallrye\jandex\3.1.2\jandex-3.1.2.jar;C:\Users\fredrick.gnanaraj\.m2\repository\com\fasterxml\classmate\1.6.0\classmate-1.6.0.jar;C:\Users\fredrick.gnanaraj\.m2\repository\net\bytebuddy\byte-buddy\1.14.12\byte-buddy-1.14.12.jar;C:\Users\fredrick.gnanaraj\.m2\repository\org\glassfish\jaxb\jaxb-runtime\4.0.4\jaxb-runtime-4.0.4.jar;C:\Users\fredrick.gnanaraj\.m2\repository\org\glassfish\jaxb\jaxb-core\4.0.4\jaxb-core-4.0.4.jar;C:\Users\fredrick.gnanaraj\.m2\repository\org\glassfish\jaxb\txw2\4.0.4\txw2-4.0.4.jar;C:\Users\fredrick.gnanaraj\.m2\repository\com\sun\istack\istack-commons-runtime\4.1.2\istack-commons-runtime-4.1.2.jar;C:\Users\fredrick.gnanaraj\.m2\repository\jakarta\inject\jakarta.inject-api\2.0.1\jakarta.inject-api-2.0.1.jar;C:\Users\fredrick.gnanaraj\.m2\repository\org\antlr\antlr4-runtime\4.13.0\antlr4-runtime-4.13.0.jar;C:\Users\fredrick.gnanaraj\.m2\repository\org\springframework\data\spring-data-jpa\3.2.3\spring-data-jpa-3.2.3.jar;C:\Users\fredrick.gnanaraj\.m2\repository\org\springframework\data\spring-data-commons\3.2.3\spring-data-commons-3.2.3.jar;C:\Users\fredrick.gnanaraj\.m2\repository\org\springframework\spring-orm\6.1.4\spring-orm-6.1.4.jar;C:\Users\fredrick.gnanaraj\.m2\repository\org\springframework\spring-tx\6.1.4\spring-tx-6.1.4.jar;C:\Users\fredrick.gnanaraj\.m2\repository\org\slf4j\slf4j-api\2.0.12\slf4j-api-2.0.12.jar;C:\Users\fredrick.gnanaraj\.m2\repository\org\springframework\spring-aspects\6.1.4\spring-aspects-6.1.4.jar;C:\Users\fredrick.gnanaraj\.m2\repository\org\springframework\boot\spring-boot-starter-security\3.2.3\spring-boot-starter-security-3.2.3.jar;C:\Users\fredrick.gnanaraj\.m2\repository\org\springframework\spring-aop\6.1.4\spring-aop-6.1.4.jar;C:\Users\fredrick.gnanaraj\.m2\repository\org\springframework\security\spring-security-config\6.2.2\spring-security-config-6.2.2.jar;C:\Users\fredrick.gnanaraj\.m2\repository\org\springframework\security\spring-security-web\6.2.2\spring-security-web-6.2.2.jar;C:\Users\fredrick.gnanaraj\.m2\repository\org\springframework\boot\spring-boot-starter-validation\3.2.3\spring-boot-starter-validation-3.2.3.jar;C:\Users\fredrick.gnanaraj\.m2\repository\org\apache\tomcat\embed\tomcat-embed-el\10.1.19\tomcat-embed-el-10.1.19.jar;C:\Users\fredrick.gnanaraj\.m2\repository\org\hibernate\validator\hibernate-validator\8.0.1.Final\hibernate-validator-8.0.1.Final.jar;C:\Users\fredrick.gnanaraj\.m2\repository\jakarta\validation\jakarta.validation-api\3.0.2\jakarta.validation-api-3.0.2.jar;C:\Users\fredrick.gnanaraj\.m2\repository\org\springframework\boot\spring-boot-starter-mail\3.2.3\spring-boot-starter-mail-3.2.3.jar;C:\Users\fredrick.gnanaraj\.m2\repository\org\springframework\spring-context-support\6.1.4\spring-context-support-6.1.4.jar;C:\Users\fredrick.gnanaraj\.m2\repository\org\eclipse\angus\jakarta.mail\2.0.2\jakarta.mail-2.0.2.jar;C:\Users\fredrick.gnanaraj\.m2\repository\jakarta\activation\jakarta.activation-api\2.1.2\jakarta.activation-api-2.1.2.jar;C:\Users\fredrick.gnanaraj\.m2\repository\org\eclipse\angus\angus-activation\2.0.1\angus-activation-2.0.1.jar;C:\Users\fredrick.gnanaraj\.m2\repository\org\postgresql\postgresql\42.6.1\postgresql-42.6.1.jar;C:\Users\fredrick.gnanaraj\.m2\repository\org\checkerframework\checker-qual\3.31.0\checker-qual-3.31.0.jar;C:\Users\fredrick.gnanaraj\.m2\repository\io\jsonwebtoken\jjwt-api\0.11.5\jjwt-api-0.11.5.jar;C:\Users\fredrick.gnanaraj\.m2\repository\io\jsonwebtoken\jjwt-impl\0.11.5\jjwt-impl-0.11.5.jar;C:\Users\fredrick.gnanaraj\.m2\repository\io\jsonwebtoken\jjwt-jackson\0.11.5\jjwt-jackson-0.11.5.jar;C:\Users\fredrick.gnanaraj\.m2\repository\com\fasterxml\jackson\core\jackson-databind\2.15.4\jackson-databind-2.15.4.jar;C:\Users\fredrick.gnanaraj\.m2\repository\com\fasterxml\jackson\core\jackson-annotations\2.15.4\jackson-annotations-2.15.4.jar;C:\Users\fredrick.gnanaraj\.m2\repository\com\fasterxml\jackson\core\jackson-core\2.15.4\jackson-core-2.15.4.jar;C:\Users\fredrick.gnanaraj\.m2\repository\org\projectlombok\lombok\1.18.30\lombok-1.18.30.jar;C:\Users\fredrick.gnanaraj\.m2\repository\org\springframework\boot\spring-boot-starter-test\3.2.3\spring-boot-starter-test-3.2.3.jar;C:\Users\fredrick.gnanaraj\.m2\repository\org\springframework\boot\spring-boot-test\3.2.3\spring-boot-test-3.2.3.jar;C:\Users\fredrick.gnanaraj\.m2\repository\org\springframework\boot\spring-boot-test-autoconfigure\3.2.3\spring-boot-test-autoconfigure-3.2.3.jar;C:\Users\fredrick.gnanaraj\.m2\repository\com\jayway\jsonpath\json-path\2.9.0\json-path-2.9.0.jar;C:\Users\fredrick.gnanaraj\.m2\repository\jakarta\xml\bind\jakarta.xml.bind-api\4.0.1\jakarta.xml.bind-api-4.0.1.jar;C:\Users\fredrick.gnanaraj\.m2\repository\net\minidev\json-smart\2.5.0\json-smart-2.5.0.jar;C:\Users\fredrick.gnanaraj\.m2\repository\net\minidev\accessors-smart\2.5.0\accessors-smart-2.5.0.jar;C:\Users\fredrick.gnanaraj\.m2\repository\org\ow2\asm\asm\9.3\asm-9.3.jar;C:\Users\fredrick.gnanaraj\.m2\repository\org\assertj\assertj-core\3.24.2\assertj-core-3.24.2.jar;C:\Users\fredrick.gnanaraj\.m2\repository\org\awaitility\awaitility\4.2.0\awaitility-4.2.0.jar;C:\Users\fredrick.gnanaraj\.m2\repository\org\hamcrest\hamcrest\2.2\hamcrest-2.2.jar;C:\Users\fredrick.gnanaraj\.m2\repository\org\junit\jupiter\junit-jupiter\5.10.2\junit-jupiter-5.10.2.jar;C:\Users\fredrick.gnanaraj\.m2\repository\org\junit\jupiter\junit-jupiter-api\5.10.2\junit-jupiter-api-5.10.2.jar;C:\Users\fredrick.gnanaraj\.m2\repository\org\opentest4j\opentest4j\1.3.0\opentest4j-1.3.0.jar;C:\Users\fredrick.gnanaraj\.m2\repository\org\junit\platform\junit-platform-commons\1.10.2\junit-platform-commons-1.10.2.jar;C:\Users\fredrick.gnanaraj\.m2\repository\org\apiguardian\apiguardian-api\1.1.2\apiguardian-api-1.1.2.jar;C:\Users\fredrick.gnanaraj\.m2\repository\org\junit\jupiter\junit-jupiter-params\5.10.2\junit-jupiter-params-5.10.2.jar;C:\Users\fredrick.gnanaraj\.m2\repository\org\junit\jupiter\junit-jupiter-engine\5.10.2\junit-jupiter-engine-5.10.2.jar;C:\Users\fredrick.gnanaraj\.m2\repository\org\junit\platform\junit-platform-engine\1.10.2\junit-platform-engine-1.10.2.jar;C:\Users\fredrick.gnanaraj\.m2\repository\org\mockito\mockito-core\5.7.0\mockito-core-5.7.0.jar;C:\Users\fredrick.gnanaraj\.m2\repository\net\bytebuddy\byte-buddy-agent\1.14.12\byte-buddy-agent-1.14.12.jar;C:\Users\fredrick.gnanaraj\.m2\repository\org\objenesis\objenesis\3.3\objenesis-3.3.jar;C:\Users\fredrick.gnanaraj\.m2\repository\org\mockito\mockito-junit-jupiter\5.7.0\mockito-junit-jupiter-5.7.0.jar;C:\Users\fredrick.gnanaraj\.m2\repository\org\skyscreamer\jsonassert\1.5.1\jsonassert-1.5.1.jar;C:\Users\fredrick.gnanaraj\.m2\repository\com\vaadin\external\google\android-json\0.0.20131108.vaadin1\android-json-0.0.20131108.vaadin1.jar;C:\Users\fredrick.gnanaraj\.m2\repository\org\springframework\spring-core\6.1.4\spring-core-6.1.4.jar;C:\Users\fredrick.gnanaraj\.m2\repository\org\springframework\spring-jcl\6.1.4\spring-jcl-6.1.4.jar;C:\Users\fredrick.gnanaraj\.m2\repository\org\springframework\spring-test\6.1.4\spring-test-6.1.4.jar;C:\Users\fredrick.gnanaraj\.m2\repository\org\xmlunit\xmlunit-core\2.9.1\xmlunit-core-2.9.1.jar;C:\Users\fredrick.gnanaraj\.m2\repository\org\springframework\security\spring-security-test\6.2.2\spring-security-test-6.2.2.jar;C:\Users\fredrick.gnanaraj\.m2\repository\org\springframework\security\spring-security-core\6.2.2\spring-security-core-6.2.2.jar;C:\Users\fredrick.gnanaraj\.m2\repository\org\springframework\security\spring-security-crypto\6.2.2\spring-security-crypto-6.2.2.jar;C:\Users\fredrick.gnanaraj\.m2\repository\org\springdoc\springdoc-openapi-starter-webmvc-ui\2.3.0\springdoc-openapi-starter-webmvc-ui-2.3.0.jar;C:\Users\fredrick.gnanaraj\.m2\repository\org\springdoc\springdoc-openapi-starter-webmvc-api\2.3.0\springdoc-openapi-starter-webmvc-api-2.3.0.jar;C:\Users\fredrick.gnanaraj\.m2\repository\org\springdoc\springdoc-openapi-starter-common\2.3.0\springdoc-openapi-starter-common-2.3.0.jar;C:\Users\fredrick.gnanaraj\.m2\repository\io\swagger\core\v3\swagger-core-jakarta\2.2.19\swagger-core-jakarta-2.2.19.jar;C:\Users\fredrick.gnanaraj\.m2\repository\org\apache\commons\commons-lang3\3.13.0\commons-lang3-3.13.0.jar;C:\Users\fredrick.gnanaraj\.m2\repository\io\swagger\core\v3\swagger-annotations-jakarta\2.2.19\swagger-annotations-jakarta-2.2.19.jar;C:\Users\fredrick.gnanaraj\.m2\repository\io\swagger\core\v3\swagger-models-jakarta\2.2.19\swagger-models-jakarta-2.2.19.jar;C:\Users\fredrick.gnanaraj\.m2\repository\com\fasterxml\jackson\dataformat\jackson-dataformat-yaml\2.15.4\jackson-dataformat-yaml-2.15.4.jar;C:\Users\fredrick.gnanaraj\.m2\repository\org\webjars\swagger-ui\5.10.3\swagger-ui-5.10.3.jar;C:\Users\fredrick.gnanaraj\.m2\repository\org\testcontainers\junit-jupiter\1.19.3\junit-jupiter-1.19.3.jar;C:\Users\fredrick.gnanaraj\.m2\repository\org\testcontainers\testcontainers\1.19.5\testcontainers-1.19.5.jar;C:\Users\fredrick.gnanaraj\.m2\repository\junit\junit\4.13.2\junit-4.13.2.jar;C:\Users\fredrick.gnanaraj\.m2\repository\org\hamcrest\hamcrest-core\2.2\hamcrest-core-2.2.jar;C:\Users\fredrick.gnanaraj\.m2\repository\org\apache\commons\commons-compress\1.24.0\commons-compress-1.24.0.jar;C:\Users\fredrick.gnanaraj\.m2\repository\org\rnorth\duct-tape\duct-tape\1.0.8\duct-tape-1.0.8.jar;C:\Users\fredrick.gnanaraj\.m2\repository\org\jetbrains\annotations\17.0.0\annotations-17.0.0.jar;C:\Users\fredrick.gnanaraj\.m2\repository\com\github\docker-java\docker-java-api\3.3.4\docker-java-api-3.3.4.jar;C:\Users\fredrick.gnanaraj\.m2\repository\com\github\docker-java\docker-java-transport-zerodep\3.3.4\docker-java-transport-zerodep-3.3.4.jar;C:\Users\fredrick.gnanaraj\.m2\repository\com\github\docker-java\docker-java-transport\3.3.4\docker-java-transport-3.3.4.jar;C:\Users\fredrick.gnanaraj\.m2\repository\net\java\dev\jna\jna\5.13.0\jna-5.13.0.jar;C:\Users\fredrick.gnanaraj\.m2\repository\org\testcontainers\postgresql\1.19.3\postgresql-1.19.3.jar;C:\Users\fredrick.gnanaraj\.m2\repository\org\testcontainers\jdbc\1.19.5\jdbc-1.19.5.jar;C:\Users\fredrick.gnanaraj\.m2\repository\org\testcontainers\database-commons\1.19.5\database-commons-1.19.5.jar;C:\Users\fredrick.gnanaraj\.m2\repository\org\springframework\boot\spring-boot-testcontainers\3.2.3\spring-boot-testcontainers-3.2.3.jar;C:\Users\fredrick.gnanaraj\.m2\repository\org\springframework\boot\spring-boot-autoconfigure\3.2.3\spring-boot-autoconfigure-3.2.3.jar;C:\Users\fredrick.gnanaraj\.m2\repository\commons-validator\commons-validator\1.7\commons-validator-1.7.jar;C:\Users\fredrick.gnanaraj\.m2\repository\commons-beanutils\commons-beanutils\1.9.4\commons-beanutils-1.9.4.jar;C:\Users\fredrick.gnanaraj\.m2\repository\commons-digester\commons-digester\2.1\commons-digester-2.1.jar;C:\Users\fredrick.gnanaraj\.m2\repository\commons-logging\commons-logging\1.2\commons-logging-1.2.jar;C:\Users\fredrick.gnanaraj\.m2\repository\commons-collections\commons-collections\3.2.2\commons-collections-3.2.2.jar;"/>
    <property name="sun.cpu.endian" value="little"/>
    <property name="user.home" value="C:\Users\fredrick.gnanaraj"/>
    <property name="user.language" value="en"/>
    <property name="java.specification.vendor" value="Oracle Corporation"/>
    <property name="java.version.date" value="2025-04-15"/>
    <property name="java.home" value="C:\Program Files\Java\jdk-21"/>
    <property name="file.separator" value="\"/>
    <property name="basedir" value="C:\Users\fredrick.gnanaraj\AI upskill\food order application"/>
    <property name="java.vm.compressedOopsMode" value="Zero based"/>
    <property name="line.separator" value="&#10;"/>
    <property name="java.vm.specification.vendor" value="Oracle Corporation"/>
    <property name="java.specification.name" value="Java Platform API Specification"/>
    <property name="FILE_LOG_CHARSET" value="UTF-8"/>
    <property name="java.awt.headless" value="true"/>
    <property name="surefire.real.class.path" value="C:\Users\fredrick.gnanaraj\AppData\Local\Temp\surefire7217460744059989710\surefirebooter-20250620141803897_3.jar"/>
    <property name="user.script" value=""/>
    <property name="sun.management.compiler" value="HotSpot 64-Bit Tiered Compilers"/>
    <property name="java.runtime.version" value="21.0.7+8-LTS-245"/>
    <property name="user.name" value="fredrick.gnanaraj"/>
    <property name="stdout.encoding" value="Cp1252"/>
    <property name="path.separator" value=";"/>
    <property name="os.version" value="10.0"/>
    <property name="java.runtime.name" value="Java(TM) SE Runtime Environment"/>
    <property name="file.encoding" value="UTF-8"/>
    <property name="java.vm.name" value="Java HotSpot(TM) 64-Bit Server VM"/>
    <property name="localRepository" value="C:\Users\fredrick.gnanaraj\.m2\repository"/>
    <property name="java.vendor.url.bug" value="https://bugreport.java.com/bugreport/"/>
    <property name="java.io.tmpdir" value="C:\Users\FREDRI~1.GNA\AppData\Local\Temp\"/>
    <property name="catalina.home" value="C:\Users\fredrick.gnanaraj\AppData\Local\Temp\tomcat.0.12370282056503993311"/>
    <property name="com.zaxxer.hikari.pool_number" value="2"/>
    <property name="java.version" value="21.0.7"/>
    <property name="user.dir" value="C:\Users\fredrick.gnanaraj\AI upskill\food order application"/>
    <property name="os.arch" value="amd64"/>
    <property name="java.vm.specification.name" value="Java Virtual Machine Specification"/>
    <property name="PID" value="37792"/>
    <property name="sun.os.patch.level" value=""/>
    <property name="CONSOLE_LOG_CHARSET" value="UTF-8"/>
    <property name="catalina.base" value="C:\Users\fredrick.gnanaraj\AppData\Local\Temp\tomcat.0.12370282056503993311"/>
    <property name="native.encoding" value="Cp1252"/>
    <property name="java.library.path" value="C:\Program Files\Java\jdk-21\bin;C:\WINDOWS\Sun\Java\bin;C:\WINDOWS\system32;C:\WINDOWS;C:\Program Files\Common Files\Oracle\Java\javapath;C:\WINDOWS\system32;C:\WINDOWS;C:\WINDOWS\System32\Wbem;C:\WINDOWS\System32\WindowsPowerShell\v1.0\;C:\WINDOWS\System32\OpenSSH\;C:\Program Files\nodejs\;C:\Program Files\Amazon\AWSCLIV2\;C:\Program Files\Docker\Docker\resources\bin;C:\Users\fredrick.gnanaraj\software\apache-maven-3.9.9-bin\apache-maven-3.9.9\bin;C:\Users\fredrick.gnanaraj\AppData\Local\Programs\Python\Python313\Scripts\;C:\Users\fredrick.gnanaraj\AppData\Local\Programs\Python\Python313\;C:\Users\fredrick.gnanaraj\AppData\Local\Microsoft\WindowsApps;C:\Users\fredrick.gnanaraj\AppData\Roaming\npm;C:\Users\fredrick.gnanaraj\AppData\Local\Programs\Git\cmd;C:\Users\fredrick.gnanaraj\AppData\Local\Programs\cursor\resources\app\bin;C:\Users\fredrick.gnanaraj\software\apache-maven-3.9.9-bin\apache-maven-3.9.9;;."/>
    <property name="java.vm.info" value="mixed mode, sharing"/>
    <property name="stderr.encoding" value="Cp1252"/>
    <property name="java.vendor" value="Oracle Corporation"/>
    <property name="java.vm.version" value="21.0.7+8-LTS-245"/>
    <property name="sun.io.unicode.encoding" value="UnicodeLittle"/>
    <property name="java.class.version" value="65.0"/>
    <property name="LOGGED_APPLICATION_NAME" value="[user-management-service] "/>
  </properties>
  <testcase name="getAllUsers_ConcurrentAccess" classname="com.foodorder.usermanagement.service.UserServiceEdgeCaseTest" time="0.125">
    <system-out><![CDATA[2025-06-20T14:19:35.119+05:30  INFO 37792 --- [user-management-service] [           main] t.c.s.AnnotationConfigContextLoaderUtils : Could not detect default configuration classes for test class [com.foodorder.usermanagement.service.UserServiceEdgeCaseTest]: UserServiceEdgeCaseTest does not declare any static, non-private, non-final, nested classes annotated with @Configuration.
2025-06-20T14:19:35.276+05:30  INFO 37792 --- [user-management-service] [           main] .b.t.c.SpringBootTestContextBootstrapper : Found @SpringBootConfiguration com.foodorder.usermanagement.UserManagementApplication for test class com.foodorder.usermanagement.service.UserServiceEdgeCaseTest

  .   ____          _            __ _ _
 /\\ / ___'_ __ _ _(_)_ __  __ _ \ \ \ \
( ( )\___ | '_ | '_| | '_ \/ _` | \ \ \ \
 \\/  ___)| |_)| | | | | || (_| |  ) ) ) )
  '  |____| .__|_| |_|_| |_\__, | / / / /
 =========|_|==============|___/=/_/_/_/
 :: Spring Boot ::                (v3.2.3)

2025-06-20T14:19:35.495+05:30  INFO 37792 --- [user-management-service] [           main] c.f.u.service.UserServiceEdgeCaseTest    : Starting UserServiceEdgeCaseTest using Java 21.0.7 with PID 37792 (started by fredrick.gnanaraj in C:\Users\fredrick.gnanaraj\AI upskill\food order application)
2025-06-20T14:19:35.495+05:30 DEBUG 37792 --- [user-management-service] [           main] c.f.u.service.UserServiceEdgeCaseTest    : Running with Spring Boot v3.2.3, Spring v6.1.4
2025-06-20T14:19:35.495+05:30  INFO 37792 --- [user-management-service] [           main] c.f.u.service.UserServiceEdgeCaseTest    : The following 1 profile is active: "test"
2025-06-20T14:19:37.065+05:30  INFO 37792 --- [user-management-service] [           main] .s.d.r.c.RepositoryConfigurationDelegate : Bootstrapping Spring Data JPA repositories in DEFAULT mode.
2025-06-20T14:19:37.107+05:30  INFO 37792 --- [user-management-service] [           main] .s.d.r.c.RepositoryConfigurationDelegate : Finished Spring Data repository scanning in 41 ms. Found 3 JPA repository interfaces.
2025-06-20T14:19:37.242+05:30  INFO 37792 --- [user-management-service] [           main] o.hibernate.jpa.internal.util.LogHelper  : HHH000204: Processing PersistenceUnitInfo [name: default]
2025-06-20T14:19:37.247+05:30  INFO 37792 --- [user-management-service] [           main] o.h.c.internal.RegionFactoryInitiator    : HHH000026: Second-level cache disabled
2025-06-20T14:19:37.255+05:30  INFO 37792 --- [user-management-service] [           main] o.s.o.j.p.SpringPersistenceUnitInfo      : No LoadTimeWeaver setup: ignoring JPA class transformer
2025-06-20T14:19:37.256+05:30  INFO 37792 --- [user-management-service] [           main] com.zaxxer.hikari.HikariDataSource       : HikariPool-2 - Starting...
2025-06-20T14:19:37.271+05:30  INFO 37792 --- [user-management-service] [           main] tc.postgres:15-alpine                    : Creating container for image: postgres:15-alpine
2025-06-20T14:19:37.476+05:30  INFO 37792 --- [user-management-service] [           main] tc.postgres:15-alpine                    : Container postgres:15-alpine is starting: a61e73634b5a9f56f4a05b63094c5820329e26fe459e50464c76bff5f34a2242
2025-06-20T14:19:40.436+05:30  INFO 37792 --- [user-management-service] [           main] tc.postgres:15-alpine                    : Container postgres:15-alpine started in PT3.1644642S
2025-06-20T14:19:40.436+05:30  INFO 37792 --- [user-management-service] [           main] tc.postgres:15-alpine                    : Container is started (JDBC URL: jdbc:postgresql://localhost:60344/test?loggerLevel=OFF)
2025-06-20T14:19:40.475+05:30  INFO 37792 --- [user-management-service] [           main] com.zaxxer.hikari.pool.HikariPool        : HikariPool-2 - Added connection org.testcontainers.jdbc.ConnectionWrapper@4dd8a37e
2025-06-20T14:19:40.475+05:30  INFO 37792 --- [user-management-service] [           main] com.zaxxer.hikari.HikariDataSource       : HikariPool-2 - Start completed.
2025-06-20T14:19:40.481+05:30  WARN 37792 --- [user-management-service] [           main] org.hibernate.orm.deprecation            : HHH90000025: PostgreSQLDialect does not need to be specified explicitly using 'hibernate.dialect' (remove the property setting and it will be selected by default)
2025-06-20T14:19:40.574+05:30  INFO 37792 --- [user-management-service] [           main] o.h.e.t.j.p.i.JtaPlatformInitiator       : HHH000489: No JTA platform available (set 'hibernate.transaction.jta.platform' to enable JTA platform integration)
2025-06-20T14:19:40.574+05:30 DEBUG 37792 --- [user-management-service] [           main] org.hibernate.SQL                        : 
    alter table if exists refresh_tokens 
       drop constraint if exists FK1lih5y2npsf8u5o3vhdb9y0os
Hibernate: 
    alter table if exists refresh_tokens 
       drop constraint if exists FK1lih5y2npsf8u5o3vhdb9y0os
2025-06-20T14:19:40.576+05:30  WARN 37792 --- [user-management-service] [           main] o.h.engine.jdbc.spi.SqlExceptionHelper   : SQL Warning Code: 0, SQLState: 00000
2025-06-20T14:19:40.576+05:30  WARN 37792 --- [user-management-service] [           main] o.h.engine.jdbc.spi.SqlExceptionHelper   : relation "refresh_tokens" does not exist, skipping
2025-06-20T14:19:40.576+05:30 DEBUG 37792 --- [user-management-service] [           main] org.hibernate.SQL                        : 
    alter table if exists user_roles 
       drop constraint if exists FKh8ciramu9cc9q3qcqiv4ue8a6
Hibernate: 
    alter table if exists user_roles 
       drop constraint if exists FKh8ciramu9cc9q3qcqiv4ue8a6
2025-06-20T14:19:40.578+05:30  WARN 37792 --- [user-management-service] [           main] o.h.engine.jdbc.spi.SqlExceptionHelper   : SQL Warning Code: 0, SQLState: 00000
2025-06-20T14:19:40.578+05:30  WARN 37792 --- [user-management-service] [           main] o.h.engine.jdbc.spi.SqlExceptionHelper   : relation "user_roles" does not exist, skipping
2025-06-20T14:19:40.578+05:30 DEBUG 37792 --- [user-management-service] [           main] org.hibernate.SQL                        : 
    alter table if exists user_roles 
       drop constraint if exists FKhfh9dx7w3ubf1co1vdev94g3f
Hibernate: 
    alter table if exists user_roles 
       drop constraint if exists FKhfh9dx7w3ubf1co1vdev94g3f
2025-06-20T14:19:40.580+05:30  WARN 37792 --- [user-management-service] [           main] o.h.engine.jdbc.spi.SqlExceptionHelper   : SQL Warning Code: 0, SQLState: 00000
2025-06-20T14:19:40.580+05:30  WARN 37792 --- [user-management-service] [           main] o.h.engine.jdbc.spi.SqlExceptionHelper   : relation "user_roles" does not exist, skipping
2025-06-20T14:19:40.580+05:30 DEBUG 37792 --- [user-management-service] [           main] org.hibernate.SQL                        : 
    drop table if exists refresh_tokens cascade
Hibernate: 
    drop table if exists refresh_tokens cascade
2025-06-20T14:19:40.581+05:30  WARN 37792 --- [user-management-service] [           main] o.h.engine.jdbc.spi.SqlExceptionHelper   : SQL Warning Code: 0, SQLState: 00000
2025-06-20T14:19:40.582+05:30  WARN 37792 --- [user-management-service] [           main] o.h.engine.jdbc.spi.SqlExceptionHelper   : table "refresh_tokens" does not exist, skipping
2025-06-20T14:19:40.582+05:30 DEBUG 37792 --- [user-management-service] [           main] org.hibernate.SQL                        : 
    drop table if exists roles cascade
Hibernate: 
    drop table if exists roles cascade
2025-06-20T14:19:40.584+05:30  WARN 37792 --- [user-management-service] [           main] o.h.engine.jdbc.spi.SqlExceptionHelper   : SQL Warning Code: 0, SQLState: 00000
2025-06-20T14:19:40.584+05:30  WARN 37792 --- [user-management-service] [           main] o.h.engine.jdbc.spi.SqlExceptionHelper   : table "roles" does not exist, skipping
2025-06-20T14:19:40.584+05:30 DEBUG 37792 --- [user-management-service] [           main] org.hibernate.SQL                        : 
    drop table if exists user_roles cascade
Hibernate: 
    drop table if exists user_roles cascade
2025-06-20T14:19:40.586+05:30  WARN 37792 --- [user-management-service] [           main] o.h.engine.jdbc.spi.SqlExceptionHelper   : SQL Warning Code: 0, SQLState: 00000
2025-06-20T14:19:40.586+05:30  WARN 37792 --- [user-management-service] [           main] o.h.engine.jdbc.spi.SqlExceptionHelper   : table "user_roles" does not exist, skipping
2025-06-20T14:19:40.586+05:30 DEBUG 37792 --- [user-management-service] [           main] org.hibernate.SQL                        : 
    drop table if exists users cascade
Hibernate: 
    drop table if exists users cascade
2025-06-20T14:19:40.587+05:30  WARN 37792 --- [user-management-service] [           main] o.h.engine.jdbc.spi.SqlExceptionHelper   : SQL Warning Code: 0, SQLState: 00000
2025-06-20T14:19:40.587+05:30  WARN 37792 --- [user-management-service] [           main] o.h.engine.jdbc.spi.SqlExceptionHelper   : table "users" does not exist, skipping
2025-06-20T14:19:40.588+05:30 DEBUG 37792 --- [user-management-service] [           main] org.hibernate.SQL                        : 
    create table refresh_tokens (
        revoked boolean not null,
        created_at timestamp(6) not null,
        expiry_date timestamp(6) with time zone not null,
        id bigserial not null,
        updated_at timestamp(6) not null,
        user_id bigint unique,
        version bigint,
        token varchar(255) not null unique,
        primary key (id)
    )
Hibernate: 
    create table refresh_tokens (
        revoked boolean not null,
        created_at timestamp(6) not null,
        expiry_date timestamp(6) with time zone not null,
        id bigserial not null,
        updated_at timestamp(6) not null,
        user_id bigint unique,
        version bigint,
        token varchar(255) not null unique,
        primary key (id)
    )
2025-06-20T14:19:40.597+05:30 DEBUG 37792 --- [user-management-service] [           main] org.hibernate.SQL                        : 
    create table roles (
        created_at timestamp(6) not null,
        id bigserial not null,
        updated_at timestamp(6) not null,
        version bigint,
        description varchar(500),
        name varchar(255) not null unique check (name in ('ROLE_CUSTOMER','ROLE_SELLER','ROLE_ADMIN')),
        primary key (id)
    )
Hibernate: 
    create table roles (
        created_at timestamp(6) not null,
        id bigserial not null,
        updated_at timestamp(6) not null,
        version bigint,
        description varchar(500),
        name varchar(255) not null unique check (name in ('ROLE_CUSTOMER','ROLE_SELLER','ROLE_ADMIN')),
        primary key (id)
    )
2025-06-20T14:19:40.604+05:30 DEBUG 37792 --- [user-management-service] [           main] org.hibernate.SQL                        : 
    create table user_roles (
        role_id bigint not null,
        user_id bigint not null,
        primary key (role_id, user_id)
    )
Hibernate: 
    create table user_roles (
        role_id bigint not null,
        user_id bigint not null,
        primary key (role_id, user_id)
    )
2025-06-20T14:19:40.608+05:30 DEBUG 37792 --- [user-management-service] [           main] org.hibernate.SQL                        : 
    create table users (
        enabled boolean not null,
        is_active boolean,
        is_seller boolean,
        created_at timestamp(6) not null,
        id bigserial not null,
        updated_at timestamp(6) not null,
        version bigint,
        phone varchar(20) not null,
        first_name varchar(50) not null,
        last_name varchar(50) not null,
        email varchar(100) not null,
        password varchar(120) not null,
        bank_account_number varchar(255),
        bank_ifsc_code varchar(255),
        business_address varchar(255),
        business_name varchar(255),
        upi_id varchar(255),
        primary key (id),
        unique (email),
        unique (phone)
    )
Hibernate: 
    create table users (
        enabled boolean not null,
        is_active boolean,
        is_seller boolean,
        created_at timestamp(6) not null,
        id bigserial not null,
        updated_at timestamp(6) not null,
        version bigint,
        phone varchar(20) not null,
        first_name varchar(50) not null,
        last_name varchar(50) not null,
        email varchar(100) not null,
        password varchar(120) not null,
        bank_account_number varchar(255),
        bank_ifsc_code varchar(255),
        business_address varchar(255),
        business_name varchar(255),
        upi_id varchar(255),
        primary key (id),
        unique (email),
        unique (phone)
    )
2025-06-20T14:19:40.613+05:30 DEBUG 37792 --- [user-management-service] [           main] org.hibernate.SQL                        : 
    alter table if exists refresh_tokens 
       add constraint FK1lih5y2npsf8u5o3vhdb9y0os 
       foreign key (user_id) 
       references users
Hibernate: 
    alter table if exists refresh_tokens 
       add constraint FK1lih5y2npsf8u5o3vhdb9y0os 
       foreign key (user_id) 
       references users
2025-06-20T14:19:40.617+05:30 DEBUG 37792 --- [user-management-service] [           main] org.hibernate.SQL                        : 
    alter table if exists user_roles 
       add constraint FKh8ciramu9cc9q3qcqiv4ue8a6 
       foreign key (role_id) 
       references roles
Hibernate: 
    alter table if exists user_roles 
       add constraint FKh8ciramu9cc9q3qcqiv4ue8a6 
       foreign key (role_id) 
       references roles
2025-06-20T14:19:40.620+05:30 DEBUG 37792 --- [user-management-service] [           main] org.hibernate.SQL                        : 
    alter table if exists user_roles 
       add constraint FKhfh9dx7w3ubf1co1vdev94g3f 
       foreign key (user_id) 
       references users
Hibernate: 
    alter table if exists user_roles 
       add constraint FKhfh9dx7w3ubf1co1vdev94g3f 
       foreign key (user_id) 
       references users
2025-06-20T14:19:40.623+05:30  INFO 37792 --- [user-management-service] [           main] j.LocalContainerEntityManagerFactoryBean : Initialized JPA EntityManagerFactory for persistence unit 'default'
2025-06-20T14:19:40.822+05:30  WARN 37792 --- [user-management-service] [           main] JpaBaseConfiguration$JpaWebConfiguration : spring.jpa.open-in-view is enabled by default. Therefore, database queries may be performed during view rendering. Explicitly configure spring.jpa.open-in-view to disable this warning
2025-06-20T14:19:40.966+05:30  INFO 37792 --- [user-management-service] [           main] o.s.s.web.DefaultSecurityFilterChain     : Will secure any request with [org.springframework.security.web.session.DisableEncodeUrlFilter@4e637cdf, org.springframework.security.web.context.request.async.WebAsyncManagerIntegrationFilter@1d8ecabb, org.springframework.security.web.context.SecurityContextHolderFilter@2d148f03, org.springframework.security.web.header.HeaderWriterFilter@53055326, org.springframework.web.filter.CorsFilter@2f83346f, org.springframework.security.web.authentication.logout.LogoutFilter@6d77c929, com.foodorder.usermanagement.security.JwtAuthenticationFilter@1e2aa6d0, org.springframework.security.web.savedrequest.RequestCacheAwareFilter@4b0c67af, org.springframework.security.web.servletapi.SecurityContextHolderAwareRequestFilter@32e9818b, org.springframework.security.web.authentication.AnonymousAuthenticationFilter@3a95bc49, org.springframework.security.web.session.SessionManagementFilter@21cefc6d, org.springframework.security.web.access.ExceptionTranslationFilter@5126fb1d, org.springframework.security.web.access.intercept.AuthorizationFilter@3bf5ced8]
2025-06-20T14:19:41.174+05:30  INFO 37792 --- [user-management-service] [           main] c.f.u.service.UserServiceEdgeCaseTest    : Started UserServiceEdgeCaseTest in 5.886 seconds (process running for 96.971)
2025-06-20T14:19:41.219+05:30 DEBUG 37792 --- [user-management-service] [           main] org.hibernate.SQL                        : 
    select
        u1_0.id,
        u1_0.bank_account_number,
        u1_0.bank_ifsc_code,
        u1_0.business_address,
        u1_0.business_name,
        u1_0.created_at,
        u1_0.email,
        u1_0.enabled,
        u1_0.first_name,
        u1_0.is_active,
        u1_0.is_seller,
        u1_0.last_name,
        u1_0.password,
        u1_0.phone,
        u1_0.updated_at,
        u1_0.upi_id,
        u1_0.version 
    from
        users u1_0
Hibernate: 
    select
        u1_0.id,
        u1_0.bank_account_number,
        u1_0.bank_ifsc_code,
        u1_0.business_address,
        u1_0.business_name,
        u1_0.created_at,
        u1_0.email,
        u1_0.enabled,
        u1_0.first_name,
        u1_0.is_active,
        u1_0.is_seller,
        u1_0.last_name,
        u1_0.password,
        u1_0.phone,
        u1_0.updated_at,
        u1_0.upi_id,
        u1_0.version 
    from
        users u1_0
2025-06-20T14:19:41.237+05:30 DEBUG 37792 --- [user-management-service] [           main] org.hibernate.SQL                        : 
    insert 
    into
        users
        (bank_account_number, bank_ifsc_code, business_address, business_name, created_at, email, enabled, first_name, is_active, is_seller, last_name, password, phone, updated_at, upi_id, version) 
    values
        (?, ?, ?, ?, ?, ?, ?, ?, ?, ?, ?, ?, ?, ?, ?, ?)
Hibernate: 
    insert 
    into
        users
        (bank_account_number, bank_ifsc_code, business_address, business_name, created_at, email, enabled, first_name, is_active, is_seller, last_name, password, phone, updated_at, upi_id, version) 
    values
        (?, ?, ?, ?, ?, ?, ?, ?, ?, ?, ?, ?, ?, ?, ?, ?)
2025-06-20T14:19:41.244+05:30 DEBUG 37792 --- [user-management-service] [           main] org.hibernate.SQL                        : 
    insert 
    into
        users
        (bank_account_number, bank_ifsc_code, business_address, business_name, created_at, email, enabled, first_name, is_active, is_seller, last_name, password, phone, updated_at, upi_id, version) 
    values
        (?, ?, ?, ?, ?, ?, ?, ?, ?, ?, ?, ?, ?, ?, ?, ?)
Hibernate: 
    insert 
    into
        users
        (bank_account_number, bank_ifsc_code, business_address, business_name, created_at, email, enabled, first_name, is_active, is_seller, last_name, password, phone, updated_at, upi_id, version) 
    values
        (?, ?, ?, ?, ?, ?, ?, ?, ?, ?, ?, ?, ?, ?, ?, ?)
2025-06-20T14:19:41.250+05:30 DEBUG 37792 --- [user-management-service] [           main] org.hibernate.SQL                        : 
    insert 
    into
        users
        (bank_account_number, bank_ifsc_code, business_address, business_name, created_at, email, enabled, first_name, is_active, is_seller, last_name, password, phone, updated_at, upi_id, version) 
    values
        (?, ?, ?, ?, ?, ?, ?, ?, ?, ?, ?, ?, ?, ?, ?, ?)
Hibernate: 
    insert 
    into
        users
        (bank_account_number, bank_ifsc_code, business_address, business_name, created_at, email, enabled, first_name, is_active, is_seller, last_name, password, phone, updated_at, upi_id, version) 
    values
        (?, ?, ?, ?, ?, ?, ?, ?, ?, ?, ?, ?, ?, ?, ?, ?)
2025-06-20T14:19:41.255+05:30 DEBUG 37792 --- [user-management-service] [           main] org.hibernate.SQL                        : 
    insert 
    into
        users
        (bank_account_number, bank_ifsc_code, business_address, business_name, created_at, email, enabled, first_name, is_active, is_seller, last_name, password, phone, updated_at, upi_id, version) 
    values
        (?, ?, ?, ?, ?, ?, ?, ?, ?, ?, ?, ?, ?, ?, ?, ?)
Hibernate: 
    insert 
    into
        users
        (bank_account_number, bank_ifsc_code, business_address, business_name, created_at, email, enabled, first_name, is_active, is_seller, last_name, password, phone, updated_at, upi_id, version) 
    values
        (?, ?, ?, ?, ?, ?, ?, ?, ?, ?, ?, ?, ?, ?, ?, ?)
2025-06-20T14:19:41.259+05:30 DEBUG 37792 --- [user-management-service] [           main] org.hibernate.SQL                        : 
    insert 
    into
        users
        (bank_account_number, bank_ifsc_code, business_address, business_name, created_at, email, enabled, first_name, is_active, is_seller, last_name, password, phone, updated_at, upi_id, version) 
    values
        (?, ?, ?, ?, ?, ?, ?, ?, ?, ?, ?, ?, ?, ?, ?, ?)
Hibernate: 
    insert 
    into
        users
        (bank_account_number, bank_ifsc_code, business_address, business_name, created_at, email, enabled, first_name, is_active, is_seller, last_name, password, phone, updated_at, upi_id, version) 
    values
        (?, ?, ?, ?, ?, ?, ?, ?, ?, ?, ?, ?, ?, ?, ?, ?)
2025-06-20T14:19:41.277+05:30 DEBUG 37792 --- [user-management-service] [pool-3-thread-1] org.hibernate.SQL                        : 
    select
        u1_0.id,
        u1_0.bank_account_number,
        u1_0.bank_ifsc_code,
        u1_0.business_address,
        u1_0.business_name,
        u1_0.created_at,
        u1_0.email,
        u1_0.enabled,
        u1_0.first_name,
        u1_0.is_active,
        u1_0.is_seller,
        u1_0.last_name,
        u1_0.password,
        u1_0.phone,
        u1_0.updated_at,
        u1_0.upi_id,
        u1_0.version 
    from
        users u1_0
Hibernate: 
    select
        u1_0.id,
        u1_0.bank_account_number,
        u1_0.bank_ifsc_code,
        u1_0.business_address,
        u1_0.business_name,
        u1_0.created_at,
        u1_0.email,
        u1_0.enabled,
        u1_0.first_name,
        u1_0.is_active,
        u1_0.is_seller,
        u1_0.last_name,
        u1_0.password,
        u1_0.phone,
        u1_0.updated_at,
        u1_0.upi_id,
        u1_0.version 
    from
        users u1_0
2025-06-20T14:19:41.277+05:30 DEBUG 37792 --- [user-management-service] [pool-3-thread-9] org.hibernate.SQL                        : 
    select
        u1_0.id,
        u1_0.bank_account_number,
        u1_0.bank_ifsc_code,
        u1_0.business_address,
        u1_0.business_name,
        u1_0.created_at,
        u1_0.email,
        u1_0.enabled,
        u1_0.first_name,
        u1_0.is_active,
        u1_0.is_seller,
        u1_0.last_name,
        u1_0.password,
        u1_0.phone,
        u1_0.updated_at,
        u1_0.upi_id,
        u1_0.version 
    from
        users u1_0
Hibernate: 
    select
        u1_0.id,
        u1_0.bank_account_number,
        u1_0.bank_ifsc_code,
        u1_0.business_address,
        u1_0.business_name,
        u1_0.created_at,
        u1_0.email,
        u1_0.enabled,
        u1_0.first_name,
        u1_0.is_active,
        u1_0.is_seller,
        u1_0.last_name,
        u1_0.password,
        u1_0.phone,
        u1_0.updated_at,
        u1_0.upi_id,
        u1_0.version 
    from
        users u1_0
2025-06-20T14:19:41.278+05:30 DEBUG 37792 --- [user-management-service] [pool-3-thread-5] org.hibernate.SQL                        : 
    select
        u1_0.id,
        u1_0.bank_account_number,
        u1_0.bank_ifsc_code,
        u1_0.business_address,
        u1_0.business_name,
        u1_0.created_at,
        u1_0.email,
        u1_0.enabled,
        u1_0.first_name,
        u1_0.is_active,
        u1_0.is_seller,
        u1_0.last_name,
        u1_0.password,
        u1_0.phone,
        u1_0.updated_at,
        u1_0.upi_id,
        u1_0.version 
    from
        users u1_0
2025-06-20T14:19:41.278+05:30 DEBUG 37792 --- [user-management-service] [pool-3-thread-4] org.hibernate.SQL                        : 
    select
        u1_0.id,
        u1_0.bank_account_number,
        u1_0.bank_ifsc_code,
        u1_0.business_address,
        u1_0.business_name,
        u1_0.created_at,
        u1_0.email,
        u1_0.enabled,
        u1_0.first_name,
        u1_0.is_active,
        u1_0.is_seller,
        u1_0.last_name,
        u1_0.password,
        u1_0.phone,
        u1_0.updated_at,
        u1_0.upi_id,
        u1_0.version 
    from
        users u1_0
Hibernate: 
    select
        u1_0.id,
        u1_0.bank_account_number,
        u1_0.bank_ifsc_code,
        u1_0.business_address,
        u1_0.business_name,
        u1_0.created_at,
        u1_0.email,
        u1_0.enabled,
        u1_0.first_name,
        u1_0.is_active,
        u1_0.is_seller,
        u1_0.last_name,
        u1_0.password,
        u1_0.phone,
        u1_0.updated_at,
        u1_0.upi_id,
        u1_0.version 
    from
        users u1_0
Hibernate: 
    select
        u1_0.id,
        u1_0.bank_account_number,
        u1_0.bank_ifsc_code,
        u1_0.business_address,
        u1_0.business_name,
        u1_0.created_at,
        u1_0.email,
        u1_0.enabled,
        u1_0.first_name,
        u1_0.is_active,
        u1_0.is_seller,
        u1_0.last_name,
        u1_0.password,
        u1_0.phone,
        u1_0.updated_at,
        u1_0.upi_id,
        u1_0.version 
    from
        users u1_0
2025-06-20T14:19:41.278+05:30 DEBUG 37792 --- [user-management-service] [ool-3-thread-10] org.hibernate.SQL                        : 
    select
        u1_0.id,
        u1_0.bank_account_number,
        u1_0.bank_ifsc_code,
        u1_0.business_address,
        u1_0.business_name,
        u1_0.created_at,
        u1_0.email,
        u1_0.enabled,
        u1_0.first_name,
        u1_0.is_active,
        u1_0.is_seller,
        u1_0.last_name,
        u1_0.password,
        u1_0.phone,
        u1_0.updated_at,
        u1_0.upi_id,
        u1_0.version 
    from
        users u1_0
Hibernate: 
    select
        u1_0.id,
        u1_0.bank_account_number,
        u1_0.bank_ifsc_code,
        u1_0.business_address,
        u1_0.business_name,
        u1_0.created_at,
        u1_0.email,
        u1_0.enabled,
        u1_0.first_name,
        u1_0.is_active,
        u1_0.is_seller,
        u1_0.last_name,
        u1_0.password,
        u1_0.phone,
        u1_0.updated_at,
        u1_0.upi_id,
        u1_0.version 
    from
        users u1_0
2025-06-20T14:19:41.278+05:30 DEBUG 37792 --- [user-management-service] [pool-3-thread-6] org.hibernate.SQL                        : 
    select
        u1_0.id,
        u1_0.bank_account_number,
        u1_0.bank_ifsc_code,
        u1_0.business_address,
        u1_0.business_name,
        u1_0.created_at,
        u1_0.email,
        u1_0.enabled,
        u1_0.first_name,
        u1_0.is_active,
        u1_0.is_seller,
        u1_0.last_name,
        u1_0.password,
        u1_0.phone,
        u1_0.updated_at,
        u1_0.upi_id,
        u1_0.version 
    from
        users u1_0
2025-06-20T14:19:41.278+05:30 DEBUG 37792 --- [user-management-service] [pool-3-thread-3] org.hibernate.SQL                        : 
    select
        u1_0.id,
        u1_0.bank_account_number,
        u1_0.bank_ifsc_code,
        u1_0.business_address,
        u1_0.business_name,
        u1_0.created_at,
        u1_0.email,
        u1_0.enabled,
        u1_0.first_name,
        u1_0.is_active,
        u1_0.is_seller,
        u1_0.last_name,
        u1_0.password,
        u1_0.phone,
        u1_0.updated_at,
        u1_0.upi_id,
        u1_0.version 
    from
        users u1_0
Hibernate: 
    select
        u1_0.id,
        u1_0.bank_account_number,
        u1_0.bank_ifsc_code,
        u1_0.business_address,
        u1_0.business_name,
        u1_0.created_at,
        u1_0.email,
        u1_0.enabled,
        u1_0.first_name,
        u1_0.is_active,
        u1_0.is_seller,
        u1_0.last_name,
        u1_0.password,
        u1_0.phone,
        u1_0.updated_at,
        u1_0.upi_id,
        u1_0.version 
    from
        users u1_0
Hibernate: 
    select
        u1_0.id,
        u1_0.bank_account_number,
        u1_0.bank_ifsc_code,
        u1_0.business_address,
        u1_0.business_name,
        u1_0.created_at,
        u1_0.email,
        u1_0.enabled,
        u1_0.first_name,
        u1_0.is_active,
        u1_0.is_seller,
        u1_0.last_name,
        u1_0.password,
        u1_0.phone,
        u1_0.updated_at,
        u1_0.upi_id,
        u1_0.version 
    from
        users u1_0
2025-06-20T14:19:41.278+05:30 DEBUG 37792 --- [user-management-service] [pool-3-thread-8] org.hibernate.SQL                        : 
    select
        u1_0.id,
        u1_0.bank_account_number,
        u1_0.bank_ifsc_code,
        u1_0.business_address,
        u1_0.business_name,
        u1_0.created_at,
        u1_0.email,
        u1_0.enabled,
        u1_0.first_name,
        u1_0.is_active,
        u1_0.is_seller,
        u1_0.last_name,
        u1_0.password,
        u1_0.phone,
        u1_0.updated_at,
        u1_0.upi_id,
        u1_0.version 
    from
        users u1_0
Hibernate: 
    select
        u1_0.id,
        u1_0.bank_account_number,
        u1_0.bank_ifsc_code,
        u1_0.business_address,
        u1_0.business_name,
        u1_0.created_at,
        u1_0.email,
        u1_0.enabled,
        u1_0.first_name,
        u1_0.is_active,
        u1_0.is_seller,
        u1_0.last_name,
        u1_0.password,
        u1_0.phone,
        u1_0.updated_at,
        u1_0.upi_id,
        u1_0.version 
    from
        users u1_0
2025-06-20T14:19:41.279+05:30 DEBUG 37792 --- [user-management-service] [pool-3-thread-2] org.hibernate.SQL                        : 
    select
        u1_0.id,
        u1_0.bank_account_number,
        u1_0.bank_ifsc_code,
        u1_0.business_address,
        u1_0.business_name,
        u1_0.created_at,
        u1_0.email,
        u1_0.enabled,
        u1_0.first_name,
        u1_0.is_active,
        u1_0.is_seller,
        u1_0.last_name,
        u1_0.password,
        u1_0.phone,
        u1_0.updated_at,
        u1_0.upi_id,
        u1_0.version 
    from
        users u1_0
Hibernate: 
    select
        u1_0.id,
        u1_0.bank_account_number,
        u1_0.bank_ifsc_code,
        u1_0.business_address,
        u1_0.business_name,
        u1_0.created_at,
        u1_0.email,
        u1_0.enabled,
        u1_0.first_name,
        u1_0.is_active,
        u1_0.is_seller,
        u1_0.last_name,
        u1_0.password,
        u1_0.phone,
        u1_0.updated_at,
        u1_0.upi_id,
        u1_0.version 
    from
        users u1_0
2025-06-20T14:19:41.297+05:30 DEBUG 37792 --- [user-management-service] [pool-3-thread-7] org.hibernate.SQL                        : 
    select
        u1_0.id,
        u1_0.bank_account_number,
        u1_0.bank_ifsc_code,
        u1_0.business_address,
        u1_0.business_name,
        u1_0.created_at,
        u1_0.email,
        u1_0.enabled,
        u1_0.first_name,
        u1_0.is_active,
        u1_0.is_seller,
        u1_0.last_name,
        u1_0.password,
        u1_0.phone,
        u1_0.updated_at,
        u1_0.upi_id,
        u1_0.version 
    from
        users u1_0
Hibernate: 
    select
        u1_0.id,
        u1_0.bank_account_number,
        u1_0.bank_ifsc_code,
        u1_0.business_address,
        u1_0.business_name,
        u1_0.created_at,
        u1_0.email,
        u1_0.enabled,
        u1_0.first_name,
        u1_0.is_active,
        u1_0.is_seller,
        u1_0.last_name,
        u1_0.password,
        u1_0.phone,
        u1_0.updated_at,
        u1_0.upi_id,
        u1_0.version 
    from
        users u1_0
]]></system-out>
  </testcase>
  <testcase name="getAllUsers_SpecialCharacters" classname="com.foodorder.usermanagement.service.UserServiceEdgeCaseTest" time="0.109">
    <system-out><![CDATA[2025-06-20T14:19:41.336+05:30 DEBUG 37792 --- [user-management-service] [           main] org.hibernate.SQL                        : 
    select
        u1_0.id,
        u1_0.bank_account_number,
        u1_0.bank_ifsc_code,
        u1_0.business_address,
        u1_0.business_name,
        u1_0.created_at,
        u1_0.email,
        u1_0.enabled,
        u1_0.first_name,
        u1_0.is_active,
        u1_0.is_seller,
        u1_0.last_name,
        u1_0.password,
        u1_0.phone,
        u1_0.updated_at,
        u1_0.upi_id,
        u1_0.version 
    from
        users u1_0
Hibernate: 
    select
        u1_0.id,
        u1_0.bank_account_number,
        u1_0.bank_ifsc_code,
        u1_0.business_address,
        u1_0.business_name,
        u1_0.created_at,
        u1_0.email,
        u1_0.enabled,
        u1_0.first_name,
        u1_0.is_active,
        u1_0.is_seller,
        u1_0.last_name,
        u1_0.password,
        u1_0.phone,
        u1_0.updated_at,
        u1_0.upi_id,
        u1_0.version 
    from
        users u1_0
2025-06-20T14:19:41.402+05:30 DEBUG 37792 --- [user-management-service] [           main] org.hibernate.SQL                        : 
    insert 
    into
        users
        (bank_account_number, bank_ifsc_code, business_address, business_name, created_at, email, enabled, first_name, is_active, is_seller, last_name, password, phone, updated_at, upi_id, version) 
    values
        (?, ?, ?, ?, ?, ?, ?, ?, ?, ?, ?, ?, ?, ?, ?, ?)
Hibernate: 
    insert 
    into
        users
        (bank_account_number, bank_ifsc_code, business_address, business_name, created_at, email, enabled, first_name, is_active, is_seller, last_name, password, phone, updated_at, upi_id, version) 
    values
        (?, ?, ?, ?, ?, ?, ?, ?, ?, ?, ?, ?, ?, ?, ?, ?)
2025-06-20T14:19:41.413+05:30 DEBUG 37792 --- [user-management-service] [           main] org.hibernate.SQL                        : 
    insert 
    into
        users
        (bank_account_number, bank_ifsc_code, business_address, business_name, created_at, email, enabled, first_name, is_active, is_seller, last_name, password, phone, updated_at, upi_id, version) 
    values
        (?, ?, ?, ?, ?, ?, ?, ?, ?, ?, ?, ?, ?, ?, ?, ?)
Hibernate: 
    insert 
    into
        users
        (bank_account_number, bank_ifsc_code, business_address, business_name, created_at, email, enabled, first_name, is_active, is_seller, last_name, password, phone, updated_at, upi_id, version) 
    values
        (?, ?, ?, ?, ?, ?, ?, ?, ?, ?, ?, ?, ?, ?, ?, ?)
2025-06-20T14:19:41.422+05:30 DEBUG 37792 --- [user-management-service] [           main] org.hibernate.SQL                        : 
    select
        u1_0.id,
        u1_0.bank_account_number,
        u1_0.bank_ifsc_code,
        u1_0.business_address,
        u1_0.business_name,
        u1_0.created_at,
        u1_0.email,
        u1_0.enabled,
        u1_0.first_name,
        u1_0.is_active,
        u1_0.is_seller,
        u1_0.last_name,
        u1_0.password,
        u1_0.phone,
        u1_0.updated_at,
        u1_0.upi_id,
        u1_0.version 
    from
        users u1_0
Hibernate: 
    select
        u1_0.id,
        u1_0.bank_account_number,
        u1_0.bank_ifsc_code,
        u1_0.business_address,
        u1_0.business_name,
        u1_0.created_at,
        u1_0.email,
        u1_0.enabled,
        u1_0.first_name,
        u1_0.is_active,
        u1_0.is_seller,
        u1_0.last_name,
        u1_0.password,
        u1_0.phone,
        u1_0.updated_at,
        u1_0.upi_id,
        u1_0.version 
    from
        users u1_0
]]></system-out>
  </testcase>
  <testcase name="getAllUsers_LargeDataset" classname="com.foodorder.usermanagement.service.UserServiceEdgeCaseTest" time="4.879">
    <system-out><![CDATA[2025-06-20T14:19:41.445+05:30 DEBUG 37792 --- [user-management-service] [           main] org.hibernate.SQL                        : 
    select
        u1_0.id,
        u1_0.bank_account_number,
        u1_0.bank_ifsc_code,
        u1_0.business_address,
        u1_0.business_name,
        u1_0.created_at,
        u1_0.email,
        u1_0.enabled,
        u1_0.first_name,
        u1_0.is_active,
        u1_0.is_seller,
        u1_0.last_name,
        u1_0.password,
        u1_0.phone,
        u1_0.updated_at,
        u1_0.upi_id,
        u1_0.version 
    from
        users u1_0
Hibernate: 
    select
        u1_0.id,
        u1_0.bank_account_number,
        u1_0.bank_ifsc_code,
        u1_0.business_address,
        u1_0.business_name,
        u1_0.created_at,
        u1_0.email,
        u1_0.enabled,
        u1_0.first_name,
        u1_0.is_active,
        u1_0.is_seller,
        u1_0.last_name,
        u1_0.password,
        u1_0.phone,
        u1_0.updated_at,
        u1_0.upi_id,
        u1_0.version 
    from
        users u1_0
2025-06-20T14:19:41.454+05:30 DEBUG 37792 --- [user-management-service] [           main] org.hibernate.SQL                        : 
    insert 
    into
        users
        (bank_account_number, bank_ifsc_code, business_address, business_name, created_at, email, enabled, first_name, is_active, is_seller, last_name, password, phone, updated_at, upi_id, version) 
    values
        (?, ?, ?, ?, ?, ?, ?, ?, ?, ?, ?, ?, ?, ?, ?, ?)
Hibernate: 
    insert 
    into
        users
        (bank_account_number, bank_ifsc_code, business_address, business_name, created_at, email, enabled, first_name, is_active, is_seller, last_name, password, phone, updated_at, upi_id, version) 
    values
        (?, ?, ?, ?, ?, ?, ?, ?, ?, ?, ?, ?, ?, ?, ?, ?)
2025-06-20T14:19:41.461+05:30 DEBUG 37792 --- [user-management-service] [           main] org.hibernate.SQL                        : 
    insert 
    into
        users
        (bank_account_number, bank_ifsc_code, business_address, business_name, created_at, email, enabled, first_name, is_active, is_seller, last_name, password, phone, updated_at, upi_id, version) 
    values
        (?, ?, ?, ?, ?, ?, ?, ?, ?, ?, ?, ?, ?, ?, ?, ?)
Hibernate: 
    insert 
    into
        users
        (bank_account_number, bank_ifsc_code, business_address, business_name, created_at, email, enabled, first_name, is_active, is_seller, last_name, password, phone, updated_at, upi_id, version) 
    values
        (?, ?, ?, ?, ?, ?, ?, ?, ?, ?, ?, ?, ?, ?, ?, ?)
2025-06-20T14:19:41.469+05:30 DEBUG 37792 --- [user-management-service] [           main] org.hibernate.SQL                        : 
    insert 
    into
        users
        (bank_account_number, bank_ifsc_code, business_address, business_name, created_at, email, enabled, first_name, is_active, is_seller, last_name, password, phone, updated_at, upi_id, version) 
    values
        (?, ?, ?, ?, ?, ?, ?, ?, ?, ?, ?, ?, ?, ?, ?, ?)
Hibernate: 
    insert 
    into
        users
        (bank_account_number, bank_ifsc_code, business_address, business_name, created_at, email, enabled, first_name, is_active, is_seller, last_name, password, phone, updated_at, upi_id, version) 
    values
        (?, ?, ?, ?, ?, ?, ?, ?, ?, ?, ?, ?, ?, ?, ?, ?)
2025-06-20T14:19:41.477+05:30 DEBUG 37792 --- [user-management-service] [           main] org.hibernate.SQL                        : 
    insert 
    into
        users
        (bank_account_number, bank_ifsc_code, business_address, business_name, created_at, email, enabled, first_name, is_active, is_seller, last_name, password, phone, updated_at, upi_id, version) 
    values
        (?, ?, ?, ?, ?, ?, ?, ?, ?, ?, ?, ?, ?, ?, ?, ?)
Hibernate: 
    insert 
    into
        users
        (bank_account_number, bank_ifsc_code, business_address, business_name, created_at, email, enabled, first_name, is_active, is_seller, last_name, password, phone, updated_at, upi_id, version) 
    values
        (?, ?, ?, ?, ?, ?, ?, ?, ?, ?, ?, ?, ?, ?, ?, ?)
2025-06-20T14:19:41.484+05:30 DEBUG 37792 --- [user-management-service] [           main] org.hibernate.SQL                        : 
    insert 
    into
        users
        (bank_account_number, bank_ifsc_code, business_address, business_name, created_at, email, enabled, first_name, is_active, is_seller, last_name, password, phone, updated_at, upi_id, version) 
    values
        (?, ?, ?, ?, ?, ?, ?, ?, ?, ?, ?, ?, ?, ?, ?, ?)
Hibernate: 
    insert 
    into
        users
        (bank_account_number, bank_ifsc_code, business_address, business_name, created_at, email, enabled, first_name, is_active, is_seller, last_name, password, phone, updated_at, upi_id, version) 
    values
        (?, ?, ?, ?, ?, ?, ?, ?, ?, ?, ?, ?, ?, ?, ?, ?)
2025-06-20T14:19:41.491+05:30 DEBUG 37792 --- [user-management-service] [           main] org.hibernate.SQL                        : 
    insert 
    into
        users
        (bank_account_number, bank_ifsc_code, business_address, business_name, created_at, email, enabled, first_name, is_active, is_seller, last_name, password, phone, updated_at, upi_id, version) 
    values
        (?, ?, ?, ?, ?, ?, ?, ?, ?, ?, ?, ?, ?, ?, ?, ?)
Hibernate: 
    insert 
    into
        users
        (bank_account_number, bank_ifsc_code, business_address, business_name, created_at, email, enabled, first_name, is_active, is_seller, last_name, password, phone, updated_at, upi_id, version) 
    values
        (?, ?, ?, ?, ?, ?, ?, ?, ?, ?, ?, ?, ?, ?, ?, ?)
2025-06-20T14:19:41.500+05:30 DEBUG 37792 --- [user-management-service] [           main] org.hibernate.SQL                        : 
    insert 
    into
        users
        (bank_account_number, bank_ifsc_code, business_address, business_name, created_at, email, enabled, first_name, is_active, is_seller, last_name, password, phone, updated_at, upi_id, version) 
    values
        (?, ?, ?, ?, ?, ?, ?, ?, ?, ?, ?, ?, ?, ?, ?, ?)
Hibernate: 
    insert 
    into
        users
        (bank_account_number, bank_ifsc_code, business_address, business_name, created_at, email, enabled, first_name, is_active, is_seller, last_name, password, phone, updated_at, upi_id, version) 
    values
        (?, ?, ?, ?, ?, ?, ?, ?, ?, ?, ?, ?, ?, ?, ?, ?)
2025-06-20T14:19:41.509+05:30 DEBUG 37792 --- [user-management-service] [           main] org.hibernate.SQL                        : 
    insert 
    into
        users
        (bank_account_number, bank_ifsc_code, business_address, business_name, created_at, email, enabled, first_name, is_active, is_seller, last_name, password, phone, updated_at, upi_id, version) 
    values
        (?, ?, ?, ?, ?, ?, ?, ?, ?, ?, ?, ?, ?, ?, ?, ?)
Hibernate: 
    insert 
    into
        users
        (bank_account_number, bank_ifsc_code, business_address, business_name, created_at, email, enabled, first_name, is_active, is_seller, last_name, password, phone, updated_at, upi_id, version) 
    values
        (?, ?, ?, ?, ?, ?, ?, ?, ?, ?, ?, ?, ?, ?, ?, ?)
2025-06-20T14:19:41.517+05:30 DEBUG 37792 --- [user-management-service] [           main] org.hibernate.SQL                        : 
    insert 
    into
        users
        (bank_account_number, bank_ifsc_code, business_address, business_name, created_at, email, enabled, first_name, is_active, is_seller, last_name, password, phone, updated_at, upi_id, version) 
    values
        (?, ?, ?, ?, ?, ?, ?, ?, ?, ?, ?, ?, ?, ?, ?, ?)
Hibernate: 
    insert 
    into
        users
        (bank_account_number, bank_ifsc_code, business_address, business_name, created_at, email, enabled, first_name, is_active, is_seller, last_name, password, phone, updated_at, upi_id, version) 
    values
        (?, ?, ?, ?, ?, ?, ?, ?, ?, ?, ?, ?, ?, ?, ?, ?)
2025-06-20T14:19:41.525+05:30 DEBUG 37792 --- [user-management-service] [           main] org.hibernate.SQL                        : 
    insert 
    into
        users
        (bank_account_number, bank_ifsc_code, business_address, business_name, created_at, email, enabled, first_name, is_active, is_seller, last_name, password, phone, updated_at, upi_id, version) 
    values
        (?, ?, ?, ?, ?, ?, ?, ?, ?, ?, ?, ?, ?, ?, ?, ?)
Hibernate: 
    insert 
    into
        users
        (bank_account_number, bank_ifsc_code, business_address, business_name, created_at, email, enabled, first_name, is_active, is_seller, last_name, password, phone, updated_at, upi_id, version) 
    values
        (?, ?, ?, ?, ?, ?, ?, ?, ?, ?, ?, ?, ?, ?, ?, ?)
2025-06-20T14:19:41.533+05:30 DEBUG 37792 --- [user-management-service] [           main] org.hibernate.SQL                        : 
    insert 
    into
        users
        (bank_account_number, bank_ifsc_code, business_address, business_name, created_at, email, enabled, first_name, is_active, is_seller, last_name, password, phone, updated_at, upi_id, version) 
    values
        (?, ?, ?, ?, ?, ?, ?, ?, ?, ?, ?, ?, ?, ?, ?, ?)
Hibernate: 
    insert 
    into
        users
        (bank_account_number, bank_ifsc_code, business_address, business_name, created_at, email, enabled, first_name, is_active, is_seller, last_name, password, phone, updated_at, upi_id, version) 
    values
        (?, ?, ?, ?, ?, ?, ?, ?, ?, ?, ?, ?, ?, ?, ?, ?)
2025-06-20T14:19:41.538+05:30 DEBUG 37792 --- [user-management-service] [           main] org.hibernate.SQL                        : 
    insert 
    into
        users
        (bank_account_number, bank_ifsc_code, business_address, business_name, created_at, email, enabled, first_name, is_active, is_seller, last_name, password, phone, updated_at, upi_id, version) 
    values
        (?, ?, ?, ?, ?, ?, ?, ?, ?, ?, ?, ?, ?, ?, ?, ?)
Hibernate: 
    insert 
    into
        users
        (bank_account_number, bank_ifsc_code, business_address, business_name, created_at, email, enabled, first_name, is_active, is_seller, last_name, password, phone, updated_at, upi_id, version) 
    values
        (?, ?, ?, ?, ?, ?, ?, ?, ?, ?, ?, ?, ?, ?, ?, ?)
2025-06-20T14:19:41.546+05:30 DEBUG 37792 --- [user-management-service] [           main] org.hibernate.SQL                        : 
    insert 
    into
        users
        (bank_account_number, bank_ifsc_code, business_address, business_name, created_at, email, enabled, first_name, is_active, is_seller, last_name, password, phone, updated_at, upi_id, version) 
    values
        (?, ?, ?, ?, ?, ?, ?, ?, ?, ?, ?, ?, ?, ?, ?, ?)
Hibernate: 
    insert 
    into
        users
        (bank_account_number, bank_ifsc_code, business_address, business_name, created_at, email, enabled, first_name, is_active, is_seller, last_name, password, phone, updated_at, upi_id, version) 
    values
        (?, ?, ?, ?, ?, ?, ?, ?, ?, ?, ?, ?, ?, ?, ?, ?)
2025-06-20T14:19:41.552+05:30 DEBUG 37792 --- [user-management-service] [           main] org.hibernate.SQL                        : 
    insert 
    into
        users
        (bank_account_number, bank_ifsc_code, business_address, business_name, created_at, email, enabled, first_name, is_active, is_seller, last_name, password, phone, updated_at, upi_id, version) 
    values
        (?, ?, ?, ?, ?, ?, ?, ?, ?, ?, ?, ?, ?, ?, ?, ?)
Hibernate: 
    insert 
    into
        users
        (bank_account_number, bank_ifsc_code, business_address, business_name, created_at, email, enabled, first_name, is_active, is_seller, last_name, password, phone, updated_at, upi_id, version) 
    values
        (?, ?, ?, ?, ?, ?, ?, ?, ?, ?, ?, ?, ?, ?, ?, ?)
2025-06-20T14:19:41.558+05:30 DEBUG 37792 --- [user-management-service] [           main] org.hibernate.SQL                        : 
    insert 
    into
        users
        (bank_account_number, bank_ifsc_code, business_address, business_name, created_at, email, enabled, first_name, is_active, is_seller, last_name, password, phone, updated_at, upi_id, version) 
    values
        (?, ?, ?, ?, ?, ?, ?, ?, ?, ?, ?, ?, ?, ?, ?, ?)
Hibernate: 
    insert 
    into
        users
        (bank_account_number, bank_ifsc_code, business_address, business_name, created_at, email, enabled, first_name, is_active, is_seller, last_name, password, phone, updated_at, upi_id, version) 
    values
        (?, ?, ?, ?, ?, ?, ?, ?, ?, ?, ?, ?, ?, ?, ?, ?)
2025-06-20T14:19:41.564+05:30 DEBUG 37792 --- [user-management-service] [           main] org.hibernate.SQL                        : 
    insert 
    into
        users
        (bank_account_number, bank_ifsc_code, business_address, business_name, created_at, email, enabled, first_name, is_active, is_seller, last_name, password, phone, updated_at, upi_id, version) 
    values
        (?, ?, ?, ?, ?, ?, ?, ?, ?, ?, ?, ?, ?, ?, ?, ?)
Hibernate: 
    insert 
    into
        users
        (bank_account_number, bank_ifsc_code, business_address, business_name, created_at, email, enabled, first_name, is_active, is_seller, last_name, password, phone, updated_at, upi_id, version) 
    values
        (?, ?, ?, ?, ?, ?, ?, ?, ?, ?, ?, ?, ?, ?, ?, ?)
2025-06-20T14:19:41.570+05:30 DEBUG 37792 --- [user-management-service] [           main] org.hibernate.SQL                        : 
    insert 
    into
        users
        (bank_account_number, bank_ifsc_code, business_address, business_name, created_at, email, enabled, first_name, is_active, is_seller, last_name, password, phone, updated_at, upi_id, version) 
    values
        (?, ?, ?, ?, ?, ?, ?, ?, ?, ?, ?, ?, ?, ?, ?, ?)
Hibernate: 
    insert 
    into
        users
        (bank_account_number, bank_ifsc_code, business_address, business_name, created_at, email, enabled, first_name, is_active, is_seller, last_name, password, phone, updated_at, upi_id, version) 
    values
        (?, ?, ?, ?, ?, ?, ?, ?, ?, ?, ?, ?, ?, ?, ?, ?)
2025-06-20T14:19:41.575+05:30 DEBUG 37792 --- [user-management-service] [           main] org.hibernate.SQL                        : 
    insert 
    into
        users
        (bank_account_number, bank_ifsc_code, business_address, business_name, created_at, email, enabled, first_name, is_active, is_seller, last_name, password, phone, updated_at, upi_id, version) 
    values
        (?, ?, ?, ?, ?, ?, ?, ?, ?, ?, ?, ?, ?, ?, ?, ?)
Hibernate: 
    insert 
    into
        users
        (bank_account_number, bank_ifsc_code, business_address, business_name, created_at, email, enabled, first_name, is_active, is_seller, last_name, password, phone, updated_at, upi_id, version) 
    values
        (?, ?, ?, ?, ?, ?, ?, ?, ?, ?, ?, ?, ?, ?, ?, ?)
2025-06-20T14:19:41.580+05:30 DEBUG 37792 --- [user-management-service] [           main] org.hibernate.SQL                        : 
    insert 
    into
        users
        (bank_account_number, bank_ifsc_code, business_address, business_name, created_at, email, enabled, first_name, is_active, is_seller, last_name, password, phone, updated_at, upi_id, version) 
    values
        (?, ?, ?, ?, ?, ?, ?, ?, ?, ?, ?, ?, ?, ?, ?, ?)
Hibernate: 
    insert 
    into
        users
        (bank_account_number, bank_ifsc_code, business_address, business_name, created_at, email, enabled, first_name, is_active, is_seller, last_name, password, phone, updated_at, upi_id, version) 
    values
        (?, ?, ?, ?, ?, ?, ?, ?, ?, ?, ?, ?, ?, ?, ?, ?)
2025-06-20T14:19:41.585+05:30 DEBUG 37792 --- [user-management-service] [           main] org.hibernate.SQL                        : 
    insert 
    into
        users
        (bank_account_number, bank_ifsc_code, business_address, business_name, created_at, email, enabled, first_name, is_active, is_seller, last_name, password, phone, updated_at, upi_id, version) 
    values
        (?, ?, ?, ?, ?, ?, ?, ?, ?, ?, ?, ?, ?, ?, ?, ?)
Hibernate: 
    insert 
    into
        users
        (bank_account_number, bank_ifsc_code, business_address, business_name, created_at, email, enabled, first_name, is_active, is_seller, last_name, password, phone, updated_at, upi_id, version) 
    values
        (?, ?, ?, ?, ?, ?, ?, ?, ?, ?, ?, ?, ?, ?, ?, ?)
2025-06-20T14:19:41.590+05:30 DEBUG 37792 --- [user-management-service] [           main] org.hibernate.SQL                        : 
    insert 
    into
        users
        (bank_account_number, bank_ifsc_code, business_address, business_name, created_at, email, enabled, first_name, is_active, is_seller, last_name, password, phone, updated_at, upi_id, version) 
    values
        (?, ?, ?, ?, ?, ?, ?, ?, ?, ?, ?, ?, ?, ?, ?, ?)
Hibernate: 
    insert 
    into
        users
        (bank_account_number, bank_ifsc_code, business_address, business_name, created_at, email, enabled, first_name, is_active, is_seller, last_name, password, phone, updated_at, upi_id, version) 
    values
        (?, ?, ?, ?, ?, ?, ?, ?, ?, ?, ?, ?, ?, ?, ?, ?)
2025-06-20T14:19:41.596+05:30 DEBUG 37792 --- [user-management-service] [           main] org.hibernate.SQL                        : 
    insert 
    into
        users
        (bank_account_number, bank_ifsc_code, business_address, business_name, created_at, email, enabled, first_name, is_active, is_seller, last_name, password, phone, updated_at, upi_id, version) 
    values
        (?, ?, ?, ?, ?, ?, ?, ?, ?, ?, ?, ?, ?, ?, ?, ?)
Hibernate: 
    insert 
    into
        users
        (bank_account_number, bank_ifsc_code, business_address, business_name, created_at, email, enabled, first_name, is_active, is_seller, last_name, password, phone, updated_at, upi_id, version) 
    values
        (?, ?, ?, ?, ?, ?, ?, ?, ?, ?, ?, ?, ?, ?, ?, ?)
2025-06-20T14:19:41.602+05:30 DEBUG 37792 --- [user-management-service] [           main] org.hibernate.SQL                        : 
    insert 
    into
        users
        (bank_account_number, bank_ifsc_code, business_address, business_name, created_at, email, enabled, first_name, is_active, is_seller, last_name, password, phone, updated_at, upi_id, version) 
    values
        (?, ?, ?, ?, ?, ?, ?, ?, ?, ?, ?, ?, ?, ?, ?, ?)
Hibernate: 
    insert 
    into
        users
        (bank_account_number, bank_ifsc_code, business_address, business_name, created_at, email, enabled, first_name, is_active, is_seller, last_name, password, phone, updated_at, upi_id, version) 
    values
        (?, ?, ?, ?, ?, ?, ?, ?, ?, ?, ?, ?, ?, ?, ?, ?)
2025-06-20T14:19:41.610+05:30 DEBUG 37792 --- [user-management-service] [           main] org.hibernate.SQL                        : 
    insert 
    into
        users
        (bank_account_number, bank_ifsc_code, business_address, business_name, created_at, email, enabled, first_name, is_active, is_seller, last_name, password, phone, updated_at, upi_id, version) 
    values
        (?, ?, ?, ?, ?, ?, ?, ?, ?, ?, ?, ?, ?, ?, ?, ?)
Hibernate: 
    insert 
    into
        users
        (bank_account_number, bank_ifsc_code, business_address, business_name, created_at, email, enabled, first_name, is_active, is_seller, last_name, password, phone, updated_at, upi_id, version) 
    values
        (?, ?, ?, ?, ?, ?, ?, ?, ?, ?, ?, ?, ?, ?, ?, ?)
2025-06-20T14:19:41.620+05:30 DEBUG 37792 --- [user-management-service] [           main] org.hibernate.SQL                        : 
    insert 
    into
        users
        (bank_account_number, bank_ifsc_code, business_address, business_name, created_at, email, enabled, first_name, is_active, is_seller, last_name, password, phone, updated_at, upi_id, version) 
    values
        (?, ?, ?, ?, ?, ?, ?, ?, ?, ?, ?, ?, ?, ?, ?, ?)
Hibernate: 
    insert 
    into
        users
        (bank_account_number, bank_ifsc_code, business_address, business_name, created_at, email, enabled, first_name, is_active, is_seller, last_name, password, phone, updated_at, upi_id, version) 
    values
        (?, ?, ?, ?, ?, ?, ?, ?, ?, ?, ?, ?, ?, ?, ?, ?)
2025-06-20T14:19:41.630+05:30 DEBUG 37792 --- [user-management-service] [           main] org.hibernate.SQL                        : 
    insert 
    into
        users
        (bank_account_number, bank_ifsc_code, business_address, business_name, created_at, email, enabled, first_name, is_active, is_seller, last_name, password, phone, updated_at, upi_id, version) 
    values
        (?, ?, ?, ?, ?, ?, ?, ?, ?, ?, ?, ?, ?, ?, ?, ?)
Hibernate: 
    insert 
    into
        users
        (bank_account_number, bank_ifsc_code, business_address, business_name, created_at, email, enabled, first_name, is_active, is_seller, last_name, password, phone, updated_at, upi_id, version) 
    values
        (?, ?, ?, ?, ?, ?, ?, ?, ?, ?, ?, ?, ?, ?, ?, ?)
2025-06-20T14:19:41.638+05:30 DEBUG 37792 --- [user-management-service] [           main] org.hibernate.SQL                        : 
    insert 
    into
        users
        (bank_account_number, bank_ifsc_code, business_address, business_name, created_at, email, enabled, first_name, is_active, is_seller, last_name, password, phone, updated_at, upi_id, version) 
    values
        (?, ?, ?, ?, ?, ?, ?, ?, ?, ?, ?, ?, ?, ?, ?, ?)
Hibernate: 
    insert 
    into
        users
        (bank_account_number, bank_ifsc_code, business_address, business_name, created_at, email, enabled, first_name, is_active, is_seller, last_name, password, phone, updated_at, upi_id, version) 
    values
        (?, ?, ?, ?, ?, ?, ?, ?, ?, ?, ?, ?, ?, ?, ?, ?)
2025-06-20T14:19:41.644+05:30 DEBUG 37792 --- [user-management-service] [           main] org.hibernate.SQL                        : 
    insert 
    into
        users
        (bank_account_number, bank_ifsc_code, business_address, business_name, created_at, email, enabled, first_name, is_active, is_seller, last_name, password, phone, updated_at, upi_id, version) 
    values
        (?, ?, ?, ?, ?, ?, ?, ?, ?, ?, ?, ?, ?, ?, ?, ?)
Hibernate: 
    insert 
    into
        users
        (bank_account_number, bank_ifsc_code, business_address, business_name, created_at, email, enabled, first_name, is_active, is_seller, last_name, password, phone, updated_at, upi_id, version) 
    values
        (?, ?, ?, ?, ?, ?, ?, ?, ?, ?, ?, ?, ?, ?, ?, ?)
2025-06-20T14:19:41.651+05:30 DEBUG 37792 --- [user-management-service] [           main] org.hibernate.SQL                        : 
    insert 
    into
        users
        (bank_account_number, bank_ifsc_code, business_address, business_name, created_at, email, enabled, first_name, is_active, is_seller, last_name, password, phone, updated_at, upi_id, version) 
    values
        (?, ?, ?, ?, ?, ?, ?, ?, ?, ?, ?, ?, ?, ?, ?, ?)
Hibernate: 
    insert 
    into
        users
        (bank_account_number, bank_ifsc_code, business_address, business_name, created_at, email, enabled, first_name, is_active, is_seller, last_name, password, phone, updated_at, upi_id, version) 
    values
        (?, ?, ?, ?, ?, ?, ?, ?, ?, ?, ?, ?, ?, ?, ?, ?)
2025-06-20T14:19:41.657+05:30 DEBUG 37792 --- [user-management-service] [           main] org.hibernate.SQL                        : 
    insert 
    into
        users
        (bank_account_number, bank_ifsc_code, business_address, business_name, created_at, email, enabled, first_name, is_active, is_seller, last_name, password, phone, updated_at, upi_id, version) 
    values
        (?, ?, ?, ?, ?, ?, ?, ?, ?, ?, ?, ?, ?, ?, ?, ?)
Hibernate: 
    insert 
    into
        users
        (bank_account_number, bank_ifsc_code, business_address, business_name, created_at, email, enabled, first_name, is_active, is_seller, last_name, password, phone, updated_at, upi_id, version) 
    values
        (?, ?, ?, ?, ?, ?, ?, ?, ?, ?, ?, ?, ?, ?, ?, ?)
2025-06-20T14:19:41.663+05:30 DEBUG 37792 --- [user-management-service] [           main] org.hibernate.SQL                        : 
    insert 
    into
        users
        (bank_account_number, bank_ifsc_code, business_address, business_name, created_at, email, enabled, first_name, is_active, is_seller, last_name, password, phone, updated_at, upi_id, version) 
    values
        (?, ?, ?, ?, ?, ?, ?, ?, ?, ?, ?, ?, ?, ?, ?, ?)
Hibernate: 
    insert 
    into
        users
        (bank_account_number, bank_ifsc_code, business_address, business_name, created_at, email, enabled, first_name, is_active, is_seller, last_name, password, phone, updated_at, upi_id, version) 
    values
        (?, ?, ?, ?, ?, ?, ?, ?, ?, ?, ?, ?, ?, ?, ?, ?)
2025-06-20T14:19:41.670+05:30 DEBUG 37792 --- [user-management-service] [           main] org.hibernate.SQL                        : 
    insert 
    into
        users
        (bank_account_number, bank_ifsc_code, business_address, business_name, created_at, email, enabled, first_name, is_active, is_seller, last_name, password, phone, updated_at, upi_id, version) 
    values
        (?, ?, ?, ?, ?, ?, ?, ?, ?, ?, ?, ?, ?, ?, ?, ?)
Hibernate: 
    insert 
    into
        users
        (bank_account_number, bank_ifsc_code, business_address, business_name, created_at, email, enabled, first_name, is_active, is_seller, last_name, password, phone, updated_at, upi_id, version) 
    values
        (?, ?, ?, ?, ?, ?, ?, ?, ?, ?, ?, ?, ?, ?, ?, ?)
2025-06-20T14:19:41.677+05:30 DEBUG 37792 --- [user-management-service] [           main] org.hibernate.SQL                        : 
    insert 
    into
        users
        (bank_account_number, bank_ifsc_code, business_address, business_name, created_at, email, enabled, first_name, is_active, is_seller, last_name, password, phone, updated_at, upi_id, version) 
    values
        (?, ?, ?, ?, ?, ?, ?, ?, ?, ?, ?, ?, ?, ?, ?, ?)
Hibernate: 
    insert 
    into
        users
        (bank_account_number, bank_ifsc_code, business_address, business_name, created_at, email, enabled, first_name, is_active, is_seller, last_name, password, phone, updated_at, upi_id, version) 
    values
        (?, ?, ?, ?, ?, ?, ?, ?, ?, ?, ?, ?, ?, ?, ?, ?)
2025-06-20T14:19:41.682+05:30 DEBUG 37792 --- [user-management-service] [           main] org.hibernate.SQL                        : 
    insert 
    into
        users
        (bank_account_number, bank_ifsc_code, business_address, business_name, created_at, email, enabled, first_name, is_active, is_seller, last_name, password, phone, updated_at, upi_id, version) 
    values
        (?, ?, ?, ?, ?, ?, ?, ?, ?, ?, ?, ?, ?, ?, ?, ?)
Hibernate: 
    insert 
    into
        users
        (bank_account_number, bank_ifsc_code, business_address, business_name, created_at, email, enabled, first_name, is_active, is_seller, last_name, password, phone, updated_at, upi_id, version) 
    values
        (?, ?, ?, ?, ?, ?, ?, ?, ?, ?, ?, ?, ?, ?, ?, ?)
2025-06-20T14:19:41.688+05:30 DEBUG 37792 --- [user-management-service] [           main] org.hibernate.SQL                        : 
    insert 
    into
        users
        (bank_account_number, bank_ifsc_code, business_address, business_name, created_at, email, enabled, first_name, is_active, is_seller, last_name, password, phone, updated_at, upi_id, version) 
    values
        (?, ?, ?, ?, ?, ?, ?, ?, ?, ?, ?, ?, ?, ?, ?, ?)
Hibernate: 
    insert 
    into
        users
        (bank_account_number, bank_ifsc_code, business_address, business_name, created_at, email, enabled, first_name, is_active, is_seller, last_name, password, phone, updated_at, upi_id, version) 
    values
        (?, ?, ?, ?, ?, ?, ?, ?, ?, ?, ?, ?, ?, ?, ?, ?)
2025-06-20T14:19:41.695+05:30 DEBUG 37792 --- [user-management-service] [           main] org.hibernate.SQL                        : 
    insert 
    into
        users
        (bank_account_number, bank_ifsc_code, business_address, business_name, created_at, email, enabled, first_name, is_active, is_seller, last_name, password, phone, updated_at, upi_id, version) 
    values
        (?, ?, ?, ?, ?, ?, ?, ?, ?, ?, ?, ?, ?, ?, ?, ?)
Hibernate: 
    insert 
    into
        users
        (bank_account_number, bank_ifsc_code, business_address, business_name, created_at, email, enabled, first_name, is_active, is_seller, last_name, password, phone, updated_at, upi_id, version) 
    values
        (?, ?, ?, ?, ?, ?, ?, ?, ?, ?, ?, ?, ?, ?, ?, ?)
2025-06-20T14:19:41.701+05:30 DEBUG 37792 --- [user-management-service] [           main] org.hibernate.SQL                        : 
    insert 
    into
        users
        (bank_account_number, bank_ifsc_code, business_address, business_name, created_at, email, enabled, first_name, is_active, is_seller, last_name, password, phone, updated_at, upi_id, version) 
    values
        (?, ?, ?, ?, ?, ?, ?, ?, ?, ?, ?, ?, ?, ?, ?, ?)
Hibernate: 
    insert 
    into
        users
        (bank_account_number, bank_ifsc_code, business_address, business_name, created_at, email, enabled, first_name, is_active, is_seller, last_name, password, phone, updated_at, upi_id, version) 
    values
        (?, ?, ?, ?, ?, ?, ?, ?, ?, ?, ?, ?, ?, ?, ?, ?)
2025-06-20T14:19:41.706+05:30 DEBUG 37792 --- [user-management-service] [           main] org.hibernate.SQL                        : 
    insert 
    into
        users
        (bank_account_number, bank_ifsc_code, business_address, business_name, created_at, email, enabled, first_name, is_active, is_seller, last_name, password, phone, updated_at, upi_id, version) 
    values
        (?, ?, ?, ?, ?, ?, ?, ?, ?, ?, ?, ?, ?, ?, ?, ?)
Hibernate: 
    insert 
    into
        users
        (bank_account_number, bank_ifsc_code, business_address, business_name, created_at, email, enabled, first_name, is_active, is_seller, last_name, password, phone, updated_at, upi_id, version) 
    values
        (?, ?, ?, ?, ?, ?, ?, ?, ?, ?, ?, ?, ?, ?, ?, ?)
2025-06-20T14:19:41.711+05:30 DEBUG 37792 --- [user-management-service] [           main] org.hibernate.SQL                        : 
    insert 
    into
        users
        (bank_account_number, bank_ifsc_code, business_address, business_name, created_at, email, enabled, first_name, is_active, is_seller, last_name, password, phone, updated_at, upi_id, version) 
    values
        (?, ?, ?, ?, ?, ?, ?, ?, ?, ?, ?, ?, ?, ?, ?, ?)
Hibernate: 
    insert 
    into
        users
        (bank_account_number, bank_ifsc_code, business_address, business_name, created_at, email, enabled, first_name, is_active, is_seller, last_name, password, phone, updated_at, upi_id, version) 
    values
        (?, ?, ?, ?, ?, ?, ?, ?, ?, ?, ?, ?, ?, ?, ?, ?)
2025-06-20T14:19:41.718+05:30 DEBUG 37792 --- [user-management-service] [           main] org.hibernate.SQL                        : 
    insert 
    into
        users
        (bank_account_number, bank_ifsc_code, business_address, business_name, created_at, email, enabled, first_name, is_active, is_seller, last_name, password, phone, updated_at, upi_id, version) 
    values
        (?, ?, ?, ?, ?, ?, ?, ?, ?, ?, ?, ?, ?, ?, ?, ?)
Hibernate: 
    insert 
    into
        users
        (bank_account_number, bank_ifsc_code, business_address, business_name, created_at, email, enabled, first_name, is_active, is_seller, last_name, password, phone, updated_at, upi_id, version) 
    values
        (?, ?, ?, ?, ?, ?, ?, ?, ?, ?, ?, ?, ?, ?, ?, ?)
2025-06-20T14:19:41.724+05:30 DEBUG 37792 --- [user-management-service] [           main] org.hibernate.SQL                        : 
    insert 
    into
        users
        (bank_account_number, bank_ifsc_code, business_address, business_name, created_at, email, enabled, first_name, is_active, is_seller, last_name, password, phone, updated_at, upi_id, version) 
    values
        (?, ?, ?, ?, ?, ?, ?, ?, ?, ?, ?, ?, ?, ?, ?, ?)
Hibernate: 
    insert 
    into
        users
        (bank_account_number, bank_ifsc_code, business_address, business_name, created_at, email, enabled, first_name, is_active, is_seller, last_name, password, phone, updated_at, upi_id, version) 
    values
        (?, ?, ?, ?, ?, ?, ?, ?, ?, ?, ?, ?, ?, ?, ?, ?)
2025-06-20T14:19:41.732+05:30 DEBUG 37792 --- [user-management-service] [           main] org.hibernate.SQL                        : 
    insert 
    into
        users
        (bank_account_number, bank_ifsc_code, business_address, business_name, created_at, email, enabled, first_name, is_active, is_seller, last_name, password, phone, updated_at, upi_id, version) 
    values
        (?, ?, ?, ?, ?, ?, ?, ?, ?, ?, ?, ?, ?, ?, ?, ?)
Hibernate: 
    insert 
    into
        users
        (bank_account_number, bank_ifsc_code, business_address, business_name, created_at, email, enabled, first_name, is_active, is_seller, last_name, password, phone, updated_at, upi_id, version) 
    values
        (?, ?, ?, ?, ?, ?, ?, ?, ?, ?, ?, ?, ?, ?, ?, ?)
2025-06-20T14:19:41.739+05:30 DEBUG 37792 --- [user-management-service] [           main] org.hibernate.SQL                        : 
    insert 
    into
        users
        (bank_account_number, bank_ifsc_code, business_address, business_name, created_at, email, enabled, first_name, is_active, is_seller, last_name, password, phone, updated_at, upi_id, version) 
    values
        (?, ?, ?, ?, ?, ?, ?, ?, ?, ?, ?, ?, ?, ?, ?, ?)
Hibernate: 
    insert 
    into
        users
        (bank_account_number, bank_ifsc_code, business_address, business_name, created_at, email, enabled, first_name, is_active, is_seller, last_name, password, phone, updated_at, upi_id, version) 
    values
        (?, ?, ?, ?, ?, ?, ?, ?, ?, ?, ?, ?, ?, ?, ?, ?)
2025-06-20T14:19:41.745+05:30 DEBUG 37792 --- [user-management-service] [           main] org.hibernate.SQL                        : 
    insert 
    into
        users
        (bank_account_number, bank_ifsc_code, business_address, business_name, created_at, email, enabled, first_name, is_active, is_seller, last_name, password, phone, updated_at, upi_id, version) 
    values
        (?, ?, ?, ?, ?, ?, ?, ?, ?, ?, ?, ?, ?, ?, ?, ?)
Hibernate: 
    insert 
    into
        users
        (bank_account_number, bank_ifsc_code, business_address, business_name, created_at, email, enabled, first_name, is_active, is_seller, last_name, password, phone, updated_at, upi_id, version) 
    values
        (?, ?, ?, ?, ?, ?, ?, ?, ?, ?, ?, ?, ?, ?, ?, ?)
2025-06-20T14:19:41.751+05:30 DEBUG 37792 --- [user-management-service] [           main] org.hibernate.SQL                        : 
    insert 
    into
        users
        (bank_account_number, bank_ifsc_code, business_address, business_name, created_at, email, enabled, first_name, is_active, is_seller, last_name, password, phone, updated_at, upi_id, version) 
    values
        (?, ?, ?, ?, ?, ?, ?, ?, ?, ?, ?, ?, ?, ?, ?, ?)
Hibernate: 
    insert 
    into
        users
        (bank_account_number, bank_ifsc_code, business_address, business_name, created_at, email, enabled, first_name, is_active, is_seller, last_name, password, phone, updated_at, upi_id, version) 
    values
        (?, ?, ?, ?, ?, ?, ?, ?, ?, ?, ?, ?, ?, ?, ?, ?)
2025-06-20T14:19:41.757+05:30 DEBUG 37792 --- [user-management-service] [           main] org.hibernate.SQL                        : 
    insert 
    into
        users
        (bank_account_number, bank_ifsc_code, business_address, business_name, created_at, email, enabled, first_name, is_active, is_seller, last_name, password, phone, updated_at, upi_id, version) 
    values
        (?, ?, ?, ?, ?, ?, ?, ?, ?, ?, ?, ?, ?, ?, ?, ?)
Hibernate: 
    insert 
    into
        users
        (bank_account_number, bank_ifsc_code, business_address, business_name, created_at, email, enabled, first_name, is_active, is_seller, last_name, password, phone, updated_at, upi_id, version) 
    values
        (?, ?, ?, ?, ?, ?, ?, ?, ?, ?, ?, ?, ?, ?, ?, ?)
2025-06-20T14:19:41.762+05:30 DEBUG 37792 --- [user-management-service] [           main] org.hibernate.SQL                        : 
    insert 
    into
        users
        (bank_account_number, bank_ifsc_code, business_address, business_name, created_at, email, enabled, first_name, is_active, is_seller, last_name, password, phone, updated_at, upi_id, version) 
    values
        (?, ?, ?, ?, ?, ?, ?, ?, ?, ?, ?, ?, ?, ?, ?, ?)
Hibernate: 
    insert 
    into
        users
        (bank_account_number, bank_ifsc_code, business_address, business_name, created_at, email, enabled, first_name, is_active, is_seller, last_name, password, phone, updated_at, upi_id, version) 
    values
        (?, ?, ?, ?, ?, ?, ?, ?, ?, ?, ?, ?, ?, ?, ?, ?)
2025-06-20T14:19:41.766+05:30 DEBUG 37792 --- [user-management-service] [           main] org.hibernate.SQL                        : 
    insert 
    into
        users
        (bank_account_number, bank_ifsc_code, business_address, business_name, created_at, email, enabled, first_name, is_active, is_seller, last_name, password, phone, updated_at, upi_id, version) 
    values
        (?, ?, ?, ?, ?, ?, ?, ?, ?, ?, ?, ?, ?, ?, ?, ?)
Hibernate: 
    insert 
    into
        users
        (bank_account_number, bank_ifsc_code, business_address, business_name, created_at, email, enabled, first_name, is_active, is_seller, last_name, password, phone, updated_at, upi_id, version) 
    values
        (?, ?, ?, ?, ?, ?, ?, ?, ?, ?, ?, ?, ?, ?, ?, ?)
2025-06-20T14:19:41.772+05:30 DEBUG 37792 --- [user-management-service] [           main] org.hibernate.SQL                        : 
    insert 
    into
        users
        (bank_account_number, bank_ifsc_code, business_address, business_name, created_at, email, enabled, first_name, is_active, is_seller, last_name, password, phone, updated_at, upi_id, version) 
    values
        (?, ?, ?, ?, ?, ?, ?, ?, ?, ?, ?, ?, ?, ?, ?, ?)
Hibernate: 
    insert 
    into
        users
        (bank_account_number, bank_ifsc_code, business_address, business_name, created_at, email, enabled, first_name, is_active, is_seller, last_name, password, phone, updated_at, upi_id, version) 
    values
        (?, ?, ?, ?, ?, ?, ?, ?, ?, ?, ?, ?, ?, ?, ?, ?)
2025-06-20T14:19:41.779+05:30 DEBUG 37792 --- [user-management-service] [           main] org.hibernate.SQL                        : 
    insert 
    into
        users
        (bank_account_number, bank_ifsc_code, business_address, business_name, created_at, email, enabled, first_name, is_active, is_seller, last_name, password, phone, updated_at, upi_id, version) 
    values
        (?, ?, ?, ?, ?, ?, ?, ?, ?, ?, ?, ?, ?, ?, ?, ?)
Hibernate: 
    insert 
    into
        users
        (bank_account_number, bank_ifsc_code, business_address, business_name, created_at, email, enabled, first_name, is_active, is_seller, last_name, password, phone, updated_at, upi_id, version) 
    values
        (?, ?, ?, ?, ?, ?, ?, ?, ?, ?, ?, ?, ?, ?, ?, ?)
2025-06-20T14:19:41.785+05:30 DEBUG 37792 --- [user-management-service] [           main] org.hibernate.SQL                        : 
    insert 
    into
        users
        (bank_account_number, bank_ifsc_code, business_address, business_name, created_at, email, enabled, first_name, is_active, is_seller, last_name, password, phone, updated_at, upi_id, version) 
    values
        (?, ?, ?, ?, ?, ?, ?, ?, ?, ?, ?, ?, ?, ?, ?, ?)
Hibernate: 
    insert 
    into
        users
        (bank_account_number, bank_ifsc_code, business_address, business_name, created_at, email, enabled, first_name, is_active, is_seller, last_name, password, phone, updated_at, upi_id, version) 
    values
        (?, ?, ?, ?, ?, ?, ?, ?, ?, ?, ?, ?, ?, ?, ?, ?)
2025-06-20T14:19:41.789+05:30 DEBUG 37792 --- [user-management-service] [           main] org.hibernate.SQL                        : 
    insert 
    into
        users
        (bank_account_number, bank_ifsc_code, business_address, business_name, created_at, email, enabled, first_name, is_active, is_seller, last_name, password, phone, updated_at, upi_id, version) 
    values
        (?, ?, ?, ?, ?, ?, ?, ?, ?, ?, ?, ?, ?, ?, ?, ?)
Hibernate: 
    insert 
    into
        users
        (bank_account_number, bank_ifsc_code, business_address, business_name, created_at, email, enabled, first_name, is_active, is_seller, last_name, password, phone, updated_at, upi_id, version) 
    values
        (?, ?, ?, ?, ?, ?, ?, ?, ?, ?, ?, ?, ?, ?, ?, ?)
2025-06-20T14:19:41.795+05:30 DEBUG 37792 --- [user-management-service] [           main] org.hibernate.SQL                        : 
    insert 
    into
        users
        (bank_account_number, bank_ifsc_code, business_address, business_name, created_at, email, enabled, first_name, is_active, is_seller, last_name, password, phone, updated_at, upi_id, version) 
    values
        (?, ?, ?, ?, ?, ?, ?, ?, ?, ?, ?, ?, ?, ?, ?, ?)
Hibernate: 
    insert 
    into
        users
        (bank_account_number, bank_ifsc_code, business_address, business_name, created_at, email, enabled, first_name, is_active, is_seller, last_name, password, phone, updated_at, upi_id, version) 
    values
        (?, ?, ?, ?, ?, ?, ?, ?, ?, ?, ?, ?, ?, ?, ?, ?)
2025-06-20T14:19:41.799+05:30 DEBUG 37792 --- [user-management-service] [           main] org.hibernate.SQL                        : 
    insert 
    into
        users
        (bank_account_number, bank_ifsc_code, business_address, business_name, created_at, email, enabled, first_name, is_active, is_seller, last_name, password, phone, updated_at, upi_id, version) 
    values
        (?, ?, ?, ?, ?, ?, ?, ?, ?, ?, ?, ?, ?, ?, ?, ?)
Hibernate: 
    insert 
    into
        users
        (bank_account_number, bank_ifsc_code, business_address, business_name, created_at, email, enabled, first_name, is_active, is_seller, last_name, password, phone, updated_at, upi_id, version) 
    values
        (?, ?, ?, ?, ?, ?, ?, ?, ?, ?, ?, ?, ?, ?, ?, ?)
2025-06-20T14:19:41.804+05:30 DEBUG 37792 --- [user-management-service] [           main] org.hibernate.SQL                        : 
    insert 
    into
        users
        (bank_account_number, bank_ifsc_code, business_address, business_name, created_at, email, enabled, first_name, is_active, is_seller, last_name, password, phone, updated_at, upi_id, version) 
    values
        (?, ?, ?, ?, ?, ?, ?, ?, ?, ?, ?, ?, ?, ?, ?, ?)
Hibernate: 
    insert 
    into
        users
        (bank_account_number, bank_ifsc_code, business_address, business_name, created_at, email, enabled, first_name, is_active, is_seller, last_name, password, phone, updated_at, upi_id, version) 
    values
        (?, ?, ?, ?, ?, ?, ?, ?, ?, ?, ?, ?, ?, ?, ?, ?)
2025-06-20T14:19:41.808+05:30 DEBUG 37792 --- [user-management-service] [           main] org.hibernate.SQL                        : 
    insert 
    into
        users
        (bank_account_number, bank_ifsc_code, business_address, business_name, created_at, email, enabled, first_name, is_active, is_seller, last_name, password, phone, updated_at, upi_id, version) 
    values
        (?, ?, ?, ?, ?, ?, ?, ?, ?, ?, ?, ?, ?, ?, ?, ?)
Hibernate: 
    insert 
    into
        users
        (bank_account_number, bank_ifsc_code, business_address, business_name, created_at, email, enabled, first_name, is_active, is_seller, last_name, password, phone, updated_at, upi_id, version) 
    values
        (?, ?, ?, ?, ?, ?, ?, ?, ?, ?, ?, ?, ?, ?, ?, ?)
2025-06-20T14:19:41.813+05:30 DEBUG 37792 --- [user-management-service] [           main] org.hibernate.SQL                        : 
    insert 
    into
        users
        (bank_account_number, bank_ifsc_code, business_address, business_name, created_at, email, enabled, first_name, is_active, is_seller, last_name, password, phone, updated_at, upi_id, version) 
    values
        (?, ?, ?, ?, ?, ?, ?, ?, ?, ?, ?, ?, ?, ?, ?, ?)
Hibernate: 
    insert 
    into
        users
        (bank_account_number, bank_ifsc_code, business_address, business_name, created_at, email, enabled, first_name, is_active, is_seller, last_name, password, phone, updated_at, upi_id, version) 
    values
        (?, ?, ?, ?, ?, ?, ?, ?, ?, ?, ?, ?, ?, ?, ?, ?)
2025-06-20T14:19:41.824+05:30 DEBUG 37792 --- [user-management-service] [           main] org.hibernate.SQL                        : 
    insert 
    into
        users
        (bank_account_number, bank_ifsc_code, business_address, business_name, created_at, email, enabled, first_name, is_active, is_seller, last_name, password, phone, updated_at, upi_id, version) 
    values
        (?, ?, ?, ?, ?, ?, ?, ?, ?, ?, ?, ?, ?, ?, ?, ?)
Hibernate: 
    insert 
    into
        users
        (bank_account_number, bank_ifsc_code, business_address, business_name, created_at, email, enabled, first_name, is_active, is_seller, last_name, password, phone, updated_at, upi_id, version) 
    values
        (?, ?, ?, ?, ?, ?, ?, ?, ?, ?, ?, ?, ?, ?, ?, ?)
2025-06-20T14:19:41.834+05:30 DEBUG 37792 --- [user-management-service] [           main] org.hibernate.SQL                        : 
    insert 
    into
        users
        (bank_account_number, bank_ifsc_code, business_address, business_name, created_at, email, enabled, first_name, is_active, is_seller, last_name, password, phone, updated_at, upi_id, version) 
    values
        (?, ?, ?, ?, ?, ?, ?, ?, ?, ?, ?, ?, ?, ?, ?, ?)
Hibernate: 
    insert 
    into
        users
        (bank_account_number, bank_ifsc_code, business_address, business_name, created_at, email, enabled, first_name, is_active, is_seller, last_name, password, phone, updated_at, upi_id, version) 
    values
        (?, ?, ?, ?, ?, ?, ?, ?, ?, ?, ?, ?, ?, ?, ?, ?)
2025-06-20T14:19:41.841+05:30 DEBUG 37792 --- [user-management-service] [           main] org.hibernate.SQL                        : 
    insert 
    into
        users
        (bank_account_number, bank_ifsc_code, business_address, business_name, created_at, email, enabled, first_name, is_active, is_seller, last_name, password, phone, updated_at, upi_id, version) 
    values
        (?, ?, ?, ?, ?, ?, ?, ?, ?, ?, ?, ?, ?, ?, ?, ?)
Hibernate: 
    insert 
    into
        users
        (bank_account_number, bank_ifsc_code, business_address, business_name, created_at, email, enabled, first_name, is_active, is_seller, last_name, password, phone, updated_at, upi_id, version) 
    values
        (?, ?, ?, ?, ?, ?, ?, ?, ?, ?, ?, ?, ?, ?, ?, ?)
2025-06-20T14:19:41.851+05:30 DEBUG 37792 --- [user-management-service] [           main] org.hibernate.SQL                        : 
    insert 
    into
        users
        (bank_account_number, bank_ifsc_code, business_address, business_name, created_at, email, enabled, first_name, is_active, is_seller, last_name, password, phone, updated_at, upi_id, version) 
    values
        (?, ?, ?, ?, ?, ?, ?, ?, ?, ?, ?, ?, ?, ?, ?, ?)
Hibernate: 
    insert 
    into
        users
        (bank_account_number, bank_ifsc_code, business_address, business_name, created_at, email, enabled, first_name, is_active, is_seller, last_name, password, phone, updated_at, upi_id, version) 
    values
        (?, ?, ?, ?, ?, ?, ?, ?, ?, ?, ?, ?, ?, ?, ?, ?)
2025-06-20T14:19:41.858+05:30 DEBUG 37792 --- [user-management-service] [           main] org.hibernate.SQL                        : 
    insert 
    into
        users
        (bank_account_number, bank_ifsc_code, business_address, business_name, created_at, email, enabled, first_name, is_active, is_seller, last_name, password, phone, updated_at, upi_id, version) 
    values
        (?, ?, ?, ?, ?, ?, ?, ?, ?, ?, ?, ?, ?, ?, ?, ?)
Hibernate: 
    insert 
    into
        users
        (bank_account_number, bank_ifsc_code, business_address, business_name, created_at, email, enabled, first_name, is_active, is_seller, last_name, password, phone, updated_at, upi_id, version) 
    values
        (?, ?, ?, ?, ?, ?, ?, ?, ?, ?, ?, ?, ?, ?, ?, ?)
2025-06-20T14:19:41.865+05:30 DEBUG 37792 --- [user-management-service] [           main] org.hibernate.SQL                        : 
    insert 
    into
        users
        (bank_account_number, bank_ifsc_code, business_address, business_name, created_at, email, enabled, first_name, is_active, is_seller, last_name, password, phone, updated_at, upi_id, version) 
    values
        (?, ?, ?, ?, ?, ?, ?, ?, ?, ?, ?, ?, ?, ?, ?, ?)
Hibernate: 
    insert 
    into
        users
        (bank_account_number, bank_ifsc_code, business_address, business_name, created_at, email, enabled, first_name, is_active, is_seller, last_name, password, phone, updated_at, upi_id, version) 
    values
        (?, ?, ?, ?, ?, ?, ?, ?, ?, ?, ?, ?, ?, ?, ?, ?)
2025-06-20T14:19:41.872+05:30 DEBUG 37792 --- [user-management-service] [           main] org.hibernate.SQL                        : 
    insert 
    into
        users
        (bank_account_number, bank_ifsc_code, business_address, business_name, created_at, email, enabled, first_name, is_active, is_seller, last_name, password, phone, updated_at, upi_id, version) 
    values
        (?, ?, ?, ?, ?, ?, ?, ?, ?, ?, ?, ?, ?, ?, ?, ?)
Hibernate: 
    insert 
    into
        users
        (bank_account_number, bank_ifsc_code, business_address, business_name, created_at, email, enabled, first_name, is_active, is_seller, last_name, password, phone, updated_at, upi_id, version) 
    values
        (?, ?, ?, ?, ?, ?, ?, ?, ?, ?, ?, ?, ?, ?, ?, ?)
2025-06-20T14:19:41.877+05:30 DEBUG 37792 --- [user-management-service] [           main] org.hibernate.SQL                        : 
    insert 
    into
        users
        (bank_account_number, bank_ifsc_code, business_address, business_name, created_at, email, enabled, first_name, is_active, is_seller, last_name, password, phone, updated_at, upi_id, version) 
    values
        (?, ?, ?, ?, ?, ?, ?, ?, ?, ?, ?, ?, ?, ?, ?, ?)
Hibernate: 
    insert 
    into
        users
        (bank_account_number, bank_ifsc_code, business_address, business_name, created_at, email, enabled, first_name, is_active, is_seller, last_name, password, phone, updated_at, upi_id, version) 
    values
        (?, ?, ?, ?, ?, ?, ?, ?, ?, ?, ?, ?, ?, ?, ?, ?)
2025-06-20T14:19:41.881+05:30 DEBUG 37792 --- [user-management-service] [           main] org.hibernate.SQL                        : 
    insert 
    into
        users
        (bank_account_number, bank_ifsc_code, business_address, business_name, created_at, email, enabled, first_name, is_active, is_seller, last_name, password, phone, updated_at, upi_id, version) 
    values
        (?, ?, ?, ?, ?, ?, ?, ?, ?, ?, ?, ?, ?, ?, ?, ?)
Hibernate: 
    insert 
    into
        users
        (bank_account_number, bank_ifsc_code, business_address, business_name, created_at, email, enabled, first_name, is_active, is_seller, last_name, password, phone, updated_at, upi_id, version) 
    values
        (?, ?, ?, ?, ?, ?, ?, ?, ?, ?, ?, ?, ?, ?, ?, ?)
2025-06-20T14:19:41.887+05:30 DEBUG 37792 --- [user-management-service] [           main] org.hibernate.SQL                        : 
    insert 
    into
        users
        (bank_account_number, bank_ifsc_code, business_address, business_name, created_at, email, enabled, first_name, is_active, is_seller, last_name, password, phone, updated_at, upi_id, version) 
    values
        (?, ?, ?, ?, ?, ?, ?, ?, ?, ?, ?, ?, ?, ?, ?, ?)
Hibernate: 
    insert 
    into
        users
        (bank_account_number, bank_ifsc_code, business_address, business_name, created_at, email, enabled, first_name, is_active, is_seller, last_name, password, phone, updated_at, upi_id, version) 
    values
        (?, ?, ?, ?, ?, ?, ?, ?, ?, ?, ?, ?, ?, ?, ?, ?)
2025-06-20T14:19:41.892+05:30 DEBUG 37792 --- [user-management-service] [           main] org.hibernate.SQL                        : 
    insert 
    into
        users
        (bank_account_number, bank_ifsc_code, business_address, business_name, created_at, email, enabled, first_name, is_active, is_seller, last_name, password, phone, updated_at, upi_id, version) 
    values
        (?, ?, ?, ?, ?, ?, ?, ?, ?, ?, ?, ?, ?, ?, ?, ?)
Hibernate: 
    insert 
    into
        users
        (bank_account_number, bank_ifsc_code, business_address, business_name, created_at, email, enabled, first_name, is_active, is_seller, last_name, password, phone, updated_at, upi_id, version) 
    values
        (?, ?, ?, ?, ?, ?, ?, ?, ?, ?, ?, ?, ?, ?, ?, ?)
2025-06-20T14:19:41.897+05:30 DEBUG 37792 --- [user-management-service] [           main] org.hibernate.SQL                        : 
    insert 
    into
        users
        (bank_account_number, bank_ifsc_code, business_address, business_name, created_at, email, enabled, first_name, is_active, is_seller, last_name, password, phone, updated_at, upi_id, version) 
    values
        (?, ?, ?, ?, ?, ?, ?, ?, ?, ?, ?, ?, ?, ?, ?, ?)
Hibernate: 
    insert 
    into
        users
        (bank_account_number, bank_ifsc_code, business_address, business_name, created_at, email, enabled, first_name, is_active, is_seller, last_name, password, phone, updated_at, upi_id, version) 
    values
        (?, ?, ?, ?, ?, ?, ?, ?, ?, ?, ?, ?, ?, ?, ?, ?)
2025-06-20T14:19:41.902+05:30 DEBUG 37792 --- [user-management-service] [           main] org.hibernate.SQL                        : 
    insert 
    into
        users
        (bank_account_number, bank_ifsc_code, business_address, business_name, created_at, email, enabled, first_name, is_active, is_seller, last_name, password, phone, updated_at, upi_id, version) 
    values
        (?, ?, ?, ?, ?, ?, ?, ?, ?, ?, ?, ?, ?, ?, ?, ?)
Hibernate: 
    insert 
    into
        users
        (bank_account_number, bank_ifsc_code, business_address, business_name, created_at, email, enabled, first_name, is_active, is_seller, last_name, password, phone, updated_at, upi_id, version) 
    values
        (?, ?, ?, ?, ?, ?, ?, ?, ?, ?, ?, ?, ?, ?, ?, ?)
2025-06-20T14:19:41.908+05:30 DEBUG 37792 --- [user-management-service] [           main] org.hibernate.SQL                        : 
    insert 
    into
        users
        (bank_account_number, bank_ifsc_code, business_address, business_name, created_at, email, enabled, first_name, is_active, is_seller, last_name, password, phone, updated_at, upi_id, version) 
    values
        (?, ?, ?, ?, ?, ?, ?, ?, ?, ?, ?, ?, ?, ?, ?, ?)
Hibernate: 
    insert 
    into
        users
        (bank_account_number, bank_ifsc_code, business_address, business_name, created_at, email, enabled, first_name, is_active, is_seller, last_name, password, phone, updated_at, upi_id, version) 
    values
        (?, ?, ?, ?, ?, ?, ?, ?, ?, ?, ?, ?, ?, ?, ?, ?)
2025-06-20T14:19:41.912+05:30 DEBUG 37792 --- [user-management-service] [           main] org.hibernate.SQL                        : 
    insert 
    into
        users
        (bank_account_number, bank_ifsc_code, business_address, business_name, created_at, email, enabled, first_name, is_active, is_seller, last_name, password, phone, updated_at, upi_id, version) 
    values
        (?, ?, ?, ?, ?, ?, ?, ?, ?, ?, ?, ?, ?, ?, ?, ?)
Hibernate: 
    insert 
    into
        users
        (bank_account_number, bank_ifsc_code, business_address, business_name, created_at, email, enabled, first_name, is_active, is_seller, last_name, password, phone, updated_at, upi_id, version) 
    values
        (?, ?, ?, ?, ?, ?, ?, ?, ?, ?, ?, ?, ?, ?, ?, ?)
2025-06-20T14:19:41.917+05:30 DEBUG 37792 --- [user-management-service] [           main] org.hibernate.SQL                        : 
    insert 
    into
        users
        (bank_account_number, bank_ifsc_code, business_address, business_name, created_at, email, enabled, first_name, is_active, is_seller, last_name, password, phone, updated_at, upi_id, version) 
    values
        (?, ?, ?, ?, ?, ?, ?, ?, ?, ?, ?, ?, ?, ?, ?, ?)
Hibernate: 
    insert 
    into
        users
        (bank_account_number, bank_ifsc_code, business_address, business_name, created_at, email, enabled, first_name, is_active, is_seller, last_name, password, phone, updated_at, upi_id, version) 
    values
        (?, ?, ?, ?, ?, ?, ?, ?, ?, ?, ?, ?, ?, ?, ?, ?)
2025-06-20T14:19:41.923+05:30 DEBUG 37792 --- [user-management-service] [           main] org.hibernate.SQL                        : 
    insert 
    into
        users
        (bank_account_number, bank_ifsc_code, business_address, business_name, created_at, email, enabled, first_name, is_active, is_seller, last_name, password, phone, updated_at, upi_id, version) 
    values
        (?, ?, ?, ?, ?, ?, ?, ?, ?, ?, ?, ?, ?, ?, ?, ?)
Hibernate: 
    insert 
    into
        users
        (bank_account_number, bank_ifsc_code, business_address, business_name, created_at, email, enabled, first_name, is_active, is_seller, last_name, password, phone, updated_at, upi_id, version) 
    values
        (?, ?, ?, ?, ?, ?, ?, ?, ?, ?, ?, ?, ?, ?, ?, ?)
2025-06-20T14:19:41.930+05:30 DEBUG 37792 --- [user-management-service] [           main] org.hibernate.SQL                        : 
    insert 
    into
        users
        (bank_account_number, bank_ifsc_code, business_address, business_name, created_at, email, enabled, first_name, is_active, is_seller, last_name, password, phone, updated_at, upi_id, version) 
    values
        (?, ?, ?, ?, ?, ?, ?, ?, ?, ?, ?, ?, ?, ?, ?, ?)
Hibernate: 
    insert 
    into
        users
        (bank_account_number, bank_ifsc_code, business_address, business_name, created_at, email, enabled, first_name, is_active, is_seller, last_name, password, phone, updated_at, upi_id, version) 
    values
        (?, ?, ?, ?, ?, ?, ?, ?, ?, ?, ?, ?, ?, ?, ?, ?)
2025-06-20T14:19:41.938+05:30 DEBUG 37792 --- [user-management-service] [           main] org.hibernate.SQL                        : 
    insert 
    into
        users
        (bank_account_number, bank_ifsc_code, business_address, business_name, created_at, email, enabled, first_name, is_active, is_seller, last_name, password, phone, updated_at, upi_id, version) 
    values
        (?, ?, ?, ?, ?, ?, ?, ?, ?, ?, ?, ?, ?, ?, ?, ?)
Hibernate: 
    insert 
    into
        users
        (bank_account_number, bank_ifsc_code, business_address, business_name, created_at, email, enabled, first_name, is_active, is_seller, last_name, password, phone, updated_at, upi_id, version) 
    values
        (?, ?, ?, ?, ?, ?, ?, ?, ?, ?, ?, ?, ?, ?, ?, ?)
2025-06-20T14:19:41.943+05:30 DEBUG 37792 --- [user-management-service] [           main] org.hibernate.SQL                        : 
    insert 
    into
        users
        (bank_account_number, bank_ifsc_code, business_address, business_name, created_at, email, enabled, first_name, is_active, is_seller, last_name, password, phone, updated_at, upi_id, version) 
    values
        (?, ?, ?, ?, ?, ?, ?, ?, ?, ?, ?, ?, ?, ?, ?, ?)
Hibernate: 
    insert 
    into
        users
        (bank_account_number, bank_ifsc_code, business_address, business_name, created_at, email, enabled, first_name, is_active, is_seller, last_name, password, phone, updated_at, upi_id, version) 
    values
        (?, ?, ?, ?, ?, ?, ?, ?, ?, ?, ?, ?, ?, ?, ?, ?)
2025-06-20T14:19:41.950+05:30 DEBUG 37792 --- [user-management-service] [           main] org.hibernate.SQL                        : 
    insert 
    into
        users
        (bank_account_number, bank_ifsc_code, business_address, business_name, created_at, email, enabled, first_name, is_active, is_seller, last_name, password, phone, updated_at, upi_id, version) 
    values
        (?, ?, ?, ?, ?, ?, ?, ?, ?, ?, ?, ?, ?, ?, ?, ?)
Hibernate: 
    insert 
    into
        users
        (bank_account_number, bank_ifsc_code, business_address, business_name, created_at, email, enabled, first_name, is_active, is_seller, last_name, password, phone, updated_at, upi_id, version) 
    values
        (?, ?, ?, ?, ?, ?, ?, ?, ?, ?, ?, ?, ?, ?, ?, ?)
2025-06-20T14:19:41.955+05:30 DEBUG 37792 --- [user-management-service] [           main] org.hibernate.SQL                        : 
    insert 
    into
        users
        (bank_account_number, bank_ifsc_code, business_address, business_name, created_at, email, enabled, first_name, is_active, is_seller, last_name, password, phone, updated_at, upi_id, version) 
    values
        (?, ?, ?, ?, ?, ?, ?, ?, ?, ?, ?, ?, ?, ?, ?, ?)
Hibernate: 
    insert 
    into
        users
        (bank_account_number, bank_ifsc_code, business_address, business_name, created_at, email, enabled, first_name, is_active, is_seller, last_name, password, phone, updated_at, upi_id, version) 
    values
        (?, ?, ?, ?, ?, ?, ?, ?, ?, ?, ?, ?, ?, ?, ?, ?)
2025-06-20T14:19:41.960+05:30 DEBUG 37792 --- [user-management-service] [           main] org.hibernate.SQL                        : 
    insert 
    into
        users
        (bank_account_number, bank_ifsc_code, business_address, business_name, created_at, email, enabled, first_name, is_active, is_seller, last_name, password, phone, updated_at, upi_id, version) 
    values
        (?, ?, ?, ?, ?, ?, ?, ?, ?, ?, ?, ?, ?, ?, ?, ?)
Hibernate: 
    insert 
    into
        users
        (bank_account_number, bank_ifsc_code, business_address, business_name, created_at, email, enabled, first_name, is_active, is_seller, last_name, password, phone, updated_at, upi_id, version) 
    values
        (?, ?, ?, ?, ?, ?, ?, ?, ?, ?, ?, ?, ?, ?, ?, ?)
2025-06-20T14:19:41.965+05:30 DEBUG 37792 --- [user-management-service] [           main] org.hibernate.SQL                        : 
    insert 
    into
        users
        (bank_account_number, bank_ifsc_code, business_address, business_name, created_at, email, enabled, first_name, is_active, is_seller, last_name, password, phone, updated_at, upi_id, version) 
    values
        (?, ?, ?, ?, ?, ?, ?, ?, ?, ?, ?, ?, ?, ?, ?, ?)
Hibernate: 
    insert 
    into
        users
        (bank_account_number, bank_ifsc_code, business_address, business_name, created_at, email, enabled, first_name, is_active, is_seller, last_name, password, phone, updated_at, upi_id, version) 
    values
        (?, ?, ?, ?, ?, ?, ?, ?, ?, ?, ?, ?, ?, ?, ?, ?)
2025-06-20T14:19:41.971+05:30 DEBUG 37792 --- [user-management-service] [           main] org.hibernate.SQL                        : 
    insert 
    into
        users
        (bank_account_number, bank_ifsc_code, business_address, business_name, created_at, email, enabled, first_name, is_active, is_seller, last_name, password, phone, updated_at, upi_id, version) 
    values
        (?, ?, ?, ?, ?, ?, ?, ?, ?, ?, ?, ?, ?, ?, ?, ?)
Hibernate: 
    insert 
    into
        users
        (bank_account_number, bank_ifsc_code, business_address, business_name, created_at, email, enabled, first_name, is_active, is_seller, last_name, password, phone, updated_at, upi_id, version) 
    values
        (?, ?, ?, ?, ?, ?, ?, ?, ?, ?, ?, ?, ?, ?, ?, ?)
2025-06-20T14:19:41.975+05:30 DEBUG 37792 --- [user-management-service] [           main] org.hibernate.SQL                        : 
    insert 
    into
        users
        (bank_account_number, bank_ifsc_code, business_address, business_name, created_at, email, enabled, first_name, is_active, is_seller, last_name, password, phone, updated_at, upi_id, version) 
    values
        (?, ?, ?, ?, ?, ?, ?, ?, ?, ?, ?, ?, ?, ?, ?, ?)
Hibernate: 
    insert 
    into
        users
        (bank_account_number, bank_ifsc_code, business_address, business_name, created_at, email, enabled, first_name, is_active, is_seller, last_name, password, phone, updated_at, upi_id, version) 
    values
        (?, ?, ?, ?, ?, ?, ?, ?, ?, ?, ?, ?, ?, ?, ?, ?)
2025-06-20T14:19:41.979+05:30 DEBUG 37792 --- [user-management-service] [           main] org.hibernate.SQL                        : 
    insert 
    into
        users
        (bank_account_number, bank_ifsc_code, business_address, business_name, created_at, email, enabled, first_name, is_active, is_seller, last_name, password, phone, updated_at, upi_id, version) 
    values
        (?, ?, ?, ?, ?, ?, ?, ?, ?, ?, ?, ?, ?, ?, ?, ?)
Hibernate: 
    insert 
    into
        users
        (bank_account_number, bank_ifsc_code, business_address, business_name, created_at, email, enabled, first_name, is_active, is_seller, last_name, password, phone, updated_at, upi_id, version) 
    values
        (?, ?, ?, ?, ?, ?, ?, ?, ?, ?, ?, ?, ?, ?, ?, ?)
2025-06-20T14:19:41.985+05:30 DEBUG 37792 --- [user-management-service] [           main] org.hibernate.SQL                        : 
    insert 
    into
        users
        (bank_account_number, bank_ifsc_code, business_address, business_name, created_at, email, enabled, first_name, is_active, is_seller, last_name, password, phone, updated_at, upi_id, version) 
    values
        (?, ?, ?, ?, ?, ?, ?, ?, ?, ?, ?, ?, ?, ?, ?, ?)
Hibernate: 
    insert 
    into
        users
        (bank_account_number, bank_ifsc_code, business_address, business_name, created_at, email, enabled, first_name, is_active, is_seller, last_name, password, phone, updated_at, upi_id, version) 
    values
        (?, ?, ?, ?, ?, ?, ?, ?, ?, ?, ?, ?, ?, ?, ?, ?)
2025-06-20T14:19:41.991+05:30 DEBUG 37792 --- [user-management-service] [           main] org.hibernate.SQL                        : 
    insert 
    into
        users
        (bank_account_number, bank_ifsc_code, business_address, business_name, created_at, email, enabled, first_name, is_active, is_seller, last_name, password, phone, updated_at, upi_id, version) 
    values
        (?, ?, ?, ?, ?, ?, ?, ?, ?, ?, ?, ?, ?, ?, ?, ?)
Hibernate: 
    insert 
    into
        users
        (bank_account_number, bank_ifsc_code, business_address, business_name, created_at, email, enabled, first_name, is_active, is_seller, last_name, password, phone, updated_at, upi_id, version) 
    values
        (?, ?, ?, ?, ?, ?, ?, ?, ?, ?, ?, ?, ?, ?, ?, ?)
2025-06-20T14:19:41.997+05:30 DEBUG 37792 --- [user-management-service] [           main] org.hibernate.SQL                        : 
    insert 
    into
        users
        (bank_account_number, bank_ifsc_code, business_address, business_name, created_at, email, enabled, first_name, is_active, is_seller, last_name, password, phone, updated_at, upi_id, version) 
    values
        (?, ?, ?, ?, ?, ?, ?, ?, ?, ?, ?, ?, ?, ?, ?, ?)
Hibernate: 
    insert 
    into
        users
        (bank_account_number, bank_ifsc_code, business_address, business_name, created_at, email, enabled, first_name, is_active, is_seller, last_name, password, phone, updated_at, upi_id, version) 
    values
        (?, ?, ?, ?, ?, ?, ?, ?, ?, ?, ?, ?, ?, ?, ?, ?)
2025-06-20T14:19:42.002+05:30 DEBUG 37792 --- [user-management-service] [           main] org.hibernate.SQL                        : 
    insert 
    into
        users
        (bank_account_number, bank_ifsc_code, business_address, business_name, created_at, email, enabled, first_name, is_active, is_seller, last_name, password, phone, updated_at, upi_id, version) 
    values
        (?, ?, ?, ?, ?, ?, ?, ?, ?, ?, ?, ?, ?, ?, ?, ?)
Hibernate: 
    insert 
    into
        users
        (bank_account_number, bank_ifsc_code, business_address, business_name, created_at, email, enabled, first_name, is_active, is_seller, last_name, password, phone, updated_at, upi_id, version) 
    values
        (?, ?, ?, ?, ?, ?, ?, ?, ?, ?, ?, ?, ?, ?, ?, ?)
2025-06-20T14:19:42.006+05:30 DEBUG 37792 --- [user-management-service] [           main] org.hibernate.SQL                        : 
    insert 
    into
        users
        (bank_account_number, bank_ifsc_code, business_address, business_name, created_at, email, enabled, first_name, is_active, is_seller, last_name, password, phone, updated_at, upi_id, version) 
    values
        (?, ?, ?, ?, ?, ?, ?, ?, ?, ?, ?, ?, ?, ?, ?, ?)
Hibernate: 
    insert 
    into
        users
        (bank_account_number, bank_ifsc_code, business_address, business_name, created_at, email, enabled, first_name, is_active, is_seller, last_name, password, phone, updated_at, upi_id, version) 
    values
        (?, ?, ?, ?, ?, ?, ?, ?, ?, ?, ?, ?, ?, ?, ?, ?)
2025-06-20T14:19:42.011+05:30 DEBUG 37792 --- [user-management-service] [           main] org.hibernate.SQL                        : 
    insert 
    into
        users
        (bank_account_number, bank_ifsc_code, business_address, business_name, created_at, email, enabled, first_name, is_active, is_seller, last_name, password, phone, updated_at, upi_id, version) 
    values
        (?, ?, ?, ?, ?, ?, ?, ?, ?, ?, ?, ?, ?, ?, ?, ?)
Hibernate: 
    insert 
    into
        users
        (bank_account_number, bank_ifsc_code, business_address, business_name, created_at, email, enabled, first_name, is_active, is_seller, last_name, password, phone, updated_at, upi_id, version) 
    values
        (?, ?, ?, ?, ?, ?, ?, ?, ?, ?, ?, ?, ?, ?, ?, ?)
2025-06-20T14:19:42.017+05:30 DEBUG 37792 --- [user-management-service] [           main] org.hibernate.SQL                        : 
    insert 
    into
        users
        (bank_account_number, bank_ifsc_code, business_address, business_name, created_at, email, enabled, first_name, is_active, is_seller, last_name, password, phone, updated_at, upi_id, version) 
    values
        (?, ?, ?, ?, ?, ?, ?, ?, ?, ?, ?, ?, ?, ?, ?, ?)
Hibernate: 
    insert 
    into
        users
        (bank_account_number, bank_ifsc_code, business_address, business_name, created_at, email, enabled, first_name, is_active, is_seller, last_name, password, phone, updated_at, upi_id, version) 
    values
        (?, ?, ?, ?, ?, ?, ?, ?, ?, ?, ?, ?, ?, ?, ?, ?)
2025-06-20T14:19:42.021+05:30 DEBUG 37792 --- [user-management-service] [           main] org.hibernate.SQL                        : 
    insert 
    into
        users
        (bank_account_number, bank_ifsc_code, business_address, business_name, created_at, email, enabled, first_name, is_active, is_seller, last_name, password, phone, updated_at, upi_id, version) 
    values
        (?, ?, ?, ?, ?, ?, ?, ?, ?, ?, ?, ?, ?, ?, ?, ?)
Hibernate: 
    insert 
    into
        users
        (bank_account_number, bank_ifsc_code, business_address, business_name, created_at, email, enabled, first_name, is_active, is_seller, last_name, password, phone, updated_at, upi_id, version) 
    values
        (?, ?, ?, ?, ?, ?, ?, ?, ?, ?, ?, ?, ?, ?, ?, ?)
2025-06-20T14:19:42.026+05:30 DEBUG 37792 --- [user-management-service] [           main] org.hibernate.SQL                        : 
    insert 
    into
        users
        (bank_account_number, bank_ifsc_code, business_address, business_name, created_at, email, enabled, first_name, is_active, is_seller, last_name, password, phone, updated_at, upi_id, version) 
    values
        (?, ?, ?, ?, ?, ?, ?, ?, ?, ?, ?, ?, ?, ?, ?, ?)
Hibernate: 
    insert 
    into
        users
        (bank_account_number, bank_ifsc_code, business_address, business_name, created_at, email, enabled, first_name, is_active, is_seller, last_name, password, phone, updated_at, upi_id, version) 
    values
        (?, ?, ?, ?, ?, ?, ?, ?, ?, ?, ?, ?, ?, ?, ?, ?)
2025-06-20T14:19:42.030+05:30 DEBUG 37792 --- [user-management-service] [           main] org.hibernate.SQL                        : 
    insert 
    into
        users
        (bank_account_number, bank_ifsc_code, business_address, business_name, created_at, email, enabled, first_name, is_active, is_seller, last_name, password, phone, updated_at, upi_id, version) 
    values
        (?, ?, ?, ?, ?, ?, ?, ?, ?, ?, ?, ?, ?, ?, ?, ?)
Hibernate: 
    insert 
    into
        users
        (bank_account_number, bank_ifsc_code, business_address, business_name, created_at, email, enabled, first_name, is_active, is_seller, last_name, password, phone, updated_at, upi_id, version) 
    values
        (?, ?, ?, ?, ?, ?, ?, ?, ?, ?, ?, ?, ?, ?, ?, ?)
2025-06-20T14:19:42.036+05:30 DEBUG 37792 --- [user-management-service] [           main] org.hibernate.SQL                        : 
    insert 
    into
        users
        (bank_account_number, bank_ifsc_code, business_address, business_name, created_at, email, enabled, first_name, is_active, is_seller, last_name, password, phone, updated_at, upi_id, version) 
    values
        (?, ?, ?, ?, ?, ?, ?, ?, ?, ?, ?, ?, ?, ?, ?, ?)
Hibernate: 
    insert 
    into
        users
        (bank_account_number, bank_ifsc_code, business_address, business_name, created_at, email, enabled, first_name, is_active, is_seller, last_name, password, phone, updated_at, upi_id, version) 
    values
        (?, ?, ?, ?, ?, ?, ?, ?, ?, ?, ?, ?, ?, ?, ?, ?)
2025-06-20T14:19:42.043+05:30 DEBUG 37792 --- [user-management-service] [           main] org.hibernate.SQL                        : 
    insert 
    into
        users
        (bank_account_number, bank_ifsc_code, business_address, business_name, created_at, email, enabled, first_name, is_active, is_seller, last_name, password, phone, updated_at, upi_id, version) 
    values
        (?, ?, ?, ?, ?, ?, ?, ?, ?, ?, ?, ?, ?, ?, ?, ?)
Hibernate: 
    insert 
    into
        users
        (bank_account_number, bank_ifsc_code, business_address, business_name, created_at, email, enabled, first_name, is_active, is_seller, last_name, password, phone, updated_at, upi_id, version) 
    values
        (?, ?, ?, ?, ?, ?, ?, ?, ?, ?, ?, ?, ?, ?, ?, ?)
2025-06-20T14:19:42.050+05:30 DEBUG 37792 --- [user-management-service] [           main] org.hibernate.SQL                        : 
    insert 
    into
        users
        (bank_account_number, bank_ifsc_code, business_address, business_name, created_at, email, enabled, first_name, is_active, is_seller, last_name, password, phone, updated_at, upi_id, version) 
    values
        (?, ?, ?, ?, ?, ?, ?, ?, ?, ?, ?, ?, ?, ?, ?, ?)
Hibernate: 
    insert 
    into
        users
        (bank_account_number, bank_ifsc_code, business_address, business_name, created_at, email, enabled, first_name, is_active, is_seller, last_name, password, phone, updated_at, upi_id, version) 
    values
        (?, ?, ?, ?, ?, ?, ?, ?, ?, ?, ?, ?, ?, ?, ?, ?)
2025-06-20T14:19:42.057+05:30 DEBUG 37792 --- [user-management-service] [           main] org.hibernate.SQL                        : 
    insert 
    into
        users
        (bank_account_number, bank_ifsc_code, business_address, business_name, created_at, email, enabled, first_name, is_active, is_seller, last_name, password, phone, updated_at, upi_id, version) 
    values
        (?, ?, ?, ?, ?, ?, ?, ?, ?, ?, ?, ?, ?, ?, ?, ?)
Hibernate: 
    insert 
    into
        users
        (bank_account_number, bank_ifsc_code, business_address, business_name, created_at, email, enabled, first_name, is_active, is_seller, last_name, password, phone, updated_at, upi_id, version) 
    values
        (?, ?, ?, ?, ?, ?, ?, ?, ?, ?, ?, ?, ?, ?, ?, ?)
2025-06-20T14:19:42.061+05:30 DEBUG 37792 --- [user-management-service] [           main] org.hibernate.SQL                        : 
    insert 
    into
        users
        (bank_account_number, bank_ifsc_code, business_address, business_name, created_at, email, enabled, first_name, is_active, is_seller, last_name, password, phone, updated_at, upi_id, version) 
    values
        (?, ?, ?, ?, ?, ?, ?, ?, ?, ?, ?, ?, ?, ?, ?, ?)
Hibernate: 
    insert 
    into
        users
        (bank_account_number, bank_ifsc_code, business_address, business_name, created_at, email, enabled, first_name, is_active, is_seller, last_name, password, phone, updated_at, upi_id, version) 
    values
        (?, ?, ?, ?, ?, ?, ?, ?, ?, ?, ?, ?, ?, ?, ?, ?)
2025-06-20T14:19:42.067+05:30 DEBUG 37792 --- [user-management-service] [           main] org.hibernate.SQL                        : 
    insert 
    into
        users
        (bank_account_number, bank_ifsc_code, business_address, business_name, created_at, email, enabled, first_name, is_active, is_seller, last_name, password, phone, updated_at, upi_id, version) 
    values
        (?, ?, ?, ?, ?, ?, ?, ?, ?, ?, ?, ?, ?, ?, ?, ?)
Hibernate: 
    insert 
    into
        users
        (bank_account_number, bank_ifsc_code, business_address, business_name, created_at, email, enabled, first_name, is_active, is_seller, last_name, password, phone, updated_at, upi_id, version) 
    values
        (?, ?, ?, ?, ?, ?, ?, ?, ?, ?, ?, ?, ?, ?, ?, ?)
2025-06-20T14:19:42.071+05:30 DEBUG 37792 --- [user-management-service] [           main] org.hibernate.SQL                        : 
    insert 
    into
        users
        (bank_account_number, bank_ifsc_code, business_address, business_name, created_at, email, enabled, first_name, is_active, is_seller, last_name, password, phone, updated_at, upi_id, version) 
    values
        (?, ?, ?, ?, ?, ?, ?, ?, ?, ?, ?, ?, ?, ?, ?, ?)
Hibernate: 
    insert 
    into
        users
        (bank_account_number, bank_ifsc_code, business_address, business_name, created_at, email, enabled, first_name, is_active, is_seller, last_name, password, phone, updated_at, upi_id, version) 
    values
        (?, ?, ?, ?, ?, ?, ?, ?, ?, ?, ?, ?, ?, ?, ?, ?)
2025-06-20T14:19:42.077+05:30 DEBUG 37792 --- [user-management-service] [           main] org.hibernate.SQL                        : 
    insert 
    into
        users
        (bank_account_number, bank_ifsc_code, business_address, business_name, created_at, email, enabled, first_name, is_active, is_seller, last_name, password, phone, updated_at, upi_id, version) 
    values
        (?, ?, ?, ?, ?, ?, ?, ?, ?, ?, ?, ?, ?, ?, ?, ?)
Hibernate: 
    insert 
    into
        users
        (bank_account_number, bank_ifsc_code, business_address, business_name, created_at, email, enabled, first_name, is_active, is_seller, last_name, password, phone, updated_at, upi_id, version) 
    values
        (?, ?, ?, ?, ?, ?, ?, ?, ?, ?, ?, ?, ?, ?, ?, ?)
2025-06-20T14:19:42.082+05:30 DEBUG 37792 --- [user-management-service] [           main] org.hibernate.SQL                        : 
    insert 
    into
        users
        (bank_account_number, bank_ifsc_code, business_address, business_name, created_at, email, enabled, first_name, is_active, is_seller, last_name, password, phone, updated_at, upi_id, version) 
    values
        (?, ?, ?, ?, ?, ?, ?, ?, ?, ?, ?, ?, ?, ?, ?, ?)
Hibernate: 
    insert 
    into
        users
        (bank_account_number, bank_ifsc_code, business_address, business_name, created_at, email, enabled, first_name, is_active, is_seller, last_name, password, phone, updated_at, upi_id, version) 
    values
        (?, ?, ?, ?, ?, ?, ?, ?, ?, ?, ?, ?, ?, ?, ?, ?)
2025-06-20T14:19:42.087+05:30 DEBUG 37792 --- [user-management-service] [           main] org.hibernate.SQL                        : 
    insert 
    into
        users
        (bank_account_number, bank_ifsc_code, business_address, business_name, created_at, email, enabled, first_name, is_active, is_seller, last_name, password, phone, updated_at, upi_id, version) 
    values
        (?, ?, ?, ?, ?, ?, ?, ?, ?, ?, ?, ?, ?, ?, ?, ?)
Hibernate: 
    insert 
    into
        users
        (bank_account_number, bank_ifsc_code, business_address, business_name, created_at, email, enabled, first_name, is_active, is_seller, last_name, password, phone, updated_at, upi_id, version) 
    values
        (?, ?, ?, ?, ?, ?, ?, ?, ?, ?, ?, ?, ?, ?, ?, ?)
2025-06-20T14:19:42.091+05:30 DEBUG 37792 --- [user-management-service] [           main] org.hibernate.SQL                        : 
    insert 
    into
        users
        (bank_account_number, bank_ifsc_code, business_address, business_name, created_at, email, enabled, first_name, is_active, is_seller, last_name, password, phone, updated_at, upi_id, version) 
    values
        (?, ?, ?, ?, ?, ?, ?, ?, ?, ?, ?, ?, ?, ?, ?, ?)
Hibernate: 
    insert 
    into
        users
        (bank_account_number, bank_ifsc_code, business_address, business_name, created_at, email, enabled, first_name, is_active, is_seller, last_name, password, phone, updated_at, upi_id, version) 
    values
        (?, ?, ?, ?, ?, ?, ?, ?, ?, ?, ?, ?, ?, ?, ?, ?)
2025-06-20T14:19:42.095+05:30 DEBUG 37792 --- [user-management-service] [           main] org.hibernate.SQL                        : 
    insert 
    into
        users
        (bank_account_number, bank_ifsc_code, business_address, business_name, created_at, email, enabled, first_name, is_active, is_seller, last_name, password, phone, updated_at, upi_id, version) 
    values
        (?, ?, ?, ?, ?, ?, ?, ?, ?, ?, ?, ?, ?, ?, ?, ?)
Hibernate: 
    insert 
    into
        users
        (bank_account_number, bank_ifsc_code, business_address, business_name, created_at, email, enabled, first_name, is_active, is_seller, last_name, password, phone, updated_at, upi_id, version) 
    values
        (?, ?, ?, ?, ?, ?, ?, ?, ?, ?, ?, ?, ?, ?, ?, ?)
2025-06-20T14:19:42.100+05:30 DEBUG 37792 --- [user-management-service] [           main] org.hibernate.SQL                        : 
    insert 
    into
        users
        (bank_account_number, bank_ifsc_code, business_address, business_name, created_at, email, enabled, first_name, is_active, is_seller, last_name, password, phone, updated_at, upi_id, version) 
    values
        (?, ?, ?, ?, ?, ?, ?, ?, ?, ?, ?, ?, ?, ?, ?, ?)
Hibernate: 
    insert 
    into
        users
        (bank_account_number, bank_ifsc_code, business_address, business_name, created_at, email, enabled, first_name, is_active, is_seller, last_name, password, phone, updated_at, upi_id, version) 
    values
        (?, ?, ?, ?, ?, ?, ?, ?, ?, ?, ?, ?, ?, ?, ?, ?)
2025-06-20T14:19:42.105+05:30 DEBUG 37792 --- [user-management-service] [           main] org.hibernate.SQL                        : 
    insert 
    into
        users
        (bank_account_number, bank_ifsc_code, business_address, business_name, created_at, email, enabled, first_name, is_active, is_seller, last_name, password, phone, updated_at, upi_id, version) 
    values
        (?, ?, ?, ?, ?, ?, ?, ?, ?, ?, ?, ?, ?, ?, ?, ?)
Hibernate: 
    insert 
    into
        users
        (bank_account_number, bank_ifsc_code, business_address, business_name, created_at, email, enabled, first_name, is_active, is_seller, last_name, password, phone, updated_at, upi_id, version) 
    values
        (?, ?, ?, ?, ?, ?, ?, ?, ?, ?, ?, ?, ?, ?, ?, ?)
2025-06-20T14:19:42.110+05:30 DEBUG 37792 --- [user-management-service] [           main] org.hibernate.SQL                        : 
    insert 
    into
        users
        (bank_account_number, bank_ifsc_code, business_address, business_name, created_at, email, enabled, first_name, is_active, is_seller, last_name, password, phone, updated_at, upi_id, version) 
    values
        (?, ?, ?, ?, ?, ?, ?, ?, ?, ?, ?, ?, ?, ?, ?, ?)
Hibernate: 
    insert 
    into
        users
        (bank_account_number, bank_ifsc_code, business_address, business_name, created_at, email, enabled, first_name, is_active, is_seller, last_name, password, phone, updated_at, upi_id, version) 
    values
        (?, ?, ?, ?, ?, ?, ?, ?, ?, ?, ?, ?, ?, ?, ?, ?)
2025-06-20T14:19:42.115+05:30 DEBUG 37792 --- [user-management-service] [           main] org.hibernate.SQL                        : 
    insert 
    into
        users
        (bank_account_number, bank_ifsc_code, business_address, business_name, created_at, email, enabled, first_name, is_active, is_seller, last_name, password, phone, updated_at, upi_id, version) 
    values
        (?, ?, ?, ?, ?, ?, ?, ?, ?, ?, ?, ?, ?, ?, ?, ?)
Hibernate: 
    insert 
    into
        users
        (bank_account_number, bank_ifsc_code, business_address, business_name, created_at, email, enabled, first_name, is_active, is_seller, last_name, password, phone, updated_at, upi_id, version) 
    values
        (?, ?, ?, ?, ?, ?, ?, ?, ?, ?, ?, ?, ?, ?, ?, ?)
2025-06-20T14:19:42.120+05:30 DEBUG 37792 --- [user-management-service] [           main] org.hibernate.SQL                        : 
    insert 
    into
        users
        (bank_account_number, bank_ifsc_code, business_address, business_name, created_at, email, enabled, first_name, is_active, is_seller, last_name, password, phone, updated_at, upi_id, version) 
    values
        (?, ?, ?, ?, ?, ?, ?, ?, ?, ?, ?, ?, ?, ?, ?, ?)
Hibernate: 
    insert 
    into
        users
        (bank_account_number, bank_ifsc_code, business_address, business_name, created_at, email, enabled, first_name, is_active, is_seller, last_name, password, phone, updated_at, upi_id, version) 
    values
        (?, ?, ?, ?, ?, ?, ?, ?, ?, ?, ?, ?, ?, ?, ?, ?)
2025-06-20T14:19:42.124+05:30 DEBUG 37792 --- [user-management-service] [           main] org.hibernate.SQL                        : 
    insert 
    into
        users
        (bank_account_number, bank_ifsc_code, business_address, business_name, created_at, email, enabled, first_name, is_active, is_seller, last_name, password, phone, updated_at, upi_id, version) 
    values
        (?, ?, ?, ?, ?, ?, ?, ?, ?, ?, ?, ?, ?, ?, ?, ?)
Hibernate: 
    insert 
    into
        users
        (bank_account_number, bank_ifsc_code, business_address, business_name, created_at, email, enabled, first_name, is_active, is_seller, last_name, password, phone, updated_at, upi_id, version) 
    values
        (?, ?, ?, ?, ?, ?, ?, ?, ?, ?, ?, ?, ?, ?, ?, ?)
2025-06-20T14:19:42.129+05:30 DEBUG 37792 --- [user-management-service] [           main] org.hibernate.SQL                        : 
    insert 
    into
        users
        (bank_account_number, bank_ifsc_code, business_address, business_name, created_at, email, enabled, first_name, is_active, is_seller, last_name, password, phone, updated_at, upi_id, version) 
    values
        (?, ?, ?, ?, ?, ?, ?, ?, ?, ?, ?, ?, ?, ?, ?, ?)
Hibernate: 
    insert 
    into
        users
        (bank_account_number, bank_ifsc_code, business_address, business_name, created_at, email, enabled, first_name, is_active, is_seller, last_name, password, phone, updated_at, upi_id, version) 
    values
        (?, ?, ?, ?, ?, ?, ?, ?, ?, ?, ?, ?, ?, ?, ?, ?)
2025-06-20T14:19:42.134+05:30 DEBUG 37792 --- [user-management-service] [           main] org.hibernate.SQL                        : 
    insert 
    into
        users
        (bank_account_number, bank_ifsc_code, business_address, business_name, created_at, email, enabled, first_name, is_active, is_seller, last_name, password, phone, updated_at, upi_id, version) 
    values
        (?, ?, ?, ?, ?, ?, ?, ?, ?, ?, ?, ?, ?, ?, ?, ?)
Hibernate: 
    insert 
    into
        users
        (bank_account_number, bank_ifsc_code, business_address, business_name, created_at, email, enabled, first_name, is_active, is_seller, last_name, password, phone, updated_at, upi_id, version) 
    values
        (?, ?, ?, ?, ?, ?, ?, ?, ?, ?, ?, ?, ?, ?, ?, ?)
2025-06-20T14:19:42.138+05:30 DEBUG 37792 --- [user-management-service] [           main] org.hibernate.SQL                        : 
    insert 
    into
        users
        (bank_account_number, bank_ifsc_code, business_address, business_name, created_at, email, enabled, first_name, is_active, is_seller, last_name, password, phone, updated_at, upi_id, version) 
    values
        (?, ?, ?, ?, ?, ?, ?, ?, ?, ?, ?, ?, ?, ?, ?, ?)
Hibernate: 
    insert 
    into
        users
        (bank_account_number, bank_ifsc_code, business_address, business_name, created_at, email, enabled, first_name, is_active, is_seller, last_name, password, phone, updated_at, upi_id, version) 
    values
        (?, ?, ?, ?, ?, ?, ?, ?, ?, ?, ?, ?, ?, ?, ?, ?)
2025-06-20T14:19:42.144+05:30 DEBUG 37792 --- [user-management-service] [           main] org.hibernate.SQL                        : 
    insert 
    into
        users
        (bank_account_number, bank_ifsc_code, business_address, business_name, created_at, email, enabled, first_name, is_active, is_seller, last_name, password, phone, updated_at, upi_id, version) 
    values
        (?, ?, ?, ?, ?, ?, ?, ?, ?, ?, ?, ?, ?, ?, ?, ?)
Hibernate: 
    insert 
    into
        users
        (bank_account_number, bank_ifsc_code, business_address, business_name, created_at, email, enabled, first_name, is_active, is_seller, last_name, password, phone, updated_at, upi_id, version) 
    values
        (?, ?, ?, ?, ?, ?, ?, ?, ?, ?, ?, ?, ?, ?, ?, ?)
2025-06-20T14:19:42.149+05:30 DEBUG 37792 --- [user-management-service] [           main] org.hibernate.SQL                        : 
    insert 
    into
        users
        (bank_account_number, bank_ifsc_code, business_address, business_name, created_at, email, enabled, first_name, is_active, is_seller, last_name, password, phone, updated_at, upi_id, version) 
    values
        (?, ?, ?, ?, ?, ?, ?, ?, ?, ?, ?, ?, ?, ?, ?, ?)
Hibernate: 
    insert 
    into
        users
        (bank_account_number, bank_ifsc_code, business_address, business_name, created_at, email, enabled, first_name, is_active, is_seller, last_name, password, phone, updated_at, upi_id, version) 
    values
        (?, ?, ?, ?, ?, ?, ?, ?, ?, ?, ?, ?, ?, ?, ?, ?)
2025-06-20T14:19:42.157+05:30 DEBUG 37792 --- [user-management-service] [           main] org.hibernate.SQL                        : 
    insert 
    into
        users
        (bank_account_number, bank_ifsc_code, business_address, business_name, created_at, email, enabled, first_name, is_active, is_seller, last_name, password, phone, updated_at, upi_id, version) 
    values
        (?, ?, ?, ?, ?, ?, ?, ?, ?, ?, ?, ?, ?, ?, ?, ?)
Hibernate: 
    insert 
    into
        users
        (bank_account_number, bank_ifsc_code, business_address, business_name, created_at, email, enabled, first_name, is_active, is_seller, last_name, password, phone, updated_at, upi_id, version) 
    values
        (?, ?, ?, ?, ?, ?, ?, ?, ?, ?, ?, ?, ?, ?, ?, ?)
2025-06-20T14:19:42.162+05:30 DEBUG 37792 --- [user-management-service] [           main] org.hibernate.SQL                        : 
    insert 
    into
        users
        (bank_account_number, bank_ifsc_code, business_address, business_name, created_at, email, enabled, first_name, is_active, is_seller, last_name, password, phone, updated_at, upi_id, version) 
    values
        (?, ?, ?, ?, ?, ?, ?, ?, ?, ?, ?, ?, ?, ?, ?, ?)
Hibernate: 
    insert 
    into
        users
        (bank_account_number, bank_ifsc_code, business_address, business_name, created_at, email, enabled, first_name, is_active, is_seller, last_name, password, phone, updated_at, upi_id, version) 
    values
        (?, ?, ?, ?, ?, ?, ?, ?, ?, ?, ?, ?, ?, ?, ?, ?)
2025-06-20T14:19:42.167+05:30 DEBUG 37792 --- [user-management-service] [           main] org.hibernate.SQL                        : 
    insert 
    into
        users
        (bank_account_number, bank_ifsc_code, business_address, business_name, created_at, email, enabled, first_name, is_active, is_seller, last_name, password, phone, updated_at, upi_id, version) 
    values
        (?, ?, ?, ?, ?, ?, ?, ?, ?, ?, ?, ?, ?, ?, ?, ?)
Hibernate: 
    insert 
    into
        users
        (bank_account_number, bank_ifsc_code, business_address, business_name, created_at, email, enabled, first_name, is_active, is_seller, last_name, password, phone, updated_at, upi_id, version) 
    values
        (?, ?, ?, ?, ?, ?, ?, ?, ?, ?, ?, ?, ?, ?, ?, ?)
2025-06-20T14:19:42.171+05:30 DEBUG 37792 --- [user-management-service] [           main] org.hibernate.SQL                        : 
    insert 
    into
        users
        (bank_account_number, bank_ifsc_code, business_address, business_name, created_at, email, enabled, first_name, is_active, is_seller, last_name, password, phone, updated_at, upi_id, version) 
    values
        (?, ?, ?, ?, ?, ?, ?, ?, ?, ?, ?, ?, ?, ?, ?, ?)
Hibernate: 
    insert 
    into
        users
        (bank_account_number, bank_ifsc_code, business_address, business_name, created_at, email, enabled, first_name, is_active, is_seller, last_name, password, phone, updated_at, upi_id, version) 
    values
        (?, ?, ?, ?, ?, ?, ?, ?, ?, ?, ?, ?, ?, ?, ?, ?)
2025-06-20T14:19:42.176+05:30 DEBUG 37792 --- [user-management-service] [           main] org.hibernate.SQL                        : 
    insert 
    into
        users
        (bank_account_number, bank_ifsc_code, business_address, business_name, created_at, email, enabled, first_name, is_active, is_seller, last_name, password, phone, updated_at, upi_id, version) 
    values
        (?, ?, ?, ?, ?, ?, ?, ?, ?, ?, ?, ?, ?, ?, ?, ?)
Hibernate: 
    insert 
    into
        users
        (bank_account_number, bank_ifsc_code, business_address, business_name, created_at, email, enabled, first_name, is_active, is_seller, last_name, password, phone, updated_at, upi_id, version) 
    values
        (?, ?, ?, ?, ?, ?, ?, ?, ?, ?, ?, ?, ?, ?, ?, ?)
2025-06-20T14:19:42.179+05:30 DEBUG 37792 --- [user-management-service] [           main] org.hibernate.SQL                        : 
    insert 
    into
        users
        (bank_account_number, bank_ifsc_code, business_address, business_name, created_at, email, enabled, first_name, is_active, is_seller, last_name, password, phone, updated_at, upi_id, version) 
    values
        (?, ?, ?, ?, ?, ?, ?, ?, ?, ?, ?, ?, ?, ?, ?, ?)
Hibernate: 
    insert 
    into
        users
        (bank_account_number, bank_ifsc_code, business_address, business_name, created_at, email, enabled, first_name, is_active, is_seller, last_name, password, phone, updated_at, upi_id, version) 
    values
        (?, ?, ?, ?, ?, ?, ?, ?, ?, ?, ?, ?, ?, ?, ?, ?)
2025-06-20T14:19:42.183+05:30 DEBUG 37792 --- [user-management-service] [           main] org.hibernate.SQL                        : 
    insert 
    into
        users
        (bank_account_number, bank_ifsc_code, business_address, business_name, created_at, email, enabled, first_name, is_active, is_seller, last_name, password, phone, updated_at, upi_id, version) 
    values
        (?, ?, ?, ?, ?, ?, ?, ?, ?, ?, ?, ?, ?, ?, ?, ?)
Hibernate: 
    insert 
    into
        users
        (bank_account_number, bank_ifsc_code, business_address, business_name, created_at, email, enabled, first_name, is_active, is_seller, last_name, password, phone, updated_at, upi_id, version) 
    values
        (?, ?, ?, ?, ?, ?, ?, ?, ?, ?, ?, ?, ?, ?, ?, ?)
2025-06-20T14:19:42.188+05:30 DEBUG 37792 --- [user-management-service] [           main] org.hibernate.SQL                        : 
    insert 
    into
        users
        (bank_account_number, bank_ifsc_code, business_address, business_name, created_at, email, enabled, first_name, is_active, is_seller, last_name, password, phone, updated_at, upi_id, version) 
    values
        (?, ?, ?, ?, ?, ?, ?, ?, ?, ?, ?, ?, ?, ?, ?, ?)
Hibernate: 
    insert 
    into
        users
        (bank_account_number, bank_ifsc_code, business_address, business_name, created_at, email, enabled, first_name, is_active, is_seller, last_name, password, phone, updated_at, upi_id, version) 
    values
        (?, ?, ?, ?, ?, ?, ?, ?, ?, ?, ?, ?, ?, ?, ?, ?)
2025-06-20T14:19:42.192+05:30 DEBUG 37792 --- [user-management-service] [           main] org.hibernate.SQL                        : 
    insert 
    into
        users
        (bank_account_number, bank_ifsc_code, business_address, business_name, created_at, email, enabled, first_name, is_active, is_seller, last_name, password, phone, updated_at, upi_id, version) 
    values
        (?, ?, ?, ?, ?, ?, ?, ?, ?, ?, ?, ?, ?, ?, ?, ?)
Hibernate: 
    insert 
    into
        users
        (bank_account_number, bank_ifsc_code, business_address, business_name, created_at, email, enabled, first_name, is_active, is_seller, last_name, password, phone, updated_at, upi_id, version) 
    values
        (?, ?, ?, ?, ?, ?, ?, ?, ?, ?, ?, ?, ?, ?, ?, ?)
2025-06-20T14:19:42.196+05:30 DEBUG 37792 --- [user-management-service] [           main] org.hibernate.SQL                        : 
    insert 
    into
        users
        (bank_account_number, bank_ifsc_code, business_address, business_name, created_at, email, enabled, first_name, is_active, is_seller, last_name, password, phone, updated_at, upi_id, version) 
    values
        (?, ?, ?, ?, ?, ?, ?, ?, ?, ?, ?, ?, ?, ?, ?, ?)
Hibernate: 
    insert 
    into
        users
        (bank_account_number, bank_ifsc_code, business_address, business_name, created_at, email, enabled, first_name, is_active, is_seller, last_name, password, phone, updated_at, upi_id, version) 
    values
        (?, ?, ?, ?, ?, ?, ?, ?, ?, ?, ?, ?, ?, ?, ?, ?)
2025-06-20T14:19:42.200+05:30 DEBUG 37792 --- [user-management-service] [           main] org.hibernate.SQL                        : 
    insert 
    into
        users
        (bank_account_number, bank_ifsc_code, business_address, business_name, created_at, email, enabled, first_name, is_active, is_seller, last_name, password, phone, updated_at, upi_id, version) 
    values
        (?, ?, ?, ?, ?, ?, ?, ?, ?, ?, ?, ?, ?, ?, ?, ?)
Hibernate: 
    insert 
    into
        users
        (bank_account_number, bank_ifsc_code, business_address, business_name, created_at, email, enabled, first_name, is_active, is_seller, last_name, password, phone, updated_at, upi_id, version) 
    values
        (?, ?, ?, ?, ?, ?, ?, ?, ?, ?, ?, ?, ?, ?, ?, ?)
2025-06-20T14:19:42.204+05:30 DEBUG 37792 --- [user-management-service] [           main] org.hibernate.SQL                        : 
    insert 
    into
        users
        (bank_account_number, bank_ifsc_code, business_address, business_name, created_at, email, enabled, first_name, is_active, is_seller, last_name, password, phone, updated_at, upi_id, version) 
    values
        (?, ?, ?, ?, ?, ?, ?, ?, ?, ?, ?, ?, ?, ?, ?, ?)
Hibernate: 
    insert 
    into
        users
        (bank_account_number, bank_ifsc_code, business_address, business_name, created_at, email, enabled, first_name, is_active, is_seller, last_name, password, phone, updated_at, upi_id, version) 
    values
        (?, ?, ?, ?, ?, ?, ?, ?, ?, ?, ?, ?, ?, ?, ?, ?)
2025-06-20T14:19:42.208+05:30 DEBUG 37792 --- [user-management-service] [           main] org.hibernate.SQL                        : 
    insert 
    into
        users
        (bank_account_number, bank_ifsc_code, business_address, business_name, created_at, email, enabled, first_name, is_active, is_seller, last_name, password, phone, updated_at, upi_id, version) 
    values
        (?, ?, ?, ?, ?, ?, ?, ?, ?, ?, ?, ?, ?, ?, ?, ?)
Hibernate: 
    insert 
    into
        users
        (bank_account_number, bank_ifsc_code, business_address, business_name, created_at, email, enabled, first_name, is_active, is_seller, last_name, password, phone, updated_at, upi_id, version) 
    values
        (?, ?, ?, ?, ?, ?, ?, ?, ?, ?, ?, ?, ?, ?, ?, ?)
2025-06-20T14:19:42.212+05:30 DEBUG 37792 --- [user-management-service] [           main] org.hibernate.SQL                        : 
    insert 
    into
        users
        (bank_account_number, bank_ifsc_code, business_address, business_name, created_at, email, enabled, first_name, is_active, is_seller, last_name, password, phone, updated_at, upi_id, version) 
    values
        (?, ?, ?, ?, ?, ?, ?, ?, ?, ?, ?, ?, ?, ?, ?, ?)
Hibernate: 
    insert 
    into
        users
        (bank_account_number, bank_ifsc_code, business_address, business_name, created_at, email, enabled, first_name, is_active, is_seller, last_name, password, phone, updated_at, upi_id, version) 
    values
        (?, ?, ?, ?, ?, ?, ?, ?, ?, ?, ?, ?, ?, ?, ?, ?)
2025-06-20T14:19:42.216+05:30 DEBUG 37792 --- [user-management-service] [           main] org.hibernate.SQL                        : 
    insert 
    into
        users
        (bank_account_number, bank_ifsc_code, business_address, business_name, created_at, email, enabled, first_name, is_active, is_seller, last_name, password, phone, updated_at, upi_id, version) 
    values
        (?, ?, ?, ?, ?, ?, ?, ?, ?, ?, ?, ?, ?, ?, ?, ?)
Hibernate: 
    insert 
    into
        users
        (bank_account_number, bank_ifsc_code, business_address, business_name, created_at, email, enabled, first_name, is_active, is_seller, last_name, password, phone, updated_at, upi_id, version) 
    values
        (?, ?, ?, ?, ?, ?, ?, ?, ?, ?, ?, ?, ?, ?, ?, ?)
2025-06-20T14:19:42.219+05:30 DEBUG 37792 --- [user-management-service] [           main] org.hibernate.SQL                        : 
    insert 
    into
        users
        (bank_account_number, bank_ifsc_code, business_address, business_name, created_at, email, enabled, first_name, is_active, is_seller, last_name, password, phone, updated_at, upi_id, version) 
    values
        (?, ?, ?, ?, ?, ?, ?, ?, ?, ?, ?, ?, ?, ?, ?, ?)
Hibernate: 
    insert 
    into
        users
        (bank_account_number, bank_ifsc_code, business_address, business_name, created_at, email, enabled, first_name, is_active, is_seller, last_name, password, phone, updated_at, upi_id, version) 
    values
        (?, ?, ?, ?, ?, ?, ?, ?, ?, ?, ?, ?, ?, ?, ?, ?)
2025-06-20T14:19:42.222+05:30 DEBUG 37792 --- [user-management-service] [           main] org.hibernate.SQL                        : 
    insert 
    into
        users
        (bank_account_number, bank_ifsc_code, business_address, business_name, created_at, email, enabled, first_name, is_active, is_seller, last_name, password, phone, updated_at, upi_id, version) 
    values
        (?, ?, ?, ?, ?, ?, ?, ?, ?, ?, ?, ?, ?, ?, ?, ?)
Hibernate: 
    insert 
    into
        users
        (bank_account_number, bank_ifsc_code, business_address, business_name, created_at, email, enabled, first_name, is_active, is_seller, last_name, password, phone, updated_at, upi_id, version) 
    values
        (?, ?, ?, ?, ?, ?, ?, ?, ?, ?, ?, ?, ?, ?, ?, ?)
2025-06-20T14:19:42.226+05:30 DEBUG 37792 --- [user-management-service] [           main] org.hibernate.SQL                        : 
    insert 
    into
        users
        (bank_account_number, bank_ifsc_code, business_address, business_name, created_at, email, enabled, first_name, is_active, is_seller, last_name, password, phone, updated_at, upi_id, version) 
    values
        (?, ?, ?, ?, ?, ?, ?, ?, ?, ?, ?, ?, ?, ?, ?, ?)
Hibernate: 
    insert 
    into
        users
        (bank_account_number, bank_ifsc_code, business_address, business_name, created_at, email, enabled, first_name, is_active, is_seller, last_name, password, phone, updated_at, upi_id, version) 
    values
        (?, ?, ?, ?, ?, ?, ?, ?, ?, ?, ?, ?, ?, ?, ?, ?)
2025-06-20T14:19:42.230+05:30 DEBUG 37792 --- [user-management-service] [           main] org.hibernate.SQL                        : 
    insert 
    into
        users
        (bank_account_number, bank_ifsc_code, business_address, business_name, created_at, email, enabled, first_name, is_active, is_seller, last_name, password, phone, updated_at, upi_id, version) 
    values
        (?, ?, ?, ?, ?, ?, ?, ?, ?, ?, ?, ?, ?, ?, ?, ?)
Hibernate: 
    insert 
    into
        users
        (bank_account_number, bank_ifsc_code, business_address, business_name, created_at, email, enabled, first_name, is_active, is_seller, last_name, password, phone, updated_at, upi_id, version) 
    values
        (?, ?, ?, ?, ?, ?, ?, ?, ?, ?, ?, ?, ?, ?, ?, ?)
2025-06-20T14:19:42.235+05:30 DEBUG 37792 --- [user-management-service] [           main] org.hibernate.SQL                        : 
    insert 
    into
        users
        (bank_account_number, bank_ifsc_code, business_address, business_name, created_at, email, enabled, first_name, is_active, is_seller, last_name, password, phone, updated_at, upi_id, version) 
    values
        (?, ?, ?, ?, ?, ?, ?, ?, ?, ?, ?, ?, ?, ?, ?, ?)
Hibernate: 
    insert 
    into
        users
        (bank_account_number, bank_ifsc_code, business_address, business_name, created_at, email, enabled, first_name, is_active, is_seller, last_name, password, phone, updated_at, upi_id, version) 
    values
        (?, ?, ?, ?, ?, ?, ?, ?, ?, ?, ?, ?, ?, ?, ?, ?)
2025-06-20T14:19:42.239+05:30 DEBUG 37792 --- [user-management-service] [           main] org.hibernate.SQL                        : 
    insert 
    into
        users
        (bank_account_number, bank_ifsc_code, business_address, business_name, created_at, email, enabled, first_name, is_active, is_seller, last_name, password, phone, updated_at, upi_id, version) 
    values
        (?, ?, ?, ?, ?, ?, ?, ?, ?, ?, ?, ?, ?, ?, ?, ?)
Hibernate: 
    insert 
    into
        users
        (bank_account_number, bank_ifsc_code, business_address, business_name, created_at, email, enabled, first_name, is_active, is_seller, last_name, password, phone, updated_at, upi_id, version) 
    values
        (?, ?, ?, ?, ?, ?, ?, ?, ?, ?, ?, ?, ?, ?, ?, ?)
2025-06-20T14:19:42.242+05:30 DEBUG 37792 --- [user-management-service] [           main] org.hibernate.SQL                        : 
    insert 
    into
        users
        (bank_account_number, bank_ifsc_code, business_address, business_name, created_at, email, enabled, first_name, is_active, is_seller, last_name, password, phone, updated_at, upi_id, version) 
    values
        (?, ?, ?, ?, ?, ?, ?, ?, ?, ?, ?, ?, ?, ?, ?, ?)
Hibernate: 
    insert 
    into
        users
        (bank_account_number, bank_ifsc_code, business_address, business_name, created_at, email, enabled, first_name, is_active, is_seller, last_name, password, phone, updated_at, upi_id, version) 
    values
        (?, ?, ?, ?, ?, ?, ?, ?, ?, ?, ?, ?, ?, ?, ?, ?)
2025-06-20T14:19:42.248+05:30 DEBUG 37792 --- [user-management-service] [           main] org.hibernate.SQL                        : 
    insert 
    into
        users
        (bank_account_number, bank_ifsc_code, business_address, business_name, created_at, email, enabled, first_name, is_active, is_seller, last_name, password, phone, updated_at, upi_id, version) 
    values
        (?, ?, ?, ?, ?, ?, ?, ?, ?, ?, ?, ?, ?, ?, ?, ?)
Hibernate: 
    insert 
    into
        users
        (bank_account_number, bank_ifsc_code, business_address, business_name, created_at, email, enabled, first_name, is_active, is_seller, last_name, password, phone, updated_at, upi_id, version) 
    values
        (?, ?, ?, ?, ?, ?, ?, ?, ?, ?, ?, ?, ?, ?, ?, ?)
2025-06-20T14:19:42.255+05:30 DEBUG 37792 --- [user-management-service] [           main] org.hibernate.SQL                        : 
    insert 
    into
        users
        (bank_account_number, bank_ifsc_code, business_address, business_name, created_at, email, enabled, first_name, is_active, is_seller, last_name, password, phone, updated_at, upi_id, version) 
    values
        (?, ?, ?, ?, ?, ?, ?, ?, ?, ?, ?, ?, ?, ?, ?, ?)
Hibernate: 
    insert 
    into
        users
        (bank_account_number, bank_ifsc_code, business_address, business_name, created_at, email, enabled, first_name, is_active, is_seller, last_name, password, phone, updated_at, upi_id, version) 
    values
        (?, ?, ?, ?, ?, ?, ?, ?, ?, ?, ?, ?, ?, ?, ?, ?)
2025-06-20T14:19:42.261+05:30 DEBUG 37792 --- [user-management-service] [           main] org.hibernate.SQL                        : 
    insert 
    into
        users
        (bank_account_number, bank_ifsc_code, business_address, business_name, created_at, email, enabled, first_name, is_active, is_seller, last_name, password, phone, updated_at, upi_id, version) 
    values
        (?, ?, ?, ?, ?, ?, ?, ?, ?, ?, ?, ?, ?, ?, ?, ?)
Hibernate: 
    insert 
    into
        users
        (bank_account_number, bank_ifsc_code, business_address, business_name, created_at, email, enabled, first_name, is_active, is_seller, last_name, password, phone, updated_at, upi_id, version) 
    values
        (?, ?, ?, ?, ?, ?, ?, ?, ?, ?, ?, ?, ?, ?, ?, ?)
2025-06-20T14:19:42.268+05:30 DEBUG 37792 --- [user-management-service] [           main] org.hibernate.SQL                        : 
    insert 
    into
        users
        (bank_account_number, bank_ifsc_code, business_address, business_name, created_at, email, enabled, first_name, is_active, is_seller, last_name, password, phone, updated_at, upi_id, version) 
    values
        (?, ?, ?, ?, ?, ?, ?, ?, ?, ?, ?, ?, ?, ?, ?, ?)
Hibernate: 
    insert 
    into
        users
        (bank_account_number, bank_ifsc_code, business_address, business_name, created_at, email, enabled, first_name, is_active, is_seller, last_name, password, phone, updated_at, upi_id, version) 
    values
        (?, ?, ?, ?, ?, ?, ?, ?, ?, ?, ?, ?, ?, ?, ?, ?)
2025-06-20T14:19:42.274+05:30 DEBUG 37792 --- [user-management-service] [           main] org.hibernate.SQL                        : 
    insert 
    into
        users
        (bank_account_number, bank_ifsc_code, business_address, business_name, created_at, email, enabled, first_name, is_active, is_seller, last_name, password, phone, updated_at, upi_id, version) 
    values
        (?, ?, ?, ?, ?, ?, ?, ?, ?, ?, ?, ?, ?, ?, ?, ?)
Hibernate: 
    insert 
    into
        users
        (bank_account_number, bank_ifsc_code, business_address, business_name, created_at, email, enabled, first_name, is_active, is_seller, last_name, password, phone, updated_at, upi_id, version) 
    values
        (?, ?, ?, ?, ?, ?, ?, ?, ?, ?, ?, ?, ?, ?, ?, ?)
2025-06-20T14:19:42.293+05:30 DEBUG 37792 --- [user-management-service] [           main] org.hibernate.SQL                        : 
    insert 
    into
        users
        (bank_account_number, bank_ifsc_code, business_address, business_name, created_at, email, enabled, first_name, is_active, is_seller, last_name, password, phone, updated_at, upi_id, version) 
    values
        (?, ?, ?, ?, ?, ?, ?, ?, ?, ?, ?, ?, ?, ?, ?, ?)
Hibernate: 
    insert 
    into
        users
        (bank_account_number, bank_ifsc_code, business_address, business_name, created_at, email, enabled, first_name, is_active, is_seller, last_name, password, phone, updated_at, upi_id, version) 
    values
        (?, ?, ?, ?, ?, ?, ?, ?, ?, ?, ?, ?, ?, ?, ?, ?)
2025-06-20T14:19:42.299+05:30 DEBUG 37792 --- [user-management-service] [           main] org.hibernate.SQL                        : 
    insert 
    into
        users
        (bank_account_number, bank_ifsc_code, business_address, business_name, created_at, email, enabled, first_name, is_active, is_seller, last_name, password, phone, updated_at, upi_id, version) 
    values
        (?, ?, ?, ?, ?, ?, ?, ?, ?, ?, ?, ?, ?, ?, ?, ?)
Hibernate: 
    insert 
    into
        users
        (bank_account_number, bank_ifsc_code, business_address, business_name, created_at, email, enabled, first_name, is_active, is_seller, last_name, password, phone, updated_at, upi_id, version) 
    values
        (?, ?, ?, ?, ?, ?, ?, ?, ?, ?, ?, ?, ?, ?, ?, ?)
2025-06-20T14:19:42.305+05:30 DEBUG 37792 --- [user-management-service] [           main] org.hibernate.SQL                        : 
    insert 
    into
        users
        (bank_account_number, bank_ifsc_code, business_address, business_name, created_at, email, enabled, first_name, is_active, is_seller, last_name, password, phone, updated_at, upi_id, version) 
    values
        (?, ?, ?, ?, ?, ?, ?, ?, ?, ?, ?, ?, ?, ?, ?, ?)
Hibernate: 
    insert 
    into
        users
        (bank_account_number, bank_ifsc_code, business_address, business_name, created_at, email, enabled, first_name, is_active, is_seller, last_name, password, phone, updated_at, upi_id, version) 
    values
        (?, ?, ?, ?, ?, ?, ?, ?, ?, ?, ?, ?, ?, ?, ?, ?)
2025-06-20T14:19:42.310+05:30 DEBUG 37792 --- [user-management-service] [           main] org.hibernate.SQL                        : 
    insert 
    into
        users
        (bank_account_number, bank_ifsc_code, business_address, business_name, created_at, email, enabled, first_name, is_active, is_seller, last_name, password, phone, updated_at, upi_id, version) 
    values
        (?, ?, ?, ?, ?, ?, ?, ?, ?, ?, ?, ?, ?, ?, ?, ?)
Hibernate: 
    insert 
    into
        users
        (bank_account_number, bank_ifsc_code, business_address, business_name, created_at, email, enabled, first_name, is_active, is_seller, last_name, password, phone, updated_at, upi_id, version) 
    values
        (?, ?, ?, ?, ?, ?, ?, ?, ?, ?, ?, ?, ?, ?, ?, ?)
2025-06-20T14:19:42.314+05:30 DEBUG 37792 --- [user-management-service] [           main] org.hibernate.SQL                        : 
    insert 
    into
        users
        (bank_account_number, bank_ifsc_code, business_address, business_name, created_at, email, enabled, first_name, is_active, is_seller, last_name, password, phone, updated_at, upi_id, version) 
    values
        (?, ?, ?, ?, ?, ?, ?, ?, ?, ?, ?, ?, ?, ?, ?, ?)
Hibernate: 
    insert 
    into
        users
        (bank_account_number, bank_ifsc_code, business_address, business_name, created_at, email, enabled, first_name, is_active, is_seller, last_name, password, phone, updated_at, upi_id, version) 
    values
        (?, ?, ?, ?, ?, ?, ?, ?, ?, ?, ?, ?, ?, ?, ?, ?)
2025-06-20T14:19:42.318+05:30 DEBUG 37792 --- [user-management-service] [           main] org.hibernate.SQL                        : 
    insert 
    into
        users
        (bank_account_number, bank_ifsc_code, business_address, business_name, created_at, email, enabled, first_name, is_active, is_seller, last_name, password, phone, updated_at, upi_id, version) 
    values
        (?, ?, ?, ?, ?, ?, ?, ?, ?, ?, ?, ?, ?, ?, ?, ?)
Hibernate: 
    insert 
    into
        users
        (bank_account_number, bank_ifsc_code, business_address, business_name, created_at, email, enabled, first_name, is_active, is_seller, last_name, password, phone, updated_at, upi_id, version) 
    values
        (?, ?, ?, ?, ?, ?, ?, ?, ?, ?, ?, ?, ?, ?, ?, ?)
2025-06-20T14:19:42.323+05:30 DEBUG 37792 --- [user-management-service] [           main] org.hibernate.SQL                        : 
    insert 
    into
        users
        (bank_account_number, bank_ifsc_code, business_address, business_name, created_at, email, enabled, first_name, is_active, is_seller, last_name, password, phone, updated_at, upi_id, version) 
    values
        (?, ?, ?, ?, ?, ?, ?, ?, ?, ?, ?, ?, ?, ?, ?, ?)
Hibernate: 
    insert 
    into
        users
        (bank_account_number, bank_ifsc_code, business_address, business_name, created_at, email, enabled, first_name, is_active, is_seller, last_name, password, phone, updated_at, upi_id, version) 
    values
        (?, ?, ?, ?, ?, ?, ?, ?, ?, ?, ?, ?, ?, ?, ?, ?)
2025-06-20T14:19:42.329+05:30 DEBUG 37792 --- [user-management-service] [           main] org.hibernate.SQL                        : 
    insert 
    into
        users
        (bank_account_number, bank_ifsc_code, business_address, business_name, created_at, email, enabled, first_name, is_active, is_seller, last_name, password, phone, updated_at, upi_id, version) 
    values
        (?, ?, ?, ?, ?, ?, ?, ?, ?, ?, ?, ?, ?, ?, ?, ?)
Hibernate: 
    insert 
    into
        users
        (bank_account_number, bank_ifsc_code, business_address, business_name, created_at, email, enabled, first_name, is_active, is_seller, last_name, password, phone, updated_at, upi_id, version) 
    values
        (?, ?, ?, ?, ?, ?, ?, ?, ?, ?, ?, ?, ?, ?, ?, ?)
2025-06-20T14:19:42.334+05:30 DEBUG 37792 --- [user-management-service] [           main] org.hibernate.SQL                        : 
    insert 
    into
        users
        (bank_account_number, bank_ifsc_code, business_address, business_name, created_at, email, enabled, first_name, is_active, is_seller, last_name, password, phone, updated_at, upi_id, version) 
    values
        (?, ?, ?, ?, ?, ?, ?, ?, ?, ?, ?, ?, ?, ?, ?, ?)
Hibernate: 
    insert 
    into
        users
        (bank_account_number, bank_ifsc_code, business_address, business_name, created_at, email, enabled, first_name, is_active, is_seller, last_name, password, phone, updated_at, upi_id, version) 
    values
        (?, ?, ?, ?, ?, ?, ?, ?, ?, ?, ?, ?, ?, ?, ?, ?)
2025-06-20T14:19:42.337+05:30 DEBUG 37792 --- [user-management-service] [           main] org.hibernate.SQL                        : 
    insert 
    into
        users
        (bank_account_number, bank_ifsc_code, business_address, business_name, created_at, email, enabled, first_name, is_active, is_seller, last_name, password, phone, updated_at, upi_id, version) 
    values
        (?, ?, ?, ?, ?, ?, ?, ?, ?, ?, ?, ?, ?, ?, ?, ?)
Hibernate: 
    insert 
    into
        users
        (bank_account_number, bank_ifsc_code, business_address, business_name, created_at, email, enabled, first_name, is_active, is_seller, last_name, password, phone, updated_at, upi_id, version) 
    values
        (?, ?, ?, ?, ?, ?, ?, ?, ?, ?, ?, ?, ?, ?, ?, ?)
2025-06-20T14:19:42.341+05:30 DEBUG 37792 --- [user-management-service] [           main] org.hibernate.SQL                        : 
    insert 
    into
        users
        (bank_account_number, bank_ifsc_code, business_address, business_name, created_at, email, enabled, first_name, is_active, is_seller, last_name, password, phone, updated_at, upi_id, version) 
    values
        (?, ?, ?, ?, ?, ?, ?, ?, ?, ?, ?, ?, ?, ?, ?, ?)
Hibernate: 
    insert 
    into
        users
        (bank_account_number, bank_ifsc_code, business_address, business_name, created_at, email, enabled, first_name, is_active, is_seller, last_name, password, phone, updated_at, upi_id, version) 
    values
        (?, ?, ?, ?, ?, ?, ?, ?, ?, ?, ?, ?, ?, ?, ?, ?)
2025-06-20T14:19:42.344+05:30 DEBUG 37792 --- [user-management-service] [           main] org.hibernate.SQL                        : 
    insert 
    into
        users
        (bank_account_number, bank_ifsc_code, business_address, business_name, created_at, email, enabled, first_name, is_active, is_seller, last_name, password, phone, updated_at, upi_id, version) 
    values
        (?, ?, ?, ?, ?, ?, ?, ?, ?, ?, ?, ?, ?, ?, ?, ?)
Hibernate: 
    insert 
    into
        users
        (bank_account_number, bank_ifsc_code, business_address, business_name, created_at, email, enabled, first_name, is_active, is_seller, last_name, password, phone, updated_at, upi_id, version) 
    values
        (?, ?, ?, ?, ?, ?, ?, ?, ?, ?, ?, ?, ?, ?, ?, ?)
2025-06-20T14:19:42.349+05:30 DEBUG 37792 --- [user-management-service] [           main] org.hibernate.SQL                        : 
    insert 
    into
        users
        (bank_account_number, bank_ifsc_code, business_address, business_name, created_at, email, enabled, first_name, is_active, is_seller, last_name, password, phone, updated_at, upi_id, version) 
    values
        (?, ?, ?, ?, ?, ?, ?, ?, ?, ?, ?, ?, ?, ?, ?, ?)
Hibernate: 
    insert 
    into
        users
        (bank_account_number, bank_ifsc_code, business_address, business_name, created_at, email, enabled, first_name, is_active, is_seller, last_name, password, phone, updated_at, upi_id, version) 
    values
        (?, ?, ?, ?, ?, ?, ?, ?, ?, ?, ?, ?, ?, ?, ?, ?)
2025-06-20T14:19:42.353+05:30 DEBUG 37792 --- [user-management-service] [           main] org.hibernate.SQL                        : 
    insert 
    into
        users
        (bank_account_number, bank_ifsc_code, business_address, business_name, created_at, email, enabled, first_name, is_active, is_seller, last_name, password, phone, updated_at, upi_id, version) 
    values
        (?, ?, ?, ?, ?, ?, ?, ?, ?, ?, ?, ?, ?, ?, ?, ?)
Hibernate: 
    insert 
    into
        users
        (bank_account_number, bank_ifsc_code, business_address, business_name, created_at, email, enabled, first_name, is_active, is_seller, last_name, password, phone, updated_at, upi_id, version) 
    values
        (?, ?, ?, ?, ?, ?, ?, ?, ?, ?, ?, ?, ?, ?, ?, ?)
2025-06-20T14:19:42.361+05:30 DEBUG 37792 --- [user-management-service] [           main] org.hibernate.SQL                        : 
    insert 
    into
        users
        (bank_account_number, bank_ifsc_code, business_address, business_name, created_at, email, enabled, first_name, is_active, is_seller, last_name, password, phone, updated_at, upi_id, version) 
    values
        (?, ?, ?, ?, ?, ?, ?, ?, ?, ?, ?, ?, ?, ?, ?, ?)
Hibernate: 
    insert 
    into
        users
        (bank_account_number, bank_ifsc_code, business_address, business_name, created_at, email, enabled, first_name, is_active, is_seller, last_name, password, phone, updated_at, upi_id, version) 
    values
        (?, ?, ?, ?, ?, ?, ?, ?, ?, ?, ?, ?, ?, ?, ?, ?)
2025-06-20T14:19:42.370+05:30 DEBUG 37792 --- [user-management-service] [           main] org.hibernate.SQL                        : 
    insert 
    into
        users
        (bank_account_number, bank_ifsc_code, business_address, business_name, created_at, email, enabled, first_name, is_active, is_seller, last_name, password, phone, updated_at, upi_id, version) 
    values
        (?, ?, ?, ?, ?, ?, ?, ?, ?, ?, ?, ?, ?, ?, ?, ?)
Hibernate: 
    insert 
    into
        users
        (bank_account_number, bank_ifsc_code, business_address, business_name, created_at, email, enabled, first_name, is_active, is_seller, last_name, password, phone, updated_at, upi_id, version) 
    values
        (?, ?, ?, ?, ?, ?, ?, ?, ?, ?, ?, ?, ?, ?, ?, ?)
2025-06-20T14:19:42.376+05:30 DEBUG 37792 --- [user-management-service] [           main] org.hibernate.SQL                        : 
    insert 
    into
        users
        (bank_account_number, bank_ifsc_code, business_address, business_name, created_at, email, enabled, first_name, is_active, is_seller, last_name, password, phone, updated_at, upi_id, version) 
    values
        (?, ?, ?, ?, ?, ?, ?, ?, ?, ?, ?, ?, ?, ?, ?, ?)
Hibernate: 
    insert 
    into
        users
        (bank_account_number, bank_ifsc_code, business_address, business_name, created_at, email, enabled, first_name, is_active, is_seller, last_name, password, phone, updated_at, upi_id, version) 
    values
        (?, ?, ?, ?, ?, ?, ?, ?, ?, ?, ?, ?, ?, ?, ?, ?)
2025-06-20T14:19:42.382+05:30 DEBUG 37792 --- [user-management-service] [           main] org.hibernate.SQL                        : 
    insert 
    into
        users
        (bank_account_number, bank_ifsc_code, business_address, business_name, created_at, email, enabled, first_name, is_active, is_seller, last_name, password, phone, updated_at, upi_id, version) 
    values
        (?, ?, ?, ?, ?, ?, ?, ?, ?, ?, ?, ?, ?, ?, ?, ?)
Hibernate: 
    insert 
    into
        users
        (bank_account_number, bank_ifsc_code, business_address, business_name, created_at, email, enabled, first_name, is_active, is_seller, last_name, password, phone, updated_at, upi_id, version) 
    values
        (?, ?, ?, ?, ?, ?, ?, ?, ?, ?, ?, ?, ?, ?, ?, ?)
2025-06-20T14:19:42.386+05:30 DEBUG 37792 --- [user-management-service] [           main] org.hibernate.SQL                        : 
    insert 
    into
        users
        (bank_account_number, bank_ifsc_code, business_address, business_name, created_at, email, enabled, first_name, is_active, is_seller, last_name, password, phone, updated_at, upi_id, version) 
    values
        (?, ?, ?, ?, ?, ?, ?, ?, ?, ?, ?, ?, ?, ?, ?, ?)
Hibernate: 
    insert 
    into
        users
        (bank_account_number, bank_ifsc_code, business_address, business_name, created_at, email, enabled, first_name, is_active, is_seller, last_name, password, phone, updated_at, upi_id, version) 
    values
        (?, ?, ?, ?, ?, ?, ?, ?, ?, ?, ?, ?, ?, ?, ?, ?)
2025-06-20T14:19:42.389+05:30 DEBUG 37792 --- [user-management-service] [           main] org.hibernate.SQL                        : 
    insert 
    into
        users
        (bank_account_number, bank_ifsc_code, business_address, business_name, created_at, email, enabled, first_name, is_active, is_seller, last_name, password, phone, updated_at, upi_id, version) 
    values
        (?, ?, ?, ?, ?, ?, ?, ?, ?, ?, ?, ?, ?, ?, ?, ?)
Hibernate: 
    insert 
    into
        users
        (bank_account_number, bank_ifsc_code, business_address, business_name, created_at, email, enabled, first_name, is_active, is_seller, last_name, password, phone, updated_at, upi_id, version) 
    values
        (?, ?, ?, ?, ?, ?, ?, ?, ?, ?, ?, ?, ?, ?, ?, ?)
2025-06-20T14:19:42.393+05:30 DEBUG 37792 --- [user-management-service] [           main] org.hibernate.SQL                        : 
    insert 
    into
        users
        (bank_account_number, bank_ifsc_code, business_address, business_name, created_at, email, enabled, first_name, is_active, is_seller, last_name, password, phone, updated_at, upi_id, version) 
    values
        (?, ?, ?, ?, ?, ?, ?, ?, ?, ?, ?, ?, ?, ?, ?, ?)
Hibernate: 
    insert 
    into
        users
        (bank_account_number, bank_ifsc_code, business_address, business_name, created_at, email, enabled, first_name, is_active, is_seller, last_name, password, phone, updated_at, upi_id, version) 
    values
        (?, ?, ?, ?, ?, ?, ?, ?, ?, ?, ?, ?, ?, ?, ?, ?)
2025-06-20T14:19:42.396+05:30 DEBUG 37792 --- [user-management-service] [           main] org.hibernate.SQL                        : 
    insert 
    into
        users
        (bank_account_number, bank_ifsc_code, business_address, business_name, created_at, email, enabled, first_name, is_active, is_seller, last_name, password, phone, updated_at, upi_id, version) 
    values
        (?, ?, ?, ?, ?, ?, ?, ?, ?, ?, ?, ?, ?, ?, ?, ?)
Hibernate: 
    insert 
    into
        users
        (bank_account_number, bank_ifsc_code, business_address, business_name, created_at, email, enabled, first_name, is_active, is_seller, last_name, password, phone, updated_at, upi_id, version) 
    values
        (?, ?, ?, ?, ?, ?, ?, ?, ?, ?, ?, ?, ?, ?, ?, ?)
2025-06-20T14:19:42.400+05:30 DEBUG 37792 --- [user-management-service] [           main] org.hibernate.SQL                        : 
    insert 
    into
        users
        (bank_account_number, bank_ifsc_code, business_address, business_name, created_at, email, enabled, first_name, is_active, is_seller, last_name, password, phone, updated_at, upi_id, version) 
    values
        (?, ?, ?, ?, ?, ?, ?, ?, ?, ?, ?, ?, ?, ?, ?, ?)
Hibernate: 
    insert 
    into
        users
        (bank_account_number, bank_ifsc_code, business_address, business_name, created_at, email, enabled, first_name, is_active, is_seller, last_name, password, phone, updated_at, upi_id, version) 
    values
        (?, ?, ?, ?, ?, ?, ?, ?, ?, ?, ?, ?, ?, ?, ?, ?)
2025-06-20T14:19:42.404+05:30 DEBUG 37792 --- [user-management-service] [           main] org.hibernate.SQL                        : 
    insert 
    into
        users
        (bank_account_number, bank_ifsc_code, business_address, business_name, created_at, email, enabled, first_name, is_active, is_seller, last_name, password, phone, updated_at, upi_id, version) 
    values
        (?, ?, ?, ?, ?, ?, ?, ?, ?, ?, ?, ?, ?, ?, ?, ?)
Hibernate: 
    insert 
    into
        users
        (bank_account_number, bank_ifsc_code, business_address, business_name, created_at, email, enabled, first_name, is_active, is_seller, last_name, password, phone, updated_at, upi_id, version) 
    values
        (?, ?, ?, ?, ?, ?, ?, ?, ?, ?, ?, ?, ?, ?, ?, ?)
2025-06-20T14:19:42.408+05:30 DEBUG 37792 --- [user-management-service] [           main] org.hibernate.SQL                        : 
    insert 
    into
        users
        (bank_account_number, bank_ifsc_code, business_address, business_name, created_at, email, enabled, first_name, is_active, is_seller, last_name, password, phone, updated_at, upi_id, version) 
    values
        (?, ?, ?, ?, ?, ?, ?, ?, ?, ?, ?, ?, ?, ?, ?, ?)
Hibernate: 
    insert 
    into
        users
        (bank_account_number, bank_ifsc_code, business_address, business_name, created_at, email, enabled, first_name, is_active, is_seller, last_name, password, phone, updated_at, upi_id, version) 
    values
        (?, ?, ?, ?, ?, ?, ?, ?, ?, ?, ?, ?, ?, ?, ?, ?)
2025-06-20T14:19:42.411+05:30 DEBUG 37792 --- [user-management-service] [           main] org.hibernate.SQL                        : 
    insert 
    into
        users
        (bank_account_number, bank_ifsc_code, business_address, business_name, created_at, email, enabled, first_name, is_active, is_seller, last_name, password, phone, updated_at, upi_id, version) 
    values
        (?, ?, ?, ?, ?, ?, ?, ?, ?, ?, ?, ?, ?, ?, ?, ?)
Hibernate: 
    insert 
    into
        users
        (bank_account_number, bank_ifsc_code, business_address, business_name, created_at, email, enabled, first_name, is_active, is_seller, last_name, password, phone, updated_at, upi_id, version) 
    values
        (?, ?, ?, ?, ?, ?, ?, ?, ?, ?, ?, ?, ?, ?, ?, ?)
2025-06-20T14:19:42.416+05:30 DEBUG 37792 --- [user-management-service] [           main] org.hibernate.SQL                        : 
    insert 
    into
        users
        (bank_account_number, bank_ifsc_code, business_address, business_name, created_at, email, enabled, first_name, is_active, is_seller, last_name, password, phone, updated_at, upi_id, version) 
    values
        (?, ?, ?, ?, ?, ?, ?, ?, ?, ?, ?, ?, ?, ?, ?, ?)
Hibernate: 
    insert 
    into
        users
        (bank_account_number, bank_ifsc_code, business_address, business_name, created_at, email, enabled, first_name, is_active, is_seller, last_name, password, phone, updated_at, upi_id, version) 
    values
        (?, ?, ?, ?, ?, ?, ?, ?, ?, ?, ?, ?, ?, ?, ?, ?)
2025-06-20T14:19:42.419+05:30 DEBUG 37792 --- [user-management-service] [           main] org.hibernate.SQL                        : 
    insert 
    into
        users
        (bank_account_number, bank_ifsc_code, business_address, business_name, created_at, email, enabled, first_name, is_active, is_seller, last_name, password, phone, updated_at, upi_id, version) 
    values
        (?, ?, ?, ?, ?, ?, ?, ?, ?, ?, ?, ?, ?, ?, ?, ?)
Hibernate: 
    insert 
    into
        users
        (bank_account_number, bank_ifsc_code, business_address, business_name, created_at, email, enabled, first_name, is_active, is_seller, last_name, password, phone, updated_at, upi_id, version) 
    values
        (?, ?, ?, ?, ?, ?, ?, ?, ?, ?, ?, ?, ?, ?, ?, ?)
2025-06-20T14:19:42.423+05:30 DEBUG 37792 --- [user-management-service] [           main] org.hibernate.SQL                        : 
    insert 
    into
        users
        (bank_account_number, bank_ifsc_code, business_address, business_name, created_at, email, enabled, first_name, is_active, is_seller, last_name, password, phone, updated_at, upi_id, version) 
    values
        (?, ?, ?, ?, ?, ?, ?, ?, ?, ?, ?, ?, ?, ?, ?, ?)
Hibernate: 
    insert 
    into
        users
        (bank_account_number, bank_ifsc_code, business_address, business_name, created_at, email, enabled, first_name, is_active, is_seller, last_name, password, phone, updated_at, upi_id, version) 
    values
        (?, ?, ?, ?, ?, ?, ?, ?, ?, ?, ?, ?, ?, ?, ?, ?)
2025-06-20T14:19:42.435+05:30 DEBUG 37792 --- [user-management-service] [           main] org.hibernate.SQL                        : 
    insert 
    into
        users
        (bank_account_number, bank_ifsc_code, business_address, business_name, created_at, email, enabled, first_name, is_active, is_seller, last_name, password, phone, updated_at, upi_id, version) 
    values
        (?, ?, ?, ?, ?, ?, ?, ?, ?, ?, ?, ?, ?, ?, ?, ?)
Hibernate: 
    insert 
    into
        users
        (bank_account_number, bank_ifsc_code, business_address, business_name, created_at, email, enabled, first_name, is_active, is_seller, last_name, password, phone, updated_at, upi_id, version) 
    values
        (?, ?, ?, ?, ?, ?, ?, ?, ?, ?, ?, ?, ?, ?, ?, ?)
2025-06-20T14:19:42.439+05:30 DEBUG 37792 --- [user-management-service] [           main] org.hibernate.SQL                        : 
    insert 
    into
        users
        (bank_account_number, bank_ifsc_code, business_address, business_name, created_at, email, enabled, first_name, is_active, is_seller, last_name, password, phone, updated_at, upi_id, version) 
    values
        (?, ?, ?, ?, ?, ?, ?, ?, ?, ?, ?, ?, ?, ?, ?, ?)
Hibernate: 
    insert 
    into
        users
        (bank_account_number, bank_ifsc_code, business_address, business_name, created_at, email, enabled, first_name, is_active, is_seller, last_name, password, phone, updated_at, upi_id, version) 
    values
        (?, ?, ?, ?, ?, ?, ?, ?, ?, ?, ?, ?, ?, ?, ?, ?)
2025-06-20T14:19:42.443+05:30 DEBUG 37792 --- [user-management-service] [           main] org.hibernate.SQL                        : 
    insert 
    into
        users
        (bank_account_number, bank_ifsc_code, business_address, business_name, created_at, email, enabled, first_name, is_active, is_seller, last_name, password, phone, updated_at, upi_id, version) 
    values
        (?, ?, ?, ?, ?, ?, ?, ?, ?, ?, ?, ?, ?, ?, ?, ?)
Hibernate: 
    insert 
    into
        users
        (bank_account_number, bank_ifsc_code, business_address, business_name, created_at, email, enabled, first_name, is_active, is_seller, last_name, password, phone, updated_at, upi_id, version) 
    values
        (?, ?, ?, ?, ?, ?, ?, ?, ?, ?, ?, ?, ?, ?, ?, ?)
2025-06-20T14:19:42.448+05:30 DEBUG 37792 --- [user-management-service] [           main] org.hibernate.SQL                        : 
    insert 
    into
        users
        (bank_account_number, bank_ifsc_code, business_address, business_name, created_at, email, enabled, first_name, is_active, is_seller, last_name, password, phone, updated_at, upi_id, version) 
    values
        (?, ?, ?, ?, ?, ?, ?, ?, ?, ?, ?, ?, ?, ?, ?, ?)
Hibernate: 
    insert 
    into
        users
        (bank_account_number, bank_ifsc_code, business_address, business_name, created_at, email, enabled, first_name, is_active, is_seller, last_name, password, phone, updated_at, upi_id, version) 
    values
        (?, ?, ?, ?, ?, ?, ?, ?, ?, ?, ?, ?, ?, ?, ?, ?)
2025-06-20T14:19:42.452+05:30 DEBUG 37792 --- [user-management-service] [           main] org.hibernate.SQL                        : 
    insert 
    into
        users
        (bank_account_number, bank_ifsc_code, business_address, business_name, created_at, email, enabled, first_name, is_active, is_seller, last_name, password, phone, updated_at, upi_id, version) 
    values
        (?, ?, ?, ?, ?, ?, ?, ?, ?, ?, ?, ?, ?, ?, ?, ?)
Hibernate: 
    insert 
    into
        users
        (bank_account_number, bank_ifsc_code, business_address, business_name, created_at, email, enabled, first_name, is_active, is_seller, last_name, password, phone, updated_at, upi_id, version) 
    values
        (?, ?, ?, ?, ?, ?, ?, ?, ?, ?, ?, ?, ?, ?, ?, ?)
2025-06-20T14:19:42.456+05:30 DEBUG 37792 --- [user-management-service] [           main] org.hibernate.SQL                        : 
    insert 
    into
        users
        (bank_account_number, bank_ifsc_code, business_address, business_name, created_at, email, enabled, first_name, is_active, is_seller, last_name, password, phone, updated_at, upi_id, version) 
    values
        (?, ?, ?, ?, ?, ?, ?, ?, ?, ?, ?, ?, ?, ?, ?, ?)
Hibernate: 
    insert 
    into
        users
        (bank_account_number, bank_ifsc_code, business_address, business_name, created_at, email, enabled, first_name, is_active, is_seller, last_name, password, phone, updated_at, upi_id, version) 
    values
        (?, ?, ?, ?, ?, ?, ?, ?, ?, ?, ?, ?, ?, ?, ?, ?)
2025-06-20T14:19:42.459+05:30 DEBUG 37792 --- [user-management-service] [           main] org.hibernate.SQL                        : 
    insert 
    into
        users
        (bank_account_number, bank_ifsc_code, business_address, business_name, created_at, email, enabled, first_name, is_active, is_seller, last_name, password, phone, updated_at, upi_id, version) 
    values
        (?, ?, ?, ?, ?, ?, ?, ?, ?, ?, ?, ?, ?, ?, ?, ?)
Hibernate: 
    insert 
    into
        users
        (bank_account_number, bank_ifsc_code, business_address, business_name, created_at, email, enabled, first_name, is_active, is_seller, last_name, password, phone, updated_at, upi_id, version) 
    values
        (?, ?, ?, ?, ?, ?, ?, ?, ?, ?, ?, ?, ?, ?, ?, ?)
2025-06-20T14:19:42.463+05:30 DEBUG 37792 --- [user-management-service] [           main] org.hibernate.SQL                        : 
    insert 
    into
        users
        (bank_account_number, bank_ifsc_code, business_address, business_name, created_at, email, enabled, first_name, is_active, is_seller, last_name, password, phone, updated_at, upi_id, version) 
    values
        (?, ?, ?, ?, ?, ?, ?, ?, ?, ?, ?, ?, ?, ?, ?, ?)
Hibernate: 
    insert 
    into
        users
        (bank_account_number, bank_ifsc_code, business_address, business_name, created_at, email, enabled, first_name, is_active, is_seller, last_name, password, phone, updated_at, upi_id, version) 
    values
        (?, ?, ?, ?, ?, ?, ?, ?, ?, ?, ?, ?, ?, ?, ?, ?)
2025-06-20T14:19:42.467+05:30 DEBUG 37792 --- [user-management-service] [           main] org.hibernate.SQL                        : 
    insert 
    into
        users
        (bank_account_number, bank_ifsc_code, business_address, business_name, created_at, email, enabled, first_name, is_active, is_seller, last_name, password, phone, updated_at, upi_id, version) 
    values
        (?, ?, ?, ?, ?, ?, ?, ?, ?, ?, ?, ?, ?, ?, ?, ?)
Hibernate: 
    insert 
    into
        users
        (bank_account_number, bank_ifsc_code, business_address, business_name, created_at, email, enabled, first_name, is_active, is_seller, last_name, password, phone, updated_at, upi_id, version) 
    values
        (?, ?, ?, ?, ?, ?, ?, ?, ?, ?, ?, ?, ?, ?, ?, ?)
2025-06-20T14:19:42.470+05:30 DEBUG 37792 --- [user-management-service] [           main] org.hibernate.SQL                        : 
    insert 
    into
        users
        (bank_account_number, bank_ifsc_code, business_address, business_name, created_at, email, enabled, first_name, is_active, is_seller, last_name, password, phone, updated_at, upi_id, version) 
    values
        (?, ?, ?, ?, ?, ?, ?, ?, ?, ?, ?, ?, ?, ?, ?, ?)
Hibernate: 
    insert 
    into
        users
        (bank_account_number, bank_ifsc_code, business_address, business_name, created_at, email, enabled, first_name, is_active, is_seller, last_name, password, phone, updated_at, upi_id, version) 
    values
        (?, ?, ?, ?, ?, ?, ?, ?, ?, ?, ?, ?, ?, ?, ?, ?)
2025-06-20T14:19:42.474+05:30 DEBUG 37792 --- [user-management-service] [           main] org.hibernate.SQL                        : 
    insert 
    into
        users
        (bank_account_number, bank_ifsc_code, business_address, business_name, created_at, email, enabled, first_name, is_active, is_seller, last_name, password, phone, updated_at, upi_id, version) 
    values
        (?, ?, ?, ?, ?, ?, ?, ?, ?, ?, ?, ?, ?, ?, ?, ?)
Hibernate: 
    insert 
    into
        users
        (bank_account_number, bank_ifsc_code, business_address, business_name, created_at, email, enabled, first_name, is_active, is_seller, last_name, password, phone, updated_at, upi_id, version) 
    values
        (?, ?, ?, ?, ?, ?, ?, ?, ?, ?, ?, ?, ?, ?, ?, ?)
2025-06-20T14:19:42.477+05:30 DEBUG 37792 --- [user-management-service] [           main] org.hibernate.SQL                        : 
    insert 
    into
        users
        (bank_account_number, bank_ifsc_code, business_address, business_name, created_at, email, enabled, first_name, is_active, is_seller, last_name, password, phone, updated_at, upi_id, version) 
    values
        (?, ?, ?, ?, ?, ?, ?, ?, ?, ?, ?, ?, ?, ?, ?, ?)
Hibernate: 
    insert 
    into
        users
        (bank_account_number, bank_ifsc_code, business_address, business_name, created_at, email, enabled, first_name, is_active, is_seller, last_name, password, phone, updated_at, upi_id, version) 
    values
        (?, ?, ?, ?, ?, ?, ?, ?, ?, ?, ?, ?, ?, ?, ?, ?)
2025-06-20T14:19:42.481+05:30 DEBUG 37792 --- [user-management-service] [           main] org.hibernate.SQL                        : 
    insert 
    into
        users
        (bank_account_number, bank_ifsc_code, business_address, business_name, created_at, email, enabled, first_name, is_active, is_seller, last_name, password, phone, updated_at, upi_id, version) 
    values
        (?, ?, ?, ?, ?, ?, ?, ?, ?, ?, ?, ?, ?, ?, ?, ?)
Hibernate: 
    insert 
    into
        users
        (bank_account_number, bank_ifsc_code, business_address, business_name, created_at, email, enabled, first_name, is_active, is_seller, last_name, password, phone, updated_at, upi_id, version) 
    values
        (?, ?, ?, ?, ?, ?, ?, ?, ?, ?, ?, ?, ?, ?, ?, ?)
2025-06-20T14:19:42.485+05:30 DEBUG 37792 --- [user-management-service] [           main] org.hibernate.SQL                        : 
    insert 
    into
        users
        (bank_account_number, bank_ifsc_code, business_address, business_name, created_at, email, enabled, first_name, is_active, is_seller, last_name, password, phone, updated_at, upi_id, version) 
    values
        (?, ?, ?, ?, ?, ?, ?, ?, ?, ?, ?, ?, ?, ?, ?, ?)
Hibernate: 
    insert 
    into
        users
        (bank_account_number, bank_ifsc_code, business_address, business_name, created_at, email, enabled, first_name, is_active, is_seller, last_name, password, phone, updated_at, upi_id, version) 
    values
        (?, ?, ?, ?, ?, ?, ?, ?, ?, ?, ?, ?, ?, ?, ?, ?)
2025-06-20T14:19:42.488+05:30 DEBUG 37792 --- [user-management-service] [           main] org.hibernate.SQL                        : 
    insert 
    into
        users
        (bank_account_number, bank_ifsc_code, business_address, business_name, created_at, email, enabled, first_name, is_active, is_seller, last_name, password, phone, updated_at, upi_id, version) 
    values
        (?, ?, ?, ?, ?, ?, ?, ?, ?, ?, ?, ?, ?, ?, ?, ?)
Hibernate: 
    insert 
    into
        users
        (bank_account_number, bank_ifsc_code, business_address, business_name, created_at, email, enabled, first_name, is_active, is_seller, last_name, password, phone, updated_at, upi_id, version) 
    values
        (?, ?, ?, ?, ?, ?, ?, ?, ?, ?, ?, ?, ?, ?, ?, ?)
2025-06-20T14:19:42.491+05:30 DEBUG 37792 --- [user-management-service] [           main] org.hibernate.SQL                        : 
    insert 
    into
        users
        (bank_account_number, bank_ifsc_code, business_address, business_name, created_at, email, enabled, first_name, is_active, is_seller, last_name, password, phone, updated_at, upi_id, version) 
    values
        (?, ?, ?, ?, ?, ?, ?, ?, ?, ?, ?, ?, ?, ?, ?, ?)
Hibernate: 
    insert 
    into
        users
        (bank_account_number, bank_ifsc_code, business_address, business_name, created_at, email, enabled, first_name, is_active, is_seller, last_name, password, phone, updated_at, upi_id, version) 
    values
        (?, ?, ?, ?, ?, ?, ?, ?, ?, ?, ?, ?, ?, ?, ?, ?)
2025-06-20T14:19:42.494+05:30 DEBUG 37792 --- [user-management-service] [           main] org.hibernate.SQL                        : 
    insert 
    into
        users
        (bank_account_number, bank_ifsc_code, business_address, business_name, created_at, email, enabled, first_name, is_active, is_seller, last_name, password, phone, updated_at, upi_id, version) 
    values
        (?, ?, ?, ?, ?, ?, ?, ?, ?, ?, ?, ?, ?, ?, ?, ?)
Hibernate: 
    insert 
    into
        users
        (bank_account_number, bank_ifsc_code, business_address, business_name, created_at, email, enabled, first_name, is_active, is_seller, last_name, password, phone, updated_at, upi_id, version) 
    values
        (?, ?, ?, ?, ?, ?, ?, ?, ?, ?, ?, ?, ?, ?, ?, ?)
2025-06-20T14:19:42.497+05:30 DEBUG 37792 --- [user-management-service] [           main] org.hibernate.SQL                        : 
    insert 
    into
        users
        (bank_account_number, bank_ifsc_code, business_address, business_name, created_at, email, enabled, first_name, is_active, is_seller, last_name, password, phone, updated_at, upi_id, version) 
    values
        (?, ?, ?, ?, ?, ?, ?, ?, ?, ?, ?, ?, ?, ?, ?, ?)
Hibernate: 
    insert 
    into
        users
        (bank_account_number, bank_ifsc_code, business_address, business_name, created_at, email, enabled, first_name, is_active, is_seller, last_name, password, phone, updated_at, upi_id, version) 
    values
        (?, ?, ?, ?, ?, ?, ?, ?, ?, ?, ?, ?, ?, ?, ?, ?)
2025-06-20T14:19:42.501+05:30 DEBUG 37792 --- [user-management-service] [           main] org.hibernate.SQL                        : 
    insert 
    into
        users
        (bank_account_number, bank_ifsc_code, business_address, business_name, created_at, email, enabled, first_name, is_active, is_seller, last_name, password, phone, updated_at, upi_id, version) 
    values
        (?, ?, ?, ?, ?, ?, ?, ?, ?, ?, ?, ?, ?, ?, ?, ?)
Hibernate: 
    insert 
    into
        users
        (bank_account_number, bank_ifsc_code, business_address, business_name, created_at, email, enabled, first_name, is_active, is_seller, last_name, password, phone, updated_at, upi_id, version) 
    values
        (?, ?, ?, ?, ?, ?, ?, ?, ?, ?, ?, ?, ?, ?, ?, ?)
2025-06-20T14:19:42.504+05:30 DEBUG 37792 --- [user-management-service] [           main] org.hibernate.SQL                        : 
    insert 
    into
        users
        (bank_account_number, bank_ifsc_code, business_address, business_name, created_at, email, enabled, first_name, is_active, is_seller, last_name, password, phone, updated_at, upi_id, version) 
    values
        (?, ?, ?, ?, ?, ?, ?, ?, ?, ?, ?, ?, ?, ?, ?, ?)
Hibernate: 
    insert 
    into
        users
        (bank_account_number, bank_ifsc_code, business_address, business_name, created_at, email, enabled, first_name, is_active, is_seller, last_name, password, phone, updated_at, upi_id, version) 
    values
        (?, ?, ?, ?, ?, ?, ?, ?, ?, ?, ?, ?, ?, ?, ?, ?)
2025-06-20T14:19:42.508+05:30 DEBUG 37792 --- [user-management-service] [           main] org.hibernate.SQL                        : 
    insert 
    into
        users
        (bank_account_number, bank_ifsc_code, business_address, business_name, created_at, email, enabled, first_name, is_active, is_seller, last_name, password, phone, updated_at, upi_id, version) 
    values
        (?, ?, ?, ?, ?, ?, ?, ?, ?, ?, ?, ?, ?, ?, ?, ?)
Hibernate: 
    insert 
    into
        users
        (bank_account_number, bank_ifsc_code, business_address, business_name, created_at, email, enabled, first_name, is_active, is_seller, last_name, password, phone, updated_at, upi_id, version) 
    values
        (?, ?, ?, ?, ?, ?, ?, ?, ?, ?, ?, ?, ?, ?, ?, ?)
2025-06-20T14:19:42.511+05:30 DEBUG 37792 --- [user-management-service] [           main] org.hibernate.SQL                        : 
    insert 
    into
        users
        (bank_account_number, bank_ifsc_code, business_address, business_name, created_at, email, enabled, first_name, is_active, is_seller, last_name, password, phone, updated_at, upi_id, version) 
    values
        (?, ?, ?, ?, ?, ?, ?, ?, ?, ?, ?, ?, ?, ?, ?, ?)
Hibernate: 
    insert 
    into
        users
        (bank_account_number, bank_ifsc_code, business_address, business_name, created_at, email, enabled, first_name, is_active, is_seller, last_name, password, phone, updated_at, upi_id, version) 
    values
        (?, ?, ?, ?, ?, ?, ?, ?, ?, ?, ?, ?, ?, ?, ?, ?)
2025-06-20T14:19:42.515+05:30 DEBUG 37792 --- [user-management-service] [           main] org.hibernate.SQL                        : 
    insert 
    into
        users
        (bank_account_number, bank_ifsc_code, business_address, business_name, created_at, email, enabled, first_name, is_active, is_seller, last_name, password, phone, updated_at, upi_id, version) 
    values
        (?, ?, ?, ?, ?, ?, ?, ?, ?, ?, ?, ?, ?, ?, ?, ?)
Hibernate: 
    insert 
    into
        users
        (bank_account_number, bank_ifsc_code, business_address, business_name, created_at, email, enabled, first_name, is_active, is_seller, last_name, password, phone, updated_at, upi_id, version) 
    values
        (?, ?, ?, ?, ?, ?, ?, ?, ?, ?, ?, ?, ?, ?, ?, ?)
2025-06-20T14:19:42.519+05:30 DEBUG 37792 --- [user-management-service] [           main] org.hibernate.SQL                        : 
    insert 
    into
        users
        (bank_account_number, bank_ifsc_code, business_address, business_name, created_at, email, enabled, first_name, is_active, is_seller, last_name, password, phone, updated_at, upi_id, version) 
    values
        (?, ?, ?, ?, ?, ?, ?, ?, ?, ?, ?, ?, ?, ?, ?, ?)
Hibernate: 
    insert 
    into
        users
        (bank_account_number, bank_ifsc_code, business_address, business_name, created_at, email, enabled, first_name, is_active, is_seller, last_name, password, phone, updated_at, upi_id, version) 
    values
        (?, ?, ?, ?, ?, ?, ?, ?, ?, ?, ?, ?, ?, ?, ?, ?)
2025-06-20T14:19:42.523+05:30 DEBUG 37792 --- [user-management-service] [           main] org.hibernate.SQL                        : 
    insert 
    into
        users
        (bank_account_number, bank_ifsc_code, business_address, business_name, created_at, email, enabled, first_name, is_active, is_seller, last_name, password, phone, updated_at, upi_id, version) 
    values
        (?, ?, ?, ?, ?, ?, ?, ?, ?, ?, ?, ?, ?, ?, ?, ?)
Hibernate: 
    insert 
    into
        users
        (bank_account_number, bank_ifsc_code, business_address, business_name, created_at, email, enabled, first_name, is_active, is_seller, last_name, password, phone, updated_at, upi_id, version) 
    values
        (?, ?, ?, ?, ?, ?, ?, ?, ?, ?, ?, ?, ?, ?, ?, ?)
2025-06-20T14:19:42.527+05:30 DEBUG 37792 --- [user-management-service] [           main] org.hibernate.SQL                        : 
    insert 
    into
        users
        (bank_account_number, bank_ifsc_code, business_address, business_name, created_at, email, enabled, first_name, is_active, is_seller, last_name, password, phone, updated_at, upi_id, version) 
    values
        (?, ?, ?, ?, ?, ?, ?, ?, ?, ?, ?, ?, ?, ?, ?, ?)
Hibernate: 
    insert 
    into
        users
        (bank_account_number, bank_ifsc_code, business_address, business_name, created_at, email, enabled, first_name, is_active, is_seller, last_name, password, phone, updated_at, upi_id, version) 
    values
        (?, ?, ?, ?, ?, ?, ?, ?, ?, ?, ?, ?, ?, ?, ?, ?)
2025-06-20T14:19:42.530+05:30 DEBUG 37792 --- [user-management-service] [           main] org.hibernate.SQL                        : 
    insert 
    into
        users
        (bank_account_number, bank_ifsc_code, business_address, business_name, created_at, email, enabled, first_name, is_active, is_seller, last_name, password, phone, updated_at, upi_id, version) 
    values
        (?, ?, ?, ?, ?, ?, ?, ?, ?, ?, ?, ?, ?, ?, ?, ?)
Hibernate: 
    insert 
    into
        users
        (bank_account_number, bank_ifsc_code, business_address, business_name, created_at, email, enabled, first_name, is_active, is_seller, last_name, password, phone, updated_at, upi_id, version) 
    values
        (?, ?, ?, ?, ?, ?, ?, ?, ?, ?, ?, ?, ?, ?, ?, ?)
2025-06-20T14:19:42.534+05:30 DEBUG 37792 --- [user-management-service] [           main] org.hibernate.SQL                        : 
    insert 
    into
        users
        (bank_account_number, bank_ifsc_code, business_address, business_name, created_at, email, enabled, first_name, is_active, is_seller, last_name, password, phone, updated_at, upi_id, version) 
    values
        (?, ?, ?, ?, ?, ?, ?, ?, ?, ?, ?, ?, ?, ?, ?, ?)
Hibernate: 
    insert 
    into
        users
        (bank_account_number, bank_ifsc_code, business_address, business_name, created_at, email, enabled, first_name, is_active, is_seller, last_name, password, phone, updated_at, upi_id, version) 
    values
        (?, ?, ?, ?, ?, ?, ?, ?, ?, ?, ?, ?, ?, ?, ?, ?)
2025-06-20T14:19:42.537+05:30 DEBUG 37792 --- [user-management-service] [           main] org.hibernate.SQL                        : 
    insert 
    into
        users
        (bank_account_number, bank_ifsc_code, business_address, business_name, created_at, email, enabled, first_name, is_active, is_seller, last_name, password, phone, updated_at, upi_id, version) 
    values
        (?, ?, ?, ?, ?, ?, ?, ?, ?, ?, ?, ?, ?, ?, ?, ?)
Hibernate: 
    insert 
    into
        users
        (bank_account_number, bank_ifsc_code, business_address, business_name, created_at, email, enabled, first_name, is_active, is_seller, last_name, password, phone, updated_at, upi_id, version) 
    values
        (?, ?, ?, ?, ?, ?, ?, ?, ?, ?, ?, ?, ?, ?, ?, ?)
2025-06-20T14:19:42.541+05:30 DEBUG 37792 --- [user-management-service] [           main] org.hibernate.SQL                        : 
    insert 
    into
        users
        (bank_account_number, bank_ifsc_code, business_address, business_name, created_at, email, enabled, first_name, is_active, is_seller, last_name, password, phone, updated_at, upi_id, version) 
    values
        (?, ?, ?, ?, ?, ?, ?, ?, ?, ?, ?, ?, ?, ?, ?, ?)
Hibernate: 
    insert 
    into
        users
        (bank_account_number, bank_ifsc_code, business_address, business_name, created_at, email, enabled, first_name, is_active, is_seller, last_name, password, phone, updated_at, upi_id, version) 
    values
        (?, ?, ?, ?, ?, ?, ?, ?, ?, ?, ?, ?, ?, ?, ?, ?)
2025-06-20T14:19:42.545+05:30 DEBUG 37792 --- [user-management-service] [           main] org.hibernate.SQL                        : 
    insert 
    into
        users
        (bank_account_number, bank_ifsc_code, business_address, business_name, created_at, email, enabled, first_name, is_active, is_seller, last_name, password, phone, updated_at, upi_id, version) 
    values
        (?, ?, ?, ?, ?, ?, ?, ?, ?, ?, ?, ?, ?, ?, ?, ?)
Hibernate: 
    insert 
    into
        users
        (bank_account_number, bank_ifsc_code, business_address, business_name, created_at, email, enabled, first_name, is_active, is_seller, last_name, password, phone, updated_at, upi_id, version) 
    values
        (?, ?, ?, ?, ?, ?, ?, ?, ?, ?, ?, ?, ?, ?, ?, ?)
2025-06-20T14:19:42.549+05:30 DEBUG 37792 --- [user-management-service] [           main] org.hibernate.SQL                        : 
    insert 
    into
        users
        (bank_account_number, bank_ifsc_code, business_address, business_name, created_at, email, enabled, first_name, is_active, is_seller, last_name, password, phone, updated_at, upi_id, version) 
    values
        (?, ?, ?, ?, ?, ?, ?, ?, ?, ?, ?, ?, ?, ?, ?, ?)
Hibernate: 
    insert 
    into
        users
        (bank_account_number, bank_ifsc_code, business_address, business_name, created_at, email, enabled, first_name, is_active, is_seller, last_name, password, phone, updated_at, upi_id, version) 
    values
        (?, ?, ?, ?, ?, ?, ?, ?, ?, ?, ?, ?, ?, ?, ?, ?)
2025-06-20T14:19:42.552+05:30 DEBUG 37792 --- [user-management-service] [           main] org.hibernate.SQL                        : 
    insert 
    into
        users
        (bank_account_number, bank_ifsc_code, business_address, business_name, created_at, email, enabled, first_name, is_active, is_seller, last_name, password, phone, updated_at, upi_id, version) 
    values
        (?, ?, ?, ?, ?, ?, ?, ?, ?, ?, ?, ?, ?, ?, ?, ?)
Hibernate: 
    insert 
    into
        users
        (bank_account_number, bank_ifsc_code, business_address, business_name, created_at, email, enabled, first_name, is_active, is_seller, last_name, password, phone, updated_at, upi_id, version) 
    values
        (?, ?, ?, ?, ?, ?, ?, ?, ?, ?, ?, ?, ?, ?, ?, ?)
2025-06-20T14:19:42.556+05:30 DEBUG 37792 --- [user-management-service] [           main] org.hibernate.SQL                        : 
    insert 
    into
        users
        (bank_account_number, bank_ifsc_code, business_address, business_name, created_at, email, enabled, first_name, is_active, is_seller, last_name, password, phone, updated_at, upi_id, version) 
    values
        (?, ?, ?, ?, ?, ?, ?, ?, ?, ?, ?, ?, ?, ?, ?, ?)
Hibernate: 
    insert 
    into
        users
        (bank_account_number, bank_ifsc_code, business_address, business_name, created_at, email, enabled, first_name, is_active, is_seller, last_name, password, phone, updated_at, upi_id, version) 
    values
        (?, ?, ?, ?, ?, ?, ?, ?, ?, ?, ?, ?, ?, ?, ?, ?)
2025-06-20T14:19:42.559+05:30 DEBUG 37792 --- [user-management-service] [           main] org.hibernate.SQL                        : 
    insert 
    into
        users
        (bank_account_number, bank_ifsc_code, business_address, business_name, created_at, email, enabled, first_name, is_active, is_seller, last_name, password, phone, updated_at, upi_id, version) 
    values
        (?, ?, ?, ?, ?, ?, ?, ?, ?, ?, ?, ?, ?, ?, ?, ?)
Hibernate: 
    insert 
    into
        users
        (bank_account_number, bank_ifsc_code, business_address, business_name, created_at, email, enabled, first_name, is_active, is_seller, last_name, password, phone, updated_at, upi_id, version) 
    values
        (?, ?, ?, ?, ?, ?, ?, ?, ?, ?, ?, ?, ?, ?, ?, ?)
2025-06-20T14:19:42.562+05:30 DEBUG 37792 --- [user-management-service] [           main] org.hibernate.SQL                        : 
    insert 
    into
        users
        (bank_account_number, bank_ifsc_code, business_address, business_name, created_at, email, enabled, first_name, is_active, is_seller, last_name, password, phone, updated_at, upi_id, version) 
    values
        (?, ?, ?, ?, ?, ?, ?, ?, ?, ?, ?, ?, ?, ?, ?, ?)
Hibernate: 
    insert 
    into
        users
        (bank_account_number, bank_ifsc_code, business_address, business_name, created_at, email, enabled, first_name, is_active, is_seller, last_name, password, phone, updated_at, upi_id, version) 
    values
        (?, ?, ?, ?, ?, ?, ?, ?, ?, ?, ?, ?, ?, ?, ?, ?)
2025-06-20T14:19:42.566+05:30 DEBUG 37792 --- [user-management-service] [           main] org.hibernate.SQL                        : 
    insert 
    into
        users
        (bank_account_number, bank_ifsc_code, business_address, business_name, created_at, email, enabled, first_name, is_active, is_seller, last_name, password, phone, updated_at, upi_id, version) 
    values
        (?, ?, ?, ?, ?, ?, ?, ?, ?, ?, ?, ?, ?, ?, ?, ?)
Hibernate: 
    insert 
    into
        users
        (bank_account_number, bank_ifsc_code, business_address, business_name, created_at, email, enabled, first_name, is_active, is_seller, last_name, password, phone, updated_at, upi_id, version) 
    values
        (?, ?, ?, ?, ?, ?, ?, ?, ?, ?, ?, ?, ?, ?, ?, ?)
2025-06-20T14:19:42.572+05:30 DEBUG 37792 --- [user-management-service] [           main] org.hibernate.SQL                        : 
    insert 
    into
        users
        (bank_account_number, bank_ifsc_code, business_address, business_name, created_at, email, enabled, first_name, is_active, is_seller, last_name, password, phone, updated_at, upi_id, version) 
    values
        (?, ?, ?, ?, ?, ?, ?, ?, ?, ?, ?, ?, ?, ?, ?, ?)
Hibernate: 
    insert 
    into
        users
        (bank_account_number, bank_ifsc_code, business_address, business_name, created_at, email, enabled, first_name, is_active, is_seller, last_name, password, phone, updated_at, upi_id, version) 
    values
        (?, ?, ?, ?, ?, ?, ?, ?, ?, ?, ?, ?, ?, ?, ?, ?)
2025-06-20T14:19:42.581+05:30 DEBUG 37792 --- [user-management-service] [           main] org.hibernate.SQL                        : 
    insert 
    into
        users
        (bank_account_number, bank_ifsc_code, business_address, business_name, created_at, email, enabled, first_name, is_active, is_seller, last_name, password, phone, updated_at, upi_id, version) 
    values
        (?, ?, ?, ?, ?, ?, ?, ?, ?, ?, ?, ?, ?, ?, ?, ?)
Hibernate: 
    insert 
    into
        users
        (bank_account_number, bank_ifsc_code, business_address, business_name, created_at, email, enabled, first_name, is_active, is_seller, last_name, password, phone, updated_at, upi_id, version) 
    values
        (?, ?, ?, ?, ?, ?, ?, ?, ?, ?, ?, ?, ?, ?, ?, ?)
2025-06-20T14:19:42.588+05:30 DEBUG 37792 --- [user-management-service] [           main] org.hibernate.SQL                        : 
    insert 
    into
        users
        (bank_account_number, bank_ifsc_code, business_address, business_name, created_at, email, enabled, first_name, is_active, is_seller, last_name, password, phone, updated_at, upi_id, version) 
    values
        (?, ?, ?, ?, ?, ?, ?, ?, ?, ?, ?, ?, ?, ?, ?, ?)
Hibernate: 
    insert 
    into
        users
        (bank_account_number, bank_ifsc_code, business_address, business_name, created_at, email, enabled, first_name, is_active, is_seller, last_name, password, phone, updated_at, upi_id, version) 
    values
        (?, ?, ?, ?, ?, ?, ?, ?, ?, ?, ?, ?, ?, ?, ?, ?)
2025-06-20T14:19:42.594+05:30 DEBUG 37792 --- [user-management-service] [           main] org.hibernate.SQL                        : 
    insert 
    into
        users
        (bank_account_number, bank_ifsc_code, business_address, business_name, created_at, email, enabled, first_name, is_active, is_seller, last_name, password, phone, updated_at, upi_id, version) 
    values
        (?, ?, ?, ?, ?, ?, ?, ?, ?, ?, ?, ?, ?, ?, ?, ?)
Hibernate: 
    insert 
    into
        users
        (bank_account_number, bank_ifsc_code, business_address, business_name, created_at, email, enabled, first_name, is_active, is_seller, last_name, password, phone, updated_at, upi_id, version) 
    values
        (?, ?, ?, ?, ?, ?, ?, ?, ?, ?, ?, ?, ?, ?, ?, ?)
2025-06-20T14:19:42.601+05:30 DEBUG 37792 --- [user-management-service] [           main] org.hibernate.SQL                        : 
    insert 
    into
        users
        (bank_account_number, bank_ifsc_code, business_address, business_name, created_at, email, enabled, first_name, is_active, is_seller, last_name, password, phone, updated_at, upi_id, version) 
    values
        (?, ?, ?, ?, ?, ?, ?, ?, ?, ?, ?, ?, ?, ?, ?, ?)
Hibernate: 
    insert 
    into
        users
        (bank_account_number, bank_ifsc_code, business_address, business_name, created_at, email, enabled, first_name, is_active, is_seller, last_name, password, phone, updated_at, upi_id, version) 
    values
        (?, ?, ?, ?, ?, ?, ?, ?, ?, ?, ?, ?, ?, ?, ?, ?)
2025-06-20T14:19:42.606+05:30 DEBUG 37792 --- [user-management-service] [           main] org.hibernate.SQL                        : 
    insert 
    into
        users
        (bank_account_number, bank_ifsc_code, business_address, business_name, created_at, email, enabled, first_name, is_active, is_seller, last_name, password, phone, updated_at, upi_id, version) 
    values
        (?, ?, ?, ?, ?, ?, ?, ?, ?, ?, ?, ?, ?, ?, ?, ?)
Hibernate: 
    insert 
    into
        users
        (bank_account_number, bank_ifsc_code, business_address, business_name, created_at, email, enabled, first_name, is_active, is_seller, last_name, password, phone, updated_at, upi_id, version) 
    values
        (?, ?, ?, ?, ?, ?, ?, ?, ?, ?, ?, ?, ?, ?, ?, ?)
2025-06-20T14:19:42.612+05:30 DEBUG 37792 --- [user-management-service] [           main] org.hibernate.SQL                        : 
    insert 
    into
        users
        (bank_account_number, bank_ifsc_code, business_address, business_name, created_at, email, enabled, first_name, is_active, is_seller, last_name, password, phone, updated_at, upi_id, version) 
    values
        (?, ?, ?, ?, ?, ?, ?, ?, ?, ?, ?, ?, ?, ?, ?, ?)
Hibernate: 
    insert 
    into
        users
        (bank_account_number, bank_ifsc_code, business_address, business_name, created_at, email, enabled, first_name, is_active, is_seller, last_name, password, phone, updated_at, upi_id, version) 
    values
        (?, ?, ?, ?, ?, ?, ?, ?, ?, ?, ?, ?, ?, ?, ?, ?)
2025-06-20T14:19:42.620+05:30 DEBUG 37792 --- [user-management-service] [           main] org.hibernate.SQL                        : 
    insert 
    into
        users
        (bank_account_number, bank_ifsc_code, business_address, business_name, created_at, email, enabled, first_name, is_active, is_seller, last_name, password, phone, updated_at, upi_id, version) 
    values
        (?, ?, ?, ?, ?, ?, ?, ?, ?, ?, ?, ?, ?, ?, ?, ?)
Hibernate: 
    insert 
    into
        users
        (bank_account_number, bank_ifsc_code, business_address, business_name, created_at, email, enabled, first_name, is_active, is_seller, last_name, password, phone, updated_at, upi_id, version) 
    values
        (?, ?, ?, ?, ?, ?, ?, ?, ?, ?, ?, ?, ?, ?, ?, ?)
2025-06-20T14:19:42.627+05:30 DEBUG 37792 --- [user-management-service] [           main] org.hibernate.SQL                        : 
    insert 
    into
        users
        (bank_account_number, bank_ifsc_code, business_address, business_name, created_at, email, enabled, first_name, is_active, is_seller, last_name, password, phone, updated_at, upi_id, version) 
    values
        (?, ?, ?, ?, ?, ?, ?, ?, ?, ?, ?, ?, ?, ?, ?, ?)
Hibernate: 
    insert 
    into
        users
        (bank_account_number, bank_ifsc_code, business_address, business_name, created_at, email, enabled, first_name, is_active, is_seller, last_name, password, phone, updated_at, upi_id, version) 
    values
        (?, ?, ?, ?, ?, ?, ?, ?, ?, ?, ?, ?, ?, ?, ?, ?)
2025-06-20T14:19:42.635+05:30 DEBUG 37792 --- [user-management-service] [           main] org.hibernate.SQL                        : 
    insert 
    into
        users
        (bank_account_number, bank_ifsc_code, business_address, business_name, created_at, email, enabled, first_name, is_active, is_seller, last_name, password, phone, updated_at, upi_id, version) 
    values
        (?, ?, ?, ?, ?, ?, ?, ?, ?, ?, ?, ?, ?, ?, ?, ?)
Hibernate: 
    insert 
    into
        users
        (bank_account_number, bank_ifsc_code, business_address, business_name, created_at, email, enabled, first_name, is_active, is_seller, last_name, password, phone, updated_at, upi_id, version) 
    values
        (?, ?, ?, ?, ?, ?, ?, ?, ?, ?, ?, ?, ?, ?, ?, ?)
2025-06-20T14:19:42.642+05:30 DEBUG 37792 --- [user-management-service] [           main] org.hibernate.SQL                        : 
    insert 
    into
        users
        (bank_account_number, bank_ifsc_code, business_address, business_name, created_at, email, enabled, first_name, is_active, is_seller, last_name, password, phone, updated_at, upi_id, version) 
    values
        (?, ?, ?, ?, ?, ?, ?, ?, ?, ?, ?, ?, ?, ?, ?, ?)
Hibernate: 
    insert 
    into
        users
        (bank_account_number, bank_ifsc_code, business_address, business_name, created_at, email, enabled, first_name, is_active, is_seller, last_name, password, phone, updated_at, upi_id, version) 
    values
        (?, ?, ?, ?, ?, ?, ?, ?, ?, ?, ?, ?, ?, ?, ?, ?)
2025-06-20T14:19:42.646+05:30 DEBUG 37792 --- [user-management-service] [           main] org.hibernate.SQL                        : 
    insert 
    into
        users
        (bank_account_number, bank_ifsc_code, business_address, business_name, created_at, email, enabled, first_name, is_active, is_seller, last_name, password, phone, updated_at, upi_id, version) 
    values
        (?, ?, ?, ?, ?, ?, ?, ?, ?, ?, ?, ?, ?, ?, ?, ?)
Hibernate: 
    insert 
    into
        users
        (bank_account_number, bank_ifsc_code, business_address, business_name, created_at, email, enabled, first_name, is_active, is_seller, last_name, password, phone, updated_at, upi_id, version) 
    values
        (?, ?, ?, ?, ?, ?, ?, ?, ?, ?, ?, ?, ?, ?, ?, ?)
2025-06-20T14:19:42.651+05:30 DEBUG 37792 --- [user-management-service] [           main] org.hibernate.SQL                        : 
    insert 
    into
        users
        (bank_account_number, bank_ifsc_code, business_address, business_name, created_at, email, enabled, first_name, is_active, is_seller, last_name, password, phone, updated_at, upi_id, version) 
    values
        (?, ?, ?, ?, ?, ?, ?, ?, ?, ?, ?, ?, ?, ?, ?, ?)
Hibernate: 
    insert 
    into
        users
        (bank_account_number, bank_ifsc_code, business_address, business_name, created_at, email, enabled, first_name, is_active, is_seller, last_name, password, phone, updated_at, upi_id, version) 
    values
        (?, ?, ?, ?, ?, ?, ?, ?, ?, ?, ?, ?, ?, ?, ?, ?)
2025-06-20T14:19:42.656+05:30 DEBUG 37792 --- [user-management-service] [           main] org.hibernate.SQL                        : 
    insert 
    into
        users
        (bank_account_number, bank_ifsc_code, business_address, business_name, created_at, email, enabled, first_name, is_active, is_seller, last_name, password, phone, updated_at, upi_id, version) 
    values
        (?, ?, ?, ?, ?, ?, ?, ?, ?, ?, ?, ?, ?, ?, ?, ?)
Hibernate: 
    insert 
    into
        users
        (bank_account_number, bank_ifsc_code, business_address, business_name, created_at, email, enabled, first_name, is_active, is_seller, last_name, password, phone, updated_at, upi_id, version) 
    values
        (?, ?, ?, ?, ?, ?, ?, ?, ?, ?, ?, ?, ?, ?, ?, ?)
2025-06-20T14:19:42.661+05:30 DEBUG 37792 --- [user-management-service] [           main] org.hibernate.SQL                        : 
    insert 
    into
        users
        (bank_account_number, bank_ifsc_code, business_address, business_name, created_at, email, enabled, first_name, is_active, is_seller, last_name, password, phone, updated_at, upi_id, version) 
    values
        (?, ?, ?, ?, ?, ?, ?, ?, ?, ?, ?, ?, ?, ?, ?, ?)
Hibernate: 
    insert 
    into
        users
        (bank_account_number, bank_ifsc_code, business_address, business_name, created_at, email, enabled, first_name, is_active, is_seller, last_name, password, phone, updated_at, upi_id, version) 
    values
        (?, ?, ?, ?, ?, ?, ?, ?, ?, ?, ?, ?, ?, ?, ?, ?)
2025-06-20T14:19:42.667+05:30 DEBUG 37792 --- [user-management-service] [           main] org.hibernate.SQL                        : 
    insert 
    into
        users
        (bank_account_number, bank_ifsc_code, business_address, business_name, created_at, email, enabled, first_name, is_active, is_seller, last_name, password, phone, updated_at, upi_id, version) 
    values
        (?, ?, ?, ?, ?, ?, ?, ?, ?, ?, ?, ?, ?, ?, ?, ?)
Hibernate: 
    insert 
    into
        users
        (bank_account_number, bank_ifsc_code, business_address, business_name, created_at, email, enabled, first_name, is_active, is_seller, last_name, password, phone, updated_at, upi_id, version) 
    values
        (?, ?, ?, ?, ?, ?, ?, ?, ?, ?, ?, ?, ?, ?, ?, ?)
2025-06-20T14:19:42.672+05:30 DEBUG 37792 --- [user-management-service] [           main] org.hibernate.SQL                        : 
    insert 
    into
        users
        (bank_account_number, bank_ifsc_code, business_address, business_name, created_at, email, enabled, first_name, is_active, is_seller, last_name, password, phone, updated_at, upi_id, version) 
    values
        (?, ?, ?, ?, ?, ?, ?, ?, ?, ?, ?, ?, ?, ?, ?, ?)
Hibernate: 
    insert 
    into
        users
        (bank_account_number, bank_ifsc_code, business_address, business_name, created_at, email, enabled, first_name, is_active, is_seller, last_name, password, phone, updated_at, upi_id, version) 
    values
        (?, ?, ?, ?, ?, ?, ?, ?, ?, ?, ?, ?, ?, ?, ?, ?)
2025-06-20T14:19:42.677+05:30 DEBUG 37792 --- [user-management-service] [           main] org.hibernate.SQL                        : 
    insert 
    into
        users
        (bank_account_number, bank_ifsc_code, business_address, business_name, created_at, email, enabled, first_name, is_active, is_seller, last_name, password, phone, updated_at, upi_id, version) 
    values
        (?, ?, ?, ?, ?, ?, ?, ?, ?, ?, ?, ?, ?, ?, ?, ?)
Hibernate: 
    insert 
    into
        users
        (bank_account_number, bank_ifsc_code, business_address, business_name, created_at, email, enabled, first_name, is_active, is_seller, last_name, password, phone, updated_at, upi_id, version) 
    values
        (?, ?, ?, ?, ?, ?, ?, ?, ?, ?, ?, ?, ?, ?, ?, ?)
2025-06-20T14:19:42.685+05:30 DEBUG 37792 --- [user-management-service] [           main] org.hibernate.SQL                        : 
    insert 
    into
        users
        (bank_account_number, bank_ifsc_code, business_address, business_name, created_at, email, enabled, first_name, is_active, is_seller, last_name, password, phone, updated_at, upi_id, version) 
    values
        (?, ?, ?, ?, ?, ?, ?, ?, ?, ?, ?, ?, ?, ?, ?, ?)
Hibernate: 
    insert 
    into
        users
        (bank_account_number, bank_ifsc_code, business_address, business_name, created_at, email, enabled, first_name, is_active, is_seller, last_name, password, phone, updated_at, upi_id, version) 
    values
        (?, ?, ?, ?, ?, ?, ?, ?, ?, ?, ?, ?, ?, ?, ?, ?)
2025-06-20T14:19:42.691+05:30 DEBUG 37792 --- [user-management-service] [           main] org.hibernate.SQL                        : 
    insert 
    into
        users
        (bank_account_number, bank_ifsc_code, business_address, business_name, created_at, email, enabled, first_name, is_active, is_seller, last_name, password, phone, updated_at, upi_id, version) 
    values
        (?, ?, ?, ?, ?, ?, ?, ?, ?, ?, ?, ?, ?, ?, ?, ?)
Hibernate: 
    insert 
    into
        users
        (bank_account_number, bank_ifsc_code, business_address, business_name, created_at, email, enabled, first_name, is_active, is_seller, last_name, password, phone, updated_at, upi_id, version) 
    values
        (?, ?, ?, ?, ?, ?, ?, ?, ?, ?, ?, ?, ?, ?, ?, ?)
2025-06-20T14:19:42.698+05:30 DEBUG 37792 --- [user-management-service] [           main] org.hibernate.SQL                        : 
    insert 
    into
        users
        (bank_account_number, bank_ifsc_code, business_address, business_name, created_at, email, enabled, first_name, is_active, is_seller, last_name, password, phone, updated_at, upi_id, version) 
    values
        (?, ?, ?, ?, ?, ?, ?, ?, ?, ?, ?, ?, ?, ?, ?, ?)
Hibernate: 
    insert 
    into
        users
        (bank_account_number, bank_ifsc_code, business_address, business_name, created_at, email, enabled, first_name, is_active, is_seller, last_name, password, phone, updated_at, upi_id, version) 
    values
        (?, ?, ?, ?, ?, ?, ?, ?, ?, ?, ?, ?, ?, ?, ?, ?)
2025-06-20T14:19:42.703+05:30 DEBUG 37792 --- [user-management-service] [           main] org.hibernate.SQL                        : 
    insert 
    into
        users
        (bank_account_number, bank_ifsc_code, business_address, business_name, created_at, email, enabled, first_name, is_active, is_seller, last_name, password, phone, updated_at, upi_id, version) 
    values
        (?, ?, ?, ?, ?, ?, ?, ?, ?, ?, ?, ?, ?, ?, ?, ?)
Hibernate: 
    insert 
    into
        users
        (bank_account_number, bank_ifsc_code, business_address, business_name, created_at, email, enabled, first_name, is_active, is_seller, last_name, password, phone, updated_at, upi_id, version) 
    values
        (?, ?, ?, ?, ?, ?, ?, ?, ?, ?, ?, ?, ?, ?, ?, ?)
2025-06-20T14:19:42.707+05:30 DEBUG 37792 --- [user-management-service] [           main] org.hibernate.SQL                        : 
    insert 
    into
        users
        (bank_account_number, bank_ifsc_code, business_address, business_name, created_at, email, enabled, first_name, is_active, is_seller, last_name, password, phone, updated_at, upi_id, version) 
    values
        (?, ?, ?, ?, ?, ?, ?, ?, ?, ?, ?, ?, ?, ?, ?, ?)
Hibernate: 
    insert 
    into
        users
        (bank_account_number, bank_ifsc_code, business_address, business_name, created_at, email, enabled, first_name, is_active, is_seller, last_name, password, phone, updated_at, upi_id, version) 
    values
        (?, ?, ?, ?, ?, ?, ?, ?, ?, ?, ?, ?, ?, ?, ?, ?)
2025-06-20T14:19:42.711+05:30 DEBUG 37792 --- [user-management-service] [           main] org.hibernate.SQL                        : 
    insert 
    into
        users
        (bank_account_number, bank_ifsc_code, business_address, business_name, created_at, email, enabled, first_name, is_active, is_seller, last_name, password, phone, updated_at, upi_id, version) 
    values
        (?, ?, ?, ?, ?, ?, ?, ?, ?, ?, ?, ?, ?, ?, ?, ?)
Hibernate: 
    insert 
    into
        users
        (bank_account_number, bank_ifsc_code, business_address, business_name, created_at, email, enabled, first_name, is_active, is_seller, last_name, password, phone, updated_at, upi_id, version) 
    values
        (?, ?, ?, ?, ?, ?, ?, ?, ?, ?, ?, ?, ?, ?, ?, ?)
2025-06-20T14:19:42.717+05:30 DEBUG 37792 --- [user-management-service] [           main] org.hibernate.SQL                        : 
    insert 
    into
        users
        (bank_account_number, bank_ifsc_code, business_address, business_name, created_at, email, enabled, first_name, is_active, is_seller, last_name, password, phone, updated_at, upi_id, version) 
    values
        (?, ?, ?, ?, ?, ?, ?, ?, ?, ?, ?, ?, ?, ?, ?, ?)
Hibernate: 
    insert 
    into
        users
        (bank_account_number, bank_ifsc_code, business_address, business_name, created_at, email, enabled, first_name, is_active, is_seller, last_name, password, phone, updated_at, upi_id, version) 
    values
        (?, ?, ?, ?, ?, ?, ?, ?, ?, ?, ?, ?, ?, ?, ?, ?)
2025-06-20T14:19:42.722+05:30 DEBUG 37792 --- [user-management-service] [           main] org.hibernate.SQL                        : 
    insert 
    into
        users
        (bank_account_number, bank_ifsc_code, business_address, business_name, created_at, email, enabled, first_name, is_active, is_seller, last_name, password, phone, updated_at, upi_id, version) 
    values
        (?, ?, ?, ?, ?, ?, ?, ?, ?, ?, ?, ?, ?, ?, ?, ?)
Hibernate: 
    insert 
    into
        users
        (bank_account_number, bank_ifsc_code, business_address, business_name, created_at, email, enabled, first_name, is_active, is_seller, last_name, password, phone, updated_at, upi_id, version) 
    values
        (?, ?, ?, ?, ?, ?, ?, ?, ?, ?, ?, ?, ?, ?, ?, ?)
2025-06-20T14:19:42.726+05:30 DEBUG 37792 --- [user-management-service] [           main] org.hibernate.SQL                        : 
    insert 
    into
        users
        (bank_account_number, bank_ifsc_code, business_address, business_name, created_at, email, enabled, first_name, is_active, is_seller, last_name, password, phone, updated_at, upi_id, version) 
    values
        (?, ?, ?, ?, ?, ?, ?, ?, ?, ?, ?, ?, ?, ?, ?, ?)
Hibernate: 
    insert 
    into
        users
        (bank_account_number, bank_ifsc_code, business_address, business_name, created_at, email, enabled, first_name, is_active, is_seller, last_name, password, phone, updated_at, upi_id, version) 
    values
        (?, ?, ?, ?, ?, ?, ?, ?, ?, ?, ?, ?, ?, ?, ?, ?)
2025-06-20T14:19:42.731+05:30 DEBUG 37792 --- [user-management-service] [           main] org.hibernate.SQL                        : 
    insert 
    into
        users
        (bank_account_number, bank_ifsc_code, business_address, business_name, created_at, email, enabled, first_name, is_active, is_seller, last_name, password, phone, updated_at, upi_id, version) 
    values
        (?, ?, ?, ?, ?, ?, ?, ?, ?, ?, ?, ?, ?, ?, ?, ?)
Hibernate: 
    insert 
    into
        users
        (bank_account_number, bank_ifsc_code, business_address, business_name, created_at, email, enabled, first_name, is_active, is_seller, last_name, password, phone, updated_at, upi_id, version) 
    values
        (?, ?, ?, ?, ?, ?, ?, ?, ?, ?, ?, ?, ?, ?, ?, ?)
2025-06-20T14:19:42.735+05:30 DEBUG 37792 --- [user-management-service] [           main] org.hibernate.SQL                        : 
    insert 
    into
        users
        (bank_account_number, bank_ifsc_code, business_address, business_name, created_at, email, enabled, first_name, is_active, is_seller, last_name, password, phone, updated_at, upi_id, version) 
    values
        (?, ?, ?, ?, ?, ?, ?, ?, ?, ?, ?, ?, ?, ?, ?, ?)
Hibernate: 
    insert 
    into
        users
        (bank_account_number, bank_ifsc_code, business_address, business_name, created_at, email, enabled, first_name, is_active, is_seller, last_name, password, phone, updated_at, upi_id, version) 
    values
        (?, ?, ?, ?, ?, ?, ?, ?, ?, ?, ?, ?, ?, ?, ?, ?)
2025-06-20T14:19:42.739+05:30 DEBUG 37792 --- [user-management-service] [           main] org.hibernate.SQL                        : 
    insert 
    into
        users
        (bank_account_number, bank_ifsc_code, business_address, business_name, created_at, email, enabled, first_name, is_active, is_seller, last_name, password, phone, updated_at, upi_id, version) 
    values
        (?, ?, ?, ?, ?, ?, ?, ?, ?, ?, ?, ?, ?, ?, ?, ?)
Hibernate: 
    insert 
    into
        users
        (bank_account_number, bank_ifsc_code, business_address, business_name, created_at, email, enabled, first_name, is_active, is_seller, last_name, password, phone, updated_at, upi_id, version) 
    values
        (?, ?, ?, ?, ?, ?, ?, ?, ?, ?, ?, ?, ?, ?, ?, ?)
2025-06-20T14:19:42.743+05:30 DEBUG 37792 --- [user-management-service] [           main] org.hibernate.SQL                        : 
    insert 
    into
        users
        (bank_account_number, bank_ifsc_code, business_address, business_name, created_at, email, enabled, first_name, is_active, is_seller, last_name, password, phone, updated_at, upi_id, version) 
    values
        (?, ?, ?, ?, ?, ?, ?, ?, ?, ?, ?, ?, ?, ?, ?, ?)
Hibernate: 
    insert 
    into
        users
        (bank_account_number, bank_ifsc_code, business_address, business_name, created_at, email, enabled, first_name, is_active, is_seller, last_name, password, phone, updated_at, upi_id, version) 
    values
        (?, ?, ?, ?, ?, ?, ?, ?, ?, ?, ?, ?, ?, ?, ?, ?)
2025-06-20T14:19:42.747+05:30 DEBUG 37792 --- [user-management-service] [           main] org.hibernate.SQL                        : 
    insert 
    into
        users
        (bank_account_number, bank_ifsc_code, business_address, business_name, created_at, email, enabled, first_name, is_active, is_seller, last_name, password, phone, updated_at, upi_id, version) 
    values
        (?, ?, ?, ?, ?, ?, ?, ?, ?, ?, ?, ?, ?, ?, ?, ?)
Hibernate: 
    insert 
    into
        users
        (bank_account_number, bank_ifsc_code, business_address, business_name, created_at, email, enabled, first_name, is_active, is_seller, last_name, password, phone, updated_at, upi_id, version) 
    values
        (?, ?, ?, ?, ?, ?, ?, ?, ?, ?, ?, ?, ?, ?, ?, ?)
2025-06-20T14:19:42.751+05:30 DEBUG 37792 --- [user-management-service] [           main] org.hibernate.SQL                        : 
    insert 
    into
        users
        (bank_account_number, bank_ifsc_code, business_address, business_name, created_at, email, enabled, first_name, is_active, is_seller, last_name, password, phone, updated_at, upi_id, version) 
    values
        (?, ?, ?, ?, ?, ?, ?, ?, ?, ?, ?, ?, ?, ?, ?, ?)
Hibernate: 
    insert 
    into
        users
        (bank_account_number, bank_ifsc_code, business_address, business_name, created_at, email, enabled, first_name, is_active, is_seller, last_name, password, phone, updated_at, upi_id, version) 
    values
        (?, ?, ?, ?, ?, ?, ?, ?, ?, ?, ?, ?, ?, ?, ?, ?)
2025-06-20T14:19:42.755+05:30 DEBUG 37792 --- [user-management-service] [           main] org.hibernate.SQL                        : 
    insert 
    into
        users
        (bank_account_number, bank_ifsc_code, business_address, business_name, created_at, email, enabled, first_name, is_active, is_seller, last_name, password, phone, updated_at, upi_id, version) 
    values
        (?, ?, ?, ?, ?, ?, ?, ?, ?, ?, ?, ?, ?, ?, ?, ?)
Hibernate: 
    insert 
    into
        users
        (bank_account_number, bank_ifsc_code, business_address, business_name, created_at, email, enabled, first_name, is_active, is_seller, last_name, password, phone, updated_at, upi_id, version) 
    values
        (?, ?, ?, ?, ?, ?, ?, ?, ?, ?, ?, ?, ?, ?, ?, ?)
2025-06-20T14:19:42.759+05:30 DEBUG 37792 --- [user-management-service] [           main] org.hibernate.SQL                        : 
    insert 
    into
        users
        (bank_account_number, bank_ifsc_code, business_address, business_name, created_at, email, enabled, first_name, is_active, is_seller, last_name, password, phone, updated_at, upi_id, version) 
    values
        (?, ?, ?, ?, ?, ?, ?, ?, ?, ?, ?, ?, ?, ?, ?, ?)
Hibernate: 
    insert 
    into
        users
        (bank_account_number, bank_ifsc_code, business_address, business_name, created_at, email, enabled, first_name, is_active, is_seller, last_name, password, phone, updated_at, upi_id, version) 
    values
        (?, ?, ?, ?, ?, ?, ?, ?, ?, ?, ?, ?, ?, ?, ?, ?)
2025-06-20T14:19:42.762+05:30 DEBUG 37792 --- [user-management-service] [           main] org.hibernate.SQL                        : 
    insert 
    into
        users
        (bank_account_number, bank_ifsc_code, business_address, business_name, created_at, email, enabled, first_name, is_active, is_seller, last_name, password, phone, updated_at, upi_id, version) 
    values
        (?, ?, ?, ?, ?, ?, ?, ?, ?, ?, ?, ?, ?, ?, ?, ?)
Hibernate: 
    insert 
    into
        users
        (bank_account_number, bank_ifsc_code, business_address, business_name, created_at, email, enabled, first_name, is_active, is_seller, last_name, password, phone, updated_at, upi_id, version) 
    values
        (?, ?, ?, ?, ?, ?, ?, ?, ?, ?, ?, ?, ?, ?, ?, ?)
2025-06-20T14:19:42.766+05:30 DEBUG 37792 --- [user-management-service] [           main] org.hibernate.SQL                        : 
    insert 
    into
        users
        (bank_account_number, bank_ifsc_code, business_address, business_name, created_at, email, enabled, first_name, is_active, is_seller, last_name, password, phone, updated_at, upi_id, version) 
    values
        (?, ?, ?, ?, ?, ?, ?, ?, ?, ?, ?, ?, ?, ?, ?, ?)
Hibernate: 
    insert 
    into
        users
        (bank_account_number, bank_ifsc_code, business_address, business_name, created_at, email, enabled, first_name, is_active, is_seller, last_name, password, phone, updated_at, upi_id, version) 
    values
        (?, ?, ?, ?, ?, ?, ?, ?, ?, ?, ?, ?, ?, ?, ?, ?)
2025-06-20T14:19:42.770+05:30 DEBUG 37792 --- [user-management-service] [           main] org.hibernate.SQL                        : 
    insert 
    into
        users
        (bank_account_number, bank_ifsc_code, business_address, business_name, created_at, email, enabled, first_name, is_active, is_seller, last_name, password, phone, updated_at, upi_id, version) 
    values
        (?, ?, ?, ?, ?, ?, ?, ?, ?, ?, ?, ?, ?, ?, ?, ?)
Hibernate: 
    insert 
    into
        users
        (bank_account_number, bank_ifsc_code, business_address, business_name, created_at, email, enabled, first_name, is_active, is_seller, last_name, password, phone, updated_at, upi_id, version) 
    values
        (?, ?, ?, ?, ?, ?, ?, ?, ?, ?, ?, ?, ?, ?, ?, ?)
2025-06-20T14:19:42.790+05:30 DEBUG 37792 --- [user-management-service] [           main] org.hibernate.SQL                        : 
    insert 
    into
        users
        (bank_account_number, bank_ifsc_code, business_address, business_name, created_at, email, enabled, first_name, is_active, is_seller, last_name, password, phone, updated_at, upi_id, version) 
    values
        (?, ?, ?, ?, ?, ?, ?, ?, ?, ?, ?, ?, ?, ?, ?, ?)
Hibernate: 
    insert 
    into
        users
        (bank_account_number, bank_ifsc_code, business_address, business_name, created_at, email, enabled, first_name, is_active, is_seller, last_name, password, phone, updated_at, upi_id, version) 
    values
        (?, ?, ?, ?, ?, ?, ?, ?, ?, ?, ?, ?, ?, ?, ?, ?)
2025-06-20T14:19:42.793+05:30 DEBUG 37792 --- [user-management-service] [           main] org.hibernate.SQL                        : 
    insert 
    into
        users
        (bank_account_number, bank_ifsc_code, business_address, business_name, created_at, email, enabled, first_name, is_active, is_seller, last_name, password, phone, updated_at, upi_id, version) 
    values
        (?, ?, ?, ?, ?, ?, ?, ?, ?, ?, ?, ?, ?, ?, ?, ?)
Hibernate: 
    insert 
    into
        users
        (bank_account_number, bank_ifsc_code, business_address, business_name, created_at, email, enabled, first_name, is_active, is_seller, last_name, password, phone, updated_at, upi_id, version) 
    values
        (?, ?, ?, ?, ?, ?, ?, ?, ?, ?, ?, ?, ?, ?, ?, ?)
2025-06-20T14:19:42.798+05:30 DEBUG 37792 --- [user-management-service] [           main] org.hibernate.SQL                        : 
    insert 
    into
        users
        (bank_account_number, bank_ifsc_code, business_address, business_name, created_at, email, enabled, first_name, is_active, is_seller, last_name, password, phone, updated_at, upi_id, version) 
    values
        (?, ?, ?, ?, ?, ?, ?, ?, ?, ?, ?, ?, ?, ?, ?, ?)
Hibernate: 
    insert 
    into
        users
        (bank_account_number, bank_ifsc_code, business_address, business_name, created_at, email, enabled, first_name, is_active, is_seller, last_name, password, phone, updated_at, upi_id, version) 
    values
        (?, ?, ?, ?, ?, ?, ?, ?, ?, ?, ?, ?, ?, ?, ?, ?)
2025-06-20T14:19:42.802+05:30 DEBUG 37792 --- [user-management-service] [           main] org.hibernate.SQL                        : 
    insert 
    into
        users
        (bank_account_number, bank_ifsc_code, business_address, business_name, created_at, email, enabled, first_name, is_active, is_seller, last_name, password, phone, updated_at, upi_id, version) 
    values
        (?, ?, ?, ?, ?, ?, ?, ?, ?, ?, ?, ?, ?, ?, ?, ?)
Hibernate: 
    insert 
    into
        users
        (bank_account_number, bank_ifsc_code, business_address, business_name, created_at, email, enabled, first_name, is_active, is_seller, last_name, password, phone, updated_at, upi_id, version) 
    values
        (?, ?, ?, ?, ?, ?, ?, ?, ?, ?, ?, ?, ?, ?, ?, ?)
2025-06-20T14:19:42.806+05:30 DEBUG 37792 --- [user-management-service] [           main] org.hibernate.SQL                        : 
    insert 
    into
        users
        (bank_account_number, bank_ifsc_code, business_address, business_name, created_at, email, enabled, first_name, is_active, is_seller, last_name, password, phone, updated_at, upi_id, version) 
    values
        (?, ?, ?, ?, ?, ?, ?, ?, ?, ?, ?, ?, ?, ?, ?, ?)
Hibernate: 
    insert 
    into
        users
        (bank_account_number, bank_ifsc_code, business_address, business_name, created_at, email, enabled, first_name, is_active, is_seller, last_name, password, phone, updated_at, upi_id, version) 
    values
        (?, ?, ?, ?, ?, ?, ?, ?, ?, ?, ?, ?, ?, ?, ?, ?)
2025-06-20T14:19:42.809+05:30 DEBUG 37792 --- [user-management-service] [           main] org.hibernate.SQL                        : 
    insert 
    into
        users
        (bank_account_number, bank_ifsc_code, business_address, business_name, created_at, email, enabled, first_name, is_active, is_seller, last_name, password, phone, updated_at, upi_id, version) 
    values
        (?, ?, ?, ?, ?, ?, ?, ?, ?, ?, ?, ?, ?, ?, ?, ?)
Hibernate: 
    insert 
    into
        users
        (bank_account_number, bank_ifsc_code, business_address, business_name, created_at, email, enabled, first_name, is_active, is_seller, last_name, password, phone, updated_at, upi_id, version) 
    values
        (?, ?, ?, ?, ?, ?, ?, ?, ?, ?, ?, ?, ?, ?, ?, ?)
2025-06-20T14:19:42.812+05:30 DEBUG 37792 --- [user-management-service] [           main] org.hibernate.SQL                        : 
    insert 
    into
        users
        (bank_account_number, bank_ifsc_code, business_address, business_name, created_at, email, enabled, first_name, is_active, is_seller, last_name, password, phone, updated_at, upi_id, version) 
    values
        (?, ?, ?, ?, ?, ?, ?, ?, ?, ?, ?, ?, ?, ?, ?, ?)
Hibernate: 
    insert 
    into
        users
        (bank_account_number, bank_ifsc_code, business_address, business_name, created_at, email, enabled, first_name, is_active, is_seller, last_name, password, phone, updated_at, upi_id, version) 
    values
        (?, ?, ?, ?, ?, ?, ?, ?, ?, ?, ?, ?, ?, ?, ?, ?)
2025-06-20T14:19:42.816+05:30 DEBUG 37792 --- [user-management-service] [           main] org.hibernate.SQL                        : 
    insert 
    into
        users
        (bank_account_number, bank_ifsc_code, business_address, business_name, created_at, email, enabled, first_name, is_active, is_seller, last_name, password, phone, updated_at, upi_id, version) 
    values
        (?, ?, ?, ?, ?, ?, ?, ?, ?, ?, ?, ?, ?, ?, ?, ?)
Hibernate: 
    insert 
    into
        users
        (bank_account_number, bank_ifsc_code, business_address, business_name, created_at, email, enabled, first_name, is_active, is_seller, last_name, password, phone, updated_at, upi_id, version) 
    values
        (?, ?, ?, ?, ?, ?, ?, ?, ?, ?, ?, ?, ?, ?, ?, ?)
2025-06-20T14:19:42.820+05:30 DEBUG 37792 --- [user-management-service] [           main] org.hibernate.SQL                        : 
    insert 
    into
        users
        (bank_account_number, bank_ifsc_code, business_address, business_name, created_at, email, enabled, first_name, is_active, is_seller, last_name, password, phone, updated_at, upi_id, version) 
    values
        (?, ?, ?, ?, ?, ?, ?, ?, ?, ?, ?, ?, ?, ?, ?, ?)
Hibernate: 
    insert 
    into
        users
        (bank_account_number, bank_ifsc_code, business_address, business_name, created_at, email, enabled, first_name, is_active, is_seller, last_name, password, phone, updated_at, upi_id, version) 
    values
        (?, ?, ?, ?, ?, ?, ?, ?, ?, ?, ?, ?, ?, ?, ?, ?)
2025-06-20T14:19:42.824+05:30 DEBUG 37792 --- [user-management-service] [           main] org.hibernate.SQL                        : 
    insert 
    into
        users
        (bank_account_number, bank_ifsc_code, business_address, business_name, created_at, email, enabled, first_name, is_active, is_seller, last_name, password, phone, updated_at, upi_id, version) 
    values
        (?, ?, ?, ?, ?, ?, ?, ?, ?, ?, ?, ?, ?, ?, ?, ?)
Hibernate: 
    insert 
    into
        users
        (bank_account_number, bank_ifsc_code, business_address, business_name, created_at, email, enabled, first_name, is_active, is_seller, last_name, password, phone, updated_at, upi_id, version) 
    values
        (?, ?, ?, ?, ?, ?, ?, ?, ?, ?, ?, ?, ?, ?, ?, ?)
2025-06-20T14:19:42.827+05:30 DEBUG 37792 --- [user-management-service] [           main] org.hibernate.SQL                        : 
    insert 
    into
        users
        (bank_account_number, bank_ifsc_code, business_address, business_name, created_at, email, enabled, first_name, is_active, is_seller, last_name, password, phone, updated_at, upi_id, version) 
    values
        (?, ?, ?, ?, ?, ?, ?, ?, ?, ?, ?, ?, ?, ?, ?, ?)
Hibernate: 
    insert 
    into
        users
        (bank_account_number, bank_ifsc_code, business_address, business_name, created_at, email, enabled, first_name, is_active, is_seller, last_name, password, phone, updated_at, upi_id, version) 
    values
        (?, ?, ?, ?, ?, ?, ?, ?, ?, ?, ?, ?, ?, ?, ?, ?)
2025-06-20T14:19:42.833+05:30 DEBUG 37792 --- [user-management-service] [           main] org.hibernate.SQL                        : 
    insert 
    into
        users
        (bank_account_number, bank_ifsc_code, business_address, business_name, created_at, email, enabled, first_name, is_active, is_seller, last_name, password, phone, updated_at, upi_id, version) 
    values
        (?, ?, ?, ?, ?, ?, ?, ?, ?, ?, ?, ?, ?, ?, ?, ?)
Hibernate: 
    insert 
    into
        users
        (bank_account_number, bank_ifsc_code, business_address, business_name, created_at, email, enabled, first_name, is_active, is_seller, last_name, password, phone, updated_at, upi_id, version) 
    values
        (?, ?, ?, ?, ?, ?, ?, ?, ?, ?, ?, ?, ?, ?, ?, ?)
2025-06-20T14:19:42.836+05:30 DEBUG 37792 --- [user-management-service] [           main] org.hibernate.SQL                        : 
    insert 
    into
        users
        (bank_account_number, bank_ifsc_code, business_address, business_name, created_at, email, enabled, first_name, is_active, is_seller, last_name, password, phone, updated_at, upi_id, version) 
    values
        (?, ?, ?, ?, ?, ?, ?, ?, ?, ?, ?, ?, ?, ?, ?, ?)
Hibernate: 
    insert 
    into
        users
        (bank_account_number, bank_ifsc_code, business_address, business_name, created_at, email, enabled, first_name, is_active, is_seller, last_name, password, phone, updated_at, upi_id, version) 
    values
        (?, ?, ?, ?, ?, ?, ?, ?, ?, ?, ?, ?, ?, ?, ?, ?)
2025-06-20T14:19:42.840+05:30 DEBUG 37792 --- [user-management-service] [           main] org.hibernate.SQL                        : 
    insert 
    into
        users
        (bank_account_number, bank_ifsc_code, business_address, business_name, created_at, email, enabled, first_name, is_active, is_seller, last_name, password, phone, updated_at, upi_id, version) 
    values
        (?, ?, ?, ?, ?, ?, ?, ?, ?, ?, ?, ?, ?, ?, ?, ?)
Hibernate: 
    insert 
    into
        users
        (bank_account_number, bank_ifsc_code, business_address, business_name, created_at, email, enabled, first_name, is_active, is_seller, last_name, password, phone, updated_at, upi_id, version) 
    values
        (?, ?, ?, ?, ?, ?, ?, ?, ?, ?, ?, ?, ?, ?, ?, ?)
2025-06-20T14:19:42.845+05:30 DEBUG 37792 --- [user-management-service] [           main] org.hibernate.SQL                        : 
    insert 
    into
        users
        (bank_account_number, bank_ifsc_code, business_address, business_name, created_at, email, enabled, first_name, is_active, is_seller, last_name, password, phone, updated_at, upi_id, version) 
    values
        (?, ?, ?, ?, ?, ?, ?, ?, ?, ?, ?, ?, ?, ?, ?, ?)
Hibernate: 
    insert 
    into
        users
        (bank_account_number, bank_ifsc_code, business_address, business_name, created_at, email, enabled, first_name, is_active, is_seller, last_name, password, phone, updated_at, upi_id, version) 
    values
        (?, ?, ?, ?, ?, ?, ?, ?, ?, ?, ?, ?, ?, ?, ?, ?)
2025-06-20T14:19:42.850+05:30 DEBUG 37792 --- [user-management-service] [           main] org.hibernate.SQL                        : 
    insert 
    into
        users
        (bank_account_number, bank_ifsc_code, business_address, business_name, created_at, email, enabled, first_name, is_active, is_seller, last_name, password, phone, updated_at, upi_id, version) 
    values
        (?, ?, ?, ?, ?, ?, ?, ?, ?, ?, ?, ?, ?, ?, ?, ?)
Hibernate: 
    insert 
    into
        users
        (bank_account_number, bank_ifsc_code, business_address, business_name, created_at, email, enabled, first_name, is_active, is_seller, last_name, password, phone, updated_at, upi_id, version) 
    values
        (?, ?, ?, ?, ?, ?, ?, ?, ?, ?, ?, ?, ?, ?, ?, ?)
2025-06-20T14:19:42.854+05:30 DEBUG 37792 --- [user-management-service] [           main] org.hibernate.SQL                        : 
    insert 
    into
        users
        (bank_account_number, bank_ifsc_code, business_address, business_name, created_at, email, enabled, first_name, is_active, is_seller, last_name, password, phone, updated_at, upi_id, version) 
    values
        (?, ?, ?, ?, ?, ?, ?, ?, ?, ?, ?, ?, ?, ?, ?, ?)
Hibernate: 
    insert 
    into
        users
        (bank_account_number, bank_ifsc_code, business_address, business_name, created_at, email, enabled, first_name, is_active, is_seller, last_name, password, phone, updated_at, upi_id, version) 
    values
        (?, ?, ?, ?, ?, ?, ?, ?, ?, ?, ?, ?, ?, ?, ?, ?)
2025-06-20T14:19:42.858+05:30 DEBUG 37792 --- [user-management-service] [           main] org.hibernate.SQL                        : 
    insert 
    into
        users
        (bank_account_number, bank_ifsc_code, business_address, business_name, created_at, email, enabled, first_name, is_active, is_seller, last_name, password, phone, updated_at, upi_id, version) 
    values
        (?, ?, ?, ?, ?, ?, ?, ?, ?, ?, ?, ?, ?, ?, ?, ?)
Hibernate: 
    insert 
    into
        users
        (bank_account_number, bank_ifsc_code, business_address, business_name, created_at, email, enabled, first_name, is_active, is_seller, last_name, password, phone, updated_at, upi_id, version) 
    values
        (?, ?, ?, ?, ?, ?, ?, ?, ?, ?, ?, ?, ?, ?, ?, ?)
2025-06-20T14:19:42.865+05:30 DEBUG 37792 --- [user-management-service] [           main] org.hibernate.SQL                        : 
    insert 
    into
        users
        (bank_account_number, bank_ifsc_code, business_address, business_name, created_at, email, enabled, first_name, is_active, is_seller, last_name, password, phone, updated_at, upi_id, version) 
    values
        (?, ?, ?, ?, ?, ?, ?, ?, ?, ?, ?, ?, ?, ?, ?, ?)
Hibernate: 
    insert 
    into
        users
        (bank_account_number, bank_ifsc_code, business_address, business_name, created_at, email, enabled, first_name, is_active, is_seller, last_name, password, phone, updated_at, upi_id, version) 
    values
        (?, ?, ?, ?, ?, ?, ?, ?, ?, ?, ?, ?, ?, ?, ?, ?)
2025-06-20T14:19:42.869+05:30 DEBUG 37792 --- [user-management-service] [           main] org.hibernate.SQL                        : 
    insert 
    into
        users
        (bank_account_number, bank_ifsc_code, business_address, business_name, created_at, email, enabled, first_name, is_active, is_seller, last_name, password, phone, updated_at, upi_id, version) 
    values
        (?, ?, ?, ?, ?, ?, ?, ?, ?, ?, ?, ?, ?, ?, ?, ?)
Hibernate: 
    insert 
    into
        users
        (bank_account_number, bank_ifsc_code, business_address, business_name, created_at, email, enabled, first_name, is_active, is_seller, last_name, password, phone, updated_at, upi_id, version) 
    values
        (?, ?, ?, ?, ?, ?, ?, ?, ?, ?, ?, ?, ?, ?, ?, ?)
2025-06-20T14:19:42.871+05:30 DEBUG 37792 --- [user-management-service] [           main] org.hibernate.SQL                        : 
    insert 
    into
        users
        (bank_account_number, bank_ifsc_code, business_address, business_name, created_at, email, enabled, first_name, is_active, is_seller, last_name, password, phone, updated_at, upi_id, version) 
    values
        (?, ?, ?, ?, ?, ?, ?, ?, ?, ?, ?, ?, ?, ?, ?, ?)
Hibernate: 
    insert 
    into
        users
        (bank_account_number, bank_ifsc_code, business_address, business_name, created_at, email, enabled, first_name, is_active, is_seller, last_name, password, phone, updated_at, upi_id, version) 
    values
        (?, ?, ?, ?, ?, ?, ?, ?, ?, ?, ?, ?, ?, ?, ?, ?)
2025-06-20T14:19:42.875+05:30 DEBUG 37792 --- [user-management-service] [           main] org.hibernate.SQL                        : 
    insert 
    into
        users
        (bank_account_number, bank_ifsc_code, business_address, business_name, created_at, email, enabled, first_name, is_active, is_seller, last_name, password, phone, updated_at, upi_id, version) 
    values
        (?, ?, ?, ?, ?, ?, ?, ?, ?, ?, ?, ?, ?, ?, ?, ?)
Hibernate: 
    insert 
    into
        users
        (bank_account_number, bank_ifsc_code, business_address, business_name, created_at, email, enabled, first_name, is_active, is_seller, last_name, password, phone, updated_at, upi_id, version) 
    values
        (?, ?, ?, ?, ?, ?, ?, ?, ?, ?, ?, ?, ?, ?, ?, ?)
2025-06-20T14:19:42.878+05:30 DEBUG 37792 --- [user-management-service] [           main] org.hibernate.SQL                        : 
    insert 
    into
        users
        (bank_account_number, bank_ifsc_code, business_address, business_name, created_at, email, enabled, first_name, is_active, is_seller, last_name, password, phone, updated_at, upi_id, version) 
    values
        (?, ?, ?, ?, ?, ?, ?, ?, ?, ?, ?, ?, ?, ?, ?, ?)
Hibernate: 
    insert 
    into
        users
        (bank_account_number, bank_ifsc_code, business_address, business_name, created_at, email, enabled, first_name, is_active, is_seller, last_name, password, phone, updated_at, upi_id, version) 
    values
        (?, ?, ?, ?, ?, ?, ?, ?, ?, ?, ?, ?, ?, ?, ?, ?)
2025-06-20T14:19:42.881+05:30 DEBUG 37792 --- [user-management-service] [           main] org.hibernate.SQL                        : 
    insert 
    into
        users
        (bank_account_number, bank_ifsc_code, business_address, business_name, created_at, email, enabled, first_name, is_active, is_seller, last_name, password, phone, updated_at, upi_id, version) 
    values
        (?, ?, ?, ?, ?, ?, ?, ?, ?, ?, ?, ?, ?, ?, ?, ?)
Hibernate: 
    insert 
    into
        users
        (bank_account_number, bank_ifsc_code, business_address, business_name, created_at, email, enabled, first_name, is_active, is_seller, last_name, password, phone, updated_at, upi_id, version) 
    values
        (?, ?, ?, ?, ?, ?, ?, ?, ?, ?, ?, ?, ?, ?, ?, ?)
2025-06-20T14:19:42.885+05:30 DEBUG 37792 --- [user-management-service] [           main] org.hibernate.SQL                        : 
    insert 
    into
        users
        (bank_account_number, bank_ifsc_code, business_address, business_name, created_at, email, enabled, first_name, is_active, is_seller, last_name, password, phone, updated_at, upi_id, version) 
    values
        (?, ?, ?, ?, ?, ?, ?, ?, ?, ?, ?, ?, ?, ?, ?, ?)
Hibernate: 
    insert 
    into
        users
        (bank_account_number, bank_ifsc_code, business_address, business_name, created_at, email, enabled, first_name, is_active, is_seller, last_name, password, phone, updated_at, upi_id, version) 
    values
        (?, ?, ?, ?, ?, ?, ?, ?, ?, ?, ?, ?, ?, ?, ?, ?)
2025-06-20T14:19:42.888+05:30 DEBUG 37792 --- [user-management-service] [           main] org.hibernate.SQL                        : 
    insert 
    into
        users
        (bank_account_number, bank_ifsc_code, business_address, business_name, created_at, email, enabled, first_name, is_active, is_seller, last_name, password, phone, updated_at, upi_id, version) 
    values
        (?, ?, ?, ?, ?, ?, ?, ?, ?, ?, ?, ?, ?, ?, ?, ?)
Hibernate: 
    insert 
    into
        users
        (bank_account_number, bank_ifsc_code, business_address, business_name, created_at, email, enabled, first_name, is_active, is_seller, last_name, password, phone, updated_at, upi_id, version) 
    values
        (?, ?, ?, ?, ?, ?, ?, ?, ?, ?, ?, ?, ?, ?, ?, ?)
2025-06-20T14:19:42.894+05:30 DEBUG 37792 --- [user-management-service] [           main] org.hibernate.SQL                        : 
    insert 
    into
        users
        (bank_account_number, bank_ifsc_code, business_address, business_name, created_at, email, enabled, first_name, is_active, is_seller, last_name, password, phone, updated_at, upi_id, version) 
    values
        (?, ?, ?, ?, ?, ?, ?, ?, ?, ?, ?, ?, ?, ?, ?, ?)
Hibernate: 
    insert 
    into
        users
        (bank_account_number, bank_ifsc_code, business_address, business_name, created_at, email, enabled, first_name, is_active, is_seller, last_name, password, phone, updated_at, upi_id, version) 
    values
        (?, ?, ?, ?, ?, ?, ?, ?, ?, ?, ?, ?, ?, ?, ?, ?)
2025-06-20T14:19:42.901+05:30 DEBUG 37792 --- [user-management-service] [           main] org.hibernate.SQL                        : 
    insert 
    into
        users
        (bank_account_number, bank_ifsc_code, business_address, business_name, created_at, email, enabled, first_name, is_active, is_seller, last_name, password, phone, updated_at, upi_id, version) 
    values
        (?, ?, ?, ?, ?, ?, ?, ?, ?, ?, ?, ?, ?, ?, ?, ?)
Hibernate: 
    insert 
    into
        users
        (bank_account_number, bank_ifsc_code, business_address, business_name, created_at, email, enabled, first_name, is_active, is_seller, last_name, password, phone, updated_at, upi_id, version) 
    values
        (?, ?, ?, ?, ?, ?, ?, ?, ?, ?, ?, ?, ?, ?, ?, ?)
2025-06-20T14:19:42.907+05:30 DEBUG 37792 --- [user-management-service] [           main] org.hibernate.SQL                        : 
    insert 
    into
        users
        (bank_account_number, bank_ifsc_code, business_address, business_name, created_at, email, enabled, first_name, is_active, is_seller, last_name, password, phone, updated_at, upi_id, version) 
    values
        (?, ?, ?, ?, ?, ?, ?, ?, ?, ?, ?, ?, ?, ?, ?, ?)
Hibernate: 
    insert 
    into
        users
        (bank_account_number, bank_ifsc_code, business_address, business_name, created_at, email, enabled, first_name, is_active, is_seller, last_name, password, phone, updated_at, upi_id, version) 
    values
        (?, ?, ?, ?, ?, ?, ?, ?, ?, ?, ?, ?, ?, ?, ?, ?)
2025-06-20T14:19:42.913+05:30 DEBUG 37792 --- [user-management-service] [           main] org.hibernate.SQL                        : 
    insert 
    into
        users
        (bank_account_number, bank_ifsc_code, business_address, business_name, created_at, email, enabled, first_name, is_active, is_seller, last_name, password, phone, updated_at, upi_id, version) 
    values
        (?, ?, ?, ?, ?, ?, ?, ?, ?, ?, ?, ?, ?, ?, ?, ?)
Hibernate: 
    insert 
    into
        users
        (bank_account_number, bank_ifsc_code, business_address, business_name, created_at, email, enabled, first_name, is_active, is_seller, last_name, password, phone, updated_at, upi_id, version) 
    values
        (?, ?, ?, ?, ?, ?, ?, ?, ?, ?, ?, ?, ?, ?, ?, ?)
2025-06-20T14:19:42.919+05:30 DEBUG 37792 --- [user-management-service] [           main] org.hibernate.SQL                        : 
    insert 
    into
        users
        (bank_account_number, bank_ifsc_code, business_address, business_name, created_at, email, enabled, first_name, is_active, is_seller, last_name, password, phone, updated_at, upi_id, version) 
    values
        (?, ?, ?, ?, ?, ?, ?, ?, ?, ?, ?, ?, ?, ?, ?, ?)
Hibernate: 
    insert 
    into
        users
        (bank_account_number, bank_ifsc_code, business_address, business_name, created_at, email, enabled, first_name, is_active, is_seller, last_name, password, phone, updated_at, upi_id, version) 
    values
        (?, ?, ?, ?, ?, ?, ?, ?, ?, ?, ?, ?, ?, ?, ?, ?)
2025-06-20T14:19:42.925+05:30 DEBUG 37792 --- [user-management-service] [           main] org.hibernate.SQL                        : 
    insert 
    into
        users
        (bank_account_number, bank_ifsc_code, business_address, business_name, created_at, email, enabled, first_name, is_active, is_seller, last_name, password, phone, updated_at, upi_id, version) 
    values
        (?, ?, ?, ?, ?, ?, ?, ?, ?, ?, ?, ?, ?, ?, ?, ?)
Hibernate: 
    insert 
    into
        users
        (bank_account_number, bank_ifsc_code, business_address, business_name, created_at, email, enabled, first_name, is_active, is_seller, last_name, password, phone, updated_at, upi_id, version) 
    values
        (?, ?, ?, ?, ?, ?, ?, ?, ?, ?, ?, ?, ?, ?, ?, ?)
2025-06-20T14:19:42.932+05:30 DEBUG 37792 --- [user-management-service] [           main] org.hibernate.SQL                        : 
    insert 
    into
        users
        (bank_account_number, bank_ifsc_code, business_address, business_name, created_at, email, enabled, first_name, is_active, is_seller, last_name, password, phone, updated_at, upi_id, version) 
    values
        (?, ?, ?, ?, ?, ?, ?, ?, ?, ?, ?, ?, ?, ?, ?, ?)
Hibernate: 
    insert 
    into
        users
        (bank_account_number, bank_ifsc_code, business_address, business_name, created_at, email, enabled, first_name, is_active, is_seller, last_name, password, phone, updated_at, upi_id, version) 
    values
        (?, ?, ?, ?, ?, ?, ?, ?, ?, ?, ?, ?, ?, ?, ?, ?)
2025-06-20T14:19:42.938+05:30 DEBUG 37792 --- [user-management-service] [           main] org.hibernate.SQL                        : 
    insert 
    into
        users
        (bank_account_number, bank_ifsc_code, business_address, business_name, created_at, email, enabled, first_name, is_active, is_seller, last_name, password, phone, updated_at, upi_id, version) 
    values
        (?, ?, ?, ?, ?, ?, ?, ?, ?, ?, ?, ?, ?, ?, ?, ?)
Hibernate: 
    insert 
    into
        users
        (bank_account_number, bank_ifsc_code, business_address, business_name, created_at, email, enabled, first_name, is_active, is_seller, last_name, password, phone, updated_at, upi_id, version) 
    values
        (?, ?, ?, ?, ?, ?, ?, ?, ?, ?, ?, ?, ?, ?, ?, ?)
2025-06-20T14:19:42.944+05:30 DEBUG 37792 --- [user-management-service] [           main] org.hibernate.SQL                        : 
    insert 
    into
        users
        (bank_account_number, bank_ifsc_code, business_address, business_name, created_at, email, enabled, first_name, is_active, is_seller, last_name, password, phone, updated_at, upi_id, version) 
    values
        (?, ?, ?, ?, ?, ?, ?, ?, ?, ?, ?, ?, ?, ?, ?, ?)
Hibernate: 
    insert 
    into
        users
        (bank_account_number, bank_ifsc_code, business_address, business_name, created_at, email, enabled, first_name, is_active, is_seller, last_name, password, phone, updated_at, upi_id, version) 
    values
        (?, ?, ?, ?, ?, ?, ?, ?, ?, ?, ?, ?, ?, ?, ?, ?)
2025-06-20T14:19:42.949+05:30 DEBUG 37792 --- [user-management-service] [           main] org.hibernate.SQL                        : 
    insert 
    into
        users
        (bank_account_number, bank_ifsc_code, business_address, business_name, created_at, email, enabled, first_name, is_active, is_seller, last_name, password, phone, updated_at, upi_id, version) 
    values
        (?, ?, ?, ?, ?, ?, ?, ?, ?, ?, ?, ?, ?, ?, ?, ?)
Hibernate: 
    insert 
    into
        users
        (bank_account_number, bank_ifsc_code, business_address, business_name, created_at, email, enabled, first_name, is_active, is_seller, last_name, password, phone, updated_at, upi_id, version) 
    values
        (?, ?, ?, ?, ?, ?, ?, ?, ?, ?, ?, ?, ?, ?, ?, ?)
2025-06-20T14:19:42.955+05:30 DEBUG 37792 --- [user-management-service] [           main] org.hibernate.SQL                        : 
    insert 
    into
        users
        (bank_account_number, bank_ifsc_code, business_address, business_name, created_at, email, enabled, first_name, is_active, is_seller, last_name, password, phone, updated_at, upi_id, version) 
    values
        (?, ?, ?, ?, ?, ?, ?, ?, ?, ?, ?, ?, ?, ?, ?, ?)
Hibernate: 
    insert 
    into
        users
        (bank_account_number, bank_ifsc_code, business_address, business_name, created_at, email, enabled, first_name, is_active, is_seller, last_name, password, phone, updated_at, upi_id, version) 
    values
        (?, ?, ?, ?, ?, ?, ?, ?, ?, ?, ?, ?, ?, ?, ?, ?)
2025-06-20T14:19:42.960+05:30 DEBUG 37792 --- [user-management-service] [           main] org.hibernate.SQL                        : 
    insert 
    into
        users
        (bank_account_number, bank_ifsc_code, business_address, business_name, created_at, email, enabled, first_name, is_active, is_seller, last_name, password, phone, updated_at, upi_id, version) 
    values
        (?, ?, ?, ?, ?, ?, ?, ?, ?, ?, ?, ?, ?, ?, ?, ?)
Hibernate: 
    insert 
    into
        users
        (bank_account_number, bank_ifsc_code, business_address, business_name, created_at, email, enabled, first_name, is_active, is_seller, last_name, password, phone, updated_at, upi_id, version) 
    values
        (?, ?, ?, ?, ?, ?, ?, ?, ?, ?, ?, ?, ?, ?, ?, ?)
2025-06-20T14:19:42.965+05:30 DEBUG 37792 --- [user-management-service] [           main] org.hibernate.SQL                        : 
    insert 
    into
        users
        (bank_account_number, bank_ifsc_code, business_address, business_name, created_at, email, enabled, first_name, is_active, is_seller, last_name, password, phone, updated_at, upi_id, version) 
    values
        (?, ?, ?, ?, ?, ?, ?, ?, ?, ?, ?, ?, ?, ?, ?, ?)
Hibernate: 
    insert 
    into
        users
        (bank_account_number, bank_ifsc_code, business_address, business_name, created_at, email, enabled, first_name, is_active, is_seller, last_name, password, phone, updated_at, upi_id, version) 
    values
        (?, ?, ?, ?, ?, ?, ?, ?, ?, ?, ?, ?, ?, ?, ?, ?)
2025-06-20T14:19:42.970+05:30 DEBUG 37792 --- [user-management-service] [           main] org.hibernate.SQL                        : 
    insert 
    into
        users
        (bank_account_number, bank_ifsc_code, business_address, business_name, created_at, email, enabled, first_name, is_active, is_seller, last_name, password, phone, updated_at, upi_id, version) 
    values
        (?, ?, ?, ?, ?, ?, ?, ?, ?, ?, ?, ?, ?, ?, ?, ?)
Hibernate: 
    insert 
    into
        users
        (bank_account_number, bank_ifsc_code, business_address, business_name, created_at, email, enabled, first_name, is_active, is_seller, last_name, password, phone, updated_at, upi_id, version) 
    values
        (?, ?, ?, ?, ?, ?, ?, ?, ?, ?, ?, ?, ?, ?, ?, ?)
2025-06-20T14:19:42.976+05:30 DEBUG 37792 --- [user-management-service] [           main] org.hibernate.SQL                        : 
    insert 
    into
        users
        (bank_account_number, bank_ifsc_code, business_address, business_name, created_at, email, enabled, first_name, is_active, is_seller, last_name, password, phone, updated_at, upi_id, version) 
    values
        (?, ?, ?, ?, ?, ?, ?, ?, ?, ?, ?, ?, ?, ?, ?, ?)
Hibernate: 
    insert 
    into
        users
        (bank_account_number, bank_ifsc_code, business_address, business_name, created_at, email, enabled, first_name, is_active, is_seller, last_name, password, phone, updated_at, upi_id, version) 
    values
        (?, ?, ?, ?, ?, ?, ?, ?, ?, ?, ?, ?, ?, ?, ?, ?)
2025-06-20T14:19:42.983+05:30 DEBUG 37792 --- [user-management-service] [           main] org.hibernate.SQL                        : 
    insert 
    into
        users
        (bank_account_number, bank_ifsc_code, business_address, business_name, created_at, email, enabled, first_name, is_active, is_seller, last_name, password, phone, updated_at, upi_id, version) 
    values
        (?, ?, ?, ?, ?, ?, ?, ?, ?, ?, ?, ?, ?, ?, ?, ?)
Hibernate: 
    insert 
    into
        users
        (bank_account_number, bank_ifsc_code, business_address, business_name, created_at, email, enabled, first_name, is_active, is_seller, last_name, password, phone, updated_at, upi_id, version) 
    values
        (?, ?, ?, ?, ?, ?, ?, ?, ?, ?, ?, ?, ?, ?, ?, ?)
2025-06-20T14:19:42.989+05:30 DEBUG 37792 --- [user-management-service] [           main] org.hibernate.SQL                        : 
    insert 
    into
        users
        (bank_account_number, bank_ifsc_code, business_address, business_name, created_at, email, enabled, first_name, is_active, is_seller, last_name, password, phone, updated_at, upi_id, version) 
    values
        (?, ?, ?, ?, ?, ?, ?, ?, ?, ?, ?, ?, ?, ?, ?, ?)
Hibernate: 
    insert 
    into
        users
        (bank_account_number, bank_ifsc_code, business_address, business_name, created_at, email, enabled, first_name, is_active, is_seller, last_name, password, phone, updated_at, upi_id, version) 
    values
        (?, ?, ?, ?, ?, ?, ?, ?, ?, ?, ?, ?, ?, ?, ?, ?)
2025-06-20T14:19:42.994+05:30 DEBUG 37792 --- [user-management-service] [           main] org.hibernate.SQL                        : 
    insert 
    into
        users
        (bank_account_number, bank_ifsc_code, business_address, business_name, created_at, email, enabled, first_name, is_active, is_seller, last_name, password, phone, updated_at, upi_id, version) 
    values
        (?, ?, ?, ?, ?, ?, ?, ?, ?, ?, ?, ?, ?, ?, ?, ?)
Hibernate: 
    insert 
    into
        users
        (bank_account_number, bank_ifsc_code, business_address, business_name, created_at, email, enabled, first_name, is_active, is_seller, last_name, password, phone, updated_at, upi_id, version) 
    values
        (?, ?, ?, ?, ?, ?, ?, ?, ?, ?, ?, ?, ?, ?, ?, ?)
2025-06-20T14:19:43.002+05:30 DEBUG 37792 --- [user-management-service] [           main] org.hibernate.SQL                        : 
    insert 
    into
        users
        (bank_account_number, bank_ifsc_code, business_address, business_name, created_at, email, enabled, first_name, is_active, is_seller, last_name, password, phone, updated_at, upi_id, version) 
    values
        (?, ?, ?, ?, ?, ?, ?, ?, ?, ?, ?, ?, ?, ?, ?, ?)
Hibernate: 
    insert 
    into
        users
        (bank_account_number, bank_ifsc_code, business_address, business_name, created_at, email, enabled, first_name, is_active, is_seller, last_name, password, phone, updated_at, upi_id, version) 
    values
        (?, ?, ?, ?, ?, ?, ?, ?, ?, ?, ?, ?, ?, ?, ?, ?)
2025-06-20T14:19:43.007+05:30 DEBUG 37792 --- [user-management-service] [           main] org.hibernate.SQL                        : 
    insert 
    into
        users
        (bank_account_number, bank_ifsc_code, business_address, business_name, created_at, email, enabled, first_name, is_active, is_seller, last_name, password, phone, updated_at, upi_id, version) 
    values
        (?, ?, ?, ?, ?, ?, ?, ?, ?, ?, ?, ?, ?, ?, ?, ?)
Hibernate: 
    insert 
    into
        users
        (bank_account_number, bank_ifsc_code, business_address, business_name, created_at, email, enabled, first_name, is_active, is_seller, last_name, password, phone, updated_at, upi_id, version) 
    values
        (?, ?, ?, ?, ?, ?, ?, ?, ?, ?, ?, ?, ?, ?, ?, ?)
2025-06-20T14:19:43.015+05:30 DEBUG 37792 --- [user-management-service] [           main] org.hibernate.SQL                        : 
    insert 
    into
        users
        (bank_account_number, bank_ifsc_code, business_address, business_name, created_at, email, enabled, first_name, is_active, is_seller, last_name, password, phone, updated_at, upi_id, version) 
    values
        (?, ?, ?, ?, ?, ?, ?, ?, ?, ?, ?, ?, ?, ?, ?, ?)
Hibernate: 
    insert 
    into
        users
        (bank_account_number, bank_ifsc_code, business_address, business_name, created_at, email, enabled, first_name, is_active, is_seller, last_name, password, phone, updated_at, upi_id, version) 
    values
        (?, ?, ?, ?, ?, ?, ?, ?, ?, ?, ?, ?, ?, ?, ?, ?)
2025-06-20T14:19:43.020+05:30 DEBUG 37792 --- [user-management-service] [           main] org.hibernate.SQL                        : 
    insert 
    into
        users
        (bank_account_number, bank_ifsc_code, business_address, business_name, created_at, email, enabled, first_name, is_active, is_seller, last_name, password, phone, updated_at, upi_id, version) 
    values
        (?, ?, ?, ?, ?, ?, ?, ?, ?, ?, ?, ?, ?, ?, ?, ?)
Hibernate: 
    insert 
    into
        users
        (bank_account_number, bank_ifsc_code, business_address, business_name, created_at, email, enabled, first_name, is_active, is_seller, last_name, password, phone, updated_at, upi_id, version) 
    values
        (?, ?, ?, ?, ?, ?, ?, ?, ?, ?, ?, ?, ?, ?, ?, ?)
2025-06-20T14:19:43.026+05:30 DEBUG 37792 --- [user-management-service] [           main] org.hibernate.SQL                        : 
    insert 
    into
        users
        (bank_account_number, bank_ifsc_code, business_address, business_name, created_at, email, enabled, first_name, is_active, is_seller, last_name, password, phone, updated_at, upi_id, version) 
    values
        (?, ?, ?, ?, ?, ?, ?, ?, ?, ?, ?, ?, ?, ?, ?, ?)
Hibernate: 
    insert 
    into
        users
        (bank_account_number, bank_ifsc_code, business_address, business_name, created_at, email, enabled, first_name, is_active, is_seller, last_name, password, phone, updated_at, upi_id, version) 
    values
        (?, ?, ?, ?, ?, ?, ?, ?, ?, ?, ?, ?, ?, ?, ?, ?)
2025-06-20T14:19:43.029+05:30 DEBUG 37792 --- [user-management-service] [           main] org.hibernate.SQL                        : 
    insert 
    into
        users
        (bank_account_number, bank_ifsc_code, business_address, business_name, created_at, email, enabled, first_name, is_active, is_seller, last_name, password, phone, updated_at, upi_id, version) 
    values
        (?, ?, ?, ?, ?, ?, ?, ?, ?, ?, ?, ?, ?, ?, ?, ?)
Hibernate: 
    insert 
    into
        users
        (bank_account_number, bank_ifsc_code, business_address, business_name, created_at, email, enabled, first_name, is_active, is_seller, last_name, password, phone, updated_at, upi_id, version) 
    values
        (?, ?, ?, ?, ?, ?, ?, ?, ?, ?, ?, ?, ?, ?, ?, ?)
2025-06-20T14:19:43.034+05:30 DEBUG 37792 --- [user-management-service] [           main] org.hibernate.SQL                        : 
    insert 
    into
        users
        (bank_account_number, bank_ifsc_code, business_address, business_name, created_at, email, enabled, first_name, is_active, is_seller, last_name, password, phone, updated_at, upi_id, version) 
    values
        (?, ?, ?, ?, ?, ?, ?, ?, ?, ?, ?, ?, ?, ?, ?, ?)
Hibernate: 
    insert 
    into
        users
        (bank_account_number, bank_ifsc_code, business_address, business_name, created_at, email, enabled, first_name, is_active, is_seller, last_name, password, phone, updated_at, upi_id, version) 
    values
        (?, ?, ?, ?, ?, ?, ?, ?, ?, ?, ?, ?, ?, ?, ?, ?)
2025-06-20T14:19:43.037+05:30 DEBUG 37792 --- [user-management-service] [           main] org.hibernate.SQL                        : 
    insert 
    into
        users
        (bank_account_number, bank_ifsc_code, business_address, business_name, created_at, email, enabled, first_name, is_active, is_seller, last_name, password, phone, updated_at, upi_id, version) 
    values
        (?, ?, ?, ?, ?, ?, ?, ?, ?, ?, ?, ?, ?, ?, ?, ?)
Hibernate: 
    insert 
    into
        users
        (bank_account_number, bank_ifsc_code, business_address, business_name, created_at, email, enabled, first_name, is_active, is_seller, last_name, password, phone, updated_at, upi_id, version) 
    values
        (?, ?, ?, ?, ?, ?, ?, ?, ?, ?, ?, ?, ?, ?, ?, ?)
2025-06-20T14:19:43.041+05:30 DEBUG 37792 --- [user-management-service] [           main] org.hibernate.SQL                        : 
    insert 
    into
        users
        (bank_account_number, bank_ifsc_code, business_address, business_name, created_at, email, enabled, first_name, is_active, is_seller, last_name, password, phone, updated_at, upi_id, version) 
    values
        (?, ?, ?, ?, ?, ?, ?, ?, ?, ?, ?, ?, ?, ?, ?, ?)
Hibernate: 
    insert 
    into
        users
        (bank_account_number, bank_ifsc_code, business_address, business_name, created_at, email, enabled, first_name, is_active, is_seller, last_name, password, phone, updated_at, upi_id, version) 
    values
        (?, ?, ?, ?, ?, ?, ?, ?, ?, ?, ?, ?, ?, ?, ?, ?)
2025-06-20T14:19:43.045+05:30 DEBUG 37792 --- [user-management-service] [           main] org.hibernate.SQL                        : 
    insert 
    into
        users
        (bank_account_number, bank_ifsc_code, business_address, business_name, created_at, email, enabled, first_name, is_active, is_seller, last_name, password, phone, updated_at, upi_id, version) 
    values
        (?, ?, ?, ?, ?, ?, ?, ?, ?, ?, ?, ?, ?, ?, ?, ?)
Hibernate: 
    insert 
    into
        users
        (bank_account_number, bank_ifsc_code, business_address, business_name, created_at, email, enabled, first_name, is_active, is_seller, last_name, password, phone, updated_at, upi_id, version) 
    values
        (?, ?, ?, ?, ?, ?, ?, ?, ?, ?, ?, ?, ?, ?, ?, ?)
2025-06-20T14:19:43.049+05:30 DEBUG 37792 --- [user-management-service] [           main] org.hibernate.SQL                        : 
    insert 
    into
        users
        (bank_account_number, bank_ifsc_code, business_address, business_name, created_at, email, enabled, first_name, is_active, is_seller, last_name, password, phone, updated_at, upi_id, version) 
    values
        (?, ?, ?, ?, ?, ?, ?, ?, ?, ?, ?, ?, ?, ?, ?, ?)
Hibernate: 
    insert 
    into
        users
        (bank_account_number, bank_ifsc_code, business_address, business_name, created_at, email, enabled, first_name, is_active, is_seller, last_name, password, phone, updated_at, upi_id, version) 
    values
        (?, ?, ?, ?, ?, ?, ?, ?, ?, ?, ?, ?, ?, ?, ?, ?)
2025-06-20T14:19:43.054+05:30 DEBUG 37792 --- [user-management-service] [           main] org.hibernate.SQL                        : 
    insert 
    into
        users
        (bank_account_number, bank_ifsc_code, business_address, business_name, created_at, email, enabled, first_name, is_active, is_seller, last_name, password, phone, updated_at, upi_id, version) 
    values
        (?, ?, ?, ?, ?, ?, ?, ?, ?, ?, ?, ?, ?, ?, ?, ?)
Hibernate: 
    insert 
    into
        users
        (bank_account_number, bank_ifsc_code, business_address, business_name, created_at, email, enabled, first_name, is_active, is_seller, last_name, password, phone, updated_at, upi_id, version) 
    values
        (?, ?, ?, ?, ?, ?, ?, ?, ?, ?, ?, ?, ?, ?, ?, ?)
2025-06-20T14:19:43.057+05:30 DEBUG 37792 --- [user-management-service] [           main] org.hibernate.SQL                        : 
    insert 
    into
        users
        (bank_account_number, bank_ifsc_code, business_address, business_name, created_at, email, enabled, first_name, is_active, is_seller, last_name, password, phone, updated_at, upi_id, version) 
    values
        (?, ?, ?, ?, ?, ?, ?, ?, ?, ?, ?, ?, ?, ?, ?, ?)
Hibernate: 
    insert 
    into
        users
        (bank_account_number, bank_ifsc_code, business_address, business_name, created_at, email, enabled, first_name, is_active, is_seller, last_name, password, phone, updated_at, upi_id, version) 
    values
        (?, ?, ?, ?, ?, ?, ?, ?, ?, ?, ?, ?, ?, ?, ?, ?)
2025-06-20T14:19:43.062+05:30 DEBUG 37792 --- [user-management-service] [           main] org.hibernate.SQL                        : 
    insert 
    into
        users
        (bank_account_number, bank_ifsc_code, business_address, business_name, created_at, email, enabled, first_name, is_active, is_seller, last_name, password, phone, updated_at, upi_id, version) 
    values
        (?, ?, ?, ?, ?, ?, ?, ?, ?, ?, ?, ?, ?, ?, ?, ?)
Hibernate: 
    insert 
    into
        users
        (bank_account_number, bank_ifsc_code, business_address, business_name, created_at, email, enabled, first_name, is_active, is_seller, last_name, password, phone, updated_at, upi_id, version) 
    values
        (?, ?, ?, ?, ?, ?, ?, ?, ?, ?, ?, ?, ?, ?, ?, ?)
2025-06-20T14:19:43.068+05:30 DEBUG 37792 --- [user-management-service] [           main] org.hibernate.SQL                        : 
    insert 
    into
        users
        (bank_account_number, bank_ifsc_code, business_address, business_name, created_at, email, enabled, first_name, is_active, is_seller, last_name, password, phone, updated_at, upi_id, version) 
    values
        (?, ?, ?, ?, ?, ?, ?, ?, ?, ?, ?, ?, ?, ?, ?, ?)
Hibernate: 
    insert 
    into
        users
        (bank_account_number, bank_ifsc_code, business_address, business_name, created_at, email, enabled, first_name, is_active, is_seller, last_name, password, phone, updated_at, upi_id, version) 
    values
        (?, ?, ?, ?, ?, ?, ?, ?, ?, ?, ?, ?, ?, ?, ?, ?)
2025-06-20T14:19:43.075+05:30 DEBUG 37792 --- [user-management-service] [           main] org.hibernate.SQL                        : 
    insert 
    into
        users
        (bank_account_number, bank_ifsc_code, business_address, business_name, created_at, email, enabled, first_name, is_active, is_seller, last_name, password, phone, updated_at, upi_id, version) 
    values
        (?, ?, ?, ?, ?, ?, ?, ?, ?, ?, ?, ?, ?, ?, ?, ?)
Hibernate: 
    insert 
    into
        users
        (bank_account_number, bank_ifsc_code, business_address, business_name, created_at, email, enabled, first_name, is_active, is_seller, last_name, password, phone, updated_at, upi_id, version) 
    values
        (?, ?, ?, ?, ?, ?, ?, ?, ?, ?, ?, ?, ?, ?, ?, ?)
2025-06-20T14:19:43.079+05:30 DEBUG 37792 --- [user-management-service] [           main] org.hibernate.SQL                        : 
    insert 
    into
        users
        (bank_account_number, bank_ifsc_code, business_address, business_name, created_at, email, enabled, first_name, is_active, is_seller, last_name, password, phone, updated_at, upi_id, version) 
    values
        (?, ?, ?, ?, ?, ?, ?, ?, ?, ?, ?, ?, ?, ?, ?, ?)
Hibernate: 
    insert 
    into
        users
        (bank_account_number, bank_ifsc_code, business_address, business_name, created_at, email, enabled, first_name, is_active, is_seller, last_name, password, phone, updated_at, upi_id, version) 
    values
        (?, ?, ?, ?, ?, ?, ?, ?, ?, ?, ?, ?, ?, ?, ?, ?)
2025-06-20T14:19:43.084+05:30 DEBUG 37792 --- [user-management-service] [           main] org.hibernate.SQL                        : 
    insert 
    into
        users
        (bank_account_number, bank_ifsc_code, business_address, business_name, created_at, email, enabled, first_name, is_active, is_seller, last_name, password, phone, updated_at, upi_id, version) 
    values
        (?, ?, ?, ?, ?, ?, ?, ?, ?, ?, ?, ?, ?, ?, ?, ?)
Hibernate: 
    insert 
    into
        users
        (bank_account_number, bank_ifsc_code, business_address, business_name, created_at, email, enabled, first_name, is_active, is_seller, last_name, password, phone, updated_at, upi_id, version) 
    values
        (?, ?, ?, ?, ?, ?, ?, ?, ?, ?, ?, ?, ?, ?, ?, ?)
2025-06-20T14:19:43.088+05:30 DEBUG 37792 --- [user-management-service] [           main] org.hibernate.SQL                        : 
    insert 
    into
        users
        (bank_account_number, bank_ifsc_code, business_address, business_name, created_at, email, enabled, first_name, is_active, is_seller, last_name, password, phone, updated_at, upi_id, version) 
    values
        (?, ?, ?, ?, ?, ?, ?, ?, ?, ?, ?, ?, ?, ?, ?, ?)
Hibernate: 
    insert 
    into
        users
        (bank_account_number, bank_ifsc_code, business_address, business_name, created_at, email, enabled, first_name, is_active, is_seller, last_name, password, phone, updated_at, upi_id, version) 
    values
        (?, ?, ?, ?, ?, ?, ?, ?, ?, ?, ?, ?, ?, ?, ?, ?)
2025-06-20T14:19:43.092+05:30 DEBUG 37792 --- [user-management-service] [           main] org.hibernate.SQL                        : 
    insert 
    into
        users
        (bank_account_number, bank_ifsc_code, business_address, business_name, created_at, email, enabled, first_name, is_active, is_seller, last_name, password, phone, updated_at, upi_id, version) 
    values
        (?, ?, ?, ?, ?, ?, ?, ?, ?, ?, ?, ?, ?, ?, ?, ?)
Hibernate: 
    insert 
    into
        users
        (bank_account_number, bank_ifsc_code, business_address, business_name, created_at, email, enabled, first_name, is_active, is_seller, last_name, password, phone, updated_at, upi_id, version) 
    values
        (?, ?, ?, ?, ?, ?, ?, ?, ?, ?, ?, ?, ?, ?, ?, ?)
2025-06-20T14:19:43.096+05:30 DEBUG 37792 --- [user-management-service] [           main] org.hibernate.SQL                        : 
    insert 
    into
        users
        (bank_account_number, bank_ifsc_code, business_address, business_name, created_at, email, enabled, first_name, is_active, is_seller, last_name, password, phone, updated_at, upi_id, version) 
    values
        (?, ?, ?, ?, ?, ?, ?, ?, ?, ?, ?, ?, ?, ?, ?, ?)
Hibernate: 
    insert 
    into
        users
        (bank_account_number, bank_ifsc_code, business_address, business_name, created_at, email, enabled, first_name, is_active, is_seller, last_name, password, phone, updated_at, upi_id, version) 
    values
        (?, ?, ?, ?, ?, ?, ?, ?, ?, ?, ?, ?, ?, ?, ?, ?)
2025-06-20T14:19:43.100+05:30 DEBUG 37792 --- [user-management-service] [           main] org.hibernate.SQL                        : 
    insert 
    into
        users
        (bank_account_number, bank_ifsc_code, business_address, business_name, created_at, email, enabled, first_name, is_active, is_seller, last_name, password, phone, updated_at, upi_id, version) 
    values
        (?, ?, ?, ?, ?, ?, ?, ?, ?, ?, ?, ?, ?, ?, ?, ?)
Hibernate: 
    insert 
    into
        users
        (bank_account_number, bank_ifsc_code, business_address, business_name, created_at, email, enabled, first_name, is_active, is_seller, last_name, password, phone, updated_at, upi_id, version) 
    values
        (?, ?, ?, ?, ?, ?, ?, ?, ?, ?, ?, ?, ?, ?, ?, ?)
2025-06-20T14:19:43.104+05:30 DEBUG 37792 --- [user-management-service] [           main] org.hibernate.SQL                        : 
    insert 
    into
        users
        (bank_account_number, bank_ifsc_code, business_address, business_name, created_at, email, enabled, first_name, is_active, is_seller, last_name, password, phone, updated_at, upi_id, version) 
    values
        (?, ?, ?, ?, ?, ?, ?, ?, ?, ?, ?, ?, ?, ?, ?, ?)
Hibernate: 
    insert 
    into
        users
        (bank_account_number, bank_ifsc_code, business_address, business_name, created_at, email, enabled, first_name, is_active, is_seller, last_name, password, phone, updated_at, upi_id, version) 
    values
        (?, ?, ?, ?, ?, ?, ?, ?, ?, ?, ?, ?, ?, ?, ?, ?)
2025-06-20T14:19:43.108+05:30 DEBUG 37792 --- [user-management-service] [           main] org.hibernate.SQL                        : 
    insert 
    into
        users
        (bank_account_number, bank_ifsc_code, business_address, business_name, created_at, email, enabled, first_name, is_active, is_seller, last_name, password, phone, updated_at, upi_id, version) 
    values
        (?, ?, ?, ?, ?, ?, ?, ?, ?, ?, ?, ?, ?, ?, ?, ?)
Hibernate: 
    insert 
    into
        users
        (bank_account_number, bank_ifsc_code, business_address, business_name, created_at, email, enabled, first_name, is_active, is_seller, last_name, password, phone, updated_at, upi_id, version) 
    values
        (?, ?, ?, ?, ?, ?, ?, ?, ?, ?, ?, ?, ?, ?, ?, ?)
2025-06-20T14:19:43.114+05:30 DEBUG 37792 --- [user-management-service] [           main] org.hibernate.SQL                        : 
    insert 
    into
        users
        (bank_account_number, bank_ifsc_code, business_address, business_name, created_at, email, enabled, first_name, is_active, is_seller, last_name, password, phone, updated_at, upi_id, version) 
    values
        (?, ?, ?, ?, ?, ?, ?, ?, ?, ?, ?, ?, ?, ?, ?, ?)
Hibernate: 
    insert 
    into
        users
        (bank_account_number, bank_ifsc_code, business_address, business_name, created_at, email, enabled, first_name, is_active, is_seller, last_name, password, phone, updated_at, upi_id, version) 
    values
        (?, ?, ?, ?, ?, ?, ?, ?, ?, ?, ?, ?, ?, ?, ?, ?)
2025-06-20T14:19:43.119+05:30 DEBUG 37792 --- [user-management-service] [           main] org.hibernate.SQL                        : 
    insert 
    into
        users
        (bank_account_number, bank_ifsc_code, business_address, business_name, created_at, email, enabled, first_name, is_active, is_seller, last_name, password, phone, updated_at, upi_id, version) 
    values
        (?, ?, ?, ?, ?, ?, ?, ?, ?, ?, ?, ?, ?, ?, ?, ?)
Hibernate: 
    insert 
    into
        users
        (bank_account_number, bank_ifsc_code, business_address, business_name, created_at, email, enabled, first_name, is_active, is_seller, last_name, password, phone, updated_at, upi_id, version) 
    values
        (?, ?, ?, ?, ?, ?, ?, ?, ?, ?, ?, ?, ?, ?, ?, ?)
2025-06-20T14:19:43.124+05:30 DEBUG 37792 --- [user-management-service] [           main] org.hibernate.SQL                        : 
    insert 
    into
        users
        (bank_account_number, bank_ifsc_code, business_address, business_name, created_at, email, enabled, first_name, is_active, is_seller, last_name, password, phone, updated_at, upi_id, version) 
    values
        (?, ?, ?, ?, ?, ?, ?, ?, ?, ?, ?, ?, ?, ?, ?, ?)
Hibernate: 
    insert 
    into
        users
        (bank_account_number, bank_ifsc_code, business_address, business_name, created_at, email, enabled, first_name, is_active, is_seller, last_name, password, phone, updated_at, upi_id, version) 
    values
        (?, ?, ?, ?, ?, ?, ?, ?, ?, ?, ?, ?, ?, ?, ?, ?)
2025-06-20T14:19:43.129+05:30 DEBUG 37792 --- [user-management-service] [           main] org.hibernate.SQL                        : 
    insert 
    into
        users
        (bank_account_number, bank_ifsc_code, business_address, business_name, created_at, email, enabled, first_name, is_active, is_seller, last_name, password, phone, updated_at, upi_id, version) 
    values
        (?, ?, ?, ?, ?, ?, ?, ?, ?, ?, ?, ?, ?, ?, ?, ?)
Hibernate: 
    insert 
    into
        users
        (bank_account_number, bank_ifsc_code, business_address, business_name, created_at, email, enabled, first_name, is_active, is_seller, last_name, password, phone, updated_at, upi_id, version) 
    values
        (?, ?, ?, ?, ?, ?, ?, ?, ?, ?, ?, ?, ?, ?, ?, ?)
2025-06-20T14:19:43.132+05:30 DEBUG 37792 --- [user-management-service] [           main] org.hibernate.SQL                        : 
    insert 
    into
        users
        (bank_account_number, bank_ifsc_code, business_address, business_name, created_at, email, enabled, first_name, is_active, is_seller, last_name, password, phone, updated_at, upi_id, version) 
    values
        (?, ?, ?, ?, ?, ?, ?, ?, ?, ?, ?, ?, ?, ?, ?, ?)
Hibernate: 
    insert 
    into
        users
        (bank_account_number, bank_ifsc_code, business_address, business_name, created_at, email, enabled, first_name, is_active, is_seller, last_name, password, phone, updated_at, upi_id, version) 
    values
        (?, ?, ?, ?, ?, ?, ?, ?, ?, ?, ?, ?, ?, ?, ?, ?)
2025-06-20T14:19:43.136+05:30 DEBUG 37792 --- [user-management-service] [           main] org.hibernate.SQL                        : 
    insert 
    into
        users
        (bank_account_number, bank_ifsc_code, business_address, business_name, created_at, email, enabled, first_name, is_active, is_seller, last_name, password, phone, updated_at, upi_id, version) 
    values
        (?, ?, ?, ?, ?, ?, ?, ?, ?, ?, ?, ?, ?, ?, ?, ?)
Hibernate: 
    insert 
    into
        users
        (bank_account_number, bank_ifsc_code, business_address, business_name, created_at, email, enabled, first_name, is_active, is_seller, last_name, password, phone, updated_at, upi_id, version) 
    values
        (?, ?, ?, ?, ?, ?, ?, ?, ?, ?, ?, ?, ?, ?, ?, ?)
2025-06-20T14:19:43.139+05:30 DEBUG 37792 --- [user-management-service] [           main] org.hibernate.SQL                        : 
    insert 
    into
        users
        (bank_account_number, bank_ifsc_code, business_address, business_name, created_at, email, enabled, first_name, is_active, is_seller, last_name, password, phone, updated_at, upi_id, version) 
    values
        (?, ?, ?, ?, ?, ?, ?, ?, ?, ?, ?, ?, ?, ?, ?, ?)
Hibernate: 
    insert 
    into
        users
        (bank_account_number, bank_ifsc_code, business_address, business_name, created_at, email, enabled, first_name, is_active, is_seller, last_name, password, phone, updated_at, upi_id, version) 
    values
        (?, ?, ?, ?, ?, ?, ?, ?, ?, ?, ?, ?, ?, ?, ?, ?)
2025-06-20T14:19:43.142+05:30 DEBUG 37792 --- [user-management-service] [           main] org.hibernate.SQL                        : 
    insert 
    into
        users
        (bank_account_number, bank_ifsc_code, business_address, business_name, created_at, email, enabled, first_name, is_active, is_seller, last_name, password, phone, updated_at, upi_id, version) 
    values
        (?, ?, ?, ?, ?, ?, ?, ?, ?, ?, ?, ?, ?, ?, ?, ?)
Hibernate: 
    insert 
    into
        users
        (bank_account_number, bank_ifsc_code, business_address, business_name, created_at, email, enabled, first_name, is_active, is_seller, last_name, password, phone, updated_at, upi_id, version) 
    values
        (?, ?, ?, ?, ?, ?, ?, ?, ?, ?, ?, ?, ?, ?, ?, ?)
2025-06-20T14:19:43.146+05:30 DEBUG 37792 --- [user-management-service] [           main] org.hibernate.SQL                        : 
    insert 
    into
        users
        (bank_account_number, bank_ifsc_code, business_address, business_name, created_at, email, enabled, first_name, is_active, is_seller, last_name, password, phone, updated_at, upi_id, version) 
    values
        (?, ?, ?, ?, ?, ?, ?, ?, ?, ?, ?, ?, ?, ?, ?, ?)
Hibernate: 
    insert 
    into
        users
        (bank_account_number, bank_ifsc_code, business_address, business_name, created_at, email, enabled, first_name, is_active, is_seller, last_name, password, phone, updated_at, upi_id, version) 
    values
        (?, ?, ?, ?, ?, ?, ?, ?, ?, ?, ?, ?, ?, ?, ?, ?)
2025-06-20T14:19:43.150+05:30 DEBUG 37792 --- [user-management-service] [           main] org.hibernate.SQL                        : 
    insert 
    into
        users
        (bank_account_number, bank_ifsc_code, business_address, business_name, created_at, email, enabled, first_name, is_active, is_seller, last_name, password, phone, updated_at, upi_id, version) 
    values
        (?, ?, ?, ?, ?, ?, ?, ?, ?, ?, ?, ?, ?, ?, ?, ?)
Hibernate: 
    insert 
    into
        users
        (bank_account_number, bank_ifsc_code, business_address, business_name, created_at, email, enabled, first_name, is_active, is_seller, last_name, password, phone, updated_at, upi_id, version) 
    values
        (?, ?, ?, ?, ?, ?, ?, ?, ?, ?, ?, ?, ?, ?, ?, ?)
2025-06-20T14:19:43.154+05:30 DEBUG 37792 --- [user-management-service] [           main] org.hibernate.SQL                        : 
    insert 
    into
        users
        (bank_account_number, bank_ifsc_code, business_address, business_name, created_at, email, enabled, first_name, is_active, is_seller, last_name, password, phone, updated_at, upi_id, version) 
    values
        (?, ?, ?, ?, ?, ?, ?, ?, ?, ?, ?, ?, ?, ?, ?, ?)
Hibernate: 
    insert 
    into
        users
        (bank_account_number, bank_ifsc_code, business_address, business_name, created_at, email, enabled, first_name, is_active, is_seller, last_name, password, phone, updated_at, upi_id, version) 
    values
        (?, ?, ?, ?, ?, ?, ?, ?, ?, ?, ?, ?, ?, ?, ?, ?)
2025-06-20T14:19:43.159+05:30 DEBUG 37792 --- [user-management-service] [           main] org.hibernate.SQL                        : 
    insert 
    into
        users
        (bank_account_number, bank_ifsc_code, business_address, business_name, created_at, email, enabled, first_name, is_active, is_seller, last_name, password, phone, updated_at, upi_id, version) 
    values
        (?, ?, ?, ?, ?, ?, ?, ?, ?, ?, ?, ?, ?, ?, ?, ?)
Hibernate: 
    insert 
    into
        users
        (bank_account_number, bank_ifsc_code, business_address, business_name, created_at, email, enabled, first_name, is_active, is_seller, last_name, password, phone, updated_at, upi_id, version) 
    values
        (?, ?, ?, ?, ?, ?, ?, ?, ?, ?, ?, ?, ?, ?, ?, ?)
2025-06-20T14:19:43.161+05:30 DEBUG 37792 --- [user-management-service] [           main] org.hibernate.SQL                        : 
    insert 
    into
        users
        (bank_account_number, bank_ifsc_code, business_address, business_name, created_at, email, enabled, first_name, is_active, is_seller, last_name, password, phone, updated_at, upi_id, version) 
    values
        (?, ?, ?, ?, ?, ?, ?, ?, ?, ?, ?, ?, ?, ?, ?, ?)
Hibernate: 
    insert 
    into
        users
        (bank_account_number, bank_ifsc_code, business_address, business_name, created_at, email, enabled, first_name, is_active, is_seller, last_name, password, phone, updated_at, upi_id, version) 
    values
        (?, ?, ?, ?, ?, ?, ?, ?, ?, ?, ?, ?, ?, ?, ?, ?)
2025-06-20T14:19:43.166+05:30 DEBUG 37792 --- [user-management-service] [           main] org.hibernate.SQL                        : 
    insert 
    into
        users
        (bank_account_number, bank_ifsc_code, business_address, business_name, created_at, email, enabled, first_name, is_active, is_seller, last_name, password, phone, updated_at, upi_id, version) 
    values
        (?, ?, ?, ?, ?, ?, ?, ?, ?, ?, ?, ?, ?, ?, ?, ?)
Hibernate: 
    insert 
    into
        users
        (bank_account_number, bank_ifsc_code, business_address, business_name, created_at, email, enabled, first_name, is_active, is_seller, last_name, password, phone, updated_at, upi_id, version) 
    values
        (?, ?, ?, ?, ?, ?, ?, ?, ?, ?, ?, ?, ?, ?, ?, ?)
2025-06-20T14:19:43.170+05:30 DEBUG 37792 --- [user-management-service] [           main] org.hibernate.SQL                        : 
    insert 
    into
        users
        (bank_account_number, bank_ifsc_code, business_address, business_name, created_at, email, enabled, first_name, is_active, is_seller, last_name, password, phone, updated_at, upi_id, version) 
    values
        (?, ?, ?, ?, ?, ?, ?, ?, ?, ?, ?, ?, ?, ?, ?, ?)
Hibernate: 
    insert 
    into
        users
        (bank_account_number, bank_ifsc_code, business_address, business_name, created_at, email, enabled, first_name, is_active, is_seller, last_name, password, phone, updated_at, upi_id, version) 
    values
        (?, ?, ?, ?, ?, ?, ?, ?, ?, ?, ?, ?, ?, ?, ?, ?)
2025-06-20T14:19:43.173+05:30 DEBUG 37792 --- [user-management-service] [           main] org.hibernate.SQL                        : 
    insert 
    into
        users
        (bank_account_number, bank_ifsc_code, business_address, business_name, created_at, email, enabled, first_name, is_active, is_seller, last_name, password, phone, updated_at, upi_id, version) 
    values
        (?, ?, ?, ?, ?, ?, ?, ?, ?, ?, ?, ?, ?, ?, ?, ?)
Hibernate: 
    insert 
    into
        users
        (bank_account_number, bank_ifsc_code, business_address, business_name, created_at, email, enabled, first_name, is_active, is_seller, last_name, password, phone, updated_at, upi_id, version) 
    values
        (?, ?, ?, ?, ?, ?, ?, ?, ?, ?, ?, ?, ?, ?, ?, ?)
2025-06-20T14:19:43.177+05:30 DEBUG 37792 --- [user-management-service] [           main] org.hibernate.SQL                        : 
    insert 
    into
        users
        (bank_account_number, bank_ifsc_code, business_address, business_name, created_at, email, enabled, first_name, is_active, is_seller, last_name, password, phone, updated_at, upi_id, version) 
    values
        (?, ?, ?, ?, ?, ?, ?, ?, ?, ?, ?, ?, ?, ?, ?, ?)
Hibernate: 
    insert 
    into
        users
        (bank_account_number, bank_ifsc_code, business_address, business_name, created_at, email, enabled, first_name, is_active, is_seller, last_name, password, phone, updated_at, upi_id, version) 
    values
        (?, ?, ?, ?, ?, ?, ?, ?, ?, ?, ?, ?, ?, ?, ?, ?)
2025-06-20T14:19:43.180+05:30 DEBUG 37792 --- [user-management-service] [           main] org.hibernate.SQL                        : 
    insert 
    into
        users
        (bank_account_number, bank_ifsc_code, business_address, business_name, created_at, email, enabled, first_name, is_active, is_seller, last_name, password, phone, updated_at, upi_id, version) 
    values
        (?, ?, ?, ?, ?, ?, ?, ?, ?, ?, ?, ?, ?, ?, ?, ?)
Hibernate: 
    insert 
    into
        users
        (bank_account_number, bank_ifsc_code, business_address, business_name, created_at, email, enabled, first_name, is_active, is_seller, last_name, password, phone, updated_at, upi_id, version) 
    values
        (?, ?, ?, ?, ?, ?, ?, ?, ?, ?, ?, ?, ?, ?, ?, ?)
2025-06-20T14:19:43.184+05:30 DEBUG 37792 --- [user-management-service] [           main] org.hibernate.SQL                        : 
    insert 
    into
        users
        (bank_account_number, bank_ifsc_code, business_address, business_name, created_at, email, enabled, first_name, is_active, is_seller, last_name, password, phone, updated_at, upi_id, version) 
    values
        (?, ?, ?, ?, ?, ?, ?, ?, ?, ?, ?, ?, ?, ?, ?, ?)
Hibernate: 
    insert 
    into
        users
        (bank_account_number, bank_ifsc_code, business_address, business_name, created_at, email, enabled, first_name, is_active, is_seller, last_name, password, phone, updated_at, upi_id, version) 
    values
        (?, ?, ?, ?, ?, ?, ?, ?, ?, ?, ?, ?, ?, ?, ?, ?)
2025-06-20T14:19:43.188+05:30 DEBUG 37792 --- [user-management-service] [           main] org.hibernate.SQL                        : 
    insert 
    into
        users
        (bank_account_number, bank_ifsc_code, business_address, business_name, created_at, email, enabled, first_name, is_active, is_seller, last_name, password, phone, updated_at, upi_id, version) 
    values
        (?, ?, ?, ?, ?, ?, ?, ?, ?, ?, ?, ?, ?, ?, ?, ?)
Hibernate: 
    insert 
    into
        users
        (bank_account_number, bank_ifsc_code, business_address, business_name, created_at, email, enabled, first_name, is_active, is_seller, last_name, password, phone, updated_at, upi_id, version) 
    values
        (?, ?, ?, ?, ?, ?, ?, ?, ?, ?, ?, ?, ?, ?, ?, ?)
2025-06-20T14:19:43.191+05:30 DEBUG 37792 --- [user-management-service] [           main] org.hibernate.SQL                        : 
    insert 
    into
        users
        (bank_account_number, bank_ifsc_code, business_address, business_name, created_at, email, enabled, first_name, is_active, is_seller, last_name, password, phone, updated_at, upi_id, version) 
    values
        (?, ?, ?, ?, ?, ?, ?, ?, ?, ?, ?, ?, ?, ?, ?, ?)
Hibernate: 
    insert 
    into
        users
        (bank_account_number, bank_ifsc_code, business_address, business_name, created_at, email, enabled, first_name, is_active, is_seller, last_name, password, phone, updated_at, upi_id, version) 
    values
        (?, ?, ?, ?, ?, ?, ?, ?, ?, ?, ?, ?, ?, ?, ?, ?)
2025-06-20T14:19:43.194+05:30 DEBUG 37792 --- [user-management-service] [           main] org.hibernate.SQL                        : 
    insert 
    into
        users
        (bank_account_number, bank_ifsc_code, business_address, business_name, created_at, email, enabled, first_name, is_active, is_seller, last_name, password, phone, updated_at, upi_id, version) 
    values
        (?, ?, ?, ?, ?, ?, ?, ?, ?, ?, ?, ?, ?, ?, ?, ?)
Hibernate: 
    insert 
    into
        users
        (bank_account_number, bank_ifsc_code, business_address, business_name, created_at, email, enabled, first_name, is_active, is_seller, last_name, password, phone, updated_at, upi_id, version) 
    values
        (?, ?, ?, ?, ?, ?, ?, ?, ?, ?, ?, ?, ?, ?, ?, ?)
2025-06-20T14:19:43.198+05:30 DEBUG 37792 --- [user-management-service] [           main] org.hibernate.SQL                        : 
    insert 
    into
        users
        (bank_account_number, bank_ifsc_code, business_address, business_name, created_at, email, enabled, first_name, is_active, is_seller, last_name, password, phone, updated_at, upi_id, version) 
    values
        (?, ?, ?, ?, ?, ?, ?, ?, ?, ?, ?, ?, ?, ?, ?, ?)
Hibernate: 
    insert 
    into
        users
        (bank_account_number, bank_ifsc_code, business_address, business_name, created_at, email, enabled, first_name, is_active, is_seller, last_name, password, phone, updated_at, upi_id, version) 
    values
        (?, ?, ?, ?, ?, ?, ?, ?, ?, ?, ?, ?, ?, ?, ?, ?)
2025-06-20T14:19:43.202+05:30 DEBUG 37792 --- [user-management-service] [           main] org.hibernate.SQL                        : 
    insert 
    into
        users
        (bank_account_number, bank_ifsc_code, business_address, business_name, created_at, email, enabled, first_name, is_active, is_seller, last_name, password, phone, updated_at, upi_id, version) 
    values
        (?, ?, ?, ?, ?, ?, ?, ?, ?, ?, ?, ?, ?, ?, ?, ?)
Hibernate: 
    insert 
    into
        users
        (bank_account_number, bank_ifsc_code, business_address, business_name, created_at, email, enabled, first_name, is_active, is_seller, last_name, password, phone, updated_at, upi_id, version) 
    values
        (?, ?, ?, ?, ?, ?, ?, ?, ?, ?, ?, ?, ?, ?, ?, ?)
2025-06-20T14:19:43.206+05:30 DEBUG 37792 --- [user-management-service] [           main] org.hibernate.SQL                        : 
    insert 
    into
        users
        (bank_account_number, bank_ifsc_code, business_address, business_name, created_at, email, enabled, first_name, is_active, is_seller, last_name, password, phone, updated_at, upi_id, version) 
    values
        (?, ?, ?, ?, ?, ?, ?, ?, ?, ?, ?, ?, ?, ?, ?, ?)
Hibernate: 
    insert 
    into
        users
        (bank_account_number, bank_ifsc_code, business_address, business_name, created_at, email, enabled, first_name, is_active, is_seller, last_name, password, phone, updated_at, upi_id, version) 
    values
        (?, ?, ?, ?, ?, ?, ?, ?, ?, ?, ?, ?, ?, ?, ?, ?)
2025-06-20T14:19:43.209+05:30 DEBUG 37792 --- [user-management-service] [           main] org.hibernate.SQL                        : 
    insert 
    into
        users
        (bank_account_number, bank_ifsc_code, business_address, business_name, created_at, email, enabled, first_name, is_active, is_seller, last_name, password, phone, updated_at, upi_id, version) 
    values
        (?, ?, ?, ?, ?, ?, ?, ?, ?, ?, ?, ?, ?, ?, ?, ?)
Hibernate: 
    insert 
    into
        users
        (bank_account_number, bank_ifsc_code, business_address, business_name, created_at, email, enabled, first_name, is_active, is_seller, last_name, password, phone, updated_at, upi_id, version) 
    values
        (?, ?, ?, ?, ?, ?, ?, ?, ?, ?, ?, ?, ?, ?, ?, ?)
2025-06-20T14:19:43.212+05:30 DEBUG 37792 --- [user-management-service] [           main] org.hibernate.SQL                        : 
    insert 
    into
        users
        (bank_account_number, bank_ifsc_code, business_address, business_name, created_at, email, enabled, first_name, is_active, is_seller, last_name, password, phone, updated_at, upi_id, version) 
    values
        (?, ?, ?, ?, ?, ?, ?, ?, ?, ?, ?, ?, ?, ?, ?, ?)
Hibernate: 
    insert 
    into
        users
        (bank_account_number, bank_ifsc_code, business_address, business_name, created_at, email, enabled, first_name, is_active, is_seller, last_name, password, phone, updated_at, upi_id, version) 
    values
        (?, ?, ?, ?, ?, ?, ?, ?, ?, ?, ?, ?, ?, ?, ?, ?)
2025-06-20T14:19:43.217+05:30 DEBUG 37792 --- [user-management-service] [           main] org.hibernate.SQL                        : 
    insert 
    into
        users
        (bank_account_number, bank_ifsc_code, business_address, business_name, created_at, email, enabled, first_name, is_active, is_seller, last_name, password, phone, updated_at, upi_id, version) 
    values
        (?, ?, ?, ?, ?, ?, ?, ?, ?, ?, ?, ?, ?, ?, ?, ?)
Hibernate: 
    insert 
    into
        users
        (bank_account_number, bank_ifsc_code, business_address, business_name, created_at, email, enabled, first_name, is_active, is_seller, last_name, password, phone, updated_at, upi_id, version) 
    values
        (?, ?, ?, ?, ?, ?, ?, ?, ?, ?, ?, ?, ?, ?, ?, ?)
2025-06-20T14:19:43.220+05:30 DEBUG 37792 --- [user-management-service] [           main] org.hibernate.SQL                        : 
    insert 
    into
        users
        (bank_account_number, bank_ifsc_code, business_address, business_name, created_at, email, enabled, first_name, is_active, is_seller, last_name, password, phone, updated_at, upi_id, version) 
    values
        (?, ?, ?, ?, ?, ?, ?, ?, ?, ?, ?, ?, ?, ?, ?, ?)
Hibernate: 
    insert 
    into
        users
        (bank_account_number, bank_ifsc_code, business_address, business_name, created_at, email, enabled, first_name, is_active, is_seller, last_name, password, phone, updated_at, upi_id, version) 
    values
        (?, ?, ?, ?, ?, ?, ?, ?, ?, ?, ?, ?, ?, ?, ?, ?)
2025-06-20T14:19:43.224+05:30 DEBUG 37792 --- [user-management-service] [           main] org.hibernate.SQL                        : 
    insert 
    into
        users
        (bank_account_number, bank_ifsc_code, business_address, business_name, created_at, email, enabled, first_name, is_active, is_seller, last_name, password, phone, updated_at, upi_id, version) 
    values
        (?, ?, ?, ?, ?, ?, ?, ?, ?, ?, ?, ?, ?, ?, ?, ?)
Hibernate: 
    insert 
    into
        users
        (bank_account_number, bank_ifsc_code, business_address, business_name, created_at, email, enabled, first_name, is_active, is_seller, last_name, password, phone, updated_at, upi_id, version) 
    values
        (?, ?, ?, ?, ?, ?, ?, ?, ?, ?, ?, ?, ?, ?, ?, ?)
2025-06-20T14:19:43.227+05:30 DEBUG 37792 --- [user-management-service] [           main] org.hibernate.SQL                        : 
    insert 
    into
        users
        (bank_account_number, bank_ifsc_code, business_address, business_name, created_at, email, enabled, first_name, is_active, is_seller, last_name, password, phone, updated_at, upi_id, version) 
    values
        (?, ?, ?, ?, ?, ?, ?, ?, ?, ?, ?, ?, ?, ?, ?, ?)
Hibernate: 
    insert 
    into
        users
        (bank_account_number, bank_ifsc_code, business_address, business_name, created_at, email, enabled, first_name, is_active, is_seller, last_name, password, phone, updated_at, upi_id, version) 
    values
        (?, ?, ?, ?, ?, ?, ?, ?, ?, ?, ?, ?, ?, ?, ?, ?)
2025-06-20T14:19:43.231+05:30 DEBUG 37792 --- [user-management-service] [           main] org.hibernate.SQL                        : 
    insert 
    into
        users
        (bank_account_number, bank_ifsc_code, business_address, business_name, created_at, email, enabled, first_name, is_active, is_seller, last_name, password, phone, updated_at, upi_id, version) 
    values
        (?, ?, ?, ?, ?, ?, ?, ?, ?, ?, ?, ?, ?, ?, ?, ?)
Hibernate: 
    insert 
    into
        users
        (bank_account_number, bank_ifsc_code, business_address, business_name, created_at, email, enabled, first_name, is_active, is_seller, last_name, password, phone, updated_at, upi_id, version) 
    values
        (?, ?, ?, ?, ?, ?, ?, ?, ?, ?, ?, ?, ?, ?, ?, ?)
2025-06-20T14:19:43.235+05:30 DEBUG 37792 --- [user-management-service] [           main] org.hibernate.SQL                        : 
    insert 
    into
        users
        (bank_account_number, bank_ifsc_code, business_address, business_name, created_at, email, enabled, first_name, is_active, is_seller, last_name, password, phone, updated_at, upi_id, version) 
    values
        (?, ?, ?, ?, ?, ?, ?, ?, ?, ?, ?, ?, ?, ?, ?, ?)
Hibernate: 
    insert 
    into
        users
        (bank_account_number, bank_ifsc_code, business_address, business_name, created_at, email, enabled, first_name, is_active, is_seller, last_name, password, phone, updated_at, upi_id, version) 
    values
        (?, ?, ?, ?, ?, ?, ?, ?, ?, ?, ?, ?, ?, ?, ?, ?)
2025-06-20T14:19:43.239+05:30 DEBUG 37792 --- [user-management-service] [           main] org.hibernate.SQL                        : 
    insert 
    into
        users
        (bank_account_number, bank_ifsc_code, business_address, business_name, created_at, email, enabled, first_name, is_active, is_seller, last_name, password, phone, updated_at, upi_id, version) 
    values
        (?, ?, ?, ?, ?, ?, ?, ?, ?, ?, ?, ?, ?, ?, ?, ?)
Hibernate: 
    insert 
    into
        users
        (bank_account_number, bank_ifsc_code, business_address, business_name, created_at, email, enabled, first_name, is_active, is_seller, last_name, password, phone, updated_at, upi_id, version) 
    values
        (?, ?, ?, ?, ?, ?, ?, ?, ?, ?, ?, ?, ?, ?, ?, ?)
2025-06-20T14:19:43.242+05:30 DEBUG 37792 --- [user-management-service] [           main] org.hibernate.SQL                        : 
    insert 
    into
        users
        (bank_account_number, bank_ifsc_code, business_address, business_name, created_at, email, enabled, first_name, is_active, is_seller, last_name, password, phone, updated_at, upi_id, version) 
    values
        (?, ?, ?, ?, ?, ?, ?, ?, ?, ?, ?, ?, ?, ?, ?, ?)
Hibernate: 
    insert 
    into
        users
        (bank_account_number, bank_ifsc_code, business_address, business_name, created_at, email, enabled, first_name, is_active, is_seller, last_name, password, phone, updated_at, upi_id, version) 
    values
        (?, ?, ?, ?, ?, ?, ?, ?, ?, ?, ?, ?, ?, ?, ?, ?)
2025-06-20T14:19:43.246+05:30 DEBUG 37792 --- [user-management-service] [           main] org.hibernate.SQL                        : 
    insert 
    into
        users
        (bank_account_number, bank_ifsc_code, business_address, business_name, created_at, email, enabled, first_name, is_active, is_seller, last_name, password, phone, updated_at, upi_id, version) 
    values
        (?, ?, ?, ?, ?, ?, ?, ?, ?, ?, ?, ?, ?, ?, ?, ?)
Hibernate: 
    insert 
    into
        users
        (bank_account_number, bank_ifsc_code, business_address, business_name, created_at, email, enabled, first_name, is_active, is_seller, last_name, password, phone, updated_at, upi_id, version) 
    values
        (?, ?, ?, ?, ?, ?, ?, ?, ?, ?, ?, ?, ?, ?, ?, ?)
2025-06-20T14:19:43.251+05:30 DEBUG 37792 --- [user-management-service] [           main] org.hibernate.SQL                        : 
    insert 
    into
        users
        (bank_account_number, bank_ifsc_code, business_address, business_name, created_at, email, enabled, first_name, is_active, is_seller, last_name, password, phone, updated_at, upi_id, version) 
    values
        (?, ?, ?, ?, ?, ?, ?, ?, ?, ?, ?, ?, ?, ?, ?, ?)
Hibernate: 
    insert 
    into
        users
        (bank_account_number, bank_ifsc_code, business_address, business_name, created_at, email, enabled, first_name, is_active, is_seller, last_name, password, phone, updated_at, upi_id, version) 
    values
        (?, ?, ?, ?, ?, ?, ?, ?, ?, ?, ?, ?, ?, ?, ?, ?)
2025-06-20T14:19:43.254+05:30 DEBUG 37792 --- [user-management-service] [           main] org.hibernate.SQL                        : 
    insert 
    into
        users
        (bank_account_number, bank_ifsc_code, business_address, business_name, created_at, email, enabled, first_name, is_active, is_seller, last_name, password, phone, updated_at, upi_id, version) 
    values
        (?, ?, ?, ?, ?, ?, ?, ?, ?, ?, ?, ?, ?, ?, ?, ?)
Hibernate: 
    insert 
    into
        users
        (bank_account_number, bank_ifsc_code, business_address, business_name, created_at, email, enabled, first_name, is_active, is_seller, last_name, password, phone, updated_at, upi_id, version) 
    values
        (?, ?, ?, ?, ?, ?, ?, ?, ?, ?, ?, ?, ?, ?, ?, ?)
2025-06-20T14:19:43.258+05:30 DEBUG 37792 --- [user-management-service] [           main] org.hibernate.SQL                        : 
    insert 
    into
        users
        (bank_account_number, bank_ifsc_code, business_address, business_name, created_at, email, enabled, first_name, is_active, is_seller, last_name, password, phone, updated_at, upi_id, version) 
    values
        (?, ?, ?, ?, ?, ?, ?, ?, ?, ?, ?, ?, ?, ?, ?, ?)
Hibernate: 
    insert 
    into
        users
        (bank_account_number, bank_ifsc_code, business_address, business_name, created_at, email, enabled, first_name, is_active, is_seller, last_name, password, phone, updated_at, upi_id, version) 
    values
        (?, ?, ?, ?, ?, ?, ?, ?, ?, ?, ?, ?, ?, ?, ?, ?)
2025-06-20T14:19:43.261+05:30 DEBUG 37792 --- [user-management-service] [           main] org.hibernate.SQL                        : 
    insert 
    into
        users
        (bank_account_number, bank_ifsc_code, business_address, business_name, created_at, email, enabled, first_name, is_active, is_seller, last_name, password, phone, updated_at, upi_id, version) 
    values
        (?, ?, ?, ?, ?, ?, ?, ?, ?, ?, ?, ?, ?, ?, ?, ?)
Hibernate: 
    insert 
    into
        users
        (bank_account_number, bank_ifsc_code, business_address, business_name, created_at, email, enabled, first_name, is_active, is_seller, last_name, password, phone, updated_at, upi_id, version) 
    values
        (?, ?, ?, ?, ?, ?, ?, ?, ?, ?, ?, ?, ?, ?, ?, ?)
2025-06-20T14:19:43.265+05:30 DEBUG 37792 --- [user-management-service] [           main] org.hibernate.SQL                        : 
    insert 
    into
        users
        (bank_account_number, bank_ifsc_code, business_address, business_name, created_at, email, enabled, first_name, is_active, is_seller, last_name, password, phone, updated_at, upi_id, version) 
    values
        (?, ?, ?, ?, ?, ?, ?, ?, ?, ?, ?, ?, ?, ?, ?, ?)
Hibernate: 
    insert 
    into
        users
        (bank_account_number, bank_ifsc_code, business_address, business_name, created_at, email, enabled, first_name, is_active, is_seller, last_name, password, phone, updated_at, upi_id, version) 
    values
        (?, ?, ?, ?, ?, ?, ?, ?, ?, ?, ?, ?, ?, ?, ?, ?)
2025-06-20T14:19:43.277+05:30 DEBUG 37792 --- [user-management-service] [           main] org.hibernate.SQL                        : 
    insert 
    into
        users
        (bank_account_number, bank_ifsc_code, business_address, business_name, created_at, email, enabled, first_name, is_active, is_seller, last_name, password, phone, updated_at, upi_id, version) 
    values
        (?, ?, ?, ?, ?, ?, ?, ?, ?, ?, ?, ?, ?, ?, ?, ?)
Hibernate: 
    insert 
    into
        users
        (bank_account_number, bank_ifsc_code, business_address, business_name, created_at, email, enabled, first_name, is_active, is_seller, last_name, password, phone, updated_at, upi_id, version) 
    values
        (?, ?, ?, ?, ?, ?, ?, ?, ?, ?, ?, ?, ?, ?, ?, ?)
2025-06-20T14:19:43.284+05:30 DEBUG 37792 --- [user-management-service] [           main] org.hibernate.SQL                        : 
    insert 
    into
        users
        (bank_account_number, bank_ifsc_code, business_address, business_name, created_at, email, enabled, first_name, is_active, is_seller, last_name, password, phone, updated_at, upi_id, version) 
    values
        (?, ?, ?, ?, ?, ?, ?, ?, ?, ?, ?, ?, ?, ?, ?, ?)
Hibernate: 
    insert 
    into
        users
        (bank_account_number, bank_ifsc_code, business_address, business_name, created_at, email, enabled, first_name, is_active, is_seller, last_name, password, phone, updated_at, upi_id, version) 
    values
        (?, ?, ?, ?, ?, ?, ?, ?, ?, ?, ?, ?, ?, ?, ?, ?)
2025-06-20T14:19:43.288+05:30 DEBUG 37792 --- [user-management-service] [           main] org.hibernate.SQL                        : 
    insert 
    into
        users
        (bank_account_number, bank_ifsc_code, business_address, business_name, created_at, email, enabled, first_name, is_active, is_seller, last_name, password, phone, updated_at, upi_id, version) 
    values
        (?, ?, ?, ?, ?, ?, ?, ?, ?, ?, ?, ?, ?, ?, ?, ?)
Hibernate: 
    insert 
    into
        users
        (bank_account_number, bank_ifsc_code, business_address, business_name, created_at, email, enabled, first_name, is_active, is_seller, last_name, password, phone, updated_at, upi_id, version) 
    values
        (?, ?, ?, ?, ?, ?, ?, ?, ?, ?, ?, ?, ?, ?, ?, ?)
2025-06-20T14:19:43.291+05:30 DEBUG 37792 --- [user-management-service] [           main] org.hibernate.SQL                        : 
    insert 
    into
        users
        (bank_account_number, bank_ifsc_code, business_address, business_name, created_at, email, enabled, first_name, is_active, is_seller, last_name, password, phone, updated_at, upi_id, version) 
    values
        (?, ?, ?, ?, ?, ?, ?, ?, ?, ?, ?, ?, ?, ?, ?, ?)
Hibernate: 
    insert 
    into
        users
        (bank_account_number, bank_ifsc_code, business_address, business_name, created_at, email, enabled, first_name, is_active, is_seller, last_name, password, phone, updated_at, upi_id, version) 
    values
        (?, ?, ?, ?, ?, ?, ?, ?, ?, ?, ?, ?, ?, ?, ?, ?)
2025-06-20T14:19:43.295+05:30 DEBUG 37792 --- [user-management-service] [           main] org.hibernate.SQL                        : 
    insert 
    into
        users
        (bank_account_number, bank_ifsc_code, business_address, business_name, created_at, email, enabled, first_name, is_active, is_seller, last_name, password, phone, updated_at, upi_id, version) 
    values
        (?, ?, ?, ?, ?, ?, ?, ?, ?, ?, ?, ?, ?, ?, ?, ?)
Hibernate: 
    insert 
    into
        users
        (bank_account_number, bank_ifsc_code, business_address, business_name, created_at, email, enabled, first_name, is_active, is_seller, last_name, password, phone, updated_at, upi_id, version) 
    values
        (?, ?, ?, ?, ?, ?, ?, ?, ?, ?, ?, ?, ?, ?, ?, ?)
2025-06-20T14:19:43.303+05:30 DEBUG 37792 --- [user-management-service] [           main] org.hibernate.SQL                        : 
    insert 
    into
        users
        (bank_account_number, bank_ifsc_code, business_address, business_name, created_at, email, enabled, first_name, is_active, is_seller, last_name, password, phone, updated_at, upi_id, version) 
    values
        (?, ?, ?, ?, ?, ?, ?, ?, ?, ?, ?, ?, ?, ?, ?, ?)
Hibernate: 
    insert 
    into
        users
        (bank_account_number, bank_ifsc_code, business_address, business_name, created_at, email, enabled, first_name, is_active, is_seller, last_name, password, phone, updated_at, upi_id, version) 
    values
        (?, ?, ?, ?, ?, ?, ?, ?, ?, ?, ?, ?, ?, ?, ?, ?)
2025-06-20T14:19:43.308+05:30 DEBUG 37792 --- [user-management-service] [           main] org.hibernate.SQL                        : 
    insert 
    into
        users
        (bank_account_number, bank_ifsc_code, business_address, business_name, created_at, email, enabled, first_name, is_active, is_seller, last_name, password, phone, updated_at, upi_id, version) 
    values
        (?, ?, ?, ?, ?, ?, ?, ?, ?, ?, ?, ?, ?, ?, ?, ?)
Hibernate: 
    insert 
    into
        users
        (bank_account_number, bank_ifsc_code, business_address, business_name, created_at, email, enabled, first_name, is_active, is_seller, last_name, password, phone, updated_at, upi_id, version) 
    values
        (?, ?, ?, ?, ?, ?, ?, ?, ?, ?, ?, ?, ?, ?, ?, ?)
2025-06-20T14:19:43.312+05:30 DEBUG 37792 --- [user-management-service] [           main] org.hibernate.SQL                        : 
    insert 
    into
        users
        (bank_account_number, bank_ifsc_code, business_address, business_name, created_at, email, enabled, first_name, is_active, is_seller, last_name, password, phone, updated_at, upi_id, version) 
    values
        (?, ?, ?, ?, ?, ?, ?, ?, ?, ?, ?, ?, ?, ?, ?, ?)
Hibernate: 
    insert 
    into
        users
        (bank_account_number, bank_ifsc_code, business_address, business_name, created_at, email, enabled, first_name, is_active, is_seller, last_name, password, phone, updated_at, upi_id, version) 
    values
        (?, ?, ?, ?, ?, ?, ?, ?, ?, ?, ?, ?, ?, ?, ?, ?)
2025-06-20T14:19:43.319+05:30 DEBUG 37792 --- [user-management-service] [           main] org.hibernate.SQL                        : 
    insert 
    into
        users
        (bank_account_number, bank_ifsc_code, business_address, business_name, created_at, email, enabled, first_name, is_active, is_seller, last_name, password, phone, updated_at, upi_id, version) 
    values
        (?, ?, ?, ?, ?, ?, ?, ?, ?, ?, ?, ?, ?, ?, ?, ?)
Hibernate: 
    insert 
    into
        users
        (bank_account_number, bank_ifsc_code, business_address, business_name, created_at, email, enabled, first_name, is_active, is_seller, last_name, password, phone, updated_at, upi_id, version) 
    values
        (?, ?, ?, ?, ?, ?, ?, ?, ?, ?, ?, ?, ?, ?, ?, ?)
2025-06-20T14:19:43.325+05:30 DEBUG 37792 --- [user-management-service] [           main] org.hibernate.SQL                        : 
    insert 
    into
        users
        (bank_account_number, bank_ifsc_code, business_address, business_name, created_at, email, enabled, first_name, is_active, is_seller, last_name, password, phone, updated_at, upi_id, version) 
    values
        (?, ?, ?, ?, ?, ?, ?, ?, ?, ?, ?, ?, ?, ?, ?, ?)
Hibernate: 
    insert 
    into
        users
        (bank_account_number, bank_ifsc_code, business_address, business_name, created_at, email, enabled, first_name, is_active, is_seller, last_name, password, phone, updated_at, upi_id, version) 
    values
        (?, ?, ?, ?, ?, ?, ?, ?, ?, ?, ?, ?, ?, ?, ?, ?)
2025-06-20T14:19:43.333+05:30 DEBUG 37792 --- [user-management-service] [           main] org.hibernate.SQL                        : 
    insert 
    into
        users
        (bank_account_number, bank_ifsc_code, business_address, business_name, created_at, email, enabled, first_name, is_active, is_seller, last_name, password, phone, updated_at, upi_id, version) 
    values
        (?, ?, ?, ?, ?, ?, ?, ?, ?, ?, ?, ?, ?, ?, ?, ?)
Hibernate: 
    insert 
    into
        users
        (bank_account_number, bank_ifsc_code, business_address, business_name, created_at, email, enabled, first_name, is_active, is_seller, last_name, password, phone, updated_at, upi_id, version) 
    values
        (?, ?, ?, ?, ?, ?, ?, ?, ?, ?, ?, ?, ?, ?, ?, ?)
2025-06-20T14:19:43.340+05:30 DEBUG 37792 --- [user-management-service] [           main] org.hibernate.SQL                        : 
    insert 
    into
        users
        (bank_account_number, bank_ifsc_code, business_address, business_name, created_at, email, enabled, first_name, is_active, is_seller, last_name, password, phone, updated_at, upi_id, version) 
    values
        (?, ?, ?, ?, ?, ?, ?, ?, ?, ?, ?, ?, ?, ?, ?, ?)
Hibernate: 
    insert 
    into
        users
        (bank_account_number, bank_ifsc_code, business_address, business_name, created_at, email, enabled, first_name, is_active, is_seller, last_name, password, phone, updated_at, upi_id, version) 
    values
        (?, ?, ?, ?, ?, ?, ?, ?, ?, ?, ?, ?, ?, ?, ?, ?)
2025-06-20T14:19:43.346+05:30 DEBUG 37792 --- [user-management-service] [           main] org.hibernate.SQL                        : 
    insert 
    into
        users
        (bank_account_number, bank_ifsc_code, business_address, business_name, created_at, email, enabled, first_name, is_active, is_seller, last_name, password, phone, updated_at, upi_id, version) 
    values
        (?, ?, ?, ?, ?, ?, ?, ?, ?, ?, ?, ?, ?, ?, ?, ?)
Hibernate: 
    insert 
    into
        users
        (bank_account_number, bank_ifsc_code, business_address, business_name, created_at, email, enabled, first_name, is_active, is_seller, last_name, password, phone, updated_at, upi_id, version) 
    values
        (?, ?, ?, ?, ?, ?, ?, ?, ?, ?, ?, ?, ?, ?, ?, ?)
2025-06-20T14:19:43.352+05:30 DEBUG 37792 --- [user-management-service] [           main] org.hibernate.SQL                        : 
    insert 
    into
        users
        (bank_account_number, bank_ifsc_code, business_address, business_name, created_at, email, enabled, first_name, is_active, is_seller, last_name, password, phone, updated_at, upi_id, version) 
    values
        (?, ?, ?, ?, ?, ?, ?, ?, ?, ?, ?, ?, ?, ?, ?, ?)
Hibernate: 
    insert 
    into
        users
        (bank_account_number, bank_ifsc_code, business_address, business_name, created_at, email, enabled, first_name, is_active, is_seller, last_name, password, phone, updated_at, upi_id, version) 
    values
        (?, ?, ?, ?, ?, ?, ?, ?, ?, ?, ?, ?, ?, ?, ?, ?)
2025-06-20T14:19:43.363+05:30 DEBUG 37792 --- [user-management-service] [           main] org.hibernate.SQL                        : 
    insert 
    into
        users
        (bank_account_number, bank_ifsc_code, business_address, business_name, created_at, email, enabled, first_name, is_active, is_seller, last_name, password, phone, updated_at, upi_id, version) 
    values
        (?, ?, ?, ?, ?, ?, ?, ?, ?, ?, ?, ?, ?, ?, ?, ?)
Hibernate: 
    insert 
    into
        users
        (bank_account_number, bank_ifsc_code, business_address, business_name, created_at, email, enabled, first_name, is_active, is_seller, last_name, password, phone, updated_at, upi_id, version) 
    values
        (?, ?, ?, ?, ?, ?, ?, ?, ?, ?, ?, ?, ?, ?, ?, ?)
2025-06-20T14:19:43.371+05:30 DEBUG 37792 --- [user-management-service] [           main] org.hibernate.SQL                        : 
    insert 
    into
        users
        (bank_account_number, bank_ifsc_code, business_address, business_name, created_at, email, enabled, first_name, is_active, is_seller, last_name, password, phone, updated_at, upi_id, version) 
    values
        (?, ?, ?, ?, ?, ?, ?, ?, ?, ?, ?, ?, ?, ?, ?, ?)
Hibernate: 
    insert 
    into
        users
        (bank_account_number, bank_ifsc_code, business_address, business_name, created_at, email, enabled, first_name, is_active, is_seller, last_name, password, phone, updated_at, upi_id, version) 
    values
        (?, ?, ?, ?, ?, ?, ?, ?, ?, ?, ?, ?, ?, ?, ?, ?)
2025-06-20T14:19:43.383+05:30 DEBUG 37792 --- [user-management-service] [           main] org.hibernate.SQL                        : 
    insert 
    into
        users
        (bank_account_number, bank_ifsc_code, business_address, business_name, created_at, email, enabled, first_name, is_active, is_seller, last_name, password, phone, updated_at, upi_id, version) 
    values
        (?, ?, ?, ?, ?, ?, ?, ?, ?, ?, ?, ?, ?, ?, ?, ?)
Hibernate: 
    insert 
    into
        users
        (bank_account_number, bank_ifsc_code, business_address, business_name, created_at, email, enabled, first_name, is_active, is_seller, last_name, password, phone, updated_at, upi_id, version) 
    values
        (?, ?, ?, ?, ?, ?, ?, ?, ?, ?, ?, ?, ?, ?, ?, ?)
2025-06-20T14:19:43.390+05:30 DEBUG 37792 --- [user-management-service] [           main] org.hibernate.SQL                        : 
    insert 
    into
        users
        (bank_account_number, bank_ifsc_code, business_address, business_name, created_at, email, enabled, first_name, is_active, is_seller, last_name, password, phone, updated_at, upi_id, version) 
    values
        (?, ?, ?, ?, ?, ?, ?, ?, ?, ?, ?, ?, ?, ?, ?, ?)
Hibernate: 
    insert 
    into
        users
        (bank_account_number, bank_ifsc_code, business_address, business_name, created_at, email, enabled, first_name, is_active, is_seller, last_name, password, phone, updated_at, upi_id, version) 
    values
        (?, ?, ?, ?, ?, ?, ?, ?, ?, ?, ?, ?, ?, ?, ?, ?)
2025-06-20T14:19:43.396+05:30 DEBUG 37792 --- [user-management-service] [           main] org.hibernate.SQL                        : 
    insert 
    into
        users
        (bank_account_number, bank_ifsc_code, business_address, business_name, created_at, email, enabled, first_name, is_active, is_seller, last_name, password, phone, updated_at, upi_id, version) 
    values
        (?, ?, ?, ?, ?, ?, ?, ?, ?, ?, ?, ?, ?, ?, ?, ?)
Hibernate: 
    insert 
    into
        users
        (bank_account_number, bank_ifsc_code, business_address, business_name, created_at, email, enabled, first_name, is_active, is_seller, last_name, password, phone, updated_at, upi_id, version) 
    values
        (?, ?, ?, ?, ?, ?, ?, ?, ?, ?, ?, ?, ?, ?, ?, ?)
2025-06-20T14:19:43.401+05:30 DEBUG 37792 --- [user-management-service] [           main] org.hibernate.SQL                        : 
    insert 
    into
        users
        (bank_account_number, bank_ifsc_code, business_address, business_name, created_at, email, enabled, first_name, is_active, is_seller, last_name, password, phone, updated_at, upi_id, version) 
    values
        (?, ?, ?, ?, ?, ?, ?, ?, ?, ?, ?, ?, ?, ?, ?, ?)
Hibernate: 
    insert 
    into
        users
        (bank_account_number, bank_ifsc_code, business_address, business_name, created_at, email, enabled, first_name, is_active, is_seller, last_name, password, phone, updated_at, upi_id, version) 
    values
        (?, ?, ?, ?, ?, ?, ?, ?, ?, ?, ?, ?, ?, ?, ?, ?)
2025-06-20T14:19:43.405+05:30 DEBUG 37792 --- [user-management-service] [           main] org.hibernate.SQL                        : 
    insert 
    into
        users
        (bank_account_number, bank_ifsc_code, business_address, business_name, created_at, email, enabled, first_name, is_active, is_seller, last_name, password, phone, updated_at, upi_id, version) 
    values
        (?, ?, ?, ?, ?, ?, ?, ?, ?, ?, ?, ?, ?, ?, ?, ?)
Hibernate: 
    insert 
    into
        users
        (bank_account_number, bank_ifsc_code, business_address, business_name, created_at, email, enabled, first_name, is_active, is_seller, last_name, password, phone, updated_at, upi_id, version) 
    values
        (?, ?, ?, ?, ?, ?, ?, ?, ?, ?, ?, ?, ?, ?, ?, ?)
2025-06-20T14:19:43.410+05:30 DEBUG 37792 --- [user-management-service] [           main] org.hibernate.SQL                        : 
    insert 
    into
        users
        (bank_account_number, bank_ifsc_code, business_address, business_name, created_at, email, enabled, first_name, is_active, is_seller, last_name, password, phone, updated_at, upi_id, version) 
    values
        (?, ?, ?, ?, ?, ?, ?, ?, ?, ?, ?, ?, ?, ?, ?, ?)
Hibernate: 
    insert 
    into
        users
        (bank_account_number, bank_ifsc_code, business_address, business_name, created_at, email, enabled, first_name, is_active, is_seller, last_name, password, phone, updated_at, upi_id, version) 
    values
        (?, ?, ?, ?, ?, ?, ?, ?, ?, ?, ?, ?, ?, ?, ?, ?)
2025-06-20T14:19:43.414+05:30 DEBUG 37792 --- [user-management-service] [           main] org.hibernate.SQL                        : 
    insert 
    into
        users
        (bank_account_number, bank_ifsc_code, business_address, business_name, created_at, email, enabled, first_name, is_active, is_seller, last_name, password, phone, updated_at, upi_id, version) 
    values
        (?, ?, ?, ?, ?, ?, ?, ?, ?, ?, ?, ?, ?, ?, ?, ?)
Hibernate: 
    insert 
    into
        users
        (bank_account_number, bank_ifsc_code, business_address, business_name, created_at, email, enabled, first_name, is_active, is_seller, last_name, password, phone, updated_at, upi_id, version) 
    values
        (?, ?, ?, ?, ?, ?, ?, ?, ?, ?, ?, ?, ?, ?, ?, ?)
2025-06-20T14:19:43.418+05:30 DEBUG 37792 --- [user-management-service] [           main] org.hibernate.SQL                        : 
    insert 
    into
        users
        (bank_account_number, bank_ifsc_code, business_address, business_name, created_at, email, enabled, first_name, is_active, is_seller, last_name, password, phone, updated_at, upi_id, version) 
    values
        (?, ?, ?, ?, ?, ?, ?, ?, ?, ?, ?, ?, ?, ?, ?, ?)
Hibernate: 
    insert 
    into
        users
        (bank_account_number, bank_ifsc_code, business_address, business_name, created_at, email, enabled, first_name, is_active, is_seller, last_name, password, phone, updated_at, upi_id, version) 
    values
        (?, ?, ?, ?, ?, ?, ?, ?, ?, ?, ?, ?, ?, ?, ?, ?)
2025-06-20T14:19:43.422+05:30 DEBUG 37792 --- [user-management-service] [           main] org.hibernate.SQL                        : 
    insert 
    into
        users
        (bank_account_number, bank_ifsc_code, business_address, business_name, created_at, email, enabled, first_name, is_active, is_seller, last_name, password, phone, updated_at, upi_id, version) 
    values
        (?, ?, ?, ?, ?, ?, ?, ?, ?, ?, ?, ?, ?, ?, ?, ?)
Hibernate: 
    insert 
    into
        users
        (bank_account_number, bank_ifsc_code, business_address, business_name, created_at, email, enabled, first_name, is_active, is_seller, last_name, password, phone, updated_at, upi_id, version) 
    values
        (?, ?, ?, ?, ?, ?, ?, ?, ?, ?, ?, ?, ?, ?, ?, ?)
2025-06-20T14:19:43.425+05:30 DEBUG 37792 --- [user-management-service] [           main] org.hibernate.SQL                        : 
    insert 
    into
        users
        (bank_account_number, bank_ifsc_code, business_address, business_name, created_at, email, enabled, first_name, is_active, is_seller, last_name, password, phone, updated_at, upi_id, version) 
    values
        (?, ?, ?, ?, ?, ?, ?, ?, ?, ?, ?, ?, ?, ?, ?, ?)
Hibernate: 
    insert 
    into
        users
        (bank_account_number, bank_ifsc_code, business_address, business_name, created_at, email, enabled, first_name, is_active, is_seller, last_name, password, phone, updated_at, upi_id, version) 
    values
        (?, ?, ?, ?, ?, ?, ?, ?, ?, ?, ?, ?, ?, ?, ?, ?)
2025-06-20T14:19:43.427+05:30 DEBUG 37792 --- [user-management-service] [           main] org.hibernate.SQL                        : 
    insert 
    into
        users
        (bank_account_number, bank_ifsc_code, business_address, business_name, created_at, email, enabled, first_name, is_active, is_seller, last_name, password, phone, updated_at, upi_id, version) 
    values
        (?, ?, ?, ?, ?, ?, ?, ?, ?, ?, ?, ?, ?, ?, ?, ?)
Hibernate: 
    insert 
    into
        users
        (bank_account_number, bank_ifsc_code, business_address, business_name, created_at, email, enabled, first_name, is_active, is_seller, last_name, password, phone, updated_at, upi_id, version) 
    values
        (?, ?, ?, ?, ?, ?, ?, ?, ?, ?, ?, ?, ?, ?, ?, ?)
2025-06-20T14:19:43.431+05:30 DEBUG 37792 --- [user-management-service] [           main] org.hibernate.SQL                        : 
    insert 
    into
        users
        (bank_account_number, bank_ifsc_code, business_address, business_name, created_at, email, enabled, first_name, is_active, is_seller, last_name, password, phone, updated_at, upi_id, version) 
    values
        (?, ?, ?, ?, ?, ?, ?, ?, ?, ?, ?, ?, ?, ?, ?, ?)
Hibernate: 
    insert 
    into
        users
        (bank_account_number, bank_ifsc_code, business_address, business_name, created_at, email, enabled, first_name, is_active, is_seller, last_name, password, phone, updated_at, upi_id, version) 
    values
        (?, ?, ?, ?, ?, ?, ?, ?, ?, ?, ?, ?, ?, ?, ?, ?)
2025-06-20T14:19:43.436+05:30 DEBUG 37792 --- [user-management-service] [           main] org.hibernate.SQL                        : 
    insert 
    into
        users
        (bank_account_number, bank_ifsc_code, business_address, business_name, created_at, email, enabled, first_name, is_active, is_seller, last_name, password, phone, updated_at, upi_id, version) 
    values
        (?, ?, ?, ?, ?, ?, ?, ?, ?, ?, ?, ?, ?, ?, ?, ?)
Hibernate: 
    insert 
    into
        users
        (bank_account_number, bank_ifsc_code, business_address, business_name, created_at, email, enabled, first_name, is_active, is_seller, last_name, password, phone, updated_at, upi_id, version) 
    values
        (?, ?, ?, ?, ?, ?, ?, ?, ?, ?, ?, ?, ?, ?, ?, ?)
2025-06-20T14:19:43.441+05:30 DEBUG 37792 --- [user-management-service] [           main] org.hibernate.SQL                        : 
    insert 
    into
        users
        (bank_account_number, bank_ifsc_code, business_address, business_name, created_at, email, enabled, first_name, is_active, is_seller, last_name, password, phone, updated_at, upi_id, version) 
    values
        (?, ?, ?, ?, ?, ?, ?, ?, ?, ?, ?, ?, ?, ?, ?, ?)
Hibernate: 
    insert 
    into
        users
        (bank_account_number, bank_ifsc_code, business_address, business_name, created_at, email, enabled, first_name, is_active, is_seller, last_name, password, phone, updated_at, upi_id, version) 
    values
        (?, ?, ?, ?, ?, ?, ?, ?, ?, ?, ?, ?, ?, ?, ?, ?)
2025-06-20T14:19:43.445+05:30 DEBUG 37792 --- [user-management-service] [           main] org.hibernate.SQL                        : 
    insert 
    into
        users
        (bank_account_number, bank_ifsc_code, business_address, business_name, created_at, email, enabled, first_name, is_active, is_seller, last_name, password, phone, updated_at, upi_id, version) 
    values
        (?, ?, ?, ?, ?, ?, ?, ?, ?, ?, ?, ?, ?, ?, ?, ?)
Hibernate: 
    insert 
    into
        users
        (bank_account_number, bank_ifsc_code, business_address, business_name, created_at, email, enabled, first_name, is_active, is_seller, last_name, password, phone, updated_at, upi_id, version) 
    values
        (?, ?, ?, ?, ?, ?, ?, ?, ?, ?, ?, ?, ?, ?, ?, ?)
2025-06-20T14:19:43.450+05:30 DEBUG 37792 --- [user-management-service] [           main] org.hibernate.SQL                        : 
    insert 
    into
        users
        (bank_account_number, bank_ifsc_code, business_address, business_name, created_at, email, enabled, first_name, is_active, is_seller, last_name, password, phone, updated_at, upi_id, version) 
    values
        (?, ?, ?, ?, ?, ?, ?, ?, ?, ?, ?, ?, ?, ?, ?, ?)
Hibernate: 
    insert 
    into
        users
        (bank_account_number, bank_ifsc_code, business_address, business_name, created_at, email, enabled, first_name, is_active, is_seller, last_name, password, phone, updated_at, upi_id, version) 
    values
        (?, ?, ?, ?, ?, ?, ?, ?, ?, ?, ?, ?, ?, ?, ?, ?)
2025-06-20T14:19:43.453+05:30 DEBUG 37792 --- [user-management-service] [           main] org.hibernate.SQL                        : 
    insert 
    into
        users
        (bank_account_number, bank_ifsc_code, business_address, business_name, created_at, email, enabled, first_name, is_active, is_seller, last_name, password, phone, updated_at, upi_id, version) 
    values
        (?, ?, ?, ?, ?, ?, ?, ?, ?, ?, ?, ?, ?, ?, ?, ?)
Hibernate: 
    insert 
    into
        users
        (bank_account_number, bank_ifsc_code, business_address, business_name, created_at, email, enabled, first_name, is_active, is_seller, last_name, password, phone, updated_at, upi_id, version) 
    values
        (?, ?, ?, ?, ?, ?, ?, ?, ?, ?, ?, ?, ?, ?, ?, ?)
2025-06-20T14:19:43.457+05:30 DEBUG 37792 --- [user-management-service] [           main] org.hibernate.SQL                        : 
    insert 
    into
        users
        (bank_account_number, bank_ifsc_code, business_address, business_name, created_at, email, enabled, first_name, is_active, is_seller, last_name, password, phone, updated_at, upi_id, version) 
    values
        (?, ?, ?, ?, ?, ?, ?, ?, ?, ?, ?, ?, ?, ?, ?, ?)
Hibernate: 
    insert 
    into
        users
        (bank_account_number, bank_ifsc_code, business_address, business_name, created_at, email, enabled, first_name, is_active, is_seller, last_name, password, phone, updated_at, upi_id, version) 
    values
        (?, ?, ?, ?, ?, ?, ?, ?, ?, ?, ?, ?, ?, ?, ?, ?)
2025-06-20T14:19:43.459+05:30 DEBUG 37792 --- [user-management-service] [           main] org.hibernate.SQL                        : 
    insert 
    into
        users
        (bank_account_number, bank_ifsc_code, business_address, business_name, created_at, email, enabled, first_name, is_active, is_seller, last_name, password, phone, updated_at, upi_id, version) 
    values
        (?, ?, ?, ?, ?, ?, ?, ?, ?, ?, ?, ?, ?, ?, ?, ?)
Hibernate: 
    insert 
    into
        users
        (bank_account_number, bank_ifsc_code, business_address, business_name, created_at, email, enabled, first_name, is_active, is_seller, last_name, password, phone, updated_at, upi_id, version) 
    values
        (?, ?, ?, ?, ?, ?, ?, ?, ?, ?, ?, ?, ?, ?, ?, ?)
2025-06-20T14:19:43.462+05:30 DEBUG 37792 --- [user-management-service] [           main] org.hibernate.SQL                        : 
    insert 
    into
        users
        (bank_account_number, bank_ifsc_code, business_address, business_name, created_at, email, enabled, first_name, is_active, is_seller, last_name, password, phone, updated_at, upi_id, version) 
    values
        (?, ?, ?, ?, ?, ?, ?, ?, ?, ?, ?, ?, ?, ?, ?, ?)
Hibernate: 
    insert 
    into
        users
        (bank_account_number, bank_ifsc_code, business_address, business_name, created_at, email, enabled, first_name, is_active, is_seller, last_name, password, phone, updated_at, upi_id, version) 
    values
        (?, ?, ?, ?, ?, ?, ?, ?, ?, ?, ?, ?, ?, ?, ?, ?)
2025-06-20T14:19:43.466+05:30 DEBUG 37792 --- [user-management-service] [           main] org.hibernate.SQL                        : 
    insert 
    into
        users
        (bank_account_number, bank_ifsc_code, business_address, business_name, created_at, email, enabled, first_name, is_active, is_seller, last_name, password, phone, updated_at, upi_id, version) 
    values
        (?, ?, ?, ?, ?, ?, ?, ?, ?, ?, ?, ?, ?, ?, ?, ?)
Hibernate: 
    insert 
    into
        users
        (bank_account_number, bank_ifsc_code, business_address, business_name, created_at, email, enabled, first_name, is_active, is_seller, last_name, password, phone, updated_at, upi_id, version) 
    values
        (?, ?, ?, ?, ?, ?, ?, ?, ?, ?, ?, ?, ?, ?, ?, ?)
2025-06-20T14:19:43.470+05:30 DEBUG 37792 --- [user-management-service] [           main] org.hibernate.SQL                        : 
    insert 
    into
        users
        (bank_account_number, bank_ifsc_code, business_address, business_name, created_at, email, enabled, first_name, is_active, is_seller, last_name, password, phone, updated_at, upi_id, version) 
    values
        (?, ?, ?, ?, ?, ?, ?, ?, ?, ?, ?, ?, ?, ?, ?, ?)
Hibernate: 
    insert 
    into
        users
        (bank_account_number, bank_ifsc_code, business_address, business_name, created_at, email, enabled, first_name, is_active, is_seller, last_name, password, phone, updated_at, upi_id, version) 
    values
        (?, ?, ?, ?, ?, ?, ?, ?, ?, ?, ?, ?, ?, ?, ?, ?)
2025-06-20T14:19:43.473+05:30 DEBUG 37792 --- [user-management-service] [           main] org.hibernate.SQL                        : 
    insert 
    into
        users
        (bank_account_number, bank_ifsc_code, business_address, business_name, created_at, email, enabled, first_name, is_active, is_seller, last_name, password, phone, updated_at, upi_id, version) 
    values
        (?, ?, ?, ?, ?, ?, ?, ?, ?, ?, ?, ?, ?, ?, ?, ?)
Hibernate: 
    insert 
    into
        users
        (bank_account_number, bank_ifsc_code, business_address, business_name, created_at, email, enabled, first_name, is_active, is_seller, last_name, password, phone, updated_at, upi_id, version) 
    values
        (?, ?, ?, ?, ?, ?, ?, ?, ?, ?, ?, ?, ?, ?, ?, ?)
2025-06-20T14:19:43.476+05:30 DEBUG 37792 --- [user-management-service] [           main] org.hibernate.SQL                        : 
    insert 
    into
        users
        (bank_account_number, bank_ifsc_code, business_address, business_name, created_at, email, enabled, first_name, is_active, is_seller, last_name, password, phone, updated_at, upi_id, version) 
    values
        (?, ?, ?, ?, ?, ?, ?, ?, ?, ?, ?, ?, ?, ?, ?, ?)
Hibernate: 
    insert 
    into
        users
        (bank_account_number, bank_ifsc_code, business_address, business_name, created_at, email, enabled, first_name, is_active, is_seller, last_name, password, phone, updated_at, upi_id, version) 
    values
        (?, ?, ?, ?, ?, ?, ?, ?, ?, ?, ?, ?, ?, ?, ?, ?)
2025-06-20T14:19:43.480+05:30 DEBUG 37792 --- [user-management-service] [           main] org.hibernate.SQL                        : 
    insert 
    into
        users
        (bank_account_number, bank_ifsc_code, business_address, business_name, created_at, email, enabled, first_name, is_active, is_seller, last_name, password, phone, updated_at, upi_id, version) 
    values
        (?, ?, ?, ?, ?, ?, ?, ?, ?, ?, ?, ?, ?, ?, ?, ?)
Hibernate: 
    insert 
    into
        users
        (bank_account_number, bank_ifsc_code, business_address, business_name, created_at, email, enabled, first_name, is_active, is_seller, last_name, password, phone, updated_at, upi_id, version) 
    values
        (?, ?, ?, ?, ?, ?, ?, ?, ?, ?, ?, ?, ?, ?, ?, ?)
2025-06-20T14:19:43.484+05:30 DEBUG 37792 --- [user-management-service] [           main] org.hibernate.SQL                        : 
    insert 
    into
        users
        (bank_account_number, bank_ifsc_code, business_address, business_name, created_at, email, enabled, first_name, is_active, is_seller, last_name, password, phone, updated_at, upi_id, version) 
    values
        (?, ?, ?, ?, ?, ?, ?, ?, ?, ?, ?, ?, ?, ?, ?, ?)
Hibernate: 
    insert 
    into
        users
        (bank_account_number, bank_ifsc_code, business_address, business_name, created_at, email, enabled, first_name, is_active, is_seller, last_name, password, phone, updated_at, upi_id, version) 
    values
        (?, ?, ?, ?, ?, ?, ?, ?, ?, ?, ?, ?, ?, ?, ?, ?)
2025-06-20T14:19:43.487+05:30 DEBUG 37792 --- [user-management-service] [           main] org.hibernate.SQL                        : 
    insert 
    into
        users
        (bank_account_number, bank_ifsc_code, business_address, business_name, created_at, email, enabled, first_name, is_active, is_seller, last_name, password, phone, updated_at, upi_id, version) 
    values
        (?, ?, ?, ?, ?, ?, ?, ?, ?, ?, ?, ?, ?, ?, ?, ?)
Hibernate: 
    insert 
    into
        users
        (bank_account_number, bank_ifsc_code, business_address, business_name, created_at, email, enabled, first_name, is_active, is_seller, last_name, password, phone, updated_at, upi_id, version) 
    values
        (?, ?, ?, ?, ?, ?, ?, ?, ?, ?, ?, ?, ?, ?, ?, ?)
2025-06-20T14:19:43.489+05:30 DEBUG 37792 --- [user-management-service] [           main] org.hibernate.SQL                        : 
    insert 
    into
        users
        (bank_account_number, bank_ifsc_code, business_address, business_name, created_at, email, enabled, first_name, is_active, is_seller, last_name, password, phone, updated_at, upi_id, version) 
    values
        (?, ?, ?, ?, ?, ?, ?, ?, ?, ?, ?, ?, ?, ?, ?, ?)
Hibernate: 
    insert 
    into
        users
        (bank_account_number, bank_ifsc_code, business_address, business_name, created_at, email, enabled, first_name, is_active, is_seller, last_name, password, phone, updated_at, upi_id, version) 
    values
        (?, ?, ?, ?, ?, ?, ?, ?, ?, ?, ?, ?, ?, ?, ?, ?)
2025-06-20T14:19:43.493+05:30 DEBUG 37792 --- [user-management-service] [           main] org.hibernate.SQL                        : 
    insert 
    into
        users
        (bank_account_number, bank_ifsc_code, business_address, business_name, created_at, email, enabled, first_name, is_active, is_seller, last_name, password, phone, updated_at, upi_id, version) 
    values
        (?, ?, ?, ?, ?, ?, ?, ?, ?, ?, ?, ?, ?, ?, ?, ?)
Hibernate: 
    insert 
    into
        users
        (bank_account_number, bank_ifsc_code, business_address, business_name, created_at, email, enabled, first_name, is_active, is_seller, last_name, password, phone, updated_at, upi_id, version) 
    values
        (?, ?, ?, ?, ?, ?, ?, ?, ?, ?, ?, ?, ?, ?, ?, ?)
2025-06-20T14:19:43.496+05:30 DEBUG 37792 --- [user-management-service] [           main] org.hibernate.SQL                        : 
    insert 
    into
        users
        (bank_account_number, bank_ifsc_code, business_address, business_name, created_at, email, enabled, first_name, is_active, is_seller, last_name, password, phone, updated_at, upi_id, version) 
    values
        (?, ?, ?, ?, ?, ?, ?, ?, ?, ?, ?, ?, ?, ?, ?, ?)
Hibernate: 
    insert 
    into
        users
        (bank_account_number, bank_ifsc_code, business_address, business_name, created_at, email, enabled, first_name, is_active, is_seller, last_name, password, phone, updated_at, upi_id, version) 
    values
        (?, ?, ?, ?, ?, ?, ?, ?, ?, ?, ?, ?, ?, ?, ?, ?)
2025-06-20T14:19:43.499+05:30 DEBUG 37792 --- [user-management-service] [           main] org.hibernate.SQL                        : 
    insert 
    into
        users
        (bank_account_number, bank_ifsc_code, business_address, business_name, created_at, email, enabled, first_name, is_active, is_seller, last_name, password, phone, updated_at, upi_id, version) 
    values
        (?, ?, ?, ?, ?, ?, ?, ?, ?, ?, ?, ?, ?, ?, ?, ?)
Hibernate: 
    insert 
    into
        users
        (bank_account_number, bank_ifsc_code, business_address, business_name, created_at, email, enabled, first_name, is_active, is_seller, last_name, password, phone, updated_at, upi_id, version) 
    values
        (?, ?, ?, ?, ?, ?, ?, ?, ?, ?, ?, ?, ?, ?, ?, ?)
2025-06-20T14:19:43.502+05:30 DEBUG 37792 --- [user-management-service] [           main] org.hibernate.SQL                        : 
    insert 
    into
        users
        (bank_account_number, bank_ifsc_code, business_address, business_name, created_at, email, enabled, first_name, is_active, is_seller, last_name, password, phone, updated_at, upi_id, version) 
    values
        (?, ?, ?, ?, ?, ?, ?, ?, ?, ?, ?, ?, ?, ?, ?, ?)
Hibernate: 
    insert 
    into
        users
        (bank_account_number, bank_ifsc_code, business_address, business_name, created_at, email, enabled, first_name, is_active, is_seller, last_name, password, phone, updated_at, upi_id, version) 
    values
        (?, ?, ?, ?, ?, ?, ?, ?, ?, ?, ?, ?, ?, ?, ?, ?)
2025-06-20T14:19:43.505+05:30 DEBUG 37792 --- [user-management-service] [           main] org.hibernate.SQL                        : 
    insert 
    into
        users
        (bank_account_number, bank_ifsc_code, business_address, business_name, created_at, email, enabled, first_name, is_active, is_seller, last_name, password, phone, updated_at, upi_id, version) 
    values
        (?, ?, ?, ?, ?, ?, ?, ?, ?, ?, ?, ?, ?, ?, ?, ?)
Hibernate: 
    insert 
    into
        users
        (bank_account_number, bank_ifsc_code, business_address, business_name, created_at, email, enabled, first_name, is_active, is_seller, last_name, password, phone, updated_at, upi_id, version) 
    values
        (?, ?, ?, ?, ?, ?, ?, ?, ?, ?, ?, ?, ?, ?, ?, ?)
2025-06-20T14:19:43.509+05:30 DEBUG 37792 --- [user-management-service] [           main] org.hibernate.SQL                        : 
    insert 
    into
        users
        (bank_account_number, bank_ifsc_code, business_address, business_name, created_at, email, enabled, first_name, is_active, is_seller, last_name, password, phone, updated_at, upi_id, version) 
    values
        (?, ?, ?, ?, ?, ?, ?, ?, ?, ?, ?, ?, ?, ?, ?, ?)
Hibernate: 
    insert 
    into
        users
        (bank_account_number, bank_ifsc_code, business_address, business_name, created_at, email, enabled, first_name, is_active, is_seller, last_name, password, phone, updated_at, upi_id, version) 
    values
        (?, ?, ?, ?, ?, ?, ?, ?, ?, ?, ?, ?, ?, ?, ?, ?)
2025-06-20T14:19:43.512+05:30 DEBUG 37792 --- [user-management-service] [           main] org.hibernate.SQL                        : 
    insert 
    into
        users
        (bank_account_number, bank_ifsc_code, business_address, business_name, created_at, email, enabled, first_name, is_active, is_seller, last_name, password, phone, updated_at, upi_id, version) 
    values
        (?, ?, ?, ?, ?, ?, ?, ?, ?, ?, ?, ?, ?, ?, ?, ?)
Hibernate: 
    insert 
    into
        users
        (bank_account_number, bank_ifsc_code, business_address, business_name, created_at, email, enabled, first_name, is_active, is_seller, last_name, password, phone, updated_at, upi_id, version) 
    values
        (?, ?, ?, ?, ?, ?, ?, ?, ?, ?, ?, ?, ?, ?, ?, ?)
2025-06-20T14:19:43.516+05:30 DEBUG 37792 --- [user-management-service] [           main] org.hibernate.SQL                        : 
    insert 
    into
        users
        (bank_account_number, bank_ifsc_code, business_address, business_name, created_at, email, enabled, first_name, is_active, is_seller, last_name, password, phone, updated_at, upi_id, version) 
    values
        (?, ?, ?, ?, ?, ?, ?, ?, ?, ?, ?, ?, ?, ?, ?, ?)
Hibernate: 
    insert 
    into
        users
        (bank_account_number, bank_ifsc_code, business_address, business_name, created_at, email, enabled, first_name, is_active, is_seller, last_name, password, phone, updated_at, upi_id, version) 
    values
        (?, ?, ?, ?, ?, ?, ?, ?, ?, ?, ?, ?, ?, ?, ?, ?)
2025-06-20T14:19:43.518+05:30 DEBUG 37792 --- [user-management-service] [           main] org.hibernate.SQL                        : 
    insert 
    into
        users
        (bank_account_number, bank_ifsc_code, business_address, business_name, created_at, email, enabled, first_name, is_active, is_seller, last_name, password, phone, updated_at, upi_id, version) 
    values
        (?, ?, ?, ?, ?, ?, ?, ?, ?, ?, ?, ?, ?, ?, ?, ?)
Hibernate: 
    insert 
    into
        users
        (bank_account_number, bank_ifsc_code, business_address, business_name, created_at, email, enabled, first_name, is_active, is_seller, last_name, password, phone, updated_at, upi_id, version) 
    values
        (?, ?, ?, ?, ?, ?, ?, ?, ?, ?, ?, ?, ?, ?, ?, ?)
2025-06-20T14:19:43.522+05:30 DEBUG 37792 --- [user-management-service] [           main] org.hibernate.SQL                        : 
    insert 
    into
        users
        (bank_account_number, bank_ifsc_code, business_address, business_name, created_at, email, enabled, first_name, is_active, is_seller, last_name, password, phone, updated_at, upi_id, version) 
    values
        (?, ?, ?, ?, ?, ?, ?, ?, ?, ?, ?, ?, ?, ?, ?, ?)
Hibernate: 
    insert 
    into
        users
        (bank_account_number, bank_ifsc_code, business_address, business_name, created_at, email, enabled, first_name, is_active, is_seller, last_name, password, phone, updated_at, upi_id, version) 
    values
        (?, ?, ?, ?, ?, ?, ?, ?, ?, ?, ?, ?, ?, ?, ?, ?)
2025-06-20T14:19:43.525+05:30 DEBUG 37792 --- [user-management-service] [           main] org.hibernate.SQL                        : 
    insert 
    into
        users
        (bank_account_number, bank_ifsc_code, business_address, business_name, created_at, email, enabled, first_name, is_active, is_seller, last_name, password, phone, updated_at, upi_id, version) 
    values
        (?, ?, ?, ?, ?, ?, ?, ?, ?, ?, ?, ?, ?, ?, ?, ?)
Hibernate: 
    insert 
    into
        users
        (bank_account_number, bank_ifsc_code, business_address, business_name, created_at, email, enabled, first_name, is_active, is_seller, last_name, password, phone, updated_at, upi_id, version) 
    values
        (?, ?, ?, ?, ?, ?, ?, ?, ?, ?, ?, ?, ?, ?, ?, ?)
2025-06-20T14:19:43.527+05:30 DEBUG 37792 --- [user-management-service] [           main] org.hibernate.SQL                        : 
    insert 
    into
        users
        (bank_account_number, bank_ifsc_code, business_address, business_name, created_at, email, enabled, first_name, is_active, is_seller, last_name, password, phone, updated_at, upi_id, version) 
    values
        (?, ?, ?, ?, ?, ?, ?, ?, ?, ?, ?, ?, ?, ?, ?, ?)
Hibernate: 
    insert 
    into
        users
        (bank_account_number, bank_ifsc_code, business_address, business_name, created_at, email, enabled, first_name, is_active, is_seller, last_name, password, phone, updated_at, upi_id, version) 
    values
        (?, ?, ?, ?, ?, ?, ?, ?, ?, ?, ?, ?, ?, ?, ?, ?)
2025-06-20T14:19:43.531+05:30 DEBUG 37792 --- [user-management-service] [           main] org.hibernate.SQL                        : 
    insert 
    into
        users
        (bank_account_number, bank_ifsc_code, business_address, business_name, created_at, email, enabled, first_name, is_active, is_seller, last_name, password, phone, updated_at, upi_id, version) 
    values
        (?, ?, ?, ?, ?, ?, ?, ?, ?, ?, ?, ?, ?, ?, ?, ?)
Hibernate: 
    insert 
    into
        users
        (bank_account_number, bank_ifsc_code, business_address, business_name, created_at, email, enabled, first_name, is_active, is_seller, last_name, password, phone, updated_at, upi_id, version) 
    values
        (?, ?, ?, ?, ?, ?, ?, ?, ?, ?, ?, ?, ?, ?, ?, ?)
2025-06-20T14:19:43.533+05:30 DEBUG 37792 --- [user-management-service] [           main] org.hibernate.SQL                        : 
    insert 
    into
        users
        (bank_account_number, bank_ifsc_code, business_address, business_name, created_at, email, enabled, first_name, is_active, is_seller, last_name, password, phone, updated_at, upi_id, version) 
    values
        (?, ?, ?, ?, ?, ?, ?, ?, ?, ?, ?, ?, ?, ?, ?, ?)
Hibernate: 
    insert 
    into
        users
        (bank_account_number, bank_ifsc_code, business_address, business_name, created_at, email, enabled, first_name, is_active, is_seller, last_name, password, phone, updated_at, upi_id, version) 
    values
        (?, ?, ?, ?, ?, ?, ?, ?, ?, ?, ?, ?, ?, ?, ?, ?)
2025-06-20T14:19:43.536+05:30 DEBUG 37792 --- [user-management-service] [           main] org.hibernate.SQL                        : 
    insert 
    into
        users
        (bank_account_number, bank_ifsc_code, business_address, business_name, created_at, email, enabled, first_name, is_active, is_seller, last_name, password, phone, updated_at, upi_id, version) 
    values
        (?, ?, ?, ?, ?, ?, ?, ?, ?, ?, ?, ?, ?, ?, ?, ?)
Hibernate: 
    insert 
    into
        users
        (bank_account_number, bank_ifsc_code, business_address, business_name, created_at, email, enabled, first_name, is_active, is_seller, last_name, password, phone, updated_at, upi_id, version) 
    values
        (?, ?, ?, ?, ?, ?, ?, ?, ?, ?, ?, ?, ?, ?, ?, ?)
2025-06-20T14:19:43.538+05:30 DEBUG 37792 --- [user-management-service] [           main] org.hibernate.SQL                        : 
    insert 
    into
        users
        (bank_account_number, bank_ifsc_code, business_address, business_name, created_at, email, enabled, first_name, is_active, is_seller, last_name, password, phone, updated_at, upi_id, version) 
    values
        (?, ?, ?, ?, ?, ?, ?, ?, ?, ?, ?, ?, ?, ?, ?, ?)
Hibernate: 
    insert 
    into
        users
        (bank_account_number, bank_ifsc_code, business_address, business_name, created_at, email, enabled, first_name, is_active, is_seller, last_name, password, phone, updated_at, upi_id, version) 
    values
        (?, ?, ?, ?, ?, ?, ?, ?, ?, ?, ?, ?, ?, ?, ?, ?)
2025-06-20T14:19:43.541+05:30 DEBUG 37792 --- [user-management-service] [           main] org.hibernate.SQL                        : 
    insert 
    into
        users
        (bank_account_number, bank_ifsc_code, business_address, business_name, created_at, email, enabled, first_name, is_active, is_seller, last_name, password, phone, updated_at, upi_id, version) 
    values
        (?, ?, ?, ?, ?, ?, ?, ?, ?, ?, ?, ?, ?, ?, ?, ?)
Hibernate: 
    insert 
    into
        users
        (bank_account_number, bank_ifsc_code, business_address, business_name, created_at, email, enabled, first_name, is_active, is_seller, last_name, password, phone, updated_at, upi_id, version) 
    values
        (?, ?, ?, ?, ?, ?, ?, ?, ?, ?, ?, ?, ?, ?, ?, ?)
2025-06-20T14:19:43.544+05:30 DEBUG 37792 --- [user-management-service] [           main] org.hibernate.SQL                        : 
    insert 
    into
        users
        (bank_account_number, bank_ifsc_code, business_address, business_name, created_at, email, enabled, first_name, is_active, is_seller, last_name, password, phone, updated_at, upi_id, version) 
    values
        (?, ?, ?, ?, ?, ?, ?, ?, ?, ?, ?, ?, ?, ?, ?, ?)
Hibernate: 
    insert 
    into
        users
        (bank_account_number, bank_ifsc_code, business_address, business_name, created_at, email, enabled, first_name, is_active, is_seller, last_name, password, phone, updated_at, upi_id, version) 
    values
        (?, ?, ?, ?, ?, ?, ?, ?, ?, ?, ?, ?, ?, ?, ?, ?)
2025-06-20T14:19:43.546+05:30 DEBUG 37792 --- [user-management-service] [           main] org.hibernate.SQL                        : 
    insert 
    into
        users
        (bank_account_number, bank_ifsc_code, business_address, business_name, created_at, email, enabled, first_name, is_active, is_seller, last_name, password, phone, updated_at, upi_id, version) 
    values
        (?, ?, ?, ?, ?, ?, ?, ?, ?, ?, ?, ?, ?, ?, ?, ?)
Hibernate: 
    insert 
    into
        users
        (bank_account_number, bank_ifsc_code, business_address, business_name, created_at, email, enabled, first_name, is_active, is_seller, last_name, password, phone, updated_at, upi_id, version) 
    values
        (?, ?, ?, ?, ?, ?, ?, ?, ?, ?, ?, ?, ?, ?, ?, ?)
2025-06-20T14:19:43.550+05:30 DEBUG 37792 --- [user-management-service] [           main] org.hibernate.SQL                        : 
    insert 
    into
        users
        (bank_account_number, bank_ifsc_code, business_address, business_name, created_at, email, enabled, first_name, is_active, is_seller, last_name, password, phone, updated_at, upi_id, version) 
    values
        (?, ?, ?, ?, ?, ?, ?, ?, ?, ?, ?, ?, ?, ?, ?, ?)
Hibernate: 
    insert 
    into
        users
        (bank_account_number, bank_ifsc_code, business_address, business_name, created_at, email, enabled, first_name, is_active, is_seller, last_name, password, phone, updated_at, upi_id, version) 
    values
        (?, ?, ?, ?, ?, ?, ?, ?, ?, ?, ?, ?, ?, ?, ?, ?)
2025-06-20T14:19:43.552+05:30 DEBUG 37792 --- [user-management-service] [           main] org.hibernate.SQL                        : 
    insert 
    into
        users
        (bank_account_number, bank_ifsc_code, business_address, business_name, created_at, email, enabled, first_name, is_active, is_seller, last_name, password, phone, updated_at, upi_id, version) 
    values
        (?, ?, ?, ?, ?, ?, ?, ?, ?, ?, ?, ?, ?, ?, ?, ?)
Hibernate: 
    insert 
    into
        users
        (bank_account_number, bank_ifsc_code, business_address, business_name, created_at, email, enabled, first_name, is_active, is_seller, last_name, password, phone, updated_at, upi_id, version) 
    values
        (?, ?, ?, ?, ?, ?, ?, ?, ?, ?, ?, ?, ?, ?, ?, ?)
2025-06-20T14:19:43.555+05:30 DEBUG 37792 --- [user-management-service] [           main] org.hibernate.SQL                        : 
    insert 
    into
        users
        (bank_account_number, bank_ifsc_code, business_address, business_name, created_at, email, enabled, first_name, is_active, is_seller, last_name, password, phone, updated_at, upi_id, version) 
    values
        (?, ?, ?, ?, ?, ?, ?, ?, ?, ?, ?, ?, ?, ?, ?, ?)
Hibernate: 
    insert 
    into
        users
        (bank_account_number, bank_ifsc_code, business_address, business_name, created_at, email, enabled, first_name, is_active, is_seller, last_name, password, phone, updated_at, upi_id, version) 
    values
        (?, ?, ?, ?, ?, ?, ?, ?, ?, ?, ?, ?, ?, ?, ?, ?)
2025-06-20T14:19:43.558+05:30 DEBUG 37792 --- [user-management-service] [           main] org.hibernate.SQL                        : 
    insert 
    into
        users
        (bank_account_number, bank_ifsc_code, business_address, business_name, created_at, email, enabled, first_name, is_active, is_seller, last_name, password, phone, updated_at, upi_id, version) 
    values
        (?, ?, ?, ?, ?, ?, ?, ?, ?, ?, ?, ?, ?, ?, ?, ?)
Hibernate: 
    insert 
    into
        users
        (bank_account_number, bank_ifsc_code, business_address, business_name, created_at, email, enabled, first_name, is_active, is_seller, last_name, password, phone, updated_at, upi_id, version) 
    values
        (?, ?, ?, ?, ?, ?, ?, ?, ?, ?, ?, ?, ?, ?, ?, ?)
2025-06-20T14:19:43.560+05:30 DEBUG 37792 --- [user-management-service] [           main] org.hibernate.SQL                        : 
    insert 
    into
        users
        (bank_account_number, bank_ifsc_code, business_address, business_name, created_at, email, enabled, first_name, is_active, is_seller, last_name, password, phone, updated_at, upi_id, version) 
    values
        (?, ?, ?, ?, ?, ?, ?, ?, ?, ?, ?, ?, ?, ?, ?, ?)
Hibernate: 
    insert 
    into
        users
        (bank_account_number, bank_ifsc_code, business_address, business_name, created_at, email, enabled, first_name, is_active, is_seller, last_name, password, phone, updated_at, upi_id, version) 
    values
        (?, ?, ?, ?, ?, ?, ?, ?, ?, ?, ?, ?, ?, ?, ?, ?)
2025-06-20T14:19:43.564+05:30 DEBUG 37792 --- [user-management-service] [           main] org.hibernate.SQL                        : 
    insert 
    into
        users
        (bank_account_number, bank_ifsc_code, business_address, business_name, created_at, email, enabled, first_name, is_active, is_seller, last_name, password, phone, updated_at, upi_id, version) 
    values
        (?, ?, ?, ?, ?, ?, ?, ?, ?, ?, ?, ?, ?, ?, ?, ?)
Hibernate: 
    insert 
    into
        users
        (bank_account_number, bank_ifsc_code, business_address, business_name, created_at, email, enabled, first_name, is_active, is_seller, last_name, password, phone, updated_at, upi_id, version) 
    values
        (?, ?, ?, ?, ?, ?, ?, ?, ?, ?, ?, ?, ?, ?, ?, ?)
2025-06-20T14:19:43.566+05:30 DEBUG 37792 --- [user-management-service] [           main] org.hibernate.SQL                        : 
    insert 
    into
        users
        (bank_account_number, bank_ifsc_code, business_address, business_name, created_at, email, enabled, first_name, is_active, is_seller, last_name, password, phone, updated_at, upi_id, version) 
    values
        (?, ?, ?, ?, ?, ?, ?, ?, ?, ?, ?, ?, ?, ?, ?, ?)
Hibernate: 
    insert 
    into
        users
        (bank_account_number, bank_ifsc_code, business_address, business_name, created_at, email, enabled, first_name, is_active, is_seller, last_name, password, phone, updated_at, upi_id, version) 
    values
        (?, ?, ?, ?, ?, ?, ?, ?, ?, ?, ?, ?, ?, ?, ?, ?)
2025-06-20T14:19:43.569+05:30 DEBUG 37792 --- [user-management-service] [           main] org.hibernate.SQL                        : 
    insert 
    into
        users
        (bank_account_number, bank_ifsc_code, business_address, business_name, created_at, email, enabled, first_name, is_active, is_seller, last_name, password, phone, updated_at, upi_id, version) 
    values
        (?, ?, ?, ?, ?, ?, ?, ?, ?, ?, ?, ?, ?, ?, ?, ?)
Hibernate: 
    insert 
    into
        users
        (bank_account_number, bank_ifsc_code, business_address, business_name, created_at, email, enabled, first_name, is_active, is_seller, last_name, password, phone, updated_at, upi_id, version) 
    values
        (?, ?, ?, ?, ?, ?, ?, ?, ?, ?, ?, ?, ?, ?, ?, ?)
2025-06-20T14:19:43.571+05:30 DEBUG 37792 --- [user-management-service] [           main] org.hibernate.SQL                        : 
    insert 
    into
        users
        (bank_account_number, bank_ifsc_code, business_address, business_name, created_at, email, enabled, first_name, is_active, is_seller, last_name, password, phone, updated_at, upi_id, version) 
    values
        (?, ?, ?, ?, ?, ?, ?, ?, ?, ?, ?, ?, ?, ?, ?, ?)
Hibernate: 
    insert 
    into
        users
        (bank_account_number, bank_ifsc_code, business_address, business_name, created_at, email, enabled, first_name, is_active, is_seller, last_name, password, phone, updated_at, upi_id, version) 
    values
        (?, ?, ?, ?, ?, ?, ?, ?, ?, ?, ?, ?, ?, ?, ?, ?)
2025-06-20T14:19:43.574+05:30 DEBUG 37792 --- [user-management-service] [           main] org.hibernate.SQL                        : 
    insert 
    into
        users
        (bank_account_number, bank_ifsc_code, business_address, business_name, created_at, email, enabled, first_name, is_active, is_seller, last_name, password, phone, updated_at, upi_id, version) 
    values
        (?, ?, ?, ?, ?, ?, ?, ?, ?, ?, ?, ?, ?, ?, ?, ?)
Hibernate: 
    insert 
    into
        users
        (bank_account_number, bank_ifsc_code, business_address, business_name, created_at, email, enabled, first_name, is_active, is_seller, last_name, password, phone, updated_at, upi_id, version) 
    values
        (?, ?, ?, ?, ?, ?, ?, ?, ?, ?, ?, ?, ?, ?, ?, ?)
2025-06-20T14:19:43.576+05:30 DEBUG 37792 --- [user-management-service] [           main] org.hibernate.SQL                        : 
    insert 
    into
        users
        (bank_account_number, bank_ifsc_code, business_address, business_name, created_at, email, enabled, first_name, is_active, is_seller, last_name, password, phone, updated_at, upi_id, version) 
    values
        (?, ?, ?, ?, ?, ?, ?, ?, ?, ?, ?, ?, ?, ?, ?, ?)
Hibernate: 
    insert 
    into
        users
        (bank_account_number, bank_ifsc_code, business_address, business_name, created_at, email, enabled, first_name, is_active, is_seller, last_name, password, phone, updated_at, upi_id, version) 
    values
        (?, ?, ?, ?, ?, ?, ?, ?, ?, ?, ?, ?, ?, ?, ?, ?)
2025-06-20T14:19:43.578+05:30 DEBUG 37792 --- [user-management-service] [           main] org.hibernate.SQL                        : 
    insert 
    into
        users
        (bank_account_number, bank_ifsc_code, business_address, business_name, created_at, email, enabled, first_name, is_active, is_seller, last_name, password, phone, updated_at, upi_id, version) 
    values
        (?, ?, ?, ?, ?, ?, ?, ?, ?, ?, ?, ?, ?, ?, ?, ?)
Hibernate: 
    insert 
    into
        users
        (bank_account_number, bank_ifsc_code, business_address, business_name, created_at, email, enabled, first_name, is_active, is_seller, last_name, password, phone, updated_at, upi_id, version) 
    values
        (?, ?, ?, ?, ?, ?, ?, ?, ?, ?, ?, ?, ?, ?, ?, ?)
2025-06-20T14:19:43.581+05:30 DEBUG 37792 --- [user-management-service] [           main] org.hibernate.SQL                        : 
    insert 
    into
        users
        (bank_account_number, bank_ifsc_code, business_address, business_name, created_at, email, enabled, first_name, is_active, is_seller, last_name, password, phone, updated_at, upi_id, version) 
    values
        (?, ?, ?, ?, ?, ?, ?, ?, ?, ?, ?, ?, ?, ?, ?, ?)
Hibernate: 
    insert 
    into
        users
        (bank_account_number, bank_ifsc_code, business_address, business_name, created_at, email, enabled, first_name, is_active, is_seller, last_name, password, phone, updated_at, upi_id, version) 
    values
        (?, ?, ?, ?, ?, ?, ?, ?, ?, ?, ?, ?, ?, ?, ?, ?)
2025-06-20T14:19:43.583+05:30 DEBUG 37792 --- [user-management-service] [           main] org.hibernate.SQL                        : 
    insert 
    into
        users
        (bank_account_number, bank_ifsc_code, business_address, business_name, created_at, email, enabled, first_name, is_active, is_seller, last_name, password, phone, updated_at, upi_id, version) 
    values
        (?, ?, ?, ?, ?, ?, ?, ?, ?, ?, ?, ?, ?, ?, ?, ?)
Hibernate: 
    insert 
    into
        users
        (bank_account_number, bank_ifsc_code, business_address, business_name, created_at, email, enabled, first_name, is_active, is_seller, last_name, password, phone, updated_at, upi_id, version) 
    values
        (?, ?, ?, ?, ?, ?, ?, ?, ?, ?, ?, ?, ?, ?, ?, ?)
2025-06-20T14:19:43.586+05:30 DEBUG 37792 --- [user-management-service] [           main] org.hibernate.SQL                        : 
    insert 
    into
        users
        (bank_account_number, bank_ifsc_code, business_address, business_name, created_at, email, enabled, first_name, is_active, is_seller, last_name, password, phone, updated_at, upi_id, version) 
    values
        (?, ?, ?, ?, ?, ?, ?, ?, ?, ?, ?, ?, ?, ?, ?, ?)
Hibernate: 
    insert 
    into
        users
        (bank_account_number, bank_ifsc_code, business_address, business_name, created_at, email, enabled, first_name, is_active, is_seller, last_name, password, phone, updated_at, upi_id, version) 
    values
        (?, ?, ?, ?, ?, ?, ?, ?, ?, ?, ?, ?, ?, ?, ?, ?)
2025-06-20T14:19:43.589+05:30 DEBUG 37792 --- [user-management-service] [           main] org.hibernate.SQL                        : 
    insert 
    into
        users
        (bank_account_number, bank_ifsc_code, business_address, business_name, created_at, email, enabled, first_name, is_active, is_seller, last_name, password, phone, updated_at, upi_id, version) 
    values
        (?, ?, ?, ?, ?, ?, ?, ?, ?, ?, ?, ?, ?, ?, ?, ?)
Hibernate: 
    insert 
    into
        users
        (bank_account_number, bank_ifsc_code, business_address, business_name, created_at, email, enabled, first_name, is_active, is_seller, last_name, password, phone, updated_at, upi_id, version) 
    values
        (?, ?, ?, ?, ?, ?, ?, ?, ?, ?, ?, ?, ?, ?, ?, ?)
2025-06-20T14:19:43.591+05:30 DEBUG 37792 --- [user-management-service] [           main] org.hibernate.SQL                        : 
    insert 
    into
        users
        (bank_account_number, bank_ifsc_code, business_address, business_name, created_at, email, enabled, first_name, is_active, is_seller, last_name, password, phone, updated_at, upi_id, version) 
    values
        (?, ?, ?, ?, ?, ?, ?, ?, ?, ?, ?, ?, ?, ?, ?, ?)
Hibernate: 
    insert 
    into
        users
        (bank_account_number, bank_ifsc_code, business_address, business_name, created_at, email, enabled, first_name, is_active, is_seller, last_name, password, phone, updated_at, upi_id, version) 
    values
        (?, ?, ?, ?, ?, ?, ?, ?, ?, ?, ?, ?, ?, ?, ?, ?)
2025-06-20T14:19:43.593+05:30 DEBUG 37792 --- [user-management-service] [           main] org.hibernate.SQL                        : 
    insert 
    into
        users
        (bank_account_number, bank_ifsc_code, business_address, business_name, created_at, email, enabled, first_name, is_active, is_seller, last_name, password, phone, updated_at, upi_id, version) 
    values
        (?, ?, ?, ?, ?, ?, ?, ?, ?, ?, ?, ?, ?, ?, ?, ?)
Hibernate: 
    insert 
    into
        users
        (bank_account_number, bank_ifsc_code, business_address, business_name, created_at, email, enabled, first_name, is_active, is_seller, last_name, password, phone, updated_at, upi_id, version) 
    values
        (?, ?, ?, ?, ?, ?, ?, ?, ?, ?, ?, ?, ?, ?, ?, ?)
2025-06-20T14:19:43.596+05:30 DEBUG 37792 --- [user-management-service] [           main] org.hibernate.SQL                        : 
    insert 
    into
        users
        (bank_account_number, bank_ifsc_code, business_address, business_name, created_at, email, enabled, first_name, is_active, is_seller, last_name, password, phone, updated_at, upi_id, version) 
    values
        (?, ?, ?, ?, ?, ?, ?, ?, ?, ?, ?, ?, ?, ?, ?, ?)
Hibernate: 
    insert 
    into
        users
        (bank_account_number, bank_ifsc_code, business_address, business_name, created_at, email, enabled, first_name, is_active, is_seller, last_name, password, phone, updated_at, upi_id, version) 
    values
        (?, ?, ?, ?, ?, ?, ?, ?, ?, ?, ?, ?, ?, ?, ?, ?)
2025-06-20T14:19:43.599+05:30 DEBUG 37792 --- [user-management-service] [           main] org.hibernate.SQL                        : 
    insert 
    into
        users
        (bank_account_number, bank_ifsc_code, business_address, business_name, created_at, email, enabled, first_name, is_active, is_seller, last_name, password, phone, updated_at, upi_id, version) 
    values
        (?, ?, ?, ?, ?, ?, ?, ?, ?, ?, ?, ?, ?, ?, ?, ?)
Hibernate: 
    insert 
    into
        users
        (bank_account_number, bank_ifsc_code, business_address, business_name, created_at, email, enabled, first_name, is_active, is_seller, last_name, password, phone, updated_at, upi_id, version) 
    values
        (?, ?, ?, ?, ?, ?, ?, ?, ?, ?, ?, ?, ?, ?, ?, ?)
2025-06-20T14:19:43.602+05:30 DEBUG 37792 --- [user-management-service] [           main] org.hibernate.SQL                        : 
    insert 
    into
        users
        (bank_account_number, bank_ifsc_code, business_address, business_name, created_at, email, enabled, first_name, is_active, is_seller, last_name, password, phone, updated_at, upi_id, version) 
    values
        (?, ?, ?, ?, ?, ?, ?, ?, ?, ?, ?, ?, ?, ?, ?, ?)
Hibernate: 
    insert 
    into
        users
        (bank_account_number, bank_ifsc_code, business_address, business_name, created_at, email, enabled, first_name, is_active, is_seller, last_name, password, phone, updated_at, upi_id, version) 
    values
        (?, ?, ?, ?, ?, ?, ?, ?, ?, ?, ?, ?, ?, ?, ?, ?)
2025-06-20T14:19:43.604+05:30 DEBUG 37792 --- [user-management-service] [           main] org.hibernate.SQL                        : 
    insert 
    into
        users
        (bank_account_number, bank_ifsc_code, business_address, business_name, created_at, email, enabled, first_name, is_active, is_seller, last_name, password, phone, updated_at, upi_id, version) 
    values
        (?, ?, ?, ?, ?, ?, ?, ?, ?, ?, ?, ?, ?, ?, ?, ?)
Hibernate: 
    insert 
    into
        users
        (bank_account_number, bank_ifsc_code, business_address, business_name, created_at, email, enabled, first_name, is_active, is_seller, last_name, password, phone, updated_at, upi_id, version) 
    values
        (?, ?, ?, ?, ?, ?, ?, ?, ?, ?, ?, ?, ?, ?, ?, ?)
2025-06-20T14:19:43.607+05:30 DEBUG 37792 --- [user-management-service] [           main] org.hibernate.SQL                        : 
    insert 
    into
        users
        (bank_account_number, bank_ifsc_code, business_address, business_name, created_at, email, enabled, first_name, is_active, is_seller, last_name, password, phone, updated_at, upi_id, version) 
    values
        (?, ?, ?, ?, ?, ?, ?, ?, ?, ?, ?, ?, ?, ?, ?, ?)
Hibernate: 
    insert 
    into
        users
        (bank_account_number, bank_ifsc_code, business_address, business_name, created_at, email, enabled, first_name, is_active, is_seller, last_name, password, phone, updated_at, upi_id, version) 
    values
        (?, ?, ?, ?, ?, ?, ?, ?, ?, ?, ?, ?, ?, ?, ?, ?)
2025-06-20T14:19:43.609+05:30 DEBUG 37792 --- [user-management-service] [           main] org.hibernate.SQL                        : 
    insert 
    into
        users
        (bank_account_number, bank_ifsc_code, business_address, business_name, created_at, email, enabled, first_name, is_active, is_seller, last_name, password, phone, updated_at, upi_id, version) 
    values
        (?, ?, ?, ?, ?, ?, ?, ?, ?, ?, ?, ?, ?, ?, ?, ?)
Hibernate: 
    insert 
    into
        users
        (bank_account_number, bank_ifsc_code, business_address, business_name, created_at, email, enabled, first_name, is_active, is_seller, last_name, password, phone, updated_at, upi_id, version) 
    values
        (?, ?, ?, ?, ?, ?, ?, ?, ?, ?, ?, ?, ?, ?, ?, ?)
2025-06-20T14:19:43.612+05:30 DEBUG 37792 --- [user-management-service] [           main] org.hibernate.SQL                        : 
    insert 
    into
        users
        (bank_account_number, bank_ifsc_code, business_address, business_name, created_at, email, enabled, first_name, is_active, is_seller, last_name, password, phone, updated_at, upi_id, version) 
    values
        (?, ?, ?, ?, ?, ?, ?, ?, ?, ?, ?, ?, ?, ?, ?, ?)
Hibernate: 
    insert 
    into
        users
        (bank_account_number, bank_ifsc_code, business_address, business_name, created_at, email, enabled, first_name, is_active, is_seller, last_name, password, phone, updated_at, upi_id, version) 
    values
        (?, ?, ?, ?, ?, ?, ?, ?, ?, ?, ?, ?, ?, ?, ?, ?)
2025-06-20T14:19:43.615+05:30 DEBUG 37792 --- [user-management-service] [           main] org.hibernate.SQL                        : 
    insert 
    into
        users
        (bank_account_number, bank_ifsc_code, business_address, business_name, created_at, email, enabled, first_name, is_active, is_seller, last_name, password, phone, updated_at, upi_id, version) 
    values
        (?, ?, ?, ?, ?, ?, ?, ?, ?, ?, ?, ?, ?, ?, ?, ?)
Hibernate: 
    insert 
    into
        users
        (bank_account_number, bank_ifsc_code, business_address, business_name, created_at, email, enabled, first_name, is_active, is_seller, last_name, password, phone, updated_at, upi_id, version) 
    values
        (?, ?, ?, ?, ?, ?, ?, ?, ?, ?, ?, ?, ?, ?, ?, ?)
2025-06-20T14:19:43.618+05:30 DEBUG 37792 --- [user-management-service] [           main] org.hibernate.SQL                        : 
    insert 
    into
        users
        (bank_account_number, bank_ifsc_code, business_address, business_name, created_at, email, enabled, first_name, is_active, is_seller, last_name, password, phone, updated_at, upi_id, version) 
    values
        (?, ?, ?, ?, ?, ?, ?, ?, ?, ?, ?, ?, ?, ?, ?, ?)
Hibernate: 
    insert 
    into
        users
        (bank_account_number, bank_ifsc_code, business_address, business_name, created_at, email, enabled, first_name, is_active, is_seller, last_name, password, phone, updated_at, upi_id, version) 
    values
        (?, ?, ?, ?, ?, ?, ?, ?, ?, ?, ?, ?, ?, ?, ?, ?)
2025-06-20T14:19:43.620+05:30 DEBUG 37792 --- [user-management-service] [           main] org.hibernate.SQL                        : 
    insert 
    into
        users
        (bank_account_number, bank_ifsc_code, business_address, business_name, created_at, email, enabled, first_name, is_active, is_seller, last_name, password, phone, updated_at, upi_id, version) 
    values
        (?, ?, ?, ?, ?, ?, ?, ?, ?, ?, ?, ?, ?, ?, ?, ?)
Hibernate: 
    insert 
    into
        users
        (bank_account_number, bank_ifsc_code, business_address, business_name, created_at, email, enabled, first_name, is_active, is_seller, last_name, password, phone, updated_at, upi_id, version) 
    values
        (?, ?, ?, ?, ?, ?, ?, ?, ?, ?, ?, ?, ?, ?, ?, ?)
2025-06-20T14:19:43.623+05:30 DEBUG 37792 --- [user-management-service] [           main] org.hibernate.SQL                        : 
    insert 
    into
        users
        (bank_account_number, bank_ifsc_code, business_address, business_name, created_at, email, enabled, first_name, is_active, is_seller, last_name, password, phone, updated_at, upi_id, version) 
    values
        (?, ?, ?, ?, ?, ?, ?, ?, ?, ?, ?, ?, ?, ?, ?, ?)
Hibernate: 
    insert 
    into
        users
        (bank_account_number, bank_ifsc_code, business_address, business_name, created_at, email, enabled, first_name, is_active, is_seller, last_name, password, phone, updated_at, upi_id, version) 
    values
        (?, ?, ?, ?, ?, ?, ?, ?, ?, ?, ?, ?, ?, ?, ?, ?)
2025-06-20T14:19:43.625+05:30 DEBUG 37792 --- [user-management-service] [           main] org.hibernate.SQL                        : 
    insert 
    into
        users
        (bank_account_number, bank_ifsc_code, business_address, business_name, created_at, email, enabled, first_name, is_active, is_seller, last_name, password, phone, updated_at, upi_id, version) 
    values
        (?, ?, ?, ?, ?, ?, ?, ?, ?, ?, ?, ?, ?, ?, ?, ?)
Hibernate: 
    insert 
    into
        users
        (bank_account_number, bank_ifsc_code, business_address, business_name, created_at, email, enabled, first_name, is_active, is_seller, last_name, password, phone, updated_at, upi_id, version) 
    values
        (?, ?, ?, ?, ?, ?, ?, ?, ?, ?, ?, ?, ?, ?, ?, ?)
2025-06-20T14:19:43.628+05:30 DEBUG 37792 --- [user-management-service] [           main] org.hibernate.SQL                        : 
    insert 
    into
        users
        (bank_account_number, bank_ifsc_code, business_address, business_name, created_at, email, enabled, first_name, is_active, is_seller, last_name, password, phone, updated_at, upi_id, version) 
    values
        (?, ?, ?, ?, ?, ?, ?, ?, ?, ?, ?, ?, ?, ?, ?, ?)
Hibernate: 
    insert 
    into
        users
        (bank_account_number, bank_ifsc_code, business_address, business_name, created_at, email, enabled, first_name, is_active, is_seller, last_name, password, phone, updated_at, upi_id, version) 
    values
        (?, ?, ?, ?, ?, ?, ?, ?, ?, ?, ?, ?, ?, ?, ?, ?)
2025-06-20T14:19:43.630+05:30 DEBUG 37792 --- [user-management-service] [           main] org.hibernate.SQL                        : 
    insert 
    into
        users
        (bank_account_number, bank_ifsc_code, business_address, business_name, created_at, email, enabled, first_name, is_active, is_seller, last_name, password, phone, updated_at, upi_id, version) 
    values
        (?, ?, ?, ?, ?, ?, ?, ?, ?, ?, ?, ?, ?, ?, ?, ?)
Hibernate: 
    insert 
    into
        users
        (bank_account_number, bank_ifsc_code, business_address, business_name, created_at, email, enabled, first_name, is_active, is_seller, last_name, password, phone, updated_at, upi_id, version) 
    values
        (?, ?, ?, ?, ?, ?, ?, ?, ?, ?, ?, ?, ?, ?, ?, ?)
2025-06-20T14:19:43.633+05:30 DEBUG 37792 --- [user-management-service] [           main] org.hibernate.SQL                        : 
    insert 
    into
        users
        (bank_account_number, bank_ifsc_code, business_address, business_name, created_at, email, enabled, first_name, is_active, is_seller, last_name, password, phone, updated_at, upi_id, version) 
    values
        (?, ?, ?, ?, ?, ?, ?, ?, ?, ?, ?, ?, ?, ?, ?, ?)
Hibernate: 
    insert 
    into
        users
        (bank_account_number, bank_ifsc_code, business_address, business_name, created_at, email, enabled, first_name, is_active, is_seller, last_name, password, phone, updated_at, upi_id, version) 
    values
        (?, ?, ?, ?, ?, ?, ?, ?, ?, ?, ?, ?, ?, ?, ?, ?)
2025-06-20T14:19:43.635+05:30 DEBUG 37792 --- [user-management-service] [           main] org.hibernate.SQL                        : 
    insert 
    into
        users
        (bank_account_number, bank_ifsc_code, business_address, business_name, created_at, email, enabled, first_name, is_active, is_seller, last_name, password, phone, updated_at, upi_id, version) 
    values
        (?, ?, ?, ?, ?, ?, ?, ?, ?, ?, ?, ?, ?, ?, ?, ?)
Hibernate: 
    insert 
    into
        users
        (bank_account_number, bank_ifsc_code, business_address, business_name, created_at, email, enabled, first_name, is_active, is_seller, last_name, password, phone, updated_at, upi_id, version) 
    values
        (?, ?, ?, ?, ?, ?, ?, ?, ?, ?, ?, ?, ?, ?, ?, ?)
2025-06-20T14:19:43.638+05:30 DEBUG 37792 --- [user-management-service] [           main] org.hibernate.SQL                        : 
    insert 
    into
        users
        (bank_account_number, bank_ifsc_code, business_address, business_name, created_at, email, enabled, first_name, is_active, is_seller, last_name, password, phone, updated_at, upi_id, version) 
    values
        (?, ?, ?, ?, ?, ?, ?, ?, ?, ?, ?, ?, ?, ?, ?, ?)
Hibernate: 
    insert 
    into
        users
        (bank_account_number, bank_ifsc_code, business_address, business_name, created_at, email, enabled, first_name, is_active, is_seller, last_name, password, phone, updated_at, upi_id, version) 
    values
        (?, ?, ?, ?, ?, ?, ?, ?, ?, ?, ?, ?, ?, ?, ?, ?)
2025-06-20T14:19:43.640+05:30 DEBUG 37792 --- [user-management-service] [           main] org.hibernate.SQL                        : 
    insert 
    into
        users
        (bank_account_number, bank_ifsc_code, business_address, business_name, created_at, email, enabled, first_name, is_active, is_seller, last_name, password, phone, updated_at, upi_id, version) 
    values
        (?, ?, ?, ?, ?, ?, ?, ?, ?, ?, ?, ?, ?, ?, ?, ?)
Hibernate: 
    insert 
    into
        users
        (bank_account_number, bank_ifsc_code, business_address, business_name, created_at, email, enabled, first_name, is_active, is_seller, last_name, password, phone, updated_at, upi_id, version) 
    values
        (?, ?, ?, ?, ?, ?, ?, ?, ?, ?, ?, ?, ?, ?, ?, ?)
2025-06-20T14:19:43.646+05:30 DEBUG 37792 --- [user-management-service] [           main] org.hibernate.SQL                        : 
    insert 
    into
        users
        (bank_account_number, bank_ifsc_code, business_address, business_name, created_at, email, enabled, first_name, is_active, is_seller, last_name, password, phone, updated_at, upi_id, version) 
    values
        (?, ?, ?, ?, ?, ?, ?, ?, ?, ?, ?, ?, ?, ?, ?, ?)
Hibernate: 
    insert 
    into
        users
        (bank_account_number, bank_ifsc_code, business_address, business_name, created_at, email, enabled, first_name, is_active, is_seller, last_name, password, phone, updated_at, upi_id, version) 
    values
        (?, ?, ?, ?, ?, ?, ?, ?, ?, ?, ?, ?, ?, ?, ?, ?)
2025-06-20T14:19:43.651+05:30 DEBUG 37792 --- [user-management-service] [           main] org.hibernate.SQL                        : 
    insert 
    into
        users
        (bank_account_number, bank_ifsc_code, business_address, business_name, created_at, email, enabled, first_name, is_active, is_seller, last_name, password, phone, updated_at, upi_id, version) 
    values
        (?, ?, ?, ?, ?, ?, ?, ?, ?, ?, ?, ?, ?, ?, ?, ?)
Hibernate: 
    insert 
    into
        users
        (bank_account_number, bank_ifsc_code, business_address, business_name, created_at, email, enabled, first_name, is_active, is_seller, last_name, password, phone, updated_at, upi_id, version) 
    values
        (?, ?, ?, ?, ?, ?, ?, ?, ?, ?, ?, ?, ?, ?, ?, ?)
2025-06-20T14:19:43.656+05:30 DEBUG 37792 --- [user-management-service] [           main] org.hibernate.SQL                        : 
    insert 
    into
        users
        (bank_account_number, bank_ifsc_code, business_address, business_name, created_at, email, enabled, first_name, is_active, is_seller, last_name, password, phone, updated_at, upi_id, version) 
    values
        (?, ?, ?, ?, ?, ?, ?, ?, ?, ?, ?, ?, ?, ?, ?, ?)
Hibernate: 
    insert 
    into
        users
        (bank_account_number, bank_ifsc_code, business_address, business_name, created_at, email, enabled, first_name, is_active, is_seller, last_name, password, phone, updated_at, upi_id, version) 
    values
        (?, ?, ?, ?, ?, ?, ?, ?, ?, ?, ?, ?, ?, ?, ?, ?)
2025-06-20T14:19:43.661+05:30 DEBUG 37792 --- [user-management-service] [           main] org.hibernate.SQL                        : 
    insert 
    into
        users
        (bank_account_number, bank_ifsc_code, business_address, business_name, created_at, email, enabled, first_name, is_active, is_seller, last_name, password, phone, updated_at, upi_id, version) 
    values
        (?, ?, ?, ?, ?, ?, ?, ?, ?, ?, ?, ?, ?, ?, ?, ?)
Hibernate: 
    insert 
    into
        users
        (bank_account_number, bank_ifsc_code, business_address, business_name, created_at, email, enabled, first_name, is_active, is_seller, last_name, password, phone, updated_at, upi_id, version) 
    values
        (?, ?, ?, ?, ?, ?, ?, ?, ?, ?, ?, ?, ?, ?, ?, ?)
2025-06-20T14:19:43.668+05:30 DEBUG 37792 --- [user-management-service] [           main] org.hibernate.SQL                        : 
    insert 
    into
        users
        (bank_account_number, bank_ifsc_code, business_address, business_name, created_at, email, enabled, first_name, is_active, is_seller, last_name, password, phone, updated_at, upi_id, version) 
    values
        (?, ?, ?, ?, ?, ?, ?, ?, ?, ?, ?, ?, ?, ?, ?, ?)
Hibernate: 
    insert 
    into
        users
        (bank_account_number, bank_ifsc_code, business_address, business_name, created_at, email, enabled, first_name, is_active, is_seller, last_name, password, phone, updated_at, upi_id, version) 
    values
        (?, ?, ?, ?, ?, ?, ?, ?, ?, ?, ?, ?, ?, ?, ?, ?)
2025-06-20T14:19:43.671+05:30 DEBUG 37792 --- [user-management-service] [           main] org.hibernate.SQL                        : 
    insert 
    into
        users
        (bank_account_number, bank_ifsc_code, business_address, business_name, created_at, email, enabled, first_name, is_active, is_seller, last_name, password, phone, updated_at, upi_id, version) 
    values
        (?, ?, ?, ?, ?, ?, ?, ?, ?, ?, ?, ?, ?, ?, ?, ?)
Hibernate: 
    insert 
    into
        users
        (bank_account_number, bank_ifsc_code, business_address, business_name, created_at, email, enabled, first_name, is_active, is_seller, last_name, password, phone, updated_at, upi_id, version) 
    values
        (?, ?, ?, ?, ?, ?, ?, ?, ?, ?, ?, ?, ?, ?, ?, ?)
2025-06-20T14:19:43.676+05:30 DEBUG 37792 --- [user-management-service] [           main] org.hibernate.SQL                        : 
    insert 
    into
        users
        (bank_account_number, bank_ifsc_code, business_address, business_name, created_at, email, enabled, first_name, is_active, is_seller, last_name, password, phone, updated_at, upi_id, version) 
    values
        (?, ?, ?, ?, ?, ?, ?, ?, ?, ?, ?, ?, ?, ?, ?, ?)
Hibernate: 
    insert 
    into
        users
        (bank_account_number, bank_ifsc_code, business_address, business_name, created_at, email, enabled, first_name, is_active, is_seller, last_name, password, phone, updated_at, upi_id, version) 
    values
        (?, ?, ?, ?, ?, ?, ?, ?, ?, ?, ?, ?, ?, ?, ?, ?)
2025-06-20T14:19:43.695+05:30 DEBUG 37792 --- [user-management-service] [           main] org.hibernate.SQL                        : 
    insert 
    into
        users
        (bank_account_number, bank_ifsc_code, business_address, business_name, created_at, email, enabled, first_name, is_active, is_seller, last_name, password, phone, updated_at, upi_id, version) 
    values
        (?, ?, ?, ?, ?, ?, ?, ?, ?, ?, ?, ?, ?, ?, ?, ?)
Hibernate: 
    insert 
    into
        users
        (bank_account_number, bank_ifsc_code, business_address, business_name, created_at, email, enabled, first_name, is_active, is_seller, last_name, password, phone, updated_at, upi_id, version) 
    values
        (?, ?, ?, ?, ?, ?, ?, ?, ?, ?, ?, ?, ?, ?, ?, ?)
2025-06-20T14:19:43.701+05:30 DEBUG 37792 --- [user-management-service] [           main] org.hibernate.SQL                        : 
    insert 
    into
        users
        (bank_account_number, bank_ifsc_code, business_address, business_name, created_at, email, enabled, first_name, is_active, is_seller, last_name, password, phone, updated_at, upi_id, version) 
    values
        (?, ?, ?, ?, ?, ?, ?, ?, ?, ?, ?, ?, ?, ?, ?, ?)
Hibernate: 
    insert 
    into
        users
        (bank_account_number, bank_ifsc_code, business_address, business_name, created_at, email, enabled, first_name, is_active, is_seller, last_name, password, phone, updated_at, upi_id, version) 
    values
        (?, ?, ?, ?, ?, ?, ?, ?, ?, ?, ?, ?, ?, ?, ?, ?)
2025-06-20T14:19:43.705+05:30 DEBUG 37792 --- [user-management-service] [           main] org.hibernate.SQL                        : 
    insert 
    into
        users
        (bank_account_number, bank_ifsc_code, business_address, business_name, created_at, email, enabled, first_name, is_active, is_seller, last_name, password, phone, updated_at, upi_id, version) 
    values
        (?, ?, ?, ?, ?, ?, ?, ?, ?, ?, ?, ?, ?, ?, ?, ?)
Hibernate: 
    insert 
    into
        users
        (bank_account_number, bank_ifsc_code, business_address, business_name, created_at, email, enabled, first_name, is_active, is_seller, last_name, password, phone, updated_at, upi_id, version) 
    values
        (?, ?, ?, ?, ?, ?, ?, ?, ?, ?, ?, ?, ?, ?, ?, ?)
2025-06-20T14:19:43.709+05:30 DEBUG 37792 --- [user-management-service] [           main] org.hibernate.SQL                        : 
    insert 
    into
        users
        (bank_account_number, bank_ifsc_code, business_address, business_name, created_at, email, enabled, first_name, is_active, is_seller, last_name, password, phone, updated_at, upi_id, version) 
    values
        (?, ?, ?, ?, ?, ?, ?, ?, ?, ?, ?, ?, ?, ?, ?, ?)
Hibernate: 
    insert 
    into
        users
        (bank_account_number, bank_ifsc_code, business_address, business_name, created_at, email, enabled, first_name, is_active, is_seller, last_name, password, phone, updated_at, upi_id, version) 
    values
        (?, ?, ?, ?, ?, ?, ?, ?, ?, ?, ?, ?, ?, ?, ?, ?)
2025-06-20T14:19:43.712+05:30 DEBUG 37792 --- [user-management-service] [           main] org.hibernate.SQL                        : 
    insert 
    into
        users
        (bank_account_number, bank_ifsc_code, business_address, business_name, created_at, email, enabled, first_name, is_active, is_seller, last_name, password, phone, updated_at, upi_id, version) 
    values
        (?, ?, ?, ?, ?, ?, ?, ?, ?, ?, ?, ?, ?, ?, ?, ?)
Hibernate: 
    insert 
    into
        users
        (bank_account_number, bank_ifsc_code, business_address, business_name, created_at, email, enabled, first_name, is_active, is_seller, last_name, password, phone, updated_at, upi_id, version) 
    values
        (?, ?, ?, ?, ?, ?, ?, ?, ?, ?, ?, ?, ?, ?, ?, ?)
2025-06-20T14:19:43.715+05:30 DEBUG 37792 --- [user-management-service] [           main] org.hibernate.SQL                        : 
    insert 
    into
        users
        (bank_account_number, bank_ifsc_code, business_address, business_name, created_at, email, enabled, first_name, is_active, is_seller, last_name, password, phone, updated_at, upi_id, version) 
    values
        (?, ?, ?, ?, ?, ?, ?, ?, ?, ?, ?, ?, ?, ?, ?, ?)
Hibernate: 
    insert 
    into
        users
        (bank_account_number, bank_ifsc_code, business_address, business_name, created_at, email, enabled, first_name, is_active, is_seller, last_name, password, phone, updated_at, upi_id, version) 
    values
        (?, ?, ?, ?, ?, ?, ?, ?, ?, ?, ?, ?, ?, ?, ?, ?)
2025-06-20T14:19:43.719+05:30 DEBUG 37792 --- [user-management-service] [           main] org.hibernate.SQL                        : 
    insert 
    into
        users
        (bank_account_number, bank_ifsc_code, business_address, business_name, created_at, email, enabled, first_name, is_active, is_seller, last_name, password, phone, updated_at, upi_id, version) 
    values
        (?, ?, ?, ?, ?, ?, ?, ?, ?, ?, ?, ?, ?, ?, ?, ?)
Hibernate: 
    insert 
    into
        users
        (bank_account_number, bank_ifsc_code, business_address, business_name, created_at, email, enabled, first_name, is_active, is_seller, last_name, password, phone, updated_at, upi_id, version) 
    values
        (?, ?, ?, ?, ?, ?, ?, ?, ?, ?, ?, ?, ?, ?, ?, ?)
2025-06-20T14:19:43.722+05:30 DEBUG 37792 --- [user-management-service] [           main] org.hibernate.SQL                        : 
    insert 
    into
        users
        (bank_account_number, bank_ifsc_code, business_address, business_name, created_at, email, enabled, first_name, is_active, is_seller, last_name, password, phone, updated_at, upi_id, version) 
    values
        (?, ?, ?, ?, ?, ?, ?, ?, ?, ?, ?, ?, ?, ?, ?, ?)
Hibernate: 
    insert 
    into
        users
        (bank_account_number, bank_ifsc_code, business_address, business_name, created_at, email, enabled, first_name, is_active, is_seller, last_name, password, phone, updated_at, upi_id, version) 
    values
        (?, ?, ?, ?, ?, ?, ?, ?, ?, ?, ?, ?, ?, ?, ?, ?)
2025-06-20T14:19:43.725+05:30 DEBUG 37792 --- [user-management-service] [           main] org.hibernate.SQL                        : 
    insert 
    into
        users
        (bank_account_number, bank_ifsc_code, business_address, business_name, created_at, email, enabled, first_name, is_active, is_seller, last_name, password, phone, updated_at, upi_id, version) 
    values
        (?, ?, ?, ?, ?, ?, ?, ?, ?, ?, ?, ?, ?, ?, ?, ?)
Hibernate: 
    insert 
    into
        users
        (bank_account_number, bank_ifsc_code, business_address, business_name, created_at, email, enabled, first_name, is_active, is_seller, last_name, password, phone, updated_at, upi_id, version) 
    values
        (?, ?, ?, ?, ?, ?, ?, ?, ?, ?, ?, ?, ?, ?, ?, ?)
2025-06-20T14:19:43.727+05:30 DEBUG 37792 --- [user-management-service] [           main] org.hibernate.SQL                        : 
    insert 
    into
        users
        (bank_account_number, bank_ifsc_code, business_address, business_name, created_at, email, enabled, first_name, is_active, is_seller, last_name, password, phone, updated_at, upi_id, version) 
    values
        (?, ?, ?, ?, ?, ?, ?, ?, ?, ?, ?, ?, ?, ?, ?, ?)
Hibernate: 
    insert 
    into
        users
        (bank_account_number, bank_ifsc_code, business_address, business_name, created_at, email, enabled, first_name, is_active, is_seller, last_name, password, phone, updated_at, upi_id, version) 
    values
        (?, ?, ?, ?, ?, ?, ?, ?, ?, ?, ?, ?, ?, ?, ?, ?)
2025-06-20T14:19:43.730+05:30 DEBUG 37792 --- [user-management-service] [           main] org.hibernate.SQL                        : 
    insert 
    into
        users
        (bank_account_number, bank_ifsc_code, business_address, business_name, created_at, email, enabled, first_name, is_active, is_seller, last_name, password, phone, updated_at, upi_id, version) 
    values
        (?, ?, ?, ?, ?, ?, ?, ?, ?, ?, ?, ?, ?, ?, ?, ?)
Hibernate: 
    insert 
    into
        users
        (bank_account_number, bank_ifsc_code, business_address, business_name, created_at, email, enabled, first_name, is_active, is_seller, last_name, password, phone, updated_at, upi_id, version) 
    values
        (?, ?, ?, ?, ?, ?, ?, ?, ?, ?, ?, ?, ?, ?, ?, ?)
2025-06-20T14:19:43.733+05:30 DEBUG 37792 --- [user-management-service] [           main] org.hibernate.SQL                        : 
    insert 
    into
        users
        (bank_account_number, bank_ifsc_code, business_address, business_name, created_at, email, enabled, first_name, is_active, is_seller, last_name, password, phone, updated_at, upi_id, version) 
    values
        (?, ?, ?, ?, ?, ?, ?, ?, ?, ?, ?, ?, ?, ?, ?, ?)
Hibernate: 
    insert 
    into
        users
        (bank_account_number, bank_ifsc_code, business_address, business_name, created_at, email, enabled, first_name, is_active, is_seller, last_name, password, phone, updated_at, upi_id, version) 
    values
        (?, ?, ?, ?, ?, ?, ?, ?, ?, ?, ?, ?, ?, ?, ?, ?)
2025-06-20T14:19:43.736+05:30 DEBUG 37792 --- [user-management-service] [           main] org.hibernate.SQL                        : 
    insert 
    into
        users
        (bank_account_number, bank_ifsc_code, business_address, business_name, created_at, email, enabled, first_name, is_active, is_seller, last_name, password, phone, updated_at, upi_id, version) 
    values
        (?, ?, ?, ?, ?, ?, ?, ?, ?, ?, ?, ?, ?, ?, ?, ?)
Hibernate: 
    insert 
    into
        users
        (bank_account_number, bank_ifsc_code, business_address, business_name, created_at, email, enabled, first_name, is_active, is_seller, last_name, password, phone, updated_at, upi_id, version) 
    values
        (?, ?, ?, ?, ?, ?, ?, ?, ?, ?, ?, ?, ?, ?, ?, ?)
2025-06-20T14:19:43.739+05:30 DEBUG 37792 --- [user-management-service] [           main] org.hibernate.SQL                        : 
    insert 
    into
        users
        (bank_account_number, bank_ifsc_code, business_address, business_name, created_at, email, enabled, first_name, is_active, is_seller, last_name, password, phone, updated_at, upi_id, version) 
    values
        (?, ?, ?, ?, ?, ?, ?, ?, ?, ?, ?, ?, ?, ?, ?, ?)
Hibernate: 
    insert 
    into
        users
        (bank_account_number, bank_ifsc_code, business_address, business_name, created_at, email, enabled, first_name, is_active, is_seller, last_name, password, phone, updated_at, upi_id, version) 
    values
        (?, ?, ?, ?, ?, ?, ?, ?, ?, ?, ?, ?, ?, ?, ?, ?)
2025-06-20T14:19:43.741+05:30 DEBUG 37792 --- [user-management-service] [           main] org.hibernate.SQL                        : 
    insert 
    into
        users
        (bank_account_number, bank_ifsc_code, business_address, business_name, created_at, email, enabled, first_name, is_active, is_seller, last_name, password, phone, updated_at, upi_id, version) 
    values
        (?, ?, ?, ?, ?, ?, ?, ?, ?, ?, ?, ?, ?, ?, ?, ?)
Hibernate: 
    insert 
    into
        users
        (bank_account_number, bank_ifsc_code, business_address, business_name, created_at, email, enabled, first_name, is_active, is_seller, last_name, password, phone, updated_at, upi_id, version) 
    values
        (?, ?, ?, ?, ?, ?, ?, ?, ?, ?, ?, ?, ?, ?, ?, ?)
2025-06-20T14:19:43.743+05:30 DEBUG 37792 --- [user-management-service] [           main] org.hibernate.SQL                        : 
    insert 
    into
        users
        (bank_account_number, bank_ifsc_code, business_address, business_name, created_at, email, enabled, first_name, is_active, is_seller, last_name, password, phone, updated_at, upi_id, version) 
    values
        (?, ?, ?, ?, ?, ?, ?, ?, ?, ?, ?, ?, ?, ?, ?, ?)
Hibernate: 
    insert 
    into
        users
        (bank_account_number, bank_ifsc_code, business_address, business_name, created_at, email, enabled, first_name, is_active, is_seller, last_name, password, phone, updated_at, upi_id, version) 
    values
        (?, ?, ?, ?, ?, ?, ?, ?, ?, ?, ?, ?, ?, ?, ?, ?)
2025-06-20T14:19:43.746+05:30 DEBUG 37792 --- [user-management-service] [           main] org.hibernate.SQL                        : 
    insert 
    into
        users
        (bank_account_number, bank_ifsc_code, business_address, business_name, created_at, email, enabled, first_name, is_active, is_seller, last_name, password, phone, updated_at, upi_id, version) 
    values
        (?, ?, ?, ?, ?, ?, ?, ?, ?, ?, ?, ?, ?, ?, ?, ?)
Hibernate: 
    insert 
    into
        users
        (bank_account_number, bank_ifsc_code, business_address, business_name, created_at, email, enabled, first_name, is_active, is_seller, last_name, password, phone, updated_at, upi_id, version) 
    values
        (?, ?, ?, ?, ?, ?, ?, ?, ?, ?, ?, ?, ?, ?, ?, ?)
2025-06-20T14:19:43.749+05:30 DEBUG 37792 --- [user-management-service] [           main] org.hibernate.SQL                        : 
    insert 
    into
        users
        (bank_account_number, bank_ifsc_code, business_address, business_name, created_at, email, enabled, first_name, is_active, is_seller, last_name, password, phone, updated_at, upi_id, version) 
    values
        (?, ?, ?, ?, ?, ?, ?, ?, ?, ?, ?, ?, ?, ?, ?, ?)
Hibernate: 
    insert 
    into
        users
        (bank_account_number, bank_ifsc_code, business_address, business_name, created_at, email, enabled, first_name, is_active, is_seller, last_name, password, phone, updated_at, upi_id, version) 
    values
        (?, ?, ?, ?, ?, ?, ?, ?, ?, ?, ?, ?, ?, ?, ?, ?)
2025-06-20T14:19:43.754+05:30 DEBUG 37792 --- [user-management-service] [           main] org.hibernate.SQL                        : 
    insert 
    into
        users
        (bank_account_number, bank_ifsc_code, business_address, business_name, created_at, email, enabled, first_name, is_active, is_seller, last_name, password, phone, updated_at, upi_id, version) 
    values
        (?, ?, ?, ?, ?, ?, ?, ?, ?, ?, ?, ?, ?, ?, ?, ?)
Hibernate: 
    insert 
    into
        users
        (bank_account_number, bank_ifsc_code, business_address, business_name, created_at, email, enabled, first_name, is_active, is_seller, last_name, password, phone, updated_at, upi_id, version) 
    values
        (?, ?, ?, ?, ?, ?, ?, ?, ?, ?, ?, ?, ?, ?, ?, ?)
2025-06-20T14:19:43.757+05:30 DEBUG 37792 --- [user-management-service] [           main] org.hibernate.SQL                        : 
    insert 
    into
        users
        (bank_account_number, bank_ifsc_code, business_address, business_name, created_at, email, enabled, first_name, is_active, is_seller, last_name, password, phone, updated_at, upi_id, version) 
    values
        (?, ?, ?, ?, ?, ?, ?, ?, ?, ?, ?, ?, ?, ?, ?, ?)
Hibernate: 
    insert 
    into
        users
        (bank_account_number, bank_ifsc_code, business_address, business_name, created_at, email, enabled, first_name, is_active, is_seller, last_name, password, phone, updated_at, upi_id, version) 
    values
        (?, ?, ?, ?, ?, ?, ?, ?, ?, ?, ?, ?, ?, ?, ?, ?)
2025-06-20T14:19:43.759+05:30 DEBUG 37792 --- [user-management-service] [           main] org.hibernate.SQL                        : 
    insert 
    into
        users
        (bank_account_number, bank_ifsc_code, business_address, business_name, created_at, email, enabled, first_name, is_active, is_seller, last_name, password, phone, updated_at, upi_id, version) 
    values
        (?, ?, ?, ?, ?, ?, ?, ?, ?, ?, ?, ?, ?, ?, ?, ?)
Hibernate: 
    insert 
    into
        users
        (bank_account_number, bank_ifsc_code, business_address, business_name, created_at, email, enabled, first_name, is_active, is_seller, last_name, password, phone, updated_at, upi_id, version) 
    values
        (?, ?, ?, ?, ?, ?, ?, ?, ?, ?, ?, ?, ?, ?, ?, ?)
2025-06-20T14:19:43.763+05:30 DEBUG 37792 --- [user-management-service] [           main] org.hibernate.SQL                        : 
    insert 
    into
        users
        (bank_account_number, bank_ifsc_code, business_address, business_name, created_at, email, enabled, first_name, is_active, is_seller, last_name, password, phone, updated_at, upi_id, version) 
    values
        (?, ?, ?, ?, ?, ?, ?, ?, ?, ?, ?, ?, ?, ?, ?, ?)
Hibernate: 
    insert 
    into
        users
        (bank_account_number, bank_ifsc_code, business_address, business_name, created_at, email, enabled, first_name, is_active, is_seller, last_name, password, phone, updated_at, upi_id, version) 
    values
        (?, ?, ?, ?, ?, ?, ?, ?, ?, ?, ?, ?, ?, ?, ?, ?)
2025-06-20T14:19:43.767+05:30 DEBUG 37792 --- [user-management-service] [           main] org.hibernate.SQL                        : 
    insert 
    into
        users
        (bank_account_number, bank_ifsc_code, business_address, business_name, created_at, email, enabled, first_name, is_active, is_seller, last_name, password, phone, updated_at, upi_id, version) 
    values
        (?, ?, ?, ?, ?, ?, ?, ?, ?, ?, ?, ?, ?, ?, ?, ?)
Hibernate: 
    insert 
    into
        users
        (bank_account_number, bank_ifsc_code, business_address, business_name, created_at, email, enabled, first_name, is_active, is_seller, last_name, password, phone, updated_at, upi_id, version) 
    values
        (?, ?, ?, ?, ?, ?, ?, ?, ?, ?, ?, ?, ?, ?, ?, ?)
2025-06-20T14:19:43.770+05:30 DEBUG 37792 --- [user-management-service] [           main] org.hibernate.SQL                        : 
    insert 
    into
        users
        (bank_account_number, bank_ifsc_code, business_address, business_name, created_at, email, enabled, first_name, is_active, is_seller, last_name, password, phone, updated_at, upi_id, version) 
    values
        (?, ?, ?, ?, ?, ?, ?, ?, ?, ?, ?, ?, ?, ?, ?, ?)
Hibernate: 
    insert 
    into
        users
        (bank_account_number, bank_ifsc_code, business_address, business_name, created_at, email, enabled, first_name, is_active, is_seller, last_name, password, phone, updated_at, upi_id, version) 
    values
        (?, ?, ?, ?, ?, ?, ?, ?, ?, ?, ?, ?, ?, ?, ?, ?)
2025-06-20T14:19:43.773+05:30 DEBUG 37792 --- [user-management-service] [           main] org.hibernate.SQL                        : 
    insert 
    into
        users
        (bank_account_number, bank_ifsc_code, business_address, business_name, created_at, email, enabled, first_name, is_active, is_seller, last_name, password, phone, updated_at, upi_id, version) 
    values
        (?, ?, ?, ?, ?, ?, ?, ?, ?, ?, ?, ?, ?, ?, ?, ?)
Hibernate: 
    insert 
    into
        users
        (bank_account_number, bank_ifsc_code, business_address, business_name, created_at, email, enabled, first_name, is_active, is_seller, last_name, password, phone, updated_at, upi_id, version) 
    values
        (?, ?, ?, ?, ?, ?, ?, ?, ?, ?, ?, ?, ?, ?, ?, ?)
2025-06-20T14:19:43.775+05:30 DEBUG 37792 --- [user-management-service] [           main] org.hibernate.SQL                        : 
    insert 
    into
        users
        (bank_account_number, bank_ifsc_code, business_address, business_name, created_at, email, enabled, first_name, is_active, is_seller, last_name, password, phone, updated_at, upi_id, version) 
    values
        (?, ?, ?, ?, ?, ?, ?, ?, ?, ?, ?, ?, ?, ?, ?, ?)
Hibernate: 
    insert 
    into
        users
        (bank_account_number, bank_ifsc_code, business_address, business_name, created_at, email, enabled, first_name, is_active, is_seller, last_name, password, phone, updated_at, upi_id, version) 
    values
        (?, ?, ?, ?, ?, ?, ?, ?, ?, ?, ?, ?, ?, ?, ?, ?)
2025-06-20T14:19:43.778+05:30 DEBUG 37792 --- [user-management-service] [           main] org.hibernate.SQL                        : 
    insert 
    into
        users
        (bank_account_number, bank_ifsc_code, business_address, business_name, created_at, email, enabled, first_name, is_active, is_seller, last_name, password, phone, updated_at, upi_id, version) 
    values
        (?, ?, ?, ?, ?, ?, ?, ?, ?, ?, ?, ?, ?, ?, ?, ?)
Hibernate: 
    insert 
    into
        users
        (bank_account_number, bank_ifsc_code, business_address, business_name, created_at, email, enabled, first_name, is_active, is_seller, last_name, password, phone, updated_at, upi_id, version) 
    values
        (?, ?, ?, ?, ?, ?, ?, ?, ?, ?, ?, ?, ?, ?, ?, ?)
2025-06-20T14:19:43.781+05:30 DEBUG 37792 --- [user-management-service] [           main] org.hibernate.SQL                        : 
    insert 
    into
        users
        (bank_account_number, bank_ifsc_code, business_address, business_name, created_at, email, enabled, first_name, is_active, is_seller, last_name, password, phone, updated_at, upi_id, version) 
    values
        (?, ?, ?, ?, ?, ?, ?, ?, ?, ?, ?, ?, ?, ?, ?, ?)
Hibernate: 
    insert 
    into
        users
        (bank_account_number, bank_ifsc_code, business_address, business_name, created_at, email, enabled, first_name, is_active, is_seller, last_name, password, phone, updated_at, upi_id, version) 
    values
        (?, ?, ?, ?, ?, ?, ?, ?, ?, ?, ?, ?, ?, ?, ?, ?)
2025-06-20T14:19:43.784+05:30 DEBUG 37792 --- [user-management-service] [           main] org.hibernate.SQL                        : 
    insert 
    into
        users
        (bank_account_number, bank_ifsc_code, business_address, business_name, created_at, email, enabled, first_name, is_active, is_seller, last_name, password, phone, updated_at, upi_id, version) 
    values
        (?, ?, ?, ?, ?, ?, ?, ?, ?, ?, ?, ?, ?, ?, ?, ?)
Hibernate: 
    insert 
    into
        users
        (bank_account_number, bank_ifsc_code, business_address, business_name, created_at, email, enabled, first_name, is_active, is_seller, last_name, password, phone, updated_at, upi_id, version) 
    values
        (?, ?, ?, ?, ?, ?, ?, ?, ?, ?, ?, ?, ?, ?, ?, ?)
2025-06-20T14:19:43.787+05:30 DEBUG 37792 --- [user-management-service] [           main] org.hibernate.SQL                        : 
    insert 
    into
        users
        (bank_account_number, bank_ifsc_code, business_address, business_name, created_at, email, enabled, first_name, is_active, is_seller, last_name, password, phone, updated_at, upi_id, version) 
    values
        (?, ?, ?, ?, ?, ?, ?, ?, ?, ?, ?, ?, ?, ?, ?, ?)
Hibernate: 
    insert 
    into
        users
        (bank_account_number, bank_ifsc_code, business_address, business_name, created_at, email, enabled, first_name, is_active, is_seller, last_name, password, phone, updated_at, upi_id, version) 
    values
        (?, ?, ?, ?, ?, ?, ?, ?, ?, ?, ?, ?, ?, ?, ?, ?)
2025-06-20T14:19:43.790+05:30 DEBUG 37792 --- [user-management-service] [           main] org.hibernate.SQL                        : 
    insert 
    into
        users
        (bank_account_number, bank_ifsc_code, business_address, business_name, created_at, email, enabled, first_name, is_active, is_seller, last_name, password, phone, updated_at, upi_id, version) 
    values
        (?, ?, ?, ?, ?, ?, ?, ?, ?, ?, ?, ?, ?, ?, ?, ?)
Hibernate: 
    insert 
    into
        users
        (bank_account_number, bank_ifsc_code, business_address, business_name, created_at, email, enabled, first_name, is_active, is_seller, last_name, password, phone, updated_at, upi_id, version) 
    values
        (?, ?, ?, ?, ?, ?, ?, ?, ?, ?, ?, ?, ?, ?, ?, ?)
2025-06-20T14:19:43.792+05:30 DEBUG 37792 --- [user-management-service] [           main] org.hibernate.SQL                        : 
    insert 
    into
        users
        (bank_account_number, bank_ifsc_code, business_address, business_name, created_at, email, enabled, first_name, is_active, is_seller, last_name, password, phone, updated_at, upi_id, version) 
    values
        (?, ?, ?, ?, ?, ?, ?, ?, ?, ?, ?, ?, ?, ?, ?, ?)
Hibernate: 
    insert 
    into
        users
        (bank_account_number, bank_ifsc_code, business_address, business_name, created_at, email, enabled, first_name, is_active, is_seller, last_name, password, phone, updated_at, upi_id, version) 
    values
        (?, ?, ?, ?, ?, ?, ?, ?, ?, ?, ?, ?, ?, ?, ?, ?)
2025-06-20T14:19:43.795+05:30 DEBUG 37792 --- [user-management-service] [           main] org.hibernate.SQL                        : 
    insert 
    into
        users
        (bank_account_number, bank_ifsc_code, business_address, business_name, created_at, email, enabled, first_name, is_active, is_seller, last_name, password, phone, updated_at, upi_id, version) 
    values
        (?, ?, ?, ?, ?, ?, ?, ?, ?, ?, ?, ?, ?, ?, ?, ?)
Hibernate: 
    insert 
    into
        users
        (bank_account_number, bank_ifsc_code, business_address, business_name, created_at, email, enabled, first_name, is_active, is_seller, last_name, password, phone, updated_at, upi_id, version) 
    values
        (?, ?, ?, ?, ?, ?, ?, ?, ?, ?, ?, ?, ?, ?, ?, ?)
2025-06-20T14:19:43.799+05:30 DEBUG 37792 --- [user-management-service] [           main] org.hibernate.SQL                        : 
    insert 
    into
        users
        (bank_account_number, bank_ifsc_code, business_address, business_name, created_at, email, enabled, first_name, is_active, is_seller, last_name, password, phone, updated_at, upi_id, version) 
    values
        (?, ?, ?, ?, ?, ?, ?, ?, ?, ?, ?, ?, ?, ?, ?, ?)
Hibernate: 
    insert 
    into
        users
        (bank_account_number, bank_ifsc_code, business_address, business_name, created_at, email, enabled, first_name, is_active, is_seller, last_name, password, phone, updated_at, upi_id, version) 
    values
        (?, ?, ?, ?, ?, ?, ?, ?, ?, ?, ?, ?, ?, ?, ?, ?)
2025-06-20T14:19:43.802+05:30 DEBUG 37792 --- [user-management-service] [           main] org.hibernate.SQL                        : 
    insert 
    into
        users
        (bank_account_number, bank_ifsc_code, business_address, business_name, created_at, email, enabled, first_name, is_active, is_seller, last_name, password, phone, updated_at, upi_id, version) 
    values
        (?, ?, ?, ?, ?, ?, ?, ?, ?, ?, ?, ?, ?, ?, ?, ?)
Hibernate: 
    insert 
    into
        users
        (bank_account_number, bank_ifsc_code, business_address, business_name, created_at, email, enabled, first_name, is_active, is_seller, last_name, password, phone, updated_at, upi_id, version) 
    values
        (?, ?, ?, ?, ?, ?, ?, ?, ?, ?, ?, ?, ?, ?, ?, ?)
2025-06-20T14:19:43.806+05:30 DEBUG 37792 --- [user-management-service] [           main] org.hibernate.SQL                        : 
    insert 
    into
        users
        (bank_account_number, bank_ifsc_code, business_address, business_name, created_at, email, enabled, first_name, is_active, is_seller, last_name, password, phone, updated_at, upi_id, version) 
    values
        (?, ?, ?, ?, ?, ?, ?, ?, ?, ?, ?, ?, ?, ?, ?, ?)
Hibernate: 
    insert 
    into
        users
        (bank_account_number, bank_ifsc_code, business_address, business_name, created_at, email, enabled, first_name, is_active, is_seller, last_name, password, phone, updated_at, upi_id, version) 
    values
        (?, ?, ?, ?, ?, ?, ?, ?, ?, ?, ?, ?, ?, ?, ?, ?)
2025-06-20T14:19:43.809+05:30 DEBUG 37792 --- [user-management-service] [           main] org.hibernate.SQL                        : 
    insert 
    into
        users
        (bank_account_number, bank_ifsc_code, business_address, business_name, created_at, email, enabled, first_name, is_active, is_seller, last_name, password, phone, updated_at, upi_id, version) 
    values
        (?, ?, ?, ?, ?, ?, ?, ?, ?, ?, ?, ?, ?, ?, ?, ?)
Hibernate: 
    insert 
    into
        users
        (bank_account_number, bank_ifsc_code, business_address, business_name, created_at, email, enabled, first_name, is_active, is_seller, last_name, password, phone, updated_at, upi_id, version) 
    values
        (?, ?, ?, ?, ?, ?, ?, ?, ?, ?, ?, ?, ?, ?, ?, ?)
2025-06-20T14:19:43.813+05:30 DEBUG 37792 --- [user-management-service] [           main] org.hibernate.SQL                        : 
    insert 
    into
        users
        (bank_account_number, bank_ifsc_code, business_address, business_name, created_at, email, enabled, first_name, is_active, is_seller, last_name, password, phone, updated_at, upi_id, version) 
    values
        (?, ?, ?, ?, ?, ?, ?, ?, ?, ?, ?, ?, ?, ?, ?, ?)
Hibernate: 
    insert 
    into
        users
        (bank_account_number, bank_ifsc_code, business_address, business_name, created_at, email, enabled, first_name, is_active, is_seller, last_name, password, phone, updated_at, upi_id, version) 
    values
        (?, ?, ?, ?, ?, ?, ?, ?, ?, ?, ?, ?, ?, ?, ?, ?)
2025-06-20T14:19:43.817+05:30 DEBUG 37792 --- [user-management-service] [           main] org.hibernate.SQL                        : 
    insert 
    into
        users
        (bank_account_number, bank_ifsc_code, business_address, business_name, created_at, email, enabled, first_name, is_active, is_seller, last_name, password, phone, updated_at, upi_id, version) 
    values
        (?, ?, ?, ?, ?, ?, ?, ?, ?, ?, ?, ?, ?, ?, ?, ?)
Hibernate: 
    insert 
    into
        users
        (bank_account_number, bank_ifsc_code, business_address, business_name, created_at, email, enabled, first_name, is_active, is_seller, last_name, password, phone, updated_at, upi_id, version) 
    values
        (?, ?, ?, ?, ?, ?, ?, ?, ?, ?, ?, ?, ?, ?, ?, ?)
2025-06-20T14:19:43.821+05:30 DEBUG 37792 --- [user-management-service] [           main] org.hibernate.SQL                        : 
    insert 
    into
        users
        (bank_account_number, bank_ifsc_code, business_address, business_name, created_at, email, enabled, first_name, is_active, is_seller, last_name, password, phone, updated_at, upi_id, version) 
    values
        (?, ?, ?, ?, ?, ?, ?, ?, ?, ?, ?, ?, ?, ?, ?, ?)
Hibernate: 
    insert 
    into
        users
        (bank_account_number, bank_ifsc_code, business_address, business_name, created_at, email, enabled, first_name, is_active, is_seller, last_name, password, phone, updated_at, upi_id, version) 
    values
        (?, ?, ?, ?, ?, ?, ?, ?, ?, ?, ?, ?, ?, ?, ?, ?)
2025-06-20T14:19:43.825+05:30 DEBUG 37792 --- [user-management-service] [           main] org.hibernate.SQL                        : 
    insert 
    into
        users
        (bank_account_number, bank_ifsc_code, business_address, business_name, created_at, email, enabled, first_name, is_active, is_seller, last_name, password, phone, updated_at, upi_id, version) 
    values
        (?, ?, ?, ?, ?, ?, ?, ?, ?, ?, ?, ?, ?, ?, ?, ?)
Hibernate: 
    insert 
    into
        users
        (bank_account_number, bank_ifsc_code, business_address, business_name, created_at, email, enabled, first_name, is_active, is_seller, last_name, password, phone, updated_at, upi_id, version) 
    values
        (?, ?, ?, ?, ?, ?, ?, ?, ?, ?, ?, ?, ?, ?, ?, ?)
2025-06-20T14:19:43.829+05:30 DEBUG 37792 --- [user-management-service] [           main] org.hibernate.SQL                        : 
    insert 
    into
        users
        (bank_account_number, bank_ifsc_code, business_address, business_name, created_at, email, enabled, first_name, is_active, is_seller, last_name, password, phone, updated_at, upi_id, version) 
    values
        (?, ?, ?, ?, ?, ?, ?, ?, ?, ?, ?, ?, ?, ?, ?, ?)
Hibernate: 
    insert 
    into
        users
        (bank_account_number, bank_ifsc_code, business_address, business_name, created_at, email, enabled, first_name, is_active, is_seller, last_name, password, phone, updated_at, upi_id, version) 
    values
        (?, ?, ?, ?, ?, ?, ?, ?, ?, ?, ?, ?, ?, ?, ?, ?)
2025-06-20T14:19:43.832+05:30 DEBUG 37792 --- [user-management-service] [           main] org.hibernate.SQL                        : 
    insert 
    into
        users
        (bank_account_number, bank_ifsc_code, business_address, business_name, created_at, email, enabled, first_name, is_active, is_seller, last_name, password, phone, updated_at, upi_id, version) 
    values
        (?, ?, ?, ?, ?, ?, ?, ?, ?, ?, ?, ?, ?, ?, ?, ?)
Hibernate: 
    insert 
    into
        users
        (bank_account_number, bank_ifsc_code, business_address, business_name, created_at, email, enabled, first_name, is_active, is_seller, last_name, password, phone, updated_at, upi_id, version) 
    values
        (?, ?, ?, ?, ?, ?, ?, ?, ?, ?, ?, ?, ?, ?, ?, ?)
2025-06-20T14:19:43.835+05:30 DEBUG 37792 --- [user-management-service] [           main] org.hibernate.SQL                        : 
    insert 
    into
        users
        (bank_account_number, bank_ifsc_code, business_address, business_name, created_at, email, enabled, first_name, is_active, is_seller, last_name, password, phone, updated_at, upi_id, version) 
    values
        (?, ?, ?, ?, ?, ?, ?, ?, ?, ?, ?, ?, ?, ?, ?, ?)
Hibernate: 
    insert 
    into
        users
        (bank_account_number, bank_ifsc_code, business_address, business_name, created_at, email, enabled, first_name, is_active, is_seller, last_name, password, phone, updated_at, upi_id, version) 
    values
        (?, ?, ?, ?, ?, ?, ?, ?, ?, ?, ?, ?, ?, ?, ?, ?)
2025-06-20T14:19:43.837+05:30 DEBUG 37792 --- [user-management-service] [           main] org.hibernate.SQL                        : 
    insert 
    into
        users
        (bank_account_number, bank_ifsc_code, business_address, business_name, created_at, email, enabled, first_name, is_active, is_seller, last_name, password, phone, updated_at, upi_id, version) 
    values
        (?, ?, ?, ?, ?, ?, ?, ?, ?, ?, ?, ?, ?, ?, ?, ?)
Hibernate: 
    insert 
    into
        users
        (bank_account_number, bank_ifsc_code, business_address, business_name, created_at, email, enabled, first_name, is_active, is_seller, last_name, password, phone, updated_at, upi_id, version) 
    values
        (?, ?, ?, ?, ?, ?, ?, ?, ?, ?, ?, ?, ?, ?, ?, ?)
2025-06-20T14:19:43.840+05:30 DEBUG 37792 --- [user-management-service] [           main] org.hibernate.SQL                        : 
    insert 
    into
        users
        (bank_account_number, bank_ifsc_code, business_address, business_name, created_at, email, enabled, first_name, is_active, is_seller, last_name, password, phone, updated_at, upi_id, version) 
    values
        (?, ?, ?, ?, ?, ?, ?, ?, ?, ?, ?, ?, ?, ?, ?, ?)
Hibernate: 
    insert 
    into
        users
        (bank_account_number, bank_ifsc_code, business_address, business_name, created_at, email, enabled, first_name, is_active, is_seller, last_name, password, phone, updated_at, upi_id, version) 
    values
        (?, ?, ?, ?, ?, ?, ?, ?, ?, ?, ?, ?, ?, ?, ?, ?)
2025-06-20T14:19:43.842+05:30 DEBUG 37792 --- [user-management-service] [           main] org.hibernate.SQL                        : 
    insert 
    into
        users
        (bank_account_number, bank_ifsc_code, business_address, business_name, created_at, email, enabled, first_name, is_active, is_seller, last_name, password, phone, updated_at, upi_id, version) 
    values
        (?, ?, ?, ?, ?, ?, ?, ?, ?, ?, ?, ?, ?, ?, ?, ?)
Hibernate: 
    insert 
    into
        users
        (bank_account_number, bank_ifsc_code, business_address, business_name, created_at, email, enabled, first_name, is_active, is_seller, last_name, password, phone, updated_at, upi_id, version) 
    values
        (?, ?, ?, ?, ?, ?, ?, ?, ?, ?, ?, ?, ?, ?, ?, ?)
2025-06-20T14:19:43.846+05:30 DEBUG 37792 --- [user-management-service] [           main] org.hibernate.SQL                        : 
    insert 
    into
        users
        (bank_account_number, bank_ifsc_code, business_address, business_name, created_at, email, enabled, first_name, is_active, is_seller, last_name, password, phone, updated_at, upi_id, version) 
    values
        (?, ?, ?, ?, ?, ?, ?, ?, ?, ?, ?, ?, ?, ?, ?, ?)
Hibernate: 
    insert 
    into
        users
        (bank_account_number, bank_ifsc_code, business_address, business_name, created_at, email, enabled, first_name, is_active, is_seller, last_name, password, phone, updated_at, upi_id, version) 
    values
        (?, ?, ?, ?, ?, ?, ?, ?, ?, ?, ?, ?, ?, ?, ?, ?)
2025-06-20T14:19:43.849+05:30 DEBUG 37792 --- [user-management-service] [           main] org.hibernate.SQL                        : 
    insert 
    into
        users
        (bank_account_number, bank_ifsc_code, business_address, business_name, created_at, email, enabled, first_name, is_active, is_seller, last_name, password, phone, updated_at, upi_id, version) 
    values
        (?, ?, ?, ?, ?, ?, ?, ?, ?, ?, ?, ?, ?, ?, ?, ?)
Hibernate: 
    insert 
    into
        users
        (bank_account_number, bank_ifsc_code, business_address, business_name, created_at, email, enabled, first_name, is_active, is_seller, last_name, password, phone, updated_at, upi_id, version) 
    values
        (?, ?, ?, ?, ?, ?, ?, ?, ?, ?, ?, ?, ?, ?, ?, ?)
2025-06-20T14:19:43.853+05:30 DEBUG 37792 --- [user-management-service] [           main] org.hibernate.SQL                        : 
    insert 
    into
        users
        (bank_account_number, bank_ifsc_code, business_address, business_name, created_at, email, enabled, first_name, is_active, is_seller, last_name, password, phone, updated_at, upi_id, version) 
    values
        (?, ?, ?, ?, ?, ?, ?, ?, ?, ?, ?, ?, ?, ?, ?, ?)
Hibernate: 
    insert 
    into
        users
        (bank_account_number, bank_ifsc_code, business_address, business_name, created_at, email, enabled, first_name, is_active, is_seller, last_name, password, phone, updated_at, upi_id, version) 
    values
        (?, ?, ?, ?, ?, ?, ?, ?, ?, ?, ?, ?, ?, ?, ?, ?)
2025-06-20T14:19:43.856+05:30 DEBUG 37792 --- [user-management-service] [           main] org.hibernate.SQL                        : 
    insert 
    into
        users
        (bank_account_number, bank_ifsc_code, business_address, business_name, created_at, email, enabled, first_name, is_active, is_seller, last_name, password, phone, updated_at, upi_id, version) 
    values
        (?, ?, ?, ?, ?, ?, ?, ?, ?, ?, ?, ?, ?, ?, ?, ?)
Hibernate: 
    insert 
    into
        users
        (bank_account_number, bank_ifsc_code, business_address, business_name, created_at, email, enabled, first_name, is_active, is_seller, last_name, password, phone, updated_at, upi_id, version) 
    values
        (?, ?, ?, ?, ?, ?, ?, ?, ?, ?, ?, ?, ?, ?, ?, ?)
2025-06-20T14:19:43.860+05:30 DEBUG 37792 --- [user-management-service] [           main] org.hibernate.SQL                        : 
    insert 
    into
        users
        (bank_account_number, bank_ifsc_code, business_address, business_name, created_at, email, enabled, first_name, is_active, is_seller, last_name, password, phone, updated_at, upi_id, version) 
    values
        (?, ?, ?, ?, ?, ?, ?, ?, ?, ?, ?, ?, ?, ?, ?, ?)
Hibernate: 
    insert 
    into
        users
        (bank_account_number, bank_ifsc_code, business_address, business_name, created_at, email, enabled, first_name, is_active, is_seller, last_name, password, phone, updated_at, upi_id, version) 
    values
        (?, ?, ?, ?, ?, ?, ?, ?, ?, ?, ?, ?, ?, ?, ?, ?)
2025-06-20T14:19:43.864+05:30 DEBUG 37792 --- [user-management-service] [           main] org.hibernate.SQL                        : 
    insert 
    into
        users
        (bank_account_number, bank_ifsc_code, business_address, business_name, created_at, email, enabled, first_name, is_active, is_seller, last_name, password, phone, updated_at, upi_id, version) 
    values
        (?, ?, ?, ?, ?, ?, ?, ?, ?, ?, ?, ?, ?, ?, ?, ?)
Hibernate: 
    insert 
    into
        users
        (bank_account_number, bank_ifsc_code, business_address, business_name, created_at, email, enabled, first_name, is_active, is_seller, last_name, password, phone, updated_at, upi_id, version) 
    values
        (?, ?, ?, ?, ?, ?, ?, ?, ?, ?, ?, ?, ?, ?, ?, ?)
2025-06-20T14:19:43.868+05:30 DEBUG 37792 --- [user-management-service] [           main] org.hibernate.SQL                        : 
    insert 
    into
        users
        (bank_account_number, bank_ifsc_code, business_address, business_name, created_at, email, enabled, first_name, is_active, is_seller, last_name, password, phone, updated_at, upi_id, version) 
    values
        (?, ?, ?, ?, ?, ?, ?, ?, ?, ?, ?, ?, ?, ?, ?, ?)
Hibernate: 
    insert 
    into
        users
        (bank_account_number, bank_ifsc_code, business_address, business_name, created_at, email, enabled, first_name, is_active, is_seller, last_name, password, phone, updated_at, upi_id, version) 
    values
        (?, ?, ?, ?, ?, ?, ?, ?, ?, ?, ?, ?, ?, ?, ?, ?)
2025-06-20T14:19:43.875+05:30 DEBUG 37792 --- [user-management-service] [           main] org.hibernate.SQL                        : 
    insert 
    into
        users
        (bank_account_number, bank_ifsc_code, business_address, business_name, created_at, email, enabled, first_name, is_active, is_seller, last_name, password, phone, updated_at, upi_id, version) 
    values
        (?, ?, ?, ?, ?, ?, ?, ?, ?, ?, ?, ?, ?, ?, ?, ?)
Hibernate: 
    insert 
    into
        users
        (bank_account_number, bank_ifsc_code, business_address, business_name, created_at, email, enabled, first_name, is_active, is_seller, last_name, password, phone, updated_at, upi_id, version) 
    values
        (?, ?, ?, ?, ?, ?, ?, ?, ?, ?, ?, ?, ?, ?, ?, ?)
2025-06-20T14:19:43.880+05:30 DEBUG 37792 --- [user-management-service] [           main] org.hibernate.SQL                        : 
    insert 
    into
        users
        (bank_account_number, bank_ifsc_code, business_address, business_name, created_at, email, enabled, first_name, is_active, is_seller, last_name, password, phone, updated_at, upi_id, version) 
    values
        (?, ?, ?, ?, ?, ?, ?, ?, ?, ?, ?, ?, ?, ?, ?, ?)
Hibernate: 
    insert 
    into
        users
        (bank_account_number, bank_ifsc_code, business_address, business_name, created_at, email, enabled, first_name, is_active, is_seller, last_name, password, phone, updated_at, upi_id, version) 
    values
        (?, ?, ?, ?, ?, ?, ?, ?, ?, ?, ?, ?, ?, ?, ?, ?)
2025-06-20T14:19:43.885+05:30 DEBUG 37792 --- [user-management-service] [           main] org.hibernate.SQL                        : 
    insert 
    into
        users
        (bank_account_number, bank_ifsc_code, business_address, business_name, created_at, email, enabled, first_name, is_active, is_seller, last_name, password, phone, updated_at, upi_id, version) 
    values
        (?, ?, ?, ?, ?, ?, ?, ?, ?, ?, ?, ?, ?, ?, ?, ?)
Hibernate: 
    insert 
    into
        users
        (bank_account_number, bank_ifsc_code, business_address, business_name, created_at, email, enabled, first_name, is_active, is_seller, last_name, password, phone, updated_at, upi_id, version) 
    values
        (?, ?, ?, ?, ?, ?, ?, ?, ?, ?, ?, ?, ?, ?, ?, ?)
2025-06-20T14:19:43.890+05:30 DEBUG 37792 --- [user-management-service] [           main] org.hibernate.SQL                        : 
    insert 
    into
        users
        (bank_account_number, bank_ifsc_code, business_address, business_name, created_at, email, enabled, first_name, is_active, is_seller, last_name, password, phone, updated_at, upi_id, version) 
    values
        (?, ?, ?, ?, ?, ?, ?, ?, ?, ?, ?, ?, ?, ?, ?, ?)
Hibernate: 
    insert 
    into
        users
        (bank_account_number, bank_ifsc_code, business_address, business_name, created_at, email, enabled, first_name, is_active, is_seller, last_name, password, phone, updated_at, upi_id, version) 
    values
        (?, ?, ?, ?, ?, ?, ?, ?, ?, ?, ?, ?, ?, ?, ?, ?)
2025-06-20T14:19:43.895+05:30 DEBUG 37792 --- [user-management-service] [           main] org.hibernate.SQL                        : 
    insert 
    into
        users
        (bank_account_number, bank_ifsc_code, business_address, business_name, created_at, email, enabled, first_name, is_active, is_seller, last_name, password, phone, updated_at, upi_id, version) 
    values
        (?, ?, ?, ?, ?, ?, ?, ?, ?, ?, ?, ?, ?, ?, ?, ?)
Hibernate: 
    insert 
    into
        users
        (bank_account_number, bank_ifsc_code, business_address, business_name, created_at, email, enabled, first_name, is_active, is_seller, last_name, password, phone, updated_at, upi_id, version) 
    values
        (?, ?, ?, ?, ?, ?, ?, ?, ?, ?, ?, ?, ?, ?, ?, ?)
2025-06-20T14:19:43.901+05:30 DEBUG 37792 --- [user-management-service] [           main] org.hibernate.SQL                        : 
    insert 
    into
        users
        (bank_account_number, bank_ifsc_code, business_address, business_name, created_at, email, enabled, first_name, is_active, is_seller, last_name, password, phone, updated_at, upi_id, version) 
    values
        (?, ?, ?, ?, ?, ?, ?, ?, ?, ?, ?, ?, ?, ?, ?, ?)
Hibernate: 
    insert 
    into
        users
        (bank_account_number, bank_ifsc_code, business_address, business_name, created_at, email, enabled, first_name, is_active, is_seller, last_name, password, phone, updated_at, upi_id, version) 
    values
        (?, ?, ?, ?, ?, ?, ?, ?, ?, ?, ?, ?, ?, ?, ?, ?)
2025-06-20T14:19:43.905+05:30 DEBUG 37792 --- [user-management-service] [           main] org.hibernate.SQL                        : 
    insert 
    into
        users
        (bank_account_number, bank_ifsc_code, business_address, business_name, created_at, email, enabled, first_name, is_active, is_seller, last_name, password, phone, updated_at, upi_id, version) 
    values
        (?, ?, ?, ?, ?, ?, ?, ?, ?, ?, ?, ?, ?, ?, ?, ?)
Hibernate: 
    insert 
    into
        users
        (bank_account_number, bank_ifsc_code, business_address, business_name, created_at, email, enabled, first_name, is_active, is_seller, last_name, password, phone, updated_at, upi_id, version) 
    values
        (?, ?, ?, ?, ?, ?, ?, ?, ?, ?, ?, ?, ?, ?, ?, ?)
2025-06-20T14:19:43.909+05:30 DEBUG 37792 --- [user-management-service] [           main] org.hibernate.SQL                        : 
    insert 
    into
        users
        (bank_account_number, bank_ifsc_code, business_address, business_name, created_at, email, enabled, first_name, is_active, is_seller, last_name, password, phone, updated_at, upi_id, version) 
    values
        (?, ?, ?, ?, ?, ?, ?, ?, ?, ?, ?, ?, ?, ?, ?, ?)
Hibernate: 
    insert 
    into
        users
        (bank_account_number, bank_ifsc_code, business_address, business_name, created_at, email, enabled, first_name, is_active, is_seller, last_name, password, phone, updated_at, upi_id, version) 
    values
        (?, ?, ?, ?, ?, ?, ?, ?, ?, ?, ?, ?, ?, ?, ?, ?)
2025-06-20T14:19:43.913+05:30 DEBUG 37792 --- [user-management-service] [           main] org.hibernate.SQL                        : 
    insert 
    into
        users
        (bank_account_number, bank_ifsc_code, business_address, business_name, created_at, email, enabled, first_name, is_active, is_seller, last_name, password, phone, updated_at, upi_id, version) 
    values
        (?, ?, ?, ?, ?, ?, ?, ?, ?, ?, ?, ?, ?, ?, ?, ?)
Hibernate: 
    insert 
    into
        users
        (bank_account_number, bank_ifsc_code, business_address, business_name, created_at, email, enabled, first_name, is_active, is_seller, last_name, password, phone, updated_at, upi_id, version) 
    values
        (?, ?, ?, ?, ?, ?, ?, ?, ?, ?, ?, ?, ?, ?, ?, ?)
2025-06-20T14:19:43.919+05:30 DEBUG 37792 --- [user-management-service] [           main] org.hibernate.SQL                        : 
    insert 
    into
        users
        (bank_account_number, bank_ifsc_code, business_address, business_name, created_at, email, enabled, first_name, is_active, is_seller, last_name, password, phone, updated_at, upi_id, version) 
    values
        (?, ?, ?, ?, ?, ?, ?, ?, ?, ?, ?, ?, ?, ?, ?, ?)
Hibernate: 
    insert 
    into
        users
        (bank_account_number, bank_ifsc_code, business_address, business_name, created_at, email, enabled, first_name, is_active, is_seller, last_name, password, phone, updated_at, upi_id, version) 
    values
        (?, ?, ?, ?, ?, ?, ?, ?, ?, ?, ?, ?, ?, ?, ?, ?)
2025-06-20T14:19:43.922+05:30 DEBUG 37792 --- [user-management-service] [           main] org.hibernate.SQL                        : 
    insert 
    into
        users
        (bank_account_number, bank_ifsc_code, business_address, business_name, created_at, email, enabled, first_name, is_active, is_seller, last_name, password, phone, updated_at, upi_id, version) 
    values
        (?, ?, ?, ?, ?, ?, ?, ?, ?, ?, ?, ?, ?, ?, ?, ?)
Hibernate: 
    insert 
    into
        users
        (bank_account_number, bank_ifsc_code, business_address, business_name, created_at, email, enabled, first_name, is_active, is_seller, last_name, password, phone, updated_at, upi_id, version) 
    values
        (?, ?, ?, ?, ?, ?, ?, ?, ?, ?, ?, ?, ?, ?, ?, ?)
2025-06-20T14:19:43.924+05:30 DEBUG 37792 --- [user-management-service] [           main] org.hibernate.SQL                        : 
    insert 
    into
        users
        (bank_account_number, bank_ifsc_code, business_address, business_name, created_at, email, enabled, first_name, is_active, is_seller, last_name, password, phone, updated_at, upi_id, version) 
    values
        (?, ?, ?, ?, ?, ?, ?, ?, ?, ?, ?, ?, ?, ?, ?, ?)
Hibernate: 
    insert 
    into
        users
        (bank_account_number, bank_ifsc_code, business_address, business_name, created_at, email, enabled, first_name, is_active, is_seller, last_name, password, phone, updated_at, upi_id, version) 
    values
        (?, ?, ?, ?, ?, ?, ?, ?, ?, ?, ?, ?, ?, ?, ?, ?)
2025-06-20T14:19:43.927+05:30 DEBUG 37792 --- [user-management-service] [           main] org.hibernate.SQL                        : 
    insert 
    into
        users
        (bank_account_number, bank_ifsc_code, business_address, business_name, created_at, email, enabled, first_name, is_active, is_seller, last_name, password, phone, updated_at, upi_id, version) 
    values
        (?, ?, ?, ?, ?, ?, ?, ?, ?, ?, ?, ?, ?, ?, ?, ?)
Hibernate: 
    insert 
    into
        users
        (bank_account_number, bank_ifsc_code, business_address, business_name, created_at, email, enabled, first_name, is_active, is_seller, last_name, password, phone, updated_at, upi_id, version) 
    values
        (?, ?, ?, ?, ?, ?, ?, ?, ?, ?, ?, ?, ?, ?, ?, ?)
2025-06-20T14:19:43.930+05:30 DEBUG 37792 --- [user-management-service] [           main] org.hibernate.SQL                        : 
    insert 
    into
        users
        (bank_account_number, bank_ifsc_code, business_address, business_name, created_at, email, enabled, first_name, is_active, is_seller, last_name, password, phone, updated_at, upi_id, version) 
    values
        (?, ?, ?, ?, ?, ?, ?, ?, ?, ?, ?, ?, ?, ?, ?, ?)
Hibernate: 
    insert 
    into
        users
        (bank_account_number, bank_ifsc_code, business_address, business_name, created_at, email, enabled, first_name, is_active, is_seller, last_name, password, phone, updated_at, upi_id, version) 
    values
        (?, ?, ?, ?, ?, ?, ?, ?, ?, ?, ?, ?, ?, ?, ?, ?)
2025-06-20T14:19:43.933+05:30 DEBUG 37792 --- [user-management-service] [           main] org.hibernate.SQL                        : 
    insert 
    into
        users
        (bank_account_number, bank_ifsc_code, business_address, business_name, created_at, email, enabled, first_name, is_active, is_seller, last_name, password, phone, updated_at, upi_id, version) 
    values
        (?, ?, ?, ?, ?, ?, ?, ?, ?, ?, ?, ?, ?, ?, ?, ?)
Hibernate: 
    insert 
    into
        users
        (bank_account_number, bank_ifsc_code, business_address, business_name, created_at, email, enabled, first_name, is_active, is_seller, last_name, password, phone, updated_at, upi_id, version) 
    values
        (?, ?, ?, ?, ?, ?, ?, ?, ?, ?, ?, ?, ?, ?, ?, ?)
2025-06-20T14:19:43.936+05:30 DEBUG 37792 --- [user-management-service] [           main] org.hibernate.SQL                        : 
    insert 
    into
        users
        (bank_account_number, bank_ifsc_code, business_address, business_name, created_at, email, enabled, first_name, is_active, is_seller, last_name, password, phone, updated_at, upi_id, version) 
    values
        (?, ?, ?, ?, ?, ?, ?, ?, ?, ?, ?, ?, ?, ?, ?, ?)
Hibernate: 
    insert 
    into
        users
        (bank_account_number, bank_ifsc_code, business_address, business_name, created_at, email, enabled, first_name, is_active, is_seller, last_name, password, phone, updated_at, upi_id, version) 
    values
        (?, ?, ?, ?, ?, ?, ?, ?, ?, ?, ?, ?, ?, ?, ?, ?)
2025-06-20T14:19:43.939+05:30 DEBUG 37792 --- [user-management-service] [           main] org.hibernate.SQL                        : 
    insert 
    into
        users
        (bank_account_number, bank_ifsc_code, business_address, business_name, created_at, email, enabled, first_name, is_active, is_seller, last_name, password, phone, updated_at, upi_id, version) 
    values
        (?, ?, ?, ?, ?, ?, ?, ?, ?, ?, ?, ?, ?, ?, ?, ?)
Hibernate: 
    insert 
    into
        users
        (bank_account_number, bank_ifsc_code, business_address, business_name, created_at, email, enabled, first_name, is_active, is_seller, last_name, password, phone, updated_at, upi_id, version) 
    values
        (?, ?, ?, ?, ?, ?, ?, ?, ?, ?, ?, ?, ?, ?, ?, ?)
2025-06-20T14:19:43.941+05:30 DEBUG 37792 --- [user-management-service] [           main] org.hibernate.SQL                        : 
    insert 
    into
        users
        (bank_account_number, bank_ifsc_code, business_address, business_name, created_at, email, enabled, first_name, is_active, is_seller, last_name, password, phone, updated_at, upi_id, version) 
    values
        (?, ?, ?, ?, ?, ?, ?, ?, ?, ?, ?, ?, ?, ?, ?, ?)
Hibernate: 
    insert 
    into
        users
        (bank_account_number, bank_ifsc_code, business_address, business_name, created_at, email, enabled, first_name, is_active, is_seller, last_name, password, phone, updated_at, upi_id, version) 
    values
        (?, ?, ?, ?, ?, ?, ?, ?, ?, ?, ?, ?, ?, ?, ?, ?)
2025-06-20T14:19:43.943+05:30 DEBUG 37792 --- [user-management-service] [           main] org.hibernate.SQL                        : 
    insert 
    into
        users
        (bank_account_number, bank_ifsc_code, business_address, business_name, created_at, email, enabled, first_name, is_active, is_seller, last_name, password, phone, updated_at, upi_id, version) 
    values
        (?, ?, ?, ?, ?, ?, ?, ?, ?, ?, ?, ?, ?, ?, ?, ?)
Hibernate: 
    insert 
    into
        users
        (bank_account_number, bank_ifsc_code, business_address, business_name, created_at, email, enabled, first_name, is_active, is_seller, last_name, password, phone, updated_at, upi_id, version) 
    values
        (?, ?, ?, ?, ?, ?, ?, ?, ?, ?, ?, ?, ?, ?, ?, ?)
2025-06-20T14:19:43.946+05:30 DEBUG 37792 --- [user-management-service] [           main] org.hibernate.SQL                        : 
    insert 
    into
        users
        (bank_account_number, bank_ifsc_code, business_address, business_name, created_at, email, enabled, first_name, is_active, is_seller, last_name, password, phone, updated_at, upi_id, version) 
    values
        (?, ?, ?, ?, ?, ?, ?, ?, ?, ?, ?, ?, ?, ?, ?, ?)
Hibernate: 
    insert 
    into
        users
        (bank_account_number, bank_ifsc_code, business_address, business_name, created_at, email, enabled, first_name, is_active, is_seller, last_name, password, phone, updated_at, upi_id, version) 
    values
        (?, ?, ?, ?, ?, ?, ?, ?, ?, ?, ?, ?, ?, ?, ?, ?)
2025-06-20T14:19:43.948+05:30 DEBUG 37792 --- [user-management-service] [           main] org.hibernate.SQL                        : 
    insert 
    into
        users
        (bank_account_number, bank_ifsc_code, business_address, business_name, created_at, email, enabled, first_name, is_active, is_seller, last_name, password, phone, updated_at, upi_id, version) 
    values
        (?, ?, ?, ?, ?, ?, ?, ?, ?, ?, ?, ?, ?, ?, ?, ?)
Hibernate: 
    insert 
    into
        users
        (bank_account_number, bank_ifsc_code, business_address, business_name, created_at, email, enabled, first_name, is_active, is_seller, last_name, password, phone, updated_at, upi_id, version) 
    values
        (?, ?, ?, ?, ?, ?, ?, ?, ?, ?, ?, ?, ?, ?, ?, ?)
2025-06-20T14:19:43.951+05:30 DEBUG 37792 --- [user-management-service] [           main] org.hibernate.SQL                        : 
    insert 
    into
        users
        (bank_account_number, bank_ifsc_code, business_address, business_name, created_at, email, enabled, first_name, is_active, is_seller, last_name, password, phone, updated_at, upi_id, version) 
    values
        (?, ?, ?, ?, ?, ?, ?, ?, ?, ?, ?, ?, ?, ?, ?, ?)
Hibernate: 
    insert 
    into
        users
        (bank_account_number, bank_ifsc_code, business_address, business_name, created_at, email, enabled, first_name, is_active, is_seller, last_name, password, phone, updated_at, upi_id, version) 
    values
        (?, ?, ?, ?, ?, ?, ?, ?, ?, ?, ?, ?, ?, ?, ?, ?)
2025-06-20T14:19:43.953+05:30 DEBUG 37792 --- [user-management-service] [           main] org.hibernate.SQL                        : 
    insert 
    into
        users
        (bank_account_number, bank_ifsc_code, business_address, business_name, created_at, email, enabled, first_name, is_active, is_seller, last_name, password, phone, updated_at, upi_id, version) 
    values
        (?, ?, ?, ?, ?, ?, ?, ?, ?, ?, ?, ?, ?, ?, ?, ?)
Hibernate: 
    insert 
    into
        users
        (bank_account_number, bank_ifsc_code, business_address, business_name, created_at, email, enabled, first_name, is_active, is_seller, last_name, password, phone, updated_at, upi_id, version) 
    values
        (?, ?, ?, ?, ?, ?, ?, ?, ?, ?, ?, ?, ?, ?, ?, ?)
2025-06-20T14:19:43.957+05:30 DEBUG 37792 --- [user-management-service] [           main] org.hibernate.SQL                        : 
    insert 
    into
        users
        (bank_account_number, bank_ifsc_code, business_address, business_name, created_at, email, enabled, first_name, is_active, is_seller, last_name, password, phone, updated_at, upi_id, version) 
    values
        (?, ?, ?, ?, ?, ?, ?, ?, ?, ?, ?, ?, ?, ?, ?, ?)
Hibernate: 
    insert 
    into
        users
        (bank_account_number, bank_ifsc_code, business_address, business_name, created_at, email, enabled, first_name, is_active, is_seller, last_name, password, phone, updated_at, upi_id, version) 
    values
        (?, ?, ?, ?, ?, ?, ?, ?, ?, ?, ?, ?, ?, ?, ?, ?)
2025-06-20T14:19:43.960+05:30 DEBUG 37792 --- [user-management-service] [           main] org.hibernate.SQL                        : 
    insert 
    into
        users
        (bank_account_number, bank_ifsc_code, business_address, business_name, created_at, email, enabled, first_name, is_active, is_seller, last_name, password, phone, updated_at, upi_id, version) 
    values
        (?, ?, ?, ?, ?, ?, ?, ?, ?, ?, ?, ?, ?, ?, ?, ?)
Hibernate: 
    insert 
    into
        users
        (bank_account_number, bank_ifsc_code, business_address, business_name, created_at, email, enabled, first_name, is_active, is_seller, last_name, password, phone, updated_at, upi_id, version) 
    values
        (?, ?, ?, ?, ?, ?, ?, ?, ?, ?, ?, ?, ?, ?, ?, ?)
2025-06-20T14:19:43.964+05:30 DEBUG 37792 --- [user-management-service] [           main] org.hibernate.SQL                        : 
    insert 
    into
        users
        (bank_account_number, bank_ifsc_code, business_address, business_name, created_at, email, enabled, first_name, is_active, is_seller, last_name, password, phone, updated_at, upi_id, version) 
    values
        (?, ?, ?, ?, ?, ?, ?, ?, ?, ?, ?, ?, ?, ?, ?, ?)
Hibernate: 
    insert 
    into
        users
        (bank_account_number, bank_ifsc_code, business_address, business_name, created_at, email, enabled, first_name, is_active, is_seller, last_name, password, phone, updated_at, upi_id, version) 
    values
        (?, ?, ?, ?, ?, ?, ?, ?, ?, ?, ?, ?, ?, ?, ?, ?)
2025-06-20T14:19:43.968+05:30 DEBUG 37792 --- [user-management-service] [           main] org.hibernate.SQL                        : 
    insert 
    into
        users
        (bank_account_number, bank_ifsc_code, business_address, business_name, created_at, email, enabled, first_name, is_active, is_seller, last_name, password, phone, updated_at, upi_id, version) 
    values
        (?, ?, ?, ?, ?, ?, ?, ?, ?, ?, ?, ?, ?, ?, ?, ?)
Hibernate: 
    insert 
    into
        users
        (bank_account_number, bank_ifsc_code, business_address, business_name, created_at, email, enabled, first_name, is_active, is_seller, last_name, password, phone, updated_at, upi_id, version) 
    values
        (?, ?, ?, ?, ?, ?, ?, ?, ?, ?, ?, ?, ?, ?, ?, ?)
2025-06-20T14:19:43.971+05:30 DEBUG 37792 --- [user-management-service] [           main] org.hibernate.SQL                        : 
    insert 
    into
        users
        (bank_account_number, bank_ifsc_code, business_address, business_name, created_at, email, enabled, first_name, is_active, is_seller, last_name, password, phone, updated_at, upi_id, version) 
    values
        (?, ?, ?, ?, ?, ?, ?, ?, ?, ?, ?, ?, ?, ?, ?, ?)
Hibernate: 
    insert 
    into
        users
        (bank_account_number, bank_ifsc_code, business_address, business_name, created_at, email, enabled, first_name, is_active, is_seller, last_name, password, phone, updated_at, upi_id, version) 
    values
        (?, ?, ?, ?, ?, ?, ?, ?, ?, ?, ?, ?, ?, ?, ?, ?)
2025-06-20T14:19:43.974+05:30 DEBUG 37792 --- [user-management-service] [           main] org.hibernate.SQL                        : 
    insert 
    into
        users
        (bank_account_number, bank_ifsc_code, business_address, business_name, created_at, email, enabled, first_name, is_active, is_seller, last_name, password, phone, updated_at, upi_id, version) 
    values
        (?, ?, ?, ?, ?, ?, ?, ?, ?, ?, ?, ?, ?, ?, ?, ?)
Hibernate: 
    insert 
    into
        users
        (bank_account_number, bank_ifsc_code, business_address, business_name, created_at, email, enabled, first_name, is_active, is_seller, last_name, password, phone, updated_at, upi_id, version) 
    values
        (?, ?, ?, ?, ?, ?, ?, ?, ?, ?, ?, ?, ?, ?, ?, ?)
2025-06-20T14:19:43.977+05:30 DEBUG 37792 --- [user-management-service] [           main] org.hibernate.SQL                        : 
    insert 
    into
        users
        (bank_account_number, bank_ifsc_code, business_address, business_name, created_at, email, enabled, first_name, is_active, is_seller, last_name, password, phone, updated_at, upi_id, version) 
    values
        (?, ?, ?, ?, ?, ?, ?, ?, ?, ?, ?, ?, ?, ?, ?, ?)
Hibernate: 
    insert 
    into
        users
        (bank_account_number, bank_ifsc_code, business_address, business_name, created_at, email, enabled, first_name, is_active, is_seller, last_name, password, phone, updated_at, upi_id, version) 
    values
        (?, ?, ?, ?, ?, ?, ?, ?, ?, ?, ?, ?, ?, ?, ?, ?)
2025-06-20T14:19:43.981+05:30 DEBUG 37792 --- [user-management-service] [           main] org.hibernate.SQL                        : 
    insert 
    into
        users
        (bank_account_number, bank_ifsc_code, business_address, business_name, created_at, email, enabled, first_name, is_active, is_seller, last_name, password, phone, updated_at, upi_id, version) 
    values
        (?, ?, ?, ?, ?, ?, ?, ?, ?, ?, ?, ?, ?, ?, ?, ?)
Hibernate: 
    insert 
    into
        users
        (bank_account_number, bank_ifsc_code, business_address, business_name, created_at, email, enabled, first_name, is_active, is_seller, last_name, password, phone, updated_at, upi_id, version) 
    values
        (?, ?, ?, ?, ?, ?, ?, ?, ?, ?, ?, ?, ?, ?, ?, ?)
2025-06-20T14:19:43.985+05:30 DEBUG 37792 --- [user-management-service] [           main] org.hibernate.SQL                        : 
    insert 
    into
        users
        (bank_account_number, bank_ifsc_code, business_address, business_name, created_at, email, enabled, first_name, is_active, is_seller, last_name, password, phone, updated_at, upi_id, version) 
    values
        (?, ?, ?, ?, ?, ?, ?, ?, ?, ?, ?, ?, ?, ?, ?, ?)
Hibernate: 
    insert 
    into
        users
        (bank_account_number, bank_ifsc_code, business_address, business_name, created_at, email, enabled, first_name, is_active, is_seller, last_name, password, phone, updated_at, upi_id, version) 
    values
        (?, ?, ?, ?, ?, ?, ?, ?, ?, ?, ?, ?, ?, ?, ?, ?)
2025-06-20T14:19:43.988+05:30 DEBUG 37792 --- [user-management-service] [           main] org.hibernate.SQL                        : 
    insert 
    into
        users
        (bank_account_number, bank_ifsc_code, business_address, business_name, created_at, email, enabled, first_name, is_active, is_seller, last_name, password, phone, updated_at, upi_id, version) 
    values
        (?, ?, ?, ?, ?, ?, ?, ?, ?, ?, ?, ?, ?, ?, ?, ?)
Hibernate: 
    insert 
    into
        users
        (bank_account_number, bank_ifsc_code, business_address, business_name, created_at, email, enabled, first_name, is_active, is_seller, last_name, password, phone, updated_at, upi_id, version) 
    values
        (?, ?, ?, ?, ?, ?, ?, ?, ?, ?, ?, ?, ?, ?, ?, ?)
2025-06-20T14:19:43.991+05:30 DEBUG 37792 --- [user-management-service] [           main] org.hibernate.SQL                        : 
    insert 
    into
        users
        (bank_account_number, bank_ifsc_code, business_address, business_name, created_at, email, enabled, first_name, is_active, is_seller, last_name, password, phone, updated_at, upi_id, version) 
    values
        (?, ?, ?, ?, ?, ?, ?, ?, ?, ?, ?, ?, ?, ?, ?, ?)
Hibernate: 
    insert 
    into
        users
        (bank_account_number, bank_ifsc_code, business_address, business_name, created_at, email, enabled, first_name, is_active, is_seller, last_name, password, phone, updated_at, upi_id, version) 
    values
        (?, ?, ?, ?, ?, ?, ?, ?, ?, ?, ?, ?, ?, ?, ?, ?)
2025-06-20T14:19:43.995+05:30 DEBUG 37792 --- [user-management-service] [           main] org.hibernate.SQL                        : 
    insert 
    into
        users
        (bank_account_number, bank_ifsc_code, business_address, business_name, created_at, email, enabled, first_name, is_active, is_seller, last_name, password, phone, updated_at, upi_id, version) 
    values
        (?, ?, ?, ?, ?, ?, ?, ?, ?, ?, ?, ?, ?, ?, ?, ?)
Hibernate: 
    insert 
    into
        users
        (bank_account_number, bank_ifsc_code, business_address, business_name, created_at, email, enabled, first_name, is_active, is_seller, last_name, password, phone, updated_at, upi_id, version) 
    values
        (?, ?, ?, ?, ?, ?, ?, ?, ?, ?, ?, ?, ?, ?, ?, ?)
2025-06-20T14:19:43.998+05:30 DEBUG 37792 --- [user-management-service] [           main] org.hibernate.SQL                        : 
    insert 
    into
        users
        (bank_account_number, bank_ifsc_code, business_address, business_name, created_at, email, enabled, first_name, is_active, is_seller, last_name, password, phone, updated_at, upi_id, version) 
    values
        (?, ?, ?, ?, ?, ?, ?, ?, ?, ?, ?, ?, ?, ?, ?, ?)
Hibernate: 
    insert 
    into
        users
        (bank_account_number, bank_ifsc_code, business_address, business_name, created_at, email, enabled, first_name, is_active, is_seller, last_name, password, phone, updated_at, upi_id, version) 
    values
        (?, ?, ?, ?, ?, ?, ?, ?, ?, ?, ?, ?, ?, ?, ?, ?)
2025-06-20T14:19:44.003+05:30 DEBUG 37792 --- [user-management-service] [           main] org.hibernate.SQL                        : 
    insert 
    into
        users
        (bank_account_number, bank_ifsc_code, business_address, business_name, created_at, email, enabled, first_name, is_active, is_seller, last_name, password, phone, updated_at, upi_id, version) 
    values
        (?, ?, ?, ?, ?, ?, ?, ?, ?, ?, ?, ?, ?, ?, ?, ?)
Hibernate: 
    insert 
    into
        users
        (bank_account_number, bank_ifsc_code, business_address, business_name, created_at, email, enabled, first_name, is_active, is_seller, last_name, password, phone, updated_at, upi_id, version) 
    values
        (?, ?, ?, ?, ?, ?, ?, ?, ?, ?, ?, ?, ?, ?, ?, ?)
2025-06-20T14:19:44.006+05:30 DEBUG 37792 --- [user-management-service] [           main] org.hibernate.SQL                        : 
    insert 
    into
        users
        (bank_account_number, bank_ifsc_code, business_address, business_name, created_at, email, enabled, first_name, is_active, is_seller, last_name, password, phone, updated_at, upi_id, version) 
    values
        (?, ?, ?, ?, ?, ?, ?, ?, ?, ?, ?, ?, ?, ?, ?, ?)
Hibernate: 
    insert 
    into
        users
        (bank_account_number, bank_ifsc_code, business_address, business_name, created_at, email, enabled, first_name, is_active, is_seller, last_name, password, phone, updated_at, upi_id, version) 
    values
        (?, ?, ?, ?, ?, ?, ?, ?, ?, ?, ?, ?, ?, ?, ?, ?)
2025-06-20T14:19:44.009+05:30 DEBUG 37792 --- [user-management-service] [           main] org.hibernate.SQL                        : 
    insert 
    into
        users
        (bank_account_number, bank_ifsc_code, business_address, business_name, created_at, email, enabled, first_name, is_active, is_seller, last_name, password, phone, updated_at, upi_id, version) 
    values
        (?, ?, ?, ?, ?, ?, ?, ?, ?, ?, ?, ?, ?, ?, ?, ?)
Hibernate: 
    insert 
    into
        users
        (bank_account_number, bank_ifsc_code, business_address, business_name, created_at, email, enabled, first_name, is_active, is_seller, last_name, password, phone, updated_at, upi_id, version) 
    values
        (?, ?, ?, ?, ?, ?, ?, ?, ?, ?, ?, ?, ?, ?, ?, ?)
2025-06-20T14:19:44.011+05:30 DEBUG 37792 --- [user-management-service] [           main] org.hibernate.SQL                        : 
    insert 
    into
        users
        (bank_account_number, bank_ifsc_code, business_address, business_name, created_at, email, enabled, first_name, is_active, is_seller, last_name, password, phone, updated_at, upi_id, version) 
    values
        (?, ?, ?, ?, ?, ?, ?, ?, ?, ?, ?, ?, ?, ?, ?, ?)
Hibernate: 
    insert 
    into
        users
        (bank_account_number, bank_ifsc_code, business_address, business_name, created_at, email, enabled, first_name, is_active, is_seller, last_name, password, phone, updated_at, upi_id, version) 
    values
        (?, ?, ?, ?, ?, ?, ?, ?, ?, ?, ?, ?, ?, ?, ?, ?)
2025-06-20T14:19:44.015+05:30 DEBUG 37792 --- [user-management-service] [           main] org.hibernate.SQL                        : 
    insert 
    into
        users
        (bank_account_number, bank_ifsc_code, business_address, business_name, created_at, email, enabled, first_name, is_active, is_seller, last_name, password, phone, updated_at, upi_id, version) 
    values
        (?, ?, ?, ?, ?, ?, ?, ?, ?, ?, ?, ?, ?, ?, ?, ?)
Hibernate: 
    insert 
    into
        users
        (bank_account_number, bank_ifsc_code, business_address, business_name, created_at, email, enabled, first_name, is_active, is_seller, last_name, password, phone, updated_at, upi_id, version) 
    values
        (?, ?, ?, ?, ?, ?, ?, ?, ?, ?, ?, ?, ?, ?, ?, ?)
2025-06-20T14:19:44.017+05:30 DEBUG 37792 --- [user-management-service] [           main] org.hibernate.SQL                        : 
    insert 
    into
        users
        (bank_account_number, bank_ifsc_code, business_address, business_name, created_at, email, enabled, first_name, is_active, is_seller, last_name, password, phone, updated_at, upi_id, version) 
    values
        (?, ?, ?, ?, ?, ?, ?, ?, ?, ?, ?, ?, ?, ?, ?, ?)
Hibernate: 
    insert 
    into
        users
        (bank_account_number, bank_ifsc_code, business_address, business_name, created_at, email, enabled, first_name, is_active, is_seller, last_name, password, phone, updated_at, upi_id, version) 
    values
        (?, ?, ?, ?, ?, ?, ?, ?, ?, ?, ?, ?, ?, ?, ?, ?)
2025-06-20T14:19:44.019+05:30 DEBUG 37792 --- [user-management-service] [           main] org.hibernate.SQL                        : 
    insert 
    into
        users
        (bank_account_number, bank_ifsc_code, business_address, business_name, created_at, email, enabled, first_name, is_active, is_seller, last_name, password, phone, updated_at, upi_id, version) 
    values
        (?, ?, ?, ?, ?, ?, ?, ?, ?, ?, ?, ?, ?, ?, ?, ?)
Hibernate: 
    insert 
    into
        users
        (bank_account_number, bank_ifsc_code, business_address, business_name, created_at, email, enabled, first_name, is_active, is_seller, last_name, password, phone, updated_at, upi_id, version) 
    values
        (?, ?, ?, ?, ?, ?, ?, ?, ?, ?, ?, ?, ?, ?, ?, ?)
2025-06-20T14:19:44.021+05:30 DEBUG 37792 --- [user-management-service] [           main] org.hibernate.SQL                        : 
    insert 
    into
        users
        (bank_account_number, bank_ifsc_code, business_address, business_name, created_at, email, enabled, first_name, is_active, is_seller, last_name, password, phone, updated_at, upi_id, version) 
    values
        (?, ?, ?, ?, ?, ?, ?, ?, ?, ?, ?, ?, ?, ?, ?, ?)
Hibernate: 
    insert 
    into
        users
        (bank_account_number, bank_ifsc_code, business_address, business_name, created_at, email, enabled, first_name, is_active, is_seller, last_name, password, phone, updated_at, upi_id, version) 
    values
        (?, ?, ?, ?, ?, ?, ?, ?, ?, ?, ?, ?, ?, ?, ?, ?)
2025-06-20T14:19:44.024+05:30 DEBUG 37792 --- [user-management-service] [           main] org.hibernate.SQL                        : 
    insert 
    into
        users
        (bank_account_number, bank_ifsc_code, business_address, business_name, created_at, email, enabled, first_name, is_active, is_seller, last_name, password, phone, updated_at, upi_id, version) 
    values
        (?, ?, ?, ?, ?, ?, ?, ?, ?, ?, ?, ?, ?, ?, ?, ?)
Hibernate: 
    insert 
    into
        users
        (bank_account_number, bank_ifsc_code, business_address, business_name, created_at, email, enabled, first_name, is_active, is_seller, last_name, password, phone, updated_at, upi_id, version) 
    values
        (?, ?, ?, ?, ?, ?, ?, ?, ?, ?, ?, ?, ?, ?, ?, ?)
2025-06-20T14:19:44.027+05:30 DEBUG 37792 --- [user-management-service] [           main] org.hibernate.SQL                        : 
    insert 
    into
        users
        (bank_account_number, bank_ifsc_code, business_address, business_name, created_at, email, enabled, first_name, is_active, is_seller, last_name, password, phone, updated_at, upi_id, version) 
    values
        (?, ?, ?, ?, ?, ?, ?, ?, ?, ?, ?, ?, ?, ?, ?, ?)
Hibernate: 
    insert 
    into
        users
        (bank_account_number, bank_ifsc_code, business_address, business_name, created_at, email, enabled, first_name, is_active, is_seller, last_name, password, phone, updated_at, upi_id, version) 
    values
        (?, ?, ?, ?, ?, ?, ?, ?, ?, ?, ?, ?, ?, ?, ?, ?)
2025-06-20T14:19:44.030+05:30 DEBUG 37792 --- [user-management-service] [           main] org.hibernate.SQL                        : 
    insert 
    into
        users
        (bank_account_number, bank_ifsc_code, business_address, business_name, created_at, email, enabled, first_name, is_active, is_seller, last_name, password, phone, updated_at, upi_id, version) 
    values
        (?, ?, ?, ?, ?, ?, ?, ?, ?, ?, ?, ?, ?, ?, ?, ?)
Hibernate: 
    insert 
    into
        users
        (bank_account_number, bank_ifsc_code, business_address, business_name, created_at, email, enabled, first_name, is_active, is_seller, last_name, password, phone, updated_at, upi_id, version) 
    values
        (?, ?, ?, ?, ?, ?, ?, ?, ?, ?, ?, ?, ?, ?, ?, ?)
2025-06-20T14:19:44.032+05:30 DEBUG 37792 --- [user-management-service] [           main] org.hibernate.SQL                        : 
    insert 
    into
        users
        (bank_account_number, bank_ifsc_code, business_address, business_name, created_at, email, enabled, first_name, is_active, is_seller, last_name, password, phone, updated_at, upi_id, version) 
    values
        (?, ?, ?, ?, ?, ?, ?, ?, ?, ?, ?, ?, ?, ?, ?, ?)
Hibernate: 
    insert 
    into
        users
        (bank_account_number, bank_ifsc_code, business_address, business_name, created_at, email, enabled, first_name, is_active, is_seller, last_name, password, phone, updated_at, upi_id, version) 
    values
        (?, ?, ?, ?, ?, ?, ?, ?, ?, ?, ?, ?, ?, ?, ?, ?)
2025-06-20T14:19:44.035+05:30 DEBUG 37792 --- [user-management-service] [           main] org.hibernate.SQL                        : 
    insert 
    into
        users
        (bank_account_number, bank_ifsc_code, business_address, business_name, created_at, email, enabled, first_name, is_active, is_seller, last_name, password, phone, updated_at, upi_id, version) 
    values
        (?, ?, ?, ?, ?, ?, ?, ?, ?, ?, ?, ?, ?, ?, ?, ?)
Hibernate: 
    insert 
    into
        users
        (bank_account_number, bank_ifsc_code, business_address, business_name, created_at, email, enabled, first_name, is_active, is_seller, last_name, password, phone, updated_at, upi_id, version) 
    values
        (?, ?, ?, ?, ?, ?, ?, ?, ?, ?, ?, ?, ?, ?, ?, ?)
2025-06-20T14:19:44.037+05:30 DEBUG 37792 --- [user-management-service] [           main] org.hibernate.SQL                        : 
    insert 
    into
        users
        (bank_account_number, bank_ifsc_code, business_address, business_name, created_at, email, enabled, first_name, is_active, is_seller, last_name, password, phone, updated_at, upi_id, version) 
    values
        (?, ?, ?, ?, ?, ?, ?, ?, ?, ?, ?, ?, ?, ?, ?, ?)
Hibernate: 
    insert 
    into
        users
        (bank_account_number, bank_ifsc_code, business_address, business_name, created_at, email, enabled, first_name, is_active, is_seller, last_name, password, phone, updated_at, upi_id, version) 
    values
        (?, ?, ?, ?, ?, ?, ?, ?, ?, ?, ?, ?, ?, ?, ?, ?)
2025-06-20T14:19:44.039+05:30 DEBUG 37792 --- [user-management-service] [           main] org.hibernate.SQL                        : 
    insert 
    into
        users
        (bank_account_number, bank_ifsc_code, business_address, business_name, created_at, email, enabled, first_name, is_active, is_seller, last_name, password, phone, updated_at, upi_id, version) 
    values
        (?, ?, ?, ?, ?, ?, ?, ?, ?, ?, ?, ?, ?, ?, ?, ?)
Hibernate: 
    insert 
    into
        users
        (bank_account_number, bank_ifsc_code, business_address, business_name, created_at, email, enabled, first_name, is_active, is_seller, last_name, password, phone, updated_at, upi_id, version) 
    values
        (?, ?, ?, ?, ?, ?, ?, ?, ?, ?, ?, ?, ?, ?, ?, ?)
2025-06-20T14:19:44.041+05:30 DEBUG 37792 --- [user-management-service] [           main] org.hibernate.SQL                        : 
    insert 
    into
        users
        (bank_account_number, bank_ifsc_code, business_address, business_name, created_at, email, enabled, first_name, is_active, is_seller, last_name, password, phone, updated_at, upi_id, version) 
    values
        (?, ?, ?, ?, ?, ?, ?, ?, ?, ?, ?, ?, ?, ?, ?, ?)
Hibernate: 
    insert 
    into
        users
        (bank_account_number, bank_ifsc_code, business_address, business_name, created_at, email, enabled, first_name, is_active, is_seller, last_name, password, phone, updated_at, upi_id, version) 
    values
        (?, ?, ?, ?, ?, ?, ?, ?, ?, ?, ?, ?, ?, ?, ?, ?)
2025-06-20T14:19:44.044+05:30 DEBUG 37792 --- [user-management-service] [           main] org.hibernate.SQL                        : 
    insert 
    into
        users
        (bank_account_number, bank_ifsc_code, business_address, business_name, created_at, email, enabled, first_name, is_active, is_seller, last_name, password, phone, updated_at, upi_id, version) 
    values
        (?, ?, ?, ?, ?, ?, ?, ?, ?, ?, ?, ?, ?, ?, ?, ?)
Hibernate: 
    insert 
    into
        users
        (bank_account_number, bank_ifsc_code, business_address, business_name, created_at, email, enabled, first_name, is_active, is_seller, last_name, password, phone, updated_at, upi_id, version) 
    values
        (?, ?, ?, ?, ?, ?, ?, ?, ?, ?, ?, ?, ?, ?, ?, ?)
2025-06-20T14:19:44.046+05:30 DEBUG 37792 --- [user-management-service] [           main] org.hibernate.SQL                        : 
    insert 
    into
        users
        (bank_account_number, bank_ifsc_code, business_address, business_name, created_at, email, enabled, first_name, is_active, is_seller, last_name, password, phone, updated_at, upi_id, version) 
    values
        (?, ?, ?, ?, ?, ?, ?, ?, ?, ?, ?, ?, ?, ?, ?, ?)
Hibernate: 
    insert 
    into
        users
        (bank_account_number, bank_ifsc_code, business_address, business_name, created_at, email, enabled, first_name, is_active, is_seller, last_name, password, phone, updated_at, upi_id, version) 
    values
        (?, ?, ?, ?, ?, ?, ?, ?, ?, ?, ?, ?, ?, ?, ?, ?)
2025-06-20T14:19:44.048+05:30 DEBUG 37792 --- [user-management-service] [           main] org.hibernate.SQL                        : 
    insert 
    into
        users
        (bank_account_number, bank_ifsc_code, business_address, business_name, created_at, email, enabled, first_name, is_active, is_seller, last_name, password, phone, updated_at, upi_id, version) 
    values
        (?, ?, ?, ?, ?, ?, ?, ?, ?, ?, ?, ?, ?, ?, ?, ?)
Hibernate: 
    insert 
    into
        users
        (bank_account_number, bank_ifsc_code, business_address, business_name, created_at, email, enabled, first_name, is_active, is_seller, last_name, password, phone, updated_at, upi_id, version) 
    values
        (?, ?, ?, ?, ?, ?, ?, ?, ?, ?, ?, ?, ?, ?, ?, ?)
2025-06-20T14:19:44.050+05:30 DEBUG 37792 --- [user-management-service] [           main] org.hibernate.SQL                        : 
    insert 
    into
        users
        (bank_account_number, bank_ifsc_code, business_address, business_name, created_at, email, enabled, first_name, is_active, is_seller, last_name, password, phone, updated_at, upi_id, version) 
    values
        (?, ?, ?, ?, ?, ?, ?, ?, ?, ?, ?, ?, ?, ?, ?, ?)
Hibernate: 
    insert 
    into
        users
        (bank_account_number, bank_ifsc_code, business_address, business_name, created_at, email, enabled, first_name, is_active, is_seller, last_name, password, phone, updated_at, upi_id, version) 
    values
        (?, ?, ?, ?, ?, ?, ?, ?, ?, ?, ?, ?, ?, ?, ?, ?)
2025-06-20T14:19:44.054+05:30 DEBUG 37792 --- [user-management-service] [           main] org.hibernate.SQL                        : 
    insert 
    into
        users
        (bank_account_number, bank_ifsc_code, business_address, business_name, created_at, email, enabled, first_name, is_active, is_seller, last_name, password, phone, updated_at, upi_id, version) 
    values
        (?, ?, ?, ?, ?, ?, ?, ?, ?, ?, ?, ?, ?, ?, ?, ?)
Hibernate: 
    insert 
    into
        users
        (bank_account_number, bank_ifsc_code, business_address, business_name, created_at, email, enabled, first_name, is_active, is_seller, last_name, password, phone, updated_at, upi_id, version) 
    values
        (?, ?, ?, ?, ?, ?, ?, ?, ?, ?, ?, ?, ?, ?, ?, ?)
2025-06-20T14:19:44.056+05:30 DEBUG 37792 --- [user-management-service] [           main] org.hibernate.SQL                        : 
    insert 
    into
        users
        (bank_account_number, bank_ifsc_code, business_address, business_name, created_at, email, enabled, first_name, is_active, is_seller, last_name, password, phone, updated_at, upi_id, version) 
    values
        (?, ?, ?, ?, ?, ?, ?, ?, ?, ?, ?, ?, ?, ?, ?, ?)
Hibernate: 
    insert 
    into
        users
        (bank_account_number, bank_ifsc_code, business_address, business_name, created_at, email, enabled, first_name, is_active, is_seller, last_name, password, phone, updated_at, upi_id, version) 
    values
        (?, ?, ?, ?, ?, ?, ?, ?, ?, ?, ?, ?, ?, ?, ?, ?)
2025-06-20T14:19:44.059+05:30 DEBUG 37792 --- [user-management-service] [           main] org.hibernate.SQL                        : 
    insert 
    into
        users
        (bank_account_number, bank_ifsc_code, business_address, business_name, created_at, email, enabled, first_name, is_active, is_seller, last_name, password, phone, updated_at, upi_id, version) 
    values
        (?, ?, ?, ?, ?, ?, ?, ?, ?, ?, ?, ?, ?, ?, ?, ?)
Hibernate: 
    insert 
    into
        users
        (bank_account_number, bank_ifsc_code, business_address, business_name, created_at, email, enabled, first_name, is_active, is_seller, last_name, password, phone, updated_at, upi_id, version) 
    values
        (?, ?, ?, ?, ?, ?, ?, ?, ?, ?, ?, ?, ?, ?, ?, ?)
2025-06-20T14:19:44.062+05:30 DEBUG 37792 --- [user-management-service] [           main] org.hibernate.SQL                        : 
    insert 
    into
        users
        (bank_account_number, bank_ifsc_code, business_address, business_name, created_at, email, enabled, first_name, is_active, is_seller, last_name, password, phone, updated_at, upi_id, version) 
    values
        (?, ?, ?, ?, ?, ?, ?, ?, ?, ?, ?, ?, ?, ?, ?, ?)
Hibernate: 
    insert 
    into
        users
        (bank_account_number, bank_ifsc_code, business_address, business_name, created_at, email, enabled, first_name, is_active, is_seller, last_name, password, phone, updated_at, upi_id, version) 
    values
        (?, ?, ?, ?, ?, ?, ?, ?, ?, ?, ?, ?, ?, ?, ?, ?)
2025-06-20T14:19:44.066+05:30 DEBUG 37792 --- [user-management-service] [           main] org.hibernate.SQL                        : 
    insert 
    into
        users
        (bank_account_number, bank_ifsc_code, business_address, business_name, created_at, email, enabled, first_name, is_active, is_seller, last_name, password, phone, updated_at, upi_id, version) 
    values
        (?, ?, ?, ?, ?, ?, ?, ?, ?, ?, ?, ?, ?, ?, ?, ?)
Hibernate: 
    insert 
    into
        users
        (bank_account_number, bank_ifsc_code, business_address, business_name, created_at, email, enabled, first_name, is_active, is_seller, last_name, password, phone, updated_at, upi_id, version) 
    values
        (?, ?, ?, ?, ?, ?, ?, ?, ?, ?, ?, ?, ?, ?, ?, ?)
2025-06-20T14:19:44.068+05:30 DEBUG 37792 --- [user-management-service] [           main] org.hibernate.SQL                        : 
    insert 
    into
        users
        (bank_account_number, bank_ifsc_code, business_address, business_name, created_at, email, enabled, first_name, is_active, is_seller, last_name, password, phone, updated_at, upi_id, version) 
    values
        (?, ?, ?, ?, ?, ?, ?, ?, ?, ?, ?, ?, ?, ?, ?, ?)
Hibernate: 
    insert 
    into
        users
        (bank_account_number, bank_ifsc_code, business_address, business_name, created_at, email, enabled, first_name, is_active, is_seller, last_name, password, phone, updated_at, upi_id, version) 
    values
        (?, ?, ?, ?, ?, ?, ?, ?, ?, ?, ?, ?, ?, ?, ?, ?)
2025-06-20T14:19:44.075+05:30 DEBUG 37792 --- [user-management-service] [           main] org.hibernate.SQL                        : 
    insert 
    into
        users
        (bank_account_number, bank_ifsc_code, business_address, business_name, created_at, email, enabled, first_name, is_active, is_seller, last_name, password, phone, updated_at, upi_id, version) 
    values
        (?, ?, ?, ?, ?, ?, ?, ?, ?, ?, ?, ?, ?, ?, ?, ?)
Hibernate: 
    insert 
    into
        users
        (bank_account_number, bank_ifsc_code, business_address, business_name, created_at, email, enabled, first_name, is_active, is_seller, last_name, password, phone, updated_at, upi_id, version) 
    values
        (?, ?, ?, ?, ?, ?, ?, ?, ?, ?, ?, ?, ?, ?, ?, ?)
2025-06-20T14:19:44.083+05:30 DEBUG 37792 --- [user-management-service] [           main] org.hibernate.SQL                        : 
    insert 
    into
        users
        (bank_account_number, bank_ifsc_code, business_address, business_name, created_at, email, enabled, first_name, is_active, is_seller, last_name, password, phone, updated_at, upi_id, version) 
    values
        (?, ?, ?, ?, ?, ?, ?, ?, ?, ?, ?, ?, ?, ?, ?, ?)
Hibernate: 
    insert 
    into
        users
        (bank_account_number, bank_ifsc_code, business_address, business_name, created_at, email, enabled, first_name, is_active, is_seller, last_name, password, phone, updated_at, upi_id, version) 
    values
        (?, ?, ?, ?, ?, ?, ?, ?, ?, ?, ?, ?, ?, ?, ?, ?)
2025-06-20T14:19:44.089+05:30 DEBUG 37792 --- [user-management-service] [           main] org.hibernate.SQL                        : 
    insert 
    into
        users
        (bank_account_number, bank_ifsc_code, business_address, business_name, created_at, email, enabled, first_name, is_active, is_seller, last_name, password, phone, updated_at, upi_id, version) 
    values
        (?, ?, ?, ?, ?, ?, ?, ?, ?, ?, ?, ?, ?, ?, ?, ?)
Hibernate: 
    insert 
    into
        users
        (bank_account_number, bank_ifsc_code, business_address, business_name, created_at, email, enabled, first_name, is_active, is_seller, last_name, password, phone, updated_at, upi_id, version) 
    values
        (?, ?, ?, ?, ?, ?, ?, ?, ?, ?, ?, ?, ?, ?, ?, ?)
2025-06-20T14:19:44.094+05:30 DEBUG 37792 --- [user-management-service] [           main] org.hibernate.SQL                        : 
    insert 
    into
        users
        (bank_account_number, bank_ifsc_code, business_address, business_name, created_at, email, enabled, first_name, is_active, is_seller, last_name, password, phone, updated_at, upi_id, version) 
    values
        (?, ?, ?, ?, ?, ?, ?, ?, ?, ?, ?, ?, ?, ?, ?, ?)
Hibernate: 
    insert 
    into
        users
        (bank_account_number, bank_ifsc_code, business_address, business_name, created_at, email, enabled, first_name, is_active, is_seller, last_name, password, phone, updated_at, upi_id, version) 
    values
        (?, ?, ?, ?, ?, ?, ?, ?, ?, ?, ?, ?, ?, ?, ?, ?)
2025-06-20T14:19:44.100+05:30 DEBUG 37792 --- [user-management-service] [           main] org.hibernate.SQL                        : 
    insert 
    into
        users
        (bank_account_number, bank_ifsc_code, business_address, business_name, created_at, email, enabled, first_name, is_active, is_seller, last_name, password, phone, updated_at, upi_id, version) 
    values
        (?, ?, ?, ?, ?, ?, ?, ?, ?, ?, ?, ?, ?, ?, ?, ?)
Hibernate: 
    insert 
    into
        users
        (bank_account_number, bank_ifsc_code, business_address, business_name, created_at, email, enabled, first_name, is_active, is_seller, last_name, password, phone, updated_at, upi_id, version) 
    values
        (?, ?, ?, ?, ?, ?, ?, ?, ?, ?, ?, ?, ?, ?, ?, ?)
2025-06-20T14:19:44.112+05:30 DEBUG 37792 --- [user-management-service] [           main] org.hibernate.SQL                        : 
    insert 
    into
        users
        (bank_account_number, bank_ifsc_code, business_address, business_name, created_at, email, enabled, first_name, is_active, is_seller, last_name, password, phone, updated_at, upi_id, version) 
    values
        (?, ?, ?, ?, ?, ?, ?, ?, ?, ?, ?, ?, ?, ?, ?, ?)
Hibernate: 
    insert 
    into
        users
        (bank_account_number, bank_ifsc_code, business_address, business_name, created_at, email, enabled, first_name, is_active, is_seller, last_name, password, phone, updated_at, upi_id, version) 
    values
        (?, ?, ?, ?, ?, ?, ?, ?, ?, ?, ?, ?, ?, ?, ?, ?)
2025-06-20T14:19:44.130+05:30 DEBUG 37792 --- [user-management-service] [           main] org.hibernate.SQL                        : 
    insert 
    into
        users
        (bank_account_number, bank_ifsc_code, business_address, business_name, created_at, email, enabled, first_name, is_active, is_seller, last_name, password, phone, updated_at, upi_id, version) 
    values
        (?, ?, ?, ?, ?, ?, ?, ?, ?, ?, ?, ?, ?, ?, ?, ?)
Hibernate: 
    insert 
    into
        users
        (bank_account_number, bank_ifsc_code, business_address, business_name, created_at, email, enabled, first_name, is_active, is_seller, last_name, password, phone, updated_at, upi_id, version) 
    values
        (?, ?, ?, ?, ?, ?, ?, ?, ?, ?, ?, ?, ?, ?, ?, ?)
2025-06-20T14:19:44.135+05:30 DEBUG 37792 --- [user-management-service] [           main] org.hibernate.SQL                        : 
    insert 
    into
        users
        (bank_account_number, bank_ifsc_code, business_address, business_name, created_at, email, enabled, first_name, is_active, is_seller, last_name, password, phone, updated_at, upi_id, version) 
    values
        (?, ?, ?, ?, ?, ?, ?, ?, ?, ?, ?, ?, ?, ?, ?, ?)
Hibernate: 
    insert 
    into
        users
        (bank_account_number, bank_ifsc_code, business_address, business_name, created_at, email, enabled, first_name, is_active, is_seller, last_name, password, phone, updated_at, upi_id, version) 
    values
        (?, ?, ?, ?, ?, ?, ?, ?, ?, ?, ?, ?, ?, ?, ?, ?)
2025-06-20T14:19:44.140+05:30 DEBUG 37792 --- [user-management-service] [           main] org.hibernate.SQL                        : 
    insert 
    into
        users
        (bank_account_number, bank_ifsc_code, business_address, business_name, created_at, email, enabled, first_name, is_active, is_seller, last_name, password, phone, updated_at, upi_id, version) 
    values
        (?, ?, ?, ?, ?, ?, ?, ?, ?, ?, ?, ?, ?, ?, ?, ?)
Hibernate: 
    insert 
    into
        users
        (bank_account_number, bank_ifsc_code, business_address, business_name, created_at, email, enabled, first_name, is_active, is_seller, last_name, password, phone, updated_at, upi_id, version) 
    values
        (?, ?, ?, ?, ?, ?, ?, ?, ?, ?, ?, ?, ?, ?, ?, ?)
2025-06-20T14:19:44.145+05:30 DEBUG 37792 --- [user-management-service] [           main] org.hibernate.SQL                        : 
    insert 
    into
        users
        (bank_account_number, bank_ifsc_code, business_address, business_name, created_at, email, enabled, first_name, is_active, is_seller, last_name, password, phone, updated_at, upi_id, version) 
    values
        (?, ?, ?, ?, ?, ?, ?, ?, ?, ?, ?, ?, ?, ?, ?, ?)
Hibernate: 
    insert 
    into
        users
        (bank_account_number, bank_ifsc_code, business_address, business_name, created_at, email, enabled, first_name, is_active, is_seller, last_name, password, phone, updated_at, upi_id, version) 
    values
        (?, ?, ?, ?, ?, ?, ?, ?, ?, ?, ?, ?, ?, ?, ?, ?)
2025-06-20T14:19:44.150+05:30 DEBUG 37792 --- [user-management-service] [           main] org.hibernate.SQL                        : 
    insert 
    into
        users
        (bank_account_number, bank_ifsc_code, business_address, business_name, created_at, email, enabled, first_name, is_active, is_seller, last_name, password, phone, updated_at, upi_id, version) 
    values
        (?, ?, ?, ?, ?, ?, ?, ?, ?, ?, ?, ?, ?, ?, ?, ?)
Hibernate: 
    insert 
    into
        users
        (bank_account_number, bank_ifsc_code, business_address, business_name, created_at, email, enabled, first_name, is_active, is_seller, last_name, password, phone, updated_at, upi_id, version) 
    values
        (?, ?, ?, ?, ?, ?, ?, ?, ?, ?, ?, ?, ?, ?, ?, ?)
2025-06-20T14:19:44.154+05:30 DEBUG 37792 --- [user-management-service] [           main] org.hibernate.SQL                        : 
    insert 
    into
        users
        (bank_account_number, bank_ifsc_code, business_address, business_name, created_at, email, enabled, first_name, is_active, is_seller, last_name, password, phone, updated_at, upi_id, version) 
    values
        (?, ?, ?, ?, ?, ?, ?, ?, ?, ?, ?, ?, ?, ?, ?, ?)
Hibernate: 
    insert 
    into
        users
        (bank_account_number, bank_ifsc_code, business_address, business_name, created_at, email, enabled, first_name, is_active, is_seller, last_name, password, phone, updated_at, upi_id, version) 
    values
        (?, ?, ?, ?, ?, ?, ?, ?, ?, ?, ?, ?, ?, ?, ?, ?)
2025-06-20T14:19:44.158+05:30 DEBUG 37792 --- [user-management-service] [           main] org.hibernate.SQL                        : 
    insert 
    into
        users
        (bank_account_number, bank_ifsc_code, business_address, business_name, created_at, email, enabled, first_name, is_active, is_seller, last_name, password, phone, updated_at, upi_id, version) 
    values
        (?, ?, ?, ?, ?, ?, ?, ?, ?, ?, ?, ?, ?, ?, ?, ?)
Hibernate: 
    insert 
    into
        users
        (bank_account_number, bank_ifsc_code, business_address, business_name, created_at, email, enabled, first_name, is_active, is_seller, last_name, password, phone, updated_at, upi_id, version) 
    values
        (?, ?, ?, ?, ?, ?, ?, ?, ?, ?, ?, ?, ?, ?, ?, ?)
2025-06-20T14:19:44.161+05:30 DEBUG 37792 --- [user-management-service] [           main] org.hibernate.SQL                        : 
    insert 
    into
        users
        (bank_account_number, bank_ifsc_code, business_address, business_name, created_at, email, enabled, first_name, is_active, is_seller, last_name, password, phone, updated_at, upi_id, version) 
    values
        (?, ?, ?, ?, ?, ?, ?, ?, ?, ?, ?, ?, ?, ?, ?, ?)
Hibernate: 
    insert 
    into
        users
        (bank_account_number, bank_ifsc_code, business_address, business_name, created_at, email, enabled, first_name, is_active, is_seller, last_name, password, phone, updated_at, upi_id, version) 
    values
        (?, ?, ?, ?, ?, ?, ?, ?, ?, ?, ?, ?, ?, ?, ?, ?)
2025-06-20T14:19:44.165+05:30 DEBUG 37792 --- [user-management-service] [           main] org.hibernate.SQL                        : 
    insert 
    into
        users
        (bank_account_number, bank_ifsc_code, business_address, business_name, created_at, email, enabled, first_name, is_active, is_seller, last_name, password, phone, updated_at, upi_id, version) 
    values
        (?, ?, ?, ?, ?, ?, ?, ?, ?, ?, ?, ?, ?, ?, ?, ?)
Hibernate: 
    insert 
    into
        users
        (bank_account_number, bank_ifsc_code, business_address, business_name, created_at, email, enabled, first_name, is_active, is_seller, last_name, password, phone, updated_at, upi_id, version) 
    values
        (?, ?, ?, ?, ?, ?, ?, ?, ?, ?, ?, ?, ?, ?, ?, ?)
2025-06-20T14:19:44.168+05:30 DEBUG 37792 --- [user-management-service] [           main] org.hibernate.SQL                        : 
    insert 
    into
        users
        (bank_account_number, bank_ifsc_code, business_address, business_name, created_at, email, enabled, first_name, is_active, is_seller, last_name, password, phone, updated_at, upi_id, version) 
    values
        (?, ?, ?, ?, ?, ?, ?, ?, ?, ?, ?, ?, ?, ?, ?, ?)
Hibernate: 
    insert 
    into
        users
        (bank_account_number, bank_ifsc_code, business_address, business_name, created_at, email, enabled, first_name, is_active, is_seller, last_name, password, phone, updated_at, upi_id, version) 
    values
        (?, ?, ?, ?, ?, ?, ?, ?, ?, ?, ?, ?, ?, ?, ?, ?)
2025-06-20T14:19:44.172+05:30 DEBUG 37792 --- [user-management-service] [           main] org.hibernate.SQL                        : 
    insert 
    into
        users
        (bank_account_number, bank_ifsc_code, business_address, business_name, created_at, email, enabled, first_name, is_active, is_seller, last_name, password, phone, updated_at, upi_id, version) 
    values
        (?, ?, ?, ?, ?, ?, ?, ?, ?, ?, ?, ?, ?, ?, ?, ?)
Hibernate: 
    insert 
    into
        users
        (bank_account_number, bank_ifsc_code, business_address, business_name, created_at, email, enabled, first_name, is_active, is_seller, last_name, password, phone, updated_at, upi_id, version) 
    values
        (?, ?, ?, ?, ?, ?, ?, ?, ?, ?, ?, ?, ?, ?, ?, ?)
2025-06-20T14:19:44.176+05:30 DEBUG 37792 --- [user-management-service] [           main] org.hibernate.SQL                        : 
    insert 
    into
        users
        (bank_account_number, bank_ifsc_code, business_address, business_name, created_at, email, enabled, first_name, is_active, is_seller, last_name, password, phone, updated_at, upi_id, version) 
    values
        (?, ?, ?, ?, ?, ?, ?, ?, ?, ?, ?, ?, ?, ?, ?, ?)
Hibernate: 
    insert 
    into
        users
        (bank_account_number, bank_ifsc_code, business_address, business_name, created_at, email, enabled, first_name, is_active, is_seller, last_name, password, phone, updated_at, upi_id, version) 
    values
        (?, ?, ?, ?, ?, ?, ?, ?, ?, ?, ?, ?, ?, ?, ?, ?)
2025-06-20T14:19:44.179+05:30 DEBUG 37792 --- [user-management-service] [           main] org.hibernate.SQL                        : 
    insert 
    into
        users
        (bank_account_number, bank_ifsc_code, business_address, business_name, created_at, email, enabled, first_name, is_active, is_seller, last_name, password, phone, updated_at, upi_id, version) 
    values
        (?, ?, ?, ?, ?, ?, ?, ?, ?, ?, ?, ?, ?, ?, ?, ?)
Hibernate: 
    insert 
    into
        users
        (bank_account_number, bank_ifsc_code, business_address, business_name, created_at, email, enabled, first_name, is_active, is_seller, last_name, password, phone, updated_at, upi_id, version) 
    values
        (?, ?, ?, ?, ?, ?, ?, ?, ?, ?, ?, ?, ?, ?, ?, ?)
2025-06-20T14:19:44.184+05:30 DEBUG 37792 --- [user-management-service] [           main] org.hibernate.SQL                        : 
    insert 
    into
        users
        (bank_account_number, bank_ifsc_code, business_address, business_name, created_at, email, enabled, first_name, is_active, is_seller, last_name, password, phone, updated_at, upi_id, version) 
    values
        (?, ?, ?, ?, ?, ?, ?, ?, ?, ?, ?, ?, ?, ?, ?, ?)
Hibernate: 
    insert 
    into
        users
        (bank_account_number, bank_ifsc_code, business_address, business_name, created_at, email, enabled, first_name, is_active, is_seller, last_name, password, phone, updated_at, upi_id, version) 
    values
        (?, ?, ?, ?, ?, ?, ?, ?, ?, ?, ?, ?, ?, ?, ?, ?)
2025-06-20T14:19:44.189+05:30 DEBUG 37792 --- [user-management-service] [           main] org.hibernate.SQL                        : 
    insert 
    into
        users
        (bank_account_number, bank_ifsc_code, business_address, business_name, created_at, email, enabled, first_name, is_active, is_seller, last_name, password, phone, updated_at, upi_id, version) 
    values
        (?, ?, ?, ?, ?, ?, ?, ?, ?, ?, ?, ?, ?, ?, ?, ?)
Hibernate: 
    insert 
    into
        users
        (bank_account_number, bank_ifsc_code, business_address, business_name, created_at, email, enabled, first_name, is_active, is_seller, last_name, password, phone, updated_at, upi_id, version) 
    values
        (?, ?, ?, ?, ?, ?, ?, ?, ?, ?, ?, ?, ?, ?, ?, ?)
2025-06-20T14:19:44.193+05:30 DEBUG 37792 --- [user-management-service] [           main] org.hibernate.SQL                        : 
    insert 
    into
        users
        (bank_account_number, bank_ifsc_code, business_address, business_name, created_at, email, enabled, first_name, is_active, is_seller, last_name, password, phone, updated_at, upi_id, version) 
    values
        (?, ?, ?, ?, ?, ?, ?, ?, ?, ?, ?, ?, ?, ?, ?, ?)
Hibernate: 
    insert 
    into
        users
        (bank_account_number, bank_ifsc_code, business_address, business_name, created_at, email, enabled, first_name, is_active, is_seller, last_name, password, phone, updated_at, upi_id, version) 
    values
        (?, ?, ?, ?, ?, ?, ?, ?, ?, ?, ?, ?, ?, ?, ?, ?)
2025-06-20T14:19:44.197+05:30 DEBUG 37792 --- [user-management-service] [           main] org.hibernate.SQL                        : 
    insert 
    into
        users
        (bank_account_number, bank_ifsc_code, business_address, business_name, created_at, email, enabled, first_name, is_active, is_seller, last_name, password, phone, updated_at, upi_id, version) 
    values
        (?, ?, ?, ?, ?, ?, ?, ?, ?, ?, ?, ?, ?, ?, ?, ?)
Hibernate: 
    insert 
    into
        users
        (bank_account_number, bank_ifsc_code, business_address, business_name, created_at, email, enabled, first_name, is_active, is_seller, last_name, password, phone, updated_at, upi_id, version) 
    values
        (?, ?, ?, ?, ?, ?, ?, ?, ?, ?, ?, ?, ?, ?, ?, ?)
2025-06-20T14:19:44.201+05:30 DEBUG 37792 --- [user-management-service] [           main] org.hibernate.SQL                        : 
    insert 
    into
        users
        (bank_account_number, bank_ifsc_code, business_address, business_name, created_at, email, enabled, first_name, is_active, is_seller, last_name, password, phone, updated_at, upi_id, version) 
    values
        (?, ?, ?, ?, ?, ?, ?, ?, ?, ?, ?, ?, ?, ?, ?, ?)
Hibernate: 
    insert 
    into
        users
        (bank_account_number, bank_ifsc_code, business_address, business_name, created_at, email, enabled, first_name, is_active, is_seller, last_name, password, phone, updated_at, upi_id, version) 
    values
        (?, ?, ?, ?, ?, ?, ?, ?, ?, ?, ?, ?, ?, ?, ?, ?)
2025-06-20T14:19:44.205+05:30 DEBUG 37792 --- [user-management-service] [           main] org.hibernate.SQL                        : 
    insert 
    into
        users
        (bank_account_number, bank_ifsc_code, business_address, business_name, created_at, email, enabled, first_name, is_active, is_seller, last_name, password, phone, updated_at, upi_id, version) 
    values
        (?, ?, ?, ?, ?, ?, ?, ?, ?, ?, ?, ?, ?, ?, ?, ?)
Hibernate: 
    insert 
    into
        users
        (bank_account_number, bank_ifsc_code, business_address, business_name, created_at, email, enabled, first_name, is_active, is_seller, last_name, password, phone, updated_at, upi_id, version) 
    values
        (?, ?, ?, ?, ?, ?, ?, ?, ?, ?, ?, ?, ?, ?, ?, ?)
2025-06-20T14:19:44.209+05:30 DEBUG 37792 --- [user-management-service] [           main] org.hibernate.SQL                        : 
    insert 
    into
        users
        (bank_account_number, bank_ifsc_code, business_address, business_name, created_at, email, enabled, first_name, is_active, is_seller, last_name, password, phone, updated_at, upi_id, version) 
    values
        (?, ?, ?, ?, ?, ?, ?, ?, ?, ?, ?, ?, ?, ?, ?, ?)
Hibernate: 
    insert 
    into
        users
        (bank_account_number, bank_ifsc_code, business_address, business_name, created_at, email, enabled, first_name, is_active, is_seller, last_name, password, phone, updated_at, upi_id, version) 
    values
        (?, ?, ?, ?, ?, ?, ?, ?, ?, ?, ?, ?, ?, ?, ?, ?)
2025-06-20T14:19:44.212+05:30 DEBUG 37792 --- [user-management-service] [           main] org.hibernate.SQL                        : 
    insert 
    into
        users
        (bank_account_number, bank_ifsc_code, business_address, business_name, created_at, email, enabled, first_name, is_active, is_seller, last_name, password, phone, updated_at, upi_id, version) 
    values
        (?, ?, ?, ?, ?, ?, ?, ?, ?, ?, ?, ?, ?, ?, ?, ?)
Hibernate: 
    insert 
    into
        users
        (bank_account_number, bank_ifsc_code, business_address, business_name, created_at, email, enabled, first_name, is_active, is_seller, last_name, password, phone, updated_at, upi_id, version) 
    values
        (?, ?, ?, ?, ?, ?, ?, ?, ?, ?, ?, ?, ?, ?, ?, ?)
2025-06-20T14:19:44.216+05:30 DEBUG 37792 --- [user-management-service] [           main] org.hibernate.SQL                        : 
    insert 
    into
        users
        (bank_account_number, bank_ifsc_code, business_address, business_name, created_at, email, enabled, first_name, is_active, is_seller, last_name, password, phone, updated_at, upi_id, version) 
    values
        (?, ?, ?, ?, ?, ?, ?, ?, ?, ?, ?, ?, ?, ?, ?, ?)
Hibernate: 
    insert 
    into
        users
        (bank_account_number, bank_ifsc_code, business_address, business_name, created_at, email, enabled, first_name, is_active, is_seller, last_name, password, phone, updated_at, upi_id, version) 
    values
        (?, ?, ?, ?, ?, ?, ?, ?, ?, ?, ?, ?, ?, ?, ?, ?)
2025-06-20T14:19:44.220+05:30 DEBUG 37792 --- [user-management-service] [           main] org.hibernate.SQL                        : 
    insert 
    into
        users
        (bank_account_number, bank_ifsc_code, business_address, business_name, created_at, email, enabled, first_name, is_active, is_seller, last_name, password, phone, updated_at, upi_id, version) 
    values
        (?, ?, ?, ?, ?, ?, ?, ?, ?, ?, ?, ?, ?, ?, ?, ?)
Hibernate: 
    insert 
    into
        users
        (bank_account_number, bank_ifsc_code, business_address, business_name, created_at, email, enabled, first_name, is_active, is_seller, last_name, password, phone, updated_at, upi_id, version) 
    values
        (?, ?, ?, ?, ?, ?, ?, ?, ?, ?, ?, ?, ?, ?, ?, ?)
2025-06-20T14:19:44.223+05:30 DEBUG 37792 --- [user-management-service] [           main] org.hibernate.SQL                        : 
    insert 
    into
        users
        (bank_account_number, bank_ifsc_code, business_address, business_name, created_at, email, enabled, first_name, is_active, is_seller, last_name, password, phone, updated_at, upi_id, version) 
    values
        (?, ?, ?, ?, ?, ?, ?, ?, ?, ?, ?, ?, ?, ?, ?, ?)
Hibernate: 
    insert 
    into
        users
        (bank_account_number, bank_ifsc_code, business_address, business_name, created_at, email, enabled, first_name, is_active, is_seller, last_name, password, phone, updated_at, upi_id, version) 
    values
        (?, ?, ?, ?, ?, ?, ?, ?, ?, ?, ?, ?, ?, ?, ?, ?)
2025-06-20T14:19:44.227+05:30 DEBUG 37792 --- [user-management-service] [           main] org.hibernate.SQL                        : 
    insert 
    into
        users
        (bank_account_number, bank_ifsc_code, business_address, business_name, created_at, email, enabled, first_name, is_active, is_seller, last_name, password, phone, updated_at, upi_id, version) 
    values
        (?, ?, ?, ?, ?, ?, ?, ?, ?, ?, ?, ?, ?, ?, ?, ?)
Hibernate: 
    insert 
    into
        users
        (bank_account_number, bank_ifsc_code, business_address, business_name, created_at, email, enabled, first_name, is_active, is_seller, last_name, password, phone, updated_at, upi_id, version) 
    values
        (?, ?, ?, ?, ?, ?, ?, ?, ?, ?, ?, ?, ?, ?, ?, ?)
2025-06-20T14:19:44.233+05:30 DEBUG 37792 --- [user-management-service] [           main] org.hibernate.SQL                        : 
    insert 
    into
        users
        (bank_account_number, bank_ifsc_code, business_address, business_name, created_at, email, enabled, first_name, is_active, is_seller, last_name, password, phone, updated_at, upi_id, version) 
    values
        (?, ?, ?, ?, ?, ?, ?, ?, ?, ?, ?, ?, ?, ?, ?, ?)
Hibernate: 
    insert 
    into
        users
        (bank_account_number, bank_ifsc_code, business_address, business_name, created_at, email, enabled, first_name, is_active, is_seller, last_name, password, phone, updated_at, upi_id, version) 
    values
        (?, ?, ?, ?, ?, ?, ?, ?, ?, ?, ?, ?, ?, ?, ?, ?)
2025-06-20T14:19:44.250+05:30 DEBUG 37792 --- [user-management-service] [           main] org.hibernate.SQL                        : 
    insert 
    into
        users
        (bank_account_number, bank_ifsc_code, business_address, business_name, created_at, email, enabled, first_name, is_active, is_seller, last_name, password, phone, updated_at, upi_id, version) 
    values
        (?, ?, ?, ?, ?, ?, ?, ?, ?, ?, ?, ?, ?, ?, ?, ?)
Hibernate: 
    insert 
    into
        users
        (bank_account_number, bank_ifsc_code, business_address, business_name, created_at, email, enabled, first_name, is_active, is_seller, last_name, password, phone, updated_at, upi_id, version) 
    values
        (?, ?, ?, ?, ?, ?, ?, ?, ?, ?, ?, ?, ?, ?, ?, ?)
2025-06-20T14:19:44.255+05:30 DEBUG 37792 --- [user-management-service] [           main] org.hibernate.SQL                        : 
    insert 
    into
        users
        (bank_account_number, bank_ifsc_code, business_address, business_name, created_at, email, enabled, first_name, is_active, is_seller, last_name, password, phone, updated_at, upi_id, version) 
    values
        (?, ?, ?, ?, ?, ?, ?, ?, ?, ?, ?, ?, ?, ?, ?, ?)
Hibernate: 
    insert 
    into
        users
        (bank_account_number, bank_ifsc_code, business_address, business_name, created_at, email, enabled, first_name, is_active, is_seller, last_name, password, phone, updated_at, upi_id, version) 
    values
        (?, ?, ?, ?, ?, ?, ?, ?, ?, ?, ?, ?, ?, ?, ?, ?)
2025-06-20T14:19:44.259+05:30 DEBUG 37792 --- [user-management-service] [           main] org.hibernate.SQL                        : 
    insert 
    into
        users
        (bank_account_number, bank_ifsc_code, business_address, business_name, created_at, email, enabled, first_name, is_active, is_seller, last_name, password, phone, updated_at, upi_id, version) 
    values
        (?, ?, ?, ?, ?, ?, ?, ?, ?, ?, ?, ?, ?, ?, ?, ?)
Hibernate: 
    insert 
    into
        users
        (bank_account_number, bank_ifsc_code, business_address, business_name, created_at, email, enabled, first_name, is_active, is_seller, last_name, password, phone, updated_at, upi_id, version) 
    values
        (?, ?, ?, ?, ?, ?, ?, ?, ?, ?, ?, ?, ?, ?, ?, ?)
2025-06-20T14:19:44.264+05:30 DEBUG 37792 --- [user-management-service] [           main] org.hibernate.SQL                        : 
    insert 
    into
        users
        (bank_account_number, bank_ifsc_code, business_address, business_name, created_at, email, enabled, first_name, is_active, is_seller, last_name, password, phone, updated_at, upi_id, version) 
    values
        (?, ?, ?, ?, ?, ?, ?, ?, ?, ?, ?, ?, ?, ?, ?, ?)
Hibernate: 
    insert 
    into
        users
        (bank_account_number, bank_ifsc_code, business_address, business_name, created_at, email, enabled, first_name, is_active, is_seller, last_name, password, phone, updated_at, upi_id, version) 
    values
        (?, ?, ?, ?, ?, ?, ?, ?, ?, ?, ?, ?, ?, ?, ?, ?)
2025-06-20T14:19:44.268+05:30 DEBUG 37792 --- [user-management-service] [           main] org.hibernate.SQL                        : 
    insert 
    into
        users
        (bank_account_number, bank_ifsc_code, business_address, business_name, created_at, email, enabled, first_name, is_active, is_seller, last_name, password, phone, updated_at, upi_id, version) 
    values
        (?, ?, ?, ?, ?, ?, ?, ?, ?, ?, ?, ?, ?, ?, ?, ?)
Hibernate: 
    insert 
    into
        users
        (bank_account_number, bank_ifsc_code, business_address, business_name, created_at, email, enabled, first_name, is_active, is_seller, last_name, password, phone, updated_at, upi_id, version) 
    values
        (?, ?, ?, ?, ?, ?, ?, ?, ?, ?, ?, ?, ?, ?, ?, ?)
2025-06-20T14:19:44.273+05:30 DEBUG 37792 --- [user-management-service] [           main] org.hibernate.SQL                        : 
    insert 
    into
        users
        (bank_account_number, bank_ifsc_code, business_address, business_name, created_at, email, enabled, first_name, is_active, is_seller, last_name, password, phone, updated_at, upi_id, version) 
    values
        (?, ?, ?, ?, ?, ?, ?, ?, ?, ?, ?, ?, ?, ?, ?, ?)
Hibernate: 
    insert 
    into
        users
        (bank_account_number, bank_ifsc_code, business_address, business_name, created_at, email, enabled, first_name, is_active, is_seller, last_name, password, phone, updated_at, upi_id, version) 
    values
        (?, ?, ?, ?, ?, ?, ?, ?, ?, ?, ?, ?, ?, ?, ?, ?)
2025-06-20T14:19:44.276+05:30 DEBUG 37792 --- [user-management-service] [           main] org.hibernate.SQL                        : 
    insert 
    into
        users
        (bank_account_number, bank_ifsc_code, business_address, business_name, created_at, email, enabled, first_name, is_active, is_seller, last_name, password, phone, updated_at, upi_id, version) 
    values
        (?, ?, ?, ?, ?, ?, ?, ?, ?, ?, ?, ?, ?, ?, ?, ?)
Hibernate: 
    insert 
    into
        users
        (bank_account_number, bank_ifsc_code, business_address, business_name, created_at, email, enabled, first_name, is_active, is_seller, last_name, password, phone, updated_at, upi_id, version) 
    values
        (?, ?, ?, ?, ?, ?, ?, ?, ?, ?, ?, ?, ?, ?, ?, ?)
2025-06-20T14:19:44.281+05:30 DEBUG 37792 --- [user-management-service] [           main] org.hibernate.SQL                        : 
    insert 
    into
        users
        (bank_account_number, bank_ifsc_code, business_address, business_name, created_at, email, enabled, first_name, is_active, is_seller, last_name, password, phone, updated_at, upi_id, version) 
    values
        (?, ?, ?, ?, ?, ?, ?, ?, ?, ?, ?, ?, ?, ?, ?, ?)
Hibernate: 
    insert 
    into
        users
        (bank_account_number, bank_ifsc_code, business_address, business_name, created_at, email, enabled, first_name, is_active, is_seller, last_name, password, phone, updated_at, upi_id, version) 
    values
        (?, ?, ?, ?, ?, ?, ?, ?, ?, ?, ?, ?, ?, ?, ?, ?)
2025-06-20T14:19:44.284+05:30 DEBUG 37792 --- [user-management-service] [           main] org.hibernate.SQL                        : 
    insert 
    into
        users
        (bank_account_number, bank_ifsc_code, business_address, business_name, created_at, email, enabled, first_name, is_active, is_seller, last_name, password, phone, updated_at, upi_id, version) 
    values
        (?, ?, ?, ?, ?, ?, ?, ?, ?, ?, ?, ?, ?, ?, ?, ?)
Hibernate: 
    insert 
    into
        users
        (bank_account_number, bank_ifsc_code, business_address, business_name, created_at, email, enabled, first_name, is_active, is_seller, last_name, password, phone, updated_at, upi_id, version) 
    values
        (?, ?, ?, ?, ?, ?, ?, ?, ?, ?, ?, ?, ?, ?, ?, ?)
2025-06-20T14:19:44.288+05:30 DEBUG 37792 --- [user-management-service] [           main] org.hibernate.SQL                        : 
    insert 
    into
        users
        (bank_account_number, bank_ifsc_code, business_address, business_name, created_at, email, enabled, first_name, is_active, is_seller, last_name, password, phone, updated_at, upi_id, version) 
    values
        (?, ?, ?, ?, ?, ?, ?, ?, ?, ?, ?, ?, ?, ?, ?, ?)
Hibernate: 
    insert 
    into
        users
        (bank_account_number, bank_ifsc_code, business_address, business_name, created_at, email, enabled, first_name, is_active, is_seller, last_name, password, phone, updated_at, upi_id, version) 
    values
        (?, ?, ?, ?, ?, ?, ?, ?, ?, ?, ?, ?, ?, ?, ?, ?)
2025-06-20T14:19:44.290+05:30 DEBUG 37792 --- [user-management-service] [           main] org.hibernate.SQL                        : 
    insert 
    into
        users
        (bank_account_number, bank_ifsc_code, business_address, business_name, created_at, email, enabled, first_name, is_active, is_seller, last_name, password, phone, updated_at, upi_id, version) 
    values
        (?, ?, ?, ?, ?, ?, ?, ?, ?, ?, ?, ?, ?, ?, ?, ?)
Hibernate: 
    insert 
    into
        users
        (bank_account_number, bank_ifsc_code, business_address, business_name, created_at, email, enabled, first_name, is_active, is_seller, last_name, password, phone, updated_at, upi_id, version) 
    values
        (?, ?, ?, ?, ?, ?, ?, ?, ?, ?, ?, ?, ?, ?, ?, ?)
2025-06-20T14:19:44.295+05:30 DEBUG 37792 --- [user-management-service] [           main] org.hibernate.SQL                        : 
    insert 
    into
        users
        (bank_account_number, bank_ifsc_code, business_address, business_name, created_at, email, enabled, first_name, is_active, is_seller, last_name, password, phone, updated_at, upi_id, version) 
    values
        (?, ?, ?, ?, ?, ?, ?, ?, ?, ?, ?, ?, ?, ?, ?, ?)
Hibernate: 
    insert 
    into
        users
        (bank_account_number, bank_ifsc_code, business_address, business_name, created_at, email, enabled, first_name, is_active, is_seller, last_name, password, phone, updated_at, upi_id, version) 
    values
        (?, ?, ?, ?, ?, ?, ?, ?, ?, ?, ?, ?, ?, ?, ?, ?)
2025-06-20T14:19:44.299+05:30 DEBUG 37792 --- [user-management-service] [           main] org.hibernate.SQL                        : 
    insert 
    into
        users
        (bank_account_number, bank_ifsc_code, business_address, business_name, created_at, email, enabled, first_name, is_active, is_seller, last_name, password, phone, updated_at, upi_id, version) 
    values
        (?, ?, ?, ?, ?, ?, ?, ?, ?, ?, ?, ?, ?, ?, ?, ?)
Hibernate: 
    insert 
    into
        users
        (bank_account_number, bank_ifsc_code, business_address, business_name, created_at, email, enabled, first_name, is_active, is_seller, last_name, password, phone, updated_at, upi_id, version) 
    values
        (?, ?, ?, ?, ?, ?, ?, ?, ?, ?, ?, ?, ?, ?, ?, ?)
2025-06-20T14:19:44.302+05:30 DEBUG 37792 --- [user-management-service] [           main] org.hibernate.SQL                        : 
    insert 
    into
        users
        (bank_account_number, bank_ifsc_code, business_address, business_name, created_at, email, enabled, first_name, is_active, is_seller, last_name, password, phone, updated_at, upi_id, version) 
    values
        (?, ?, ?, ?, ?, ?, ?, ?, ?, ?, ?, ?, ?, ?, ?, ?)
Hibernate: 
    insert 
    into
        users
        (bank_account_number, bank_ifsc_code, business_address, business_name, created_at, email, enabled, first_name, is_active, is_seller, last_name, password, phone, updated_at, upi_id, version) 
    values
        (?, ?, ?, ?, ?, ?, ?, ?, ?, ?, ?, ?, ?, ?, ?, ?)
2025-06-20T14:19:44.306+05:30 DEBUG 37792 --- [user-management-service] [           main] org.hibernate.SQL                        : 
    insert 
    into
        users
        (bank_account_number, bank_ifsc_code, business_address, business_name, created_at, email, enabled, first_name, is_active, is_seller, last_name, password, phone, updated_at, upi_id, version) 
    values
        (?, ?, ?, ?, ?, ?, ?, ?, ?, ?, ?, ?, ?, ?, ?, ?)
Hibernate: 
    insert 
    into
        users
        (bank_account_number, bank_ifsc_code, business_address, business_name, created_at, email, enabled, first_name, is_active, is_seller, last_name, password, phone, updated_at, upi_id, version) 
    values
        (?, ?, ?, ?, ?, ?, ?, ?, ?, ?, ?, ?, ?, ?, ?, ?)
2025-06-20T14:19:44.310+05:30 DEBUG 37792 --- [user-management-service] [           main] org.hibernate.SQL                        : 
    insert 
    into
        users
        (bank_account_number, bank_ifsc_code, business_address, business_name, created_at, email, enabled, first_name, is_active, is_seller, last_name, password, phone, updated_at, upi_id, version) 
    values
        (?, ?, ?, ?, ?, ?, ?, ?, ?, ?, ?, ?, ?, ?, ?, ?)
Hibernate: 
    insert 
    into
        users
        (bank_account_number, bank_ifsc_code, business_address, business_name, created_at, email, enabled, first_name, is_active, is_seller, last_name, password, phone, updated_at, upi_id, version) 
    values
        (?, ?, ?, ?, ?, ?, ?, ?, ?, ?, ?, ?, ?, ?, ?, ?)
2025-06-20T14:19:44.315+05:30 DEBUG 37792 --- [user-management-service] [           main] org.hibernate.SQL                        : 
    insert 
    into
        users
        (bank_account_number, bank_ifsc_code, business_address, business_name, created_at, email, enabled, first_name, is_active, is_seller, last_name, password, phone, updated_at, upi_id, version) 
    values
        (?, ?, ?, ?, ?, ?, ?, ?, ?, ?, ?, ?, ?, ?, ?, ?)
Hibernate: 
    insert 
    into
        users
        (bank_account_number, bank_ifsc_code, business_address, business_name, created_at, email, enabled, first_name, is_active, is_seller, last_name, password, phone, updated_at, upi_id, version) 
    values
        (?, ?, ?, ?, ?, ?, ?, ?, ?, ?, ?, ?, ?, ?, ?, ?)
2025-06-20T14:19:44.318+05:30 DEBUG 37792 --- [user-management-service] [           main] org.hibernate.SQL                        : 
    insert 
    into
        users
        (bank_account_number, bank_ifsc_code, business_address, business_name, created_at, email, enabled, first_name, is_active, is_seller, last_name, password, phone, updated_at, upi_id, version) 
    values
        (?, ?, ?, ?, ?, ?, ?, ?, ?, ?, ?, ?, ?, ?, ?, ?)
Hibernate: 
    insert 
    into
        users
        (bank_account_number, bank_ifsc_code, business_address, business_name, created_at, email, enabled, first_name, is_active, is_seller, last_name, password, phone, updated_at, upi_id, version) 
    values
        (?, ?, ?, ?, ?, ?, ?, ?, ?, ?, ?, ?, ?, ?, ?, ?)
2025-06-20T14:19:44.322+05:30 DEBUG 37792 --- [user-management-service] [           main] org.hibernate.SQL                        : 
    insert 
    into
        users
        (bank_account_number, bank_ifsc_code, business_address, business_name, created_at, email, enabled, first_name, is_active, is_seller, last_name, password, phone, updated_at, upi_id, version) 
    values
        (?, ?, ?, ?, ?, ?, ?, ?, ?, ?, ?, ?, ?, ?, ?, ?)
Hibernate: 
    insert 
    into
        users
        (bank_account_number, bank_ifsc_code, business_address, business_name, created_at, email, enabled, first_name, is_active, is_seller, last_name, password, phone, updated_at, upi_id, version) 
    values
        (?, ?, ?, ?, ?, ?, ?, ?, ?, ?, ?, ?, ?, ?, ?, ?)
2025-06-20T14:19:44.326+05:30 DEBUG 37792 --- [user-management-service] [           main] org.hibernate.SQL                        : 
    insert 
    into
        users
        (bank_account_number, bank_ifsc_code, business_address, business_name, created_at, email, enabled, first_name, is_active, is_seller, last_name, password, phone, updated_at, upi_id, version) 
    values
        (?, ?, ?, ?, ?, ?, ?, ?, ?, ?, ?, ?, ?, ?, ?, ?)
Hibernate: 
    insert 
    into
        users
        (bank_account_number, bank_ifsc_code, business_address, business_name, created_at, email, enabled, first_name, is_active, is_seller, last_name, password, phone, updated_at, upi_id, version) 
    values
        (?, ?, ?, ?, ?, ?, ?, ?, ?, ?, ?, ?, ?, ?, ?, ?)
2025-06-20T14:19:44.330+05:30 DEBUG 37792 --- [user-management-service] [           main] org.hibernate.SQL                        : 
    insert 
    into
        users
        (bank_account_number, bank_ifsc_code, business_address, business_name, created_at, email, enabled, first_name, is_active, is_seller, last_name, password, phone, updated_at, upi_id, version) 
    values
        (?, ?, ?, ?, ?, ?, ?, ?, ?, ?, ?, ?, ?, ?, ?, ?)
Hibernate: 
    insert 
    into
        users
        (bank_account_number, bank_ifsc_code, business_address, business_name, created_at, email, enabled, first_name, is_active, is_seller, last_name, password, phone, updated_at, upi_id, version) 
    values
        (?, ?, ?, ?, ?, ?, ?, ?, ?, ?, ?, ?, ?, ?, ?, ?)
2025-06-20T14:19:44.333+05:30 DEBUG 37792 --- [user-management-service] [           main] org.hibernate.SQL                        : 
    insert 
    into
        users
        (bank_account_number, bank_ifsc_code, business_address, business_name, created_at, email, enabled, first_name, is_active, is_seller, last_name, password, phone, updated_at, upi_id, version) 
    values
        (?, ?, ?, ?, ?, ?, ?, ?, ?, ?, ?, ?, ?, ?, ?, ?)
Hibernate: 
    insert 
    into
        users
        (bank_account_number, bank_ifsc_code, business_address, business_name, created_at, email, enabled, first_name, is_active, is_seller, last_name, password, phone, updated_at, upi_id, version) 
    values
        (?, ?, ?, ?, ?, ?, ?, ?, ?, ?, ?, ?, ?, ?, ?, ?)
2025-06-20T14:19:44.335+05:30 DEBUG 37792 --- [user-management-service] [           main] org.hibernate.SQL                        : 
    insert 
    into
        users
        (bank_account_number, bank_ifsc_code, business_address, business_name, created_at, email, enabled, first_name, is_active, is_seller, last_name, password, phone, updated_at, upi_id, version) 
    values
        (?, ?, ?, ?, ?, ?, ?, ?, ?, ?, ?, ?, ?, ?, ?, ?)
Hibernate: 
    insert 
    into
        users
        (bank_account_number, bank_ifsc_code, business_address, business_name, created_at, email, enabled, first_name, is_active, is_seller, last_name, password, phone, updated_at, upi_id, version) 
    values
        (?, ?, ?, ?, ?, ?, ?, ?, ?, ?, ?, ?, ?, ?, ?, ?)
2025-06-20T14:19:44.339+05:30 DEBUG 37792 --- [user-management-service] [           main] org.hibernate.SQL                        : 
    insert 
    into
        users
        (bank_account_number, bank_ifsc_code, business_address, business_name, created_at, email, enabled, first_name, is_active, is_seller, last_name, password, phone, updated_at, upi_id, version) 
    values
        (?, ?, ?, ?, ?, ?, ?, ?, ?, ?, ?, ?, ?, ?, ?, ?)
Hibernate: 
    insert 
    into
        users
        (bank_account_number, bank_ifsc_code, business_address, business_name, created_at, email, enabled, first_name, is_active, is_seller, last_name, password, phone, updated_at, upi_id, version) 
    values
        (?, ?, ?, ?, ?, ?, ?, ?, ?, ?, ?, ?, ?, ?, ?, ?)
2025-06-20T14:19:44.341+05:30 DEBUG 37792 --- [user-management-service] [           main] org.hibernate.SQL                        : 
    insert 
    into
        users
        (bank_account_number, bank_ifsc_code, business_address, business_name, created_at, email, enabled, first_name, is_active, is_seller, last_name, password, phone, updated_at, upi_id, version) 
    values
        (?, ?, ?, ?, ?, ?, ?, ?, ?, ?, ?, ?, ?, ?, ?, ?)
Hibernate: 
    insert 
    into
        users
        (bank_account_number, bank_ifsc_code, business_address, business_name, created_at, email, enabled, first_name, is_active, is_seller, last_name, password, phone, updated_at, upi_id, version) 
    values
        (?, ?, ?, ?, ?, ?, ?, ?, ?, ?, ?, ?, ?, ?, ?, ?)
2025-06-20T14:19:44.345+05:30 DEBUG 37792 --- [user-management-service] [           main] org.hibernate.SQL                        : 
    insert 
    into
        users
        (bank_account_number, bank_ifsc_code, business_address, business_name, created_at, email, enabled, first_name, is_active, is_seller, last_name, password, phone, updated_at, upi_id, version) 
    values
        (?, ?, ?, ?, ?, ?, ?, ?, ?, ?, ?, ?, ?, ?, ?, ?)
Hibernate: 
    insert 
    into
        users
        (bank_account_number, bank_ifsc_code, business_address, business_name, created_at, email, enabled, first_name, is_active, is_seller, last_name, password, phone, updated_at, upi_id, version) 
    values
        (?, ?, ?, ?, ?, ?, ?, ?, ?, ?, ?, ?, ?, ?, ?, ?)
2025-06-20T14:19:44.349+05:30 DEBUG 37792 --- [user-management-service] [           main] org.hibernate.SQL                        : 
    insert 
    into
        users
        (bank_account_number, bank_ifsc_code, business_address, business_name, created_at, email, enabled, first_name, is_active, is_seller, last_name, password, phone, updated_at, upi_id, version) 
    values
        (?, ?, ?, ?, ?, ?, ?, ?, ?, ?, ?, ?, ?, ?, ?, ?)
Hibernate: 
    insert 
    into
        users
        (bank_account_number, bank_ifsc_code, business_address, business_name, created_at, email, enabled, first_name, is_active, is_seller, last_name, password, phone, updated_at, upi_id, version) 
    values
        (?, ?, ?, ?, ?, ?, ?, ?, ?, ?, ?, ?, ?, ?, ?, ?)
2025-06-20T14:19:44.351+05:30 DEBUG 37792 --- [user-management-service] [           main] org.hibernate.SQL                        : 
    insert 
    into
        users
        (bank_account_number, bank_ifsc_code, business_address, business_name, created_at, email, enabled, first_name, is_active, is_seller, last_name, password, phone, updated_at, upi_id, version) 
    values
        (?, ?, ?, ?, ?, ?, ?, ?, ?, ?, ?, ?, ?, ?, ?, ?)
Hibernate: 
    insert 
    into
        users
        (bank_account_number, bank_ifsc_code, business_address, business_name, created_at, email, enabled, first_name, is_active, is_seller, last_name, password, phone, updated_at, upi_id, version) 
    values
        (?, ?, ?, ?, ?, ?, ?, ?, ?, ?, ?, ?, ?, ?, ?, ?)
2025-06-20T14:19:44.355+05:30 DEBUG 37792 --- [user-management-service] [           main] org.hibernate.SQL                        : 
    insert 
    into
        users
        (bank_account_number, bank_ifsc_code, business_address, business_name, created_at, email, enabled, first_name, is_active, is_seller, last_name, password, phone, updated_at, upi_id, version) 
    values
        (?, ?, ?, ?, ?, ?, ?, ?, ?, ?, ?, ?, ?, ?, ?, ?)
Hibernate: 
    insert 
    into
        users
        (bank_account_number, bank_ifsc_code, business_address, business_name, created_at, email, enabled, first_name, is_active, is_seller, last_name, password, phone, updated_at, upi_id, version) 
    values
        (?, ?, ?, ?, ?, ?, ?, ?, ?, ?, ?, ?, ?, ?, ?, ?)
2025-06-20T14:19:44.358+05:30 DEBUG 37792 --- [user-management-service] [           main] org.hibernate.SQL                        : 
    insert 
    into
        users
        (bank_account_number, bank_ifsc_code, business_address, business_name, created_at, email, enabled, first_name, is_active, is_seller, last_name, password, phone, updated_at, upi_id, version) 
    values
        (?, ?, ?, ?, ?, ?, ?, ?, ?, ?, ?, ?, ?, ?, ?, ?)
Hibernate: 
    insert 
    into
        users
        (bank_account_number, bank_ifsc_code, business_address, business_name, created_at, email, enabled, first_name, is_active, is_seller, last_name, password, phone, updated_at, upi_id, version) 
    values
        (?, ?, ?, ?, ?, ?, ?, ?, ?, ?, ?, ?, ?, ?, ?, ?)
2025-06-20T14:19:44.361+05:30 DEBUG 37792 --- [user-management-service] [           main] org.hibernate.SQL                        : 
    insert 
    into
        users
        (bank_account_number, bank_ifsc_code, business_address, business_name, created_at, email, enabled, first_name, is_active, is_seller, last_name, password, phone, updated_at, upi_id, version) 
    values
        (?, ?, ?, ?, ?, ?, ?, ?, ?, ?, ?, ?, ?, ?, ?, ?)
Hibernate: 
    insert 
    into
        users
        (bank_account_number, bank_ifsc_code, business_address, business_name, created_at, email, enabled, first_name, is_active, is_seller, last_name, password, phone, updated_at, upi_id, version) 
    values
        (?, ?, ?, ?, ?, ?, ?, ?, ?, ?, ?, ?, ?, ?, ?, ?)
2025-06-20T14:19:44.365+05:30 DEBUG 37792 --- [user-management-service] [           main] org.hibernate.SQL                        : 
    insert 
    into
        users
        (bank_account_number, bank_ifsc_code, business_address, business_name, created_at, email, enabled, first_name, is_active, is_seller, last_name, password, phone, updated_at, upi_id, version) 
    values
        (?, ?, ?, ?, ?, ?, ?, ?, ?, ?, ?, ?, ?, ?, ?, ?)
Hibernate: 
    insert 
    into
        users
        (bank_account_number, bank_ifsc_code, business_address, business_name, created_at, email, enabled, first_name, is_active, is_seller, last_name, password, phone, updated_at, upi_id, version) 
    values
        (?, ?, ?, ?, ?, ?, ?, ?, ?, ?, ?, ?, ?, ?, ?, ?)
2025-06-20T14:19:44.368+05:30 DEBUG 37792 --- [user-management-service] [           main] org.hibernate.SQL                        : 
    insert 
    into
        users
        (bank_account_number, bank_ifsc_code, business_address, business_name, created_at, email, enabled, first_name, is_active, is_seller, last_name, password, phone, updated_at, upi_id, version) 
    values
        (?, ?, ?, ?, ?, ?, ?, ?, ?, ?, ?, ?, ?, ?, ?, ?)
Hibernate: 
    insert 
    into
        users
        (bank_account_number, bank_ifsc_code, business_address, business_name, created_at, email, enabled, first_name, is_active, is_seller, last_name, password, phone, updated_at, upi_id, version) 
    values
        (?, ?, ?, ?, ?, ?, ?, ?, ?, ?, ?, ?, ?, ?, ?, ?)
2025-06-20T14:19:44.371+05:30 DEBUG 37792 --- [user-management-service] [           main] org.hibernate.SQL                        : 
    insert 
    into
        users
        (bank_account_number, bank_ifsc_code, business_address, business_name, created_at, email, enabled, first_name, is_active, is_seller, last_name, password, phone, updated_at, upi_id, version) 
    values
        (?, ?, ?, ?, ?, ?, ?, ?, ?, ?, ?, ?, ?, ?, ?, ?)
Hibernate: 
    insert 
    into
        users
        (bank_account_number, bank_ifsc_code, business_address, business_name, created_at, email, enabled, first_name, is_active, is_seller, last_name, password, phone, updated_at, upi_id, version) 
    values
        (?, ?, ?, ?, ?, ?, ?, ?, ?, ?, ?, ?, ?, ?, ?, ?)
2025-06-20T14:19:44.374+05:30 DEBUG 37792 --- [user-management-service] [           main] org.hibernate.SQL                        : 
    insert 
    into
        users
        (bank_account_number, bank_ifsc_code, business_address, business_name, created_at, email, enabled, first_name, is_active, is_seller, last_name, password, phone, updated_at, upi_id, version) 
    values
        (?, ?, ?, ?, ?, ?, ?, ?, ?, ?, ?, ?, ?, ?, ?, ?)
Hibernate: 
    insert 
    into
        users
        (bank_account_number, bank_ifsc_code, business_address, business_name, created_at, email, enabled, first_name, is_active, is_seller, last_name, password, phone, updated_at, upi_id, version) 
    values
        (?, ?, ?, ?, ?, ?, ?, ?, ?, ?, ?, ?, ?, ?, ?, ?)
2025-06-20T14:19:44.377+05:30 DEBUG 37792 --- [user-management-service] [           main] org.hibernate.SQL                        : 
    insert 
    into
        users
        (bank_account_number, bank_ifsc_code, business_address, business_name, created_at, email, enabled, first_name, is_active, is_seller, last_name, password, phone, updated_at, upi_id, version) 
    values
        (?, ?, ?, ?, ?, ?, ?, ?, ?, ?, ?, ?, ?, ?, ?, ?)
Hibernate: 
    insert 
    into
        users
        (bank_account_number, bank_ifsc_code, business_address, business_name, created_at, email, enabled, first_name, is_active, is_seller, last_name, password, phone, updated_at, upi_id, version) 
    values
        (?, ?, ?, ?, ?, ?, ?, ?, ?, ?, ?, ?, ?, ?, ?, ?)
2025-06-20T14:19:44.379+05:30 DEBUG 37792 --- [user-management-service] [           main] org.hibernate.SQL                        : 
    insert 
    into
        users
        (bank_account_number, bank_ifsc_code, business_address, business_name, created_at, email, enabled, first_name, is_active, is_seller, last_name, password, phone, updated_at, upi_id, version) 
    values
        (?, ?, ?, ?, ?, ?, ?, ?, ?, ?, ?, ?, ?, ?, ?, ?)
Hibernate: 
    insert 
    into
        users
        (bank_account_number, bank_ifsc_code, business_address, business_name, created_at, email, enabled, first_name, is_active, is_seller, last_name, password, phone, updated_at, upi_id, version) 
    values
        (?, ?, ?, ?, ?, ?, ?, ?, ?, ?, ?, ?, ?, ?, ?, ?)
2025-06-20T14:19:44.382+05:30 DEBUG 37792 --- [user-management-service] [           main] org.hibernate.SQL                        : 
    insert 
    into
        users
        (bank_account_number, bank_ifsc_code, business_address, business_name, created_at, email, enabled, first_name, is_active, is_seller, last_name, password, phone, updated_at, upi_id, version) 
    values
        (?, ?, ?, ?, ?, ?, ?, ?, ?, ?, ?, ?, ?, ?, ?, ?)
Hibernate: 
    insert 
    into
        users
        (bank_account_number, bank_ifsc_code, business_address, business_name, created_at, email, enabled, first_name, is_active, is_seller, last_name, password, phone, updated_at, upi_id, version) 
    values
        (?, ?, ?, ?, ?, ?, ?, ?, ?, ?, ?, ?, ?, ?, ?, ?)
2025-06-20T14:19:44.385+05:30 DEBUG 37792 --- [user-management-service] [           main] org.hibernate.SQL                        : 
    insert 
    into
        users
        (bank_account_number, bank_ifsc_code, business_address, business_name, created_at, email, enabled, first_name, is_active, is_seller, last_name, password, phone, updated_at, upi_id, version) 
    values
        (?, ?, ?, ?, ?, ?, ?, ?, ?, ?, ?, ?, ?, ?, ?, ?)
Hibernate: 
    insert 
    into
        users
        (bank_account_number, bank_ifsc_code, business_address, business_name, created_at, email, enabled, first_name, is_active, is_seller, last_name, password, phone, updated_at, upi_id, version) 
    values
        (?, ?, ?, ?, ?, ?, ?, ?, ?, ?, ?, ?, ?, ?, ?, ?)
2025-06-20T14:19:44.387+05:30 DEBUG 37792 --- [user-management-service] [           main] org.hibernate.SQL                        : 
    insert 
    into
        users
        (bank_account_number, bank_ifsc_code, business_address, business_name, created_at, email, enabled, first_name, is_active, is_seller, last_name, password, phone, updated_at, upi_id, version) 
    values
        (?, ?, ?, ?, ?, ?, ?, ?, ?, ?, ?, ?, ?, ?, ?, ?)
Hibernate: 
    insert 
    into
        users
        (bank_account_number, bank_ifsc_code, business_address, business_name, created_at, email, enabled, first_name, is_active, is_seller, last_name, password, phone, updated_at, upi_id, version) 
    values
        (?, ?, ?, ?, ?, ?, ?, ?, ?, ?, ?, ?, ?, ?, ?, ?)
2025-06-20T14:19:44.390+05:30 DEBUG 37792 --- [user-management-service] [           main] org.hibernate.SQL                        : 
    insert 
    into
        users
        (bank_account_number, bank_ifsc_code, business_address, business_name, created_at, email, enabled, first_name, is_active, is_seller, last_name, password, phone, updated_at, upi_id, version) 
    values
        (?, ?, ?, ?, ?, ?, ?, ?, ?, ?, ?, ?, ?, ?, ?, ?)
Hibernate: 
    insert 
    into
        users
        (bank_account_number, bank_ifsc_code, business_address, business_name, created_at, email, enabled, first_name, is_active, is_seller, last_name, password, phone, updated_at, upi_id, version) 
    values
        (?, ?, ?, ?, ?, ?, ?, ?, ?, ?, ?, ?, ?, ?, ?, ?)
2025-06-20T14:19:44.392+05:30 DEBUG 37792 --- [user-management-service] [           main] org.hibernate.SQL                        : 
    insert 
    into
        users
        (bank_account_number, bank_ifsc_code, business_address, business_name, created_at, email, enabled, first_name, is_active, is_seller, last_name, password, phone, updated_at, upi_id, version) 
    values
        (?, ?, ?, ?, ?, ?, ?, ?, ?, ?, ?, ?, ?, ?, ?, ?)
Hibernate: 
    insert 
    into
        users
        (bank_account_number, bank_ifsc_code, business_address, business_name, created_at, email, enabled, first_name, is_active, is_seller, last_name, password, phone, updated_at, upi_id, version) 
    values
        (?, ?, ?, ?, ?, ?, ?, ?, ?, ?, ?, ?, ?, ?, ?, ?)
2025-06-20T14:19:44.395+05:30 DEBUG 37792 --- [user-management-service] [           main] org.hibernate.SQL                        : 
    insert 
    into
        users
        (bank_account_number, bank_ifsc_code, business_address, business_name, created_at, email, enabled, first_name, is_active, is_seller, last_name, password, phone, updated_at, upi_id, version) 
    values
        (?, ?, ?, ?, ?, ?, ?, ?, ?, ?, ?, ?, ?, ?, ?, ?)
Hibernate: 
    insert 
    into
        users
        (bank_account_number, bank_ifsc_code, business_address, business_name, created_at, email, enabled, first_name, is_active, is_seller, last_name, password, phone, updated_at, upi_id, version) 
    values
        (?, ?, ?, ?, ?, ?, ?, ?, ?, ?, ?, ?, ?, ?, ?, ?)
2025-06-20T14:19:44.399+05:30 DEBUG 37792 --- [user-management-service] [           main] org.hibernate.SQL                        : 
    insert 
    into
        users
        (bank_account_number, bank_ifsc_code, business_address, business_name, created_at, email, enabled, first_name, is_active, is_seller, last_name, password, phone, updated_at, upi_id, version) 
    values
        (?, ?, ?, ?, ?, ?, ?, ?, ?, ?, ?, ?, ?, ?, ?, ?)
Hibernate: 
    insert 
    into
        users
        (bank_account_number, bank_ifsc_code, business_address, business_name, created_at, email, enabled, first_name, is_active, is_seller, last_name, password, phone, updated_at, upi_id, version) 
    values
        (?, ?, ?, ?, ?, ?, ?, ?, ?, ?, ?, ?, ?, ?, ?, ?)
2025-06-20T14:19:44.403+05:30 DEBUG 37792 --- [user-management-service] [           main] org.hibernate.SQL                        : 
    insert 
    into
        users
        (bank_account_number, bank_ifsc_code, business_address, business_name, created_at, email, enabled, first_name, is_active, is_seller, last_name, password, phone, updated_at, upi_id, version) 
    values
        (?, ?, ?, ?, ?, ?, ?, ?, ?, ?, ?, ?, ?, ?, ?, ?)
Hibernate: 
    insert 
    into
        users
        (bank_account_number, bank_ifsc_code, business_address, business_name, created_at, email, enabled, first_name, is_active, is_seller, last_name, password, phone, updated_at, upi_id, version) 
    values
        (?, ?, ?, ?, ?, ?, ?, ?, ?, ?, ?, ?, ?, ?, ?, ?)
2025-06-20T14:19:44.407+05:30 DEBUG 37792 --- [user-management-service] [           main] org.hibernate.SQL                        : 
    insert 
    into
        users
        (bank_account_number, bank_ifsc_code, business_address, business_name, created_at, email, enabled, first_name, is_active, is_seller, last_name, password, phone, updated_at, upi_id, version) 
    values
        (?, ?, ?, ?, ?, ?, ?, ?, ?, ?, ?, ?, ?, ?, ?, ?)
Hibernate: 
    insert 
    into
        users
        (bank_account_number, bank_ifsc_code, business_address, business_name, created_at, email, enabled, first_name, is_active, is_seller, last_name, password, phone, updated_at, upi_id, version) 
    values
        (?, ?, ?, ?, ?, ?, ?, ?, ?, ?, ?, ?, ?, ?, ?, ?)
2025-06-20T14:19:44.411+05:30 DEBUG 37792 --- [user-management-service] [           main] org.hibernate.SQL                        : 
    insert 
    into
        users
        (bank_account_number, bank_ifsc_code, business_address, business_name, created_at, email, enabled, first_name, is_active, is_seller, last_name, password, phone, updated_at, upi_id, version) 
    values
        (?, ?, ?, ?, ?, ?, ?, ?, ?, ?, ?, ?, ?, ?, ?, ?)
Hibernate: 
    insert 
    into
        users
        (bank_account_number, bank_ifsc_code, business_address, business_name, created_at, email, enabled, first_name, is_active, is_seller, last_name, password, phone, updated_at, upi_id, version) 
    values
        (?, ?, ?, ?, ?, ?, ?, ?, ?, ?, ?, ?, ?, ?, ?, ?)
2025-06-20T14:19:44.418+05:30 DEBUG 37792 --- [user-management-service] [           main] org.hibernate.SQL                        : 
    insert 
    into
        users
        (bank_account_number, bank_ifsc_code, business_address, business_name, created_at, email, enabled, first_name, is_active, is_seller, last_name, password, phone, updated_at, upi_id, version) 
    values
        (?, ?, ?, ?, ?, ?, ?, ?, ?, ?, ?, ?, ?, ?, ?, ?)
Hibernate: 
    insert 
    into
        users
        (bank_account_number, bank_ifsc_code, business_address, business_name, created_at, email, enabled, first_name, is_active, is_seller, last_name, password, phone, updated_at, upi_id, version) 
    values
        (?, ?, ?, ?, ?, ?, ?, ?, ?, ?, ?, ?, ?, ?, ?, ?)
2025-06-20T14:19:44.422+05:30 DEBUG 37792 --- [user-management-service] [           main] org.hibernate.SQL                        : 
    insert 
    into
        users
        (bank_account_number, bank_ifsc_code, business_address, business_name, created_at, email, enabled, first_name, is_active, is_seller, last_name, password, phone, updated_at, upi_id, version) 
    values
        (?, ?, ?, ?, ?, ?, ?, ?, ?, ?, ?, ?, ?, ?, ?, ?)
Hibernate: 
    insert 
    into
        users
        (bank_account_number, bank_ifsc_code, business_address, business_name, created_at, email, enabled, first_name, is_active, is_seller, last_name, password, phone, updated_at, upi_id, version) 
    values
        (?, ?, ?, ?, ?, ?, ?, ?, ?, ?, ?, ?, ?, ?, ?, ?)
2025-06-20T14:19:44.428+05:30 DEBUG 37792 --- [user-management-service] [           main] org.hibernate.SQL                        : 
    insert 
    into
        users
        (bank_account_number, bank_ifsc_code, business_address, business_name, created_at, email, enabled, first_name, is_active, is_seller, last_name, password, phone, updated_at, upi_id, version) 
    values
        (?, ?, ?, ?, ?, ?, ?, ?, ?, ?, ?, ?, ?, ?, ?, ?)
Hibernate: 
    insert 
    into
        users
        (bank_account_number, bank_ifsc_code, business_address, business_name, created_at, email, enabled, first_name, is_active, is_seller, last_name, password, phone, updated_at, upi_id, version) 
    values
        (?, ?, ?, ?, ?, ?, ?, ?, ?, ?, ?, ?, ?, ?, ?, ?)
2025-06-20T14:19:44.435+05:30 DEBUG 37792 --- [user-management-service] [           main] org.hibernate.SQL                        : 
    insert 
    into
        users
        (bank_account_number, bank_ifsc_code, business_address, business_name, created_at, email, enabled, first_name, is_active, is_seller, last_name, password, phone, updated_at, upi_id, version) 
    values
        (?, ?, ?, ?, ?, ?, ?, ?, ?, ?, ?, ?, ?, ?, ?, ?)
Hibernate: 
    insert 
    into
        users
        (bank_account_number, bank_ifsc_code, business_address, business_name, created_at, email, enabled, first_name, is_active, is_seller, last_name, password, phone, updated_at, upi_id, version) 
    values
        (?, ?, ?, ?, ?, ?, ?, ?, ?, ?, ?, ?, ?, ?, ?, ?)
2025-06-20T14:19:44.439+05:30 DEBUG 37792 --- [user-management-service] [           main] org.hibernate.SQL                        : 
    insert 
    into
        users
        (bank_account_number, bank_ifsc_code, business_address, business_name, created_at, email, enabled, first_name, is_active, is_seller, last_name, password, phone, updated_at, upi_id, version) 
    values
        (?, ?, ?, ?, ?, ?, ?, ?, ?, ?, ?, ?, ?, ?, ?, ?)
Hibernate: 
    insert 
    into
        users
        (bank_account_number, bank_ifsc_code, business_address, business_name, created_at, email, enabled, first_name, is_active, is_seller, last_name, password, phone, updated_at, upi_id, version) 
    values
        (?, ?, ?, ?, ?, ?, ?, ?, ?, ?, ?, ?, ?, ?, ?, ?)
2025-06-20T14:19:44.444+05:30 DEBUG 37792 --- [user-management-service] [           main] org.hibernate.SQL                        : 
    insert 
    into
        users
        (bank_account_number, bank_ifsc_code, business_address, business_name, created_at, email, enabled, first_name, is_active, is_seller, last_name, password, phone, updated_at, upi_id, version) 
    values
        (?, ?, ?, ?, ?, ?, ?, ?, ?, ?, ?, ?, ?, ?, ?, ?)
Hibernate: 
    insert 
    into
        users
        (bank_account_number, bank_ifsc_code, business_address, business_name, created_at, email, enabled, first_name, is_active, is_seller, last_name, password, phone, updated_at, upi_id, version) 
    values
        (?, ?, ?, ?, ?, ?, ?, ?, ?, ?, ?, ?, ?, ?, ?, ?)
2025-06-20T14:19:44.743+05:30 DEBUG 37792 --- [user-management-service] [           main] org.hibernate.SQL                        : 
    insert 
    into
        users
        (bank_account_number, bank_ifsc_code, business_address, business_name, created_at, email, enabled, first_name, is_active, is_seller, last_name, password, phone, updated_at, upi_id, version) 
    values
        (?, ?, ?, ?, ?, ?, ?, ?, ?, ?, ?, ?, ?, ?, ?, ?)
Hibernate: 
    insert 
    into
        users
        (bank_account_number, bank_ifsc_code, business_address, business_name, created_at, email, enabled, first_name, is_active, is_seller, last_name, password, phone, updated_at, upi_id, version) 
    values
        (?, ?, ?, ?, ?, ?, ?, ?, ?, ?, ?, ?, ?, ?, ?, ?)
2025-06-20T14:19:44.749+05:30 DEBUG 37792 --- [user-management-service] [           main] org.hibernate.SQL                        : 
    insert 
    into
        users
        (bank_account_number, bank_ifsc_code, business_address, business_name, created_at, email, enabled, first_name, is_active, is_seller, last_name, password, phone, updated_at, upi_id, version) 
    values
        (?, ?, ?, ?, ?, ?, ?, ?, ?, ?, ?, ?, ?, ?, ?, ?)
Hibernate: 
    insert 
    into
        users
        (bank_account_number, bank_ifsc_code, business_address, business_name, created_at, email, enabled, first_name, is_active, is_seller, last_name, password, phone, updated_at, upi_id, version) 
    values
        (?, ?, ?, ?, ?, ?, ?, ?, ?, ?, ?, ?, ?, ?, ?, ?)
2025-06-20T14:19:44.756+05:30 DEBUG 37792 --- [user-management-service] [           main] org.hibernate.SQL                        : 
    insert 
    into
        users
        (bank_account_number, bank_ifsc_code, business_address, business_name, created_at, email, enabled, first_name, is_active, is_seller, last_name, password, phone, updated_at, upi_id, version) 
    values
        (?, ?, ?, ?, ?, ?, ?, ?, ?, ?, ?, ?, ?, ?, ?, ?)
Hibernate: 
    insert 
    into
        users
        (bank_account_number, bank_ifsc_code, business_address, business_name, created_at, email, enabled, first_name, is_active, is_seller, last_name, password, phone, updated_at, upi_id, version) 
    values
        (?, ?, ?, ?, ?, ?, ?, ?, ?, ?, ?, ?, ?, ?, ?, ?)
2025-06-20T14:19:44.762+05:30 DEBUG 37792 --- [user-management-service] [           main] org.hibernate.SQL                        : 
    insert 
    into
        users
        (bank_account_number, bank_ifsc_code, business_address, business_name, created_at, email, enabled, first_name, is_active, is_seller, last_name, password, phone, updated_at, upi_id, version) 
    values
        (?, ?, ?, ?, ?, ?, ?, ?, ?, ?, ?, ?, ?, ?, ?, ?)
Hibernate: 
    insert 
    into
        users
        (bank_account_number, bank_ifsc_code, business_address, business_name, created_at, email, enabled, first_name, is_active, is_seller, last_name, password, phone, updated_at, upi_id, version) 
    values
        (?, ?, ?, ?, ?, ?, ?, ?, ?, ?, ?, ?, ?, ?, ?, ?)
2025-06-20T14:19:44.769+05:30 DEBUG 37792 --- [user-management-service] [           main] org.hibernate.SQL                        : 
    insert 
    into
        users
        (bank_account_number, bank_ifsc_code, business_address, business_name, created_at, email, enabled, first_name, is_active, is_seller, last_name, password, phone, updated_at, upi_id, version) 
    values
        (?, ?, ?, ?, ?, ?, ?, ?, ?, ?, ?, ?, ?, ?, ?, ?)
Hibernate: 
    insert 
    into
        users
        (bank_account_number, bank_ifsc_code, business_address, business_name, created_at, email, enabled, first_name, is_active, is_seller, last_name, password, phone, updated_at, upi_id, version) 
    values
        (?, ?, ?, ?, ?, ?, ?, ?, ?, ?, ?, ?, ?, ?, ?, ?)
2025-06-20T14:19:44.774+05:30 DEBUG 37792 --- [user-management-service] [           main] org.hibernate.SQL                        : 
    insert 
    into
        users
        (bank_account_number, bank_ifsc_code, business_address, business_name, created_at, email, enabled, first_name, is_active, is_seller, last_name, password, phone, updated_at, upi_id, version) 
    values
        (?, ?, ?, ?, ?, ?, ?, ?, ?, ?, ?, ?, ?, ?, ?, ?)
Hibernate: 
    insert 
    into
        users
        (bank_account_number, bank_ifsc_code, business_address, business_name, created_at, email, enabled, first_name, is_active, is_seller, last_name, password, phone, updated_at, upi_id, version) 
    values
        (?, ?, ?, ?, ?, ?, ?, ?, ?, ?, ?, ?, ?, ?, ?, ?)
2025-06-20T14:19:44.781+05:30 DEBUG 37792 --- [user-management-service] [           main] org.hibernate.SQL                        : 
    insert 
    into
        users
        (bank_account_number, bank_ifsc_code, business_address, business_name, created_at, email, enabled, first_name, is_active, is_seller, last_name, password, phone, updated_at, upi_id, version) 
    values
        (?, ?, ?, ?, ?, ?, ?, ?, ?, ?, ?, ?, ?, ?, ?, ?)
Hibernate: 
    insert 
    into
        users
        (bank_account_number, bank_ifsc_code, business_address, business_name, created_at, email, enabled, first_name, is_active, is_seller, last_name, password, phone, updated_at, upi_id, version) 
    values
        (?, ?, ?, ?, ?, ?, ?, ?, ?, ?, ?, ?, ?, ?, ?, ?)
2025-06-20T14:19:44.787+05:30 DEBUG 37792 --- [user-management-service] [           main] org.hibernate.SQL                        : 
    insert 
    into
        users
        (bank_account_number, bank_ifsc_code, business_address, business_name, created_at, email, enabled, first_name, is_active, is_seller, last_name, password, phone, updated_at, upi_id, version) 
    values
        (?, ?, ?, ?, ?, ?, ?, ?, ?, ?, ?, ?, ?, ?, ?, ?)
Hibernate: 
    insert 
    into
        users
        (bank_account_number, bank_ifsc_code, business_address, business_name, created_at, email, enabled, first_name, is_active, is_seller, last_name, password, phone, updated_at, upi_id, version) 
    values
        (?, ?, ?, ?, ?, ?, ?, ?, ?, ?, ?, ?, ?, ?, ?, ?)
2025-06-20T14:19:44.792+05:30 DEBUG 37792 --- [user-management-service] [           main] org.hibernate.SQL                        : 
    insert 
    into
        users
        (bank_account_number, bank_ifsc_code, business_address, business_name, created_at, email, enabled, first_name, is_active, is_seller, last_name, password, phone, updated_at, upi_id, version) 
    values
        (?, ?, ?, ?, ?, ?, ?, ?, ?, ?, ?, ?, ?, ?, ?, ?)
Hibernate: 
    insert 
    into
        users
        (bank_account_number, bank_ifsc_code, business_address, business_name, created_at, email, enabled, first_name, is_active, is_seller, last_name, password, phone, updated_at, upi_id, version) 
    values
        (?, ?, ?, ?, ?, ?, ?, ?, ?, ?, ?, ?, ?, ?, ?, ?)
2025-06-20T14:19:44.797+05:30 DEBUG 37792 --- [user-management-service] [           main] org.hibernate.SQL                        : 
    insert 
    into
        users
        (bank_account_number, bank_ifsc_code, business_address, business_name, created_at, email, enabled, first_name, is_active, is_seller, last_name, password, phone, updated_at, upi_id, version) 
    values
        (?, ?, ?, ?, ?, ?, ?, ?, ?, ?, ?, ?, ?, ?, ?, ?)
Hibernate: 
    insert 
    into
        users
        (bank_account_number, bank_ifsc_code, business_address, business_name, created_at, email, enabled, first_name, is_active, is_seller, last_name, password, phone, updated_at, upi_id, version) 
    values
        (?, ?, ?, ?, ?, ?, ?, ?, ?, ?, ?, ?, ?, ?, ?, ?)
2025-06-20T14:19:44.803+05:30 DEBUG 37792 --- [user-management-service] [           main] org.hibernate.SQL                        : 
    insert 
    into
        users
        (bank_account_number, bank_ifsc_code, business_address, business_name, created_at, email, enabled, first_name, is_active, is_seller, last_name, password, phone, updated_at, upi_id, version) 
    values
        (?, ?, ?, ?, ?, ?, ?, ?, ?, ?, ?, ?, ?, ?, ?, ?)
Hibernate: 
    insert 
    into
        users
        (bank_account_number, bank_ifsc_code, business_address, business_name, created_at, email, enabled, first_name, is_active, is_seller, last_name, password, phone, updated_at, upi_id, version) 
    values
        (?, ?, ?, ?, ?, ?, ?, ?, ?, ?, ?, ?, ?, ?, ?, ?)
2025-06-20T14:19:44.809+05:30 DEBUG 37792 --- [user-management-service] [           main] org.hibernate.SQL                        : 
    insert 
    into
        users
        (bank_account_number, bank_ifsc_code, business_address, business_name, created_at, email, enabled, first_name, is_active, is_seller, last_name, password, phone, updated_at, upi_id, version) 
    values
        (?, ?, ?, ?, ?, ?, ?, ?, ?, ?, ?, ?, ?, ?, ?, ?)
Hibernate: 
    insert 
    into
        users
        (bank_account_number, bank_ifsc_code, business_address, business_name, created_at, email, enabled, first_name, is_active, is_seller, last_name, password, phone, updated_at, upi_id, version) 
    values
        (?, ?, ?, ?, ?, ?, ?, ?, ?, ?, ?, ?, ?, ?, ?, ?)
2025-06-20T14:19:44.813+05:30 DEBUG 37792 --- [user-management-service] [           main] org.hibernate.SQL                        : 
    insert 
    into
        users
        (bank_account_number, bank_ifsc_code, business_address, business_name, created_at, email, enabled, first_name, is_active, is_seller, last_name, password, phone, updated_at, upi_id, version) 
    values
        (?, ?, ?, ?, ?, ?, ?, ?, ?, ?, ?, ?, ?, ?, ?, ?)
Hibernate: 
    insert 
    into
        users
        (bank_account_number, bank_ifsc_code, business_address, business_name, created_at, email, enabled, first_name, is_active, is_seller, last_name, password, phone, updated_at, upi_id, version) 
    values
        (?, ?, ?, ?, ?, ?, ?, ?, ?, ?, ?, ?, ?, ?, ?, ?)
2025-06-20T14:19:44.817+05:30 DEBUG 37792 --- [user-management-service] [           main] org.hibernate.SQL                        : 
    insert 
    into
        users
        (bank_account_number, bank_ifsc_code, business_address, business_name, created_at, email, enabled, first_name, is_active, is_seller, last_name, password, phone, updated_at, upi_id, version) 
    values
        (?, ?, ?, ?, ?, ?, ?, ?, ?, ?, ?, ?, ?, ?, ?, ?)
Hibernate: 
    insert 
    into
        users
        (bank_account_number, bank_ifsc_code, business_address, business_name, created_at, email, enabled, first_name, is_active, is_seller, last_name, password, phone, updated_at, upi_id, version) 
    values
        (?, ?, ?, ?, ?, ?, ?, ?, ?, ?, ?, ?, ?, ?, ?, ?)
2025-06-20T14:19:44.821+05:30 DEBUG 37792 --- [user-management-service] [           main] org.hibernate.SQL                        : 
    insert 
    into
        users
        (bank_account_number, bank_ifsc_code, business_address, business_name, created_at, email, enabled, first_name, is_active, is_seller, last_name, password, phone, updated_at, upi_id, version) 
    values
        (?, ?, ?, ?, ?, ?, ?, ?, ?, ?, ?, ?, ?, ?, ?, ?)
Hibernate: 
    insert 
    into
        users
        (bank_account_number, bank_ifsc_code, business_address, business_name, created_at, email, enabled, first_name, is_active, is_seller, last_name, password, phone, updated_at, upi_id, version) 
    values
        (?, ?, ?, ?, ?, ?, ?, ?, ?, ?, ?, ?, ?, ?, ?, ?)
2025-06-20T14:19:44.826+05:30 DEBUG 37792 --- [user-management-service] [           main] org.hibernate.SQL                        : 
    insert 
    into
        users
        (bank_account_number, bank_ifsc_code, business_address, business_name, created_at, email, enabled, first_name, is_active, is_seller, last_name, password, phone, updated_at, upi_id, version) 
    values
        (?, ?, ?, ?, ?, ?, ?, ?, ?, ?, ?, ?, ?, ?, ?, ?)
Hibernate: 
    insert 
    into
        users
        (bank_account_number, bank_ifsc_code, business_address, business_name, created_at, email, enabled, first_name, is_active, is_seller, last_name, password, phone, updated_at, upi_id, version) 
    values
        (?, ?, ?, ?, ?, ?, ?, ?, ?, ?, ?, ?, ?, ?, ?, ?)
2025-06-20T14:19:44.831+05:30 DEBUG 37792 --- [user-management-service] [           main] org.hibernate.SQL                        : 
    insert 
    into
        users
        (bank_account_number, bank_ifsc_code, business_address, business_name, created_at, email, enabled, first_name, is_active, is_seller, last_name, password, phone, updated_at, upi_id, version) 
    values
        (?, ?, ?, ?, ?, ?, ?, ?, ?, ?, ?, ?, ?, ?, ?, ?)
Hibernate: 
    insert 
    into
        users
        (bank_account_number, bank_ifsc_code, business_address, business_name, created_at, email, enabled, first_name, is_active, is_seller, last_name, password, phone, updated_at, upi_id, version) 
    values
        (?, ?, ?, ?, ?, ?, ?, ?, ?, ?, ?, ?, ?, ?, ?, ?)
2025-06-20T14:19:44.837+05:30 DEBUG 37792 --- [user-management-service] [           main] org.hibernate.SQL                        : 
    insert 
    into
        users
        (bank_account_number, bank_ifsc_code, business_address, business_name, created_at, email, enabled, first_name, is_active, is_seller, last_name, password, phone, updated_at, upi_id, version) 
    values
        (?, ?, ?, ?, ?, ?, ?, ?, ?, ?, ?, ?, ?, ?, ?, ?)
Hibernate: 
    insert 
    into
        users
        (bank_account_number, bank_ifsc_code, business_address, business_name, created_at, email, enabled, first_name, is_active, is_seller, last_name, password, phone, updated_at, upi_id, version) 
    values
        (?, ?, ?, ?, ?, ?, ?, ?, ?, ?, ?, ?, ?, ?, ?, ?)
2025-06-20T14:19:44.841+05:30 DEBUG 37792 --- [user-management-service] [           main] org.hibernate.SQL                        : 
    insert 
    into
        users
        (bank_account_number, bank_ifsc_code, business_address, business_name, created_at, email, enabled, first_name, is_active, is_seller, last_name, password, phone, updated_at, upi_id, version) 
    values
        (?, ?, ?, ?, ?, ?, ?, ?, ?, ?, ?, ?, ?, ?, ?, ?)
Hibernate: 
    insert 
    into
        users
        (bank_account_number, bank_ifsc_code, business_address, business_name, created_at, email, enabled, first_name, is_active, is_seller, last_name, password, phone, updated_at, upi_id, version) 
    values
        (?, ?, ?, ?, ?, ?, ?, ?, ?, ?, ?, ?, ?, ?, ?, ?)
2025-06-20T14:19:44.847+05:30 DEBUG 37792 --- [user-management-service] [           main] org.hibernate.SQL                        : 
    insert 
    into
        users
        (bank_account_number, bank_ifsc_code, business_address, business_name, created_at, email, enabled, first_name, is_active, is_seller, last_name, password, phone, updated_at, upi_id, version) 
    values
        (?, ?, ?, ?, ?, ?, ?, ?, ?, ?, ?, ?, ?, ?, ?, ?)
Hibernate: 
    insert 
    into
        users
        (bank_account_number, bank_ifsc_code, business_address, business_name, created_at, email, enabled, first_name, is_active, is_seller, last_name, password, phone, updated_at, upi_id, version) 
    values
        (?, ?, ?, ?, ?, ?, ?, ?, ?, ?, ?, ?, ?, ?, ?, ?)
2025-06-20T14:19:44.853+05:30 DEBUG 37792 --- [user-management-service] [           main] org.hibernate.SQL                        : 
    insert 
    into
        users
        (bank_account_number, bank_ifsc_code, business_address, business_name, created_at, email, enabled, first_name, is_active, is_seller, last_name, password, phone, updated_at, upi_id, version) 
    values
        (?, ?, ?, ?, ?, ?, ?, ?, ?, ?, ?, ?, ?, ?, ?, ?)
Hibernate: 
    insert 
    into
        users
        (bank_account_number, bank_ifsc_code, business_address, business_name, created_at, email, enabled, first_name, is_active, is_seller, last_name, password, phone, updated_at, upi_id, version) 
    values
        (?, ?, ?, ?, ?, ?, ?, ?, ?, ?, ?, ?, ?, ?, ?, ?)
2025-06-20T14:19:44.857+05:30 DEBUG 37792 --- [user-management-service] [           main] org.hibernate.SQL                        : 
    insert 
    into
        users
        (bank_account_number, bank_ifsc_code, business_address, business_name, created_at, email, enabled, first_name, is_active, is_seller, last_name, password, phone, updated_at, upi_id, version) 
    values
        (?, ?, ?, ?, ?, ?, ?, ?, ?, ?, ?, ?, ?, ?, ?, ?)
Hibernate: 
    insert 
    into
        users
        (bank_account_number, bank_ifsc_code, business_address, business_name, created_at, email, enabled, first_name, is_active, is_seller, last_name, password, phone, updated_at, upi_id, version) 
    values
        (?, ?, ?, ?, ?, ?, ?, ?, ?, ?, ?, ?, ?, ?, ?, ?)
2025-06-20T14:19:44.863+05:30 DEBUG 37792 --- [user-management-service] [           main] org.hibernate.SQL                        : 
    insert 
    into
        users
        (bank_account_number, bank_ifsc_code, business_address, business_name, created_at, email, enabled, first_name, is_active, is_seller, last_name, password, phone, updated_at, upi_id, version) 
    values
        (?, ?, ?, ?, ?, ?, ?, ?, ?, ?, ?, ?, ?, ?, ?, ?)
Hibernate: 
    insert 
    into
        users
        (bank_account_number, bank_ifsc_code, business_address, business_name, created_at, email, enabled, first_name, is_active, is_seller, last_name, password, phone, updated_at, upi_id, version) 
    values
        (?, ?, ?, ?, ?, ?, ?, ?, ?, ?, ?, ?, ?, ?, ?, ?)
2025-06-20T14:19:44.867+05:30 DEBUG 37792 --- [user-management-service] [           main] org.hibernate.SQL                        : 
    insert 
    into
        users
        (bank_account_number, bank_ifsc_code, business_address, business_name, created_at, email, enabled, first_name, is_active, is_seller, last_name, password, phone, updated_at, upi_id, version) 
    values
        (?, ?, ?, ?, ?, ?, ?, ?, ?, ?, ?, ?, ?, ?, ?, ?)
Hibernate: 
    insert 
    into
        users
        (bank_account_number, bank_ifsc_code, business_address, business_name, created_at, email, enabled, first_name, is_active, is_seller, last_name, password, phone, updated_at, upi_id, version) 
    values
        (?, ?, ?, ?, ?, ?, ?, ?, ?, ?, ?, ?, ?, ?, ?, ?)
2025-06-20T14:19:44.873+05:30 DEBUG 37792 --- [user-management-service] [           main] org.hibernate.SQL                        : 
    insert 
    into
        users
        (bank_account_number, bank_ifsc_code, business_address, business_name, created_at, email, enabled, first_name, is_active, is_seller, last_name, password, phone, updated_at, upi_id, version) 
    values
        (?, ?, ?, ?, ?, ?, ?, ?, ?, ?, ?, ?, ?, ?, ?, ?)
Hibernate: 
    insert 
    into
        users
        (bank_account_number, bank_ifsc_code, business_address, business_name, created_at, email, enabled, first_name, is_active, is_seller, last_name, password, phone, updated_at, upi_id, version) 
    values
        (?, ?, ?, ?, ?, ?, ?, ?, ?, ?, ?, ?, ?, ?, ?, ?)
2025-06-20T14:19:44.878+05:30 DEBUG 37792 --- [user-management-service] [           main] org.hibernate.SQL                        : 
    insert 
    into
        users
        (bank_account_number, bank_ifsc_code, business_address, business_name, created_at, email, enabled, first_name, is_active, is_seller, last_name, password, phone, updated_at, upi_id, version) 
    values
        (?, ?, ?, ?, ?, ?, ?, ?, ?, ?, ?, ?, ?, ?, ?, ?)
Hibernate: 
    insert 
    into
        users
        (bank_account_number, bank_ifsc_code, business_address, business_name, created_at, email, enabled, first_name, is_active, is_seller, last_name, password, phone, updated_at, upi_id, version) 
    values
        (?, ?, ?, ?, ?, ?, ?, ?, ?, ?, ?, ?, ?, ?, ?, ?)
2025-06-20T14:19:44.883+05:30 DEBUG 37792 --- [user-management-service] [           main] org.hibernate.SQL                        : 
    insert 
    into
        users
        (bank_account_number, bank_ifsc_code, business_address, business_name, created_at, email, enabled, first_name, is_active, is_seller, last_name, password, phone, updated_at, upi_id, version) 
    values
        (?, ?, ?, ?, ?, ?, ?, ?, ?, ?, ?, ?, ?, ?, ?, ?)
Hibernate: 
    insert 
    into
        users
        (bank_account_number, bank_ifsc_code, business_address, business_name, created_at, email, enabled, first_name, is_active, is_seller, last_name, password, phone, updated_at, upi_id, version) 
    values
        (?, ?, ?, ?, ?, ?, ?, ?, ?, ?, ?, ?, ?, ?, ?, ?)
2025-06-20T14:19:44.888+05:30 DEBUG 37792 --- [user-management-service] [           main] org.hibernate.SQL                        : 
    insert 
    into
        users
        (bank_account_number, bank_ifsc_code, business_address, business_name, created_at, email, enabled, first_name, is_active, is_seller, last_name, password, phone, updated_at, upi_id, version) 
    values
        (?, ?, ?, ?, ?, ?, ?, ?, ?, ?, ?, ?, ?, ?, ?, ?)
Hibernate: 
    insert 
    into
        users
        (bank_account_number, bank_ifsc_code, business_address, business_name, created_at, email, enabled, first_name, is_active, is_seller, last_name, password, phone, updated_at, upi_id, version) 
    values
        (?, ?, ?, ?, ?, ?, ?, ?, ?, ?, ?, ?, ?, ?, ?, ?)
2025-06-20T14:19:44.894+05:30 DEBUG 37792 --- [user-management-service] [           main] org.hibernate.SQL                        : 
    insert 
    into
        users
        (bank_account_number, bank_ifsc_code, business_address, business_name, created_at, email, enabled, first_name, is_active, is_seller, last_name, password, phone, updated_at, upi_id, version) 
    values
        (?, ?, ?, ?, ?, ?, ?, ?, ?, ?, ?, ?, ?, ?, ?, ?)
Hibernate: 
    insert 
    into
        users
        (bank_account_number, bank_ifsc_code, business_address, business_name, created_at, email, enabled, first_name, is_active, is_seller, last_name, password, phone, updated_at, upi_id, version) 
    values
        (?, ?, ?, ?, ?, ?, ?, ?, ?, ?, ?, ?, ?, ?, ?, ?)
2025-06-20T14:19:44.898+05:30 DEBUG 37792 --- [user-management-service] [           main] org.hibernate.SQL                        : 
    insert 
    into
        users
        (bank_account_number, bank_ifsc_code, business_address, business_name, created_at, email, enabled, first_name, is_active, is_seller, last_name, password, phone, updated_at, upi_id, version) 
    values
        (?, ?, ?, ?, ?, ?, ?, ?, ?, ?, ?, ?, ?, ?, ?, ?)
Hibernate: 
    insert 
    into
        users
        (bank_account_number, bank_ifsc_code, business_address, business_name, created_at, email, enabled, first_name, is_active, is_seller, last_name, password, phone, updated_at, upi_id, version) 
    values
        (?, ?, ?, ?, ?, ?, ?, ?, ?, ?, ?, ?, ?, ?, ?, ?)
2025-06-20T14:19:44.902+05:30 DEBUG 37792 --- [user-management-service] [           main] org.hibernate.SQL                        : 
    insert 
    into
        users
        (bank_account_number, bank_ifsc_code, business_address, business_name, created_at, email, enabled, first_name, is_active, is_seller, last_name, password, phone, updated_at, upi_id, version) 
    values
        (?, ?, ?, ?, ?, ?, ?, ?, ?, ?, ?, ?, ?, ?, ?, ?)
Hibernate: 
    insert 
    into
        users
        (bank_account_number, bank_ifsc_code, business_address, business_name, created_at, email, enabled, first_name, is_active, is_seller, last_name, password, phone, updated_at, upi_id, version) 
    values
        (?, ?, ?, ?, ?, ?, ?, ?, ?, ?, ?, ?, ?, ?, ?, ?)
2025-06-20T14:19:44.906+05:30 DEBUG 37792 --- [user-management-service] [           main] org.hibernate.SQL                        : 
    insert 
    into
        users
        (bank_account_number, bank_ifsc_code, business_address, business_name, created_at, email, enabled, first_name, is_active, is_seller, last_name, password, phone, updated_at, upi_id, version) 
    values
        (?, ?, ?, ?, ?, ?, ?, ?, ?, ?, ?, ?, ?, ?, ?, ?)
Hibernate: 
    insert 
    into
        users
        (bank_account_number, bank_ifsc_code, business_address, business_name, created_at, email, enabled, first_name, is_active, is_seller, last_name, password, phone, updated_at, upi_id, version) 
    values
        (?, ?, ?, ?, ?, ?, ?, ?, ?, ?, ?, ?, ?, ?, ?, ?)
2025-06-20T14:19:44.910+05:30 DEBUG 37792 --- [user-management-service] [           main] org.hibernate.SQL                        : 
    insert 
    into
        users
        (bank_account_number, bank_ifsc_code, business_address, business_name, created_at, email, enabled, first_name, is_active, is_seller, last_name, password, phone, updated_at, upi_id, version) 
    values
        (?, ?, ?, ?, ?, ?, ?, ?, ?, ?, ?, ?, ?, ?, ?, ?)
Hibernate: 
    insert 
    into
        users
        (bank_account_number, bank_ifsc_code, business_address, business_name, created_at, email, enabled, first_name, is_active, is_seller, last_name, password, phone, updated_at, upi_id, version) 
    values
        (?, ?, ?, ?, ?, ?, ?, ?, ?, ?, ?, ?, ?, ?, ?, ?)
2025-06-20T14:19:44.914+05:30 DEBUG 37792 --- [user-management-service] [           main] org.hibernate.SQL                        : 
    insert 
    into
        users
        (bank_account_number, bank_ifsc_code, business_address, business_name, created_at, email, enabled, first_name, is_active, is_seller, last_name, password, phone, updated_at, upi_id, version) 
    values
        (?, ?, ?, ?, ?, ?, ?, ?, ?, ?, ?, ?, ?, ?, ?, ?)
Hibernate: 
    insert 
    into
        users
        (bank_account_number, bank_ifsc_code, business_address, business_name, created_at, email, enabled, first_name, is_active, is_seller, last_name, password, phone, updated_at, upi_id, version) 
    values
        (?, ?, ?, ?, ?, ?, ?, ?, ?, ?, ?, ?, ?, ?, ?, ?)
2025-06-20T14:19:44.917+05:30 DEBUG 37792 --- [user-management-service] [           main] org.hibernate.SQL                        : 
    insert 
    into
        users
        (bank_account_number, bank_ifsc_code, business_address, business_name, created_at, email, enabled, first_name, is_active, is_seller, last_name, password, phone, updated_at, upi_id, version) 
    values
        (?, ?, ?, ?, ?, ?, ?, ?, ?, ?, ?, ?, ?, ?, ?, ?)
Hibernate: 
    insert 
    into
        users
        (bank_account_number, bank_ifsc_code, business_address, business_name, created_at, email, enabled, first_name, is_active, is_seller, last_name, password, phone, updated_at, upi_id, version) 
    values
        (?, ?, ?, ?, ?, ?, ?, ?, ?, ?, ?, ?, ?, ?, ?, ?)
2025-06-20T14:19:44.921+05:30 DEBUG 37792 --- [user-management-service] [           main] org.hibernate.SQL                        : 
    insert 
    into
        users
        (bank_account_number, bank_ifsc_code, business_address, business_name, created_at, email, enabled, first_name, is_active, is_seller, last_name, password, phone, updated_at, upi_id, version) 
    values
        (?, ?, ?, ?, ?, ?, ?, ?, ?, ?, ?, ?, ?, ?, ?, ?)
Hibernate: 
    insert 
    into
        users
        (bank_account_number, bank_ifsc_code, business_address, business_name, created_at, email, enabled, first_name, is_active, is_seller, last_name, password, phone, updated_at, upi_id, version) 
    values
        (?, ?, ?, ?, ?, ?, ?, ?, ?, ?, ?, ?, ?, ?, ?, ?)
2025-06-20T14:19:44.926+05:30 DEBUG 37792 --- [user-management-service] [           main] org.hibernate.SQL                        : 
    insert 
    into
        users
        (bank_account_number, bank_ifsc_code, business_address, business_name, created_at, email, enabled, first_name, is_active, is_seller, last_name, password, phone, updated_at, upi_id, version) 
    values
        (?, ?, ?, ?, ?, ?, ?, ?, ?, ?, ?, ?, ?, ?, ?, ?)
Hibernate: 
    insert 
    into
        users
        (bank_account_number, bank_ifsc_code, business_address, business_name, created_at, email, enabled, first_name, is_active, is_seller, last_name, password, phone, updated_at, upi_id, version) 
    values
        (?, ?, ?, ?, ?, ?, ?, ?, ?, ?, ?, ?, ?, ?, ?, ?)
2025-06-20T14:19:44.929+05:30 DEBUG 37792 --- [user-management-service] [           main] org.hibernate.SQL                        : 
    insert 
    into
        users
        (bank_account_number, bank_ifsc_code, business_address, business_name, created_at, email, enabled, first_name, is_active, is_seller, last_name, password, phone, updated_at, upi_id, version) 
    values
        (?, ?, ?, ?, ?, ?, ?, ?, ?, ?, ?, ?, ?, ?, ?, ?)
Hibernate: 
    insert 
    into
        users
        (bank_account_number, bank_ifsc_code, business_address, business_name, created_at, email, enabled, first_name, is_active, is_seller, last_name, password, phone, updated_at, upi_id, version) 
    values
        (?, ?, ?, ?, ?, ?, ?, ?, ?, ?, ?, ?, ?, ?, ?, ?)
2025-06-20T14:19:44.934+05:30 DEBUG 37792 --- [user-management-service] [           main] org.hibernate.SQL                        : 
    insert 
    into
        users
        (bank_account_number, bank_ifsc_code, business_address, business_name, created_at, email, enabled, first_name, is_active, is_seller, last_name, password, phone, updated_at, upi_id, version) 
    values
        (?, ?, ?, ?, ?, ?, ?, ?, ?, ?, ?, ?, ?, ?, ?, ?)
Hibernate: 
    insert 
    into
        users
        (bank_account_number, bank_ifsc_code, business_address, business_name, created_at, email, enabled, first_name, is_active, is_seller, last_name, password, phone, updated_at, upi_id, version) 
    values
        (?, ?, ?, ?, ?, ?, ?, ?, ?, ?, ?, ?, ?, ?, ?, ?)
2025-06-20T14:19:44.938+05:30 DEBUG 37792 --- [user-management-service] [           main] org.hibernate.SQL                        : 
    insert 
    into
        users
        (bank_account_number, bank_ifsc_code, business_address, business_name, created_at, email, enabled, first_name, is_active, is_seller, last_name, password, phone, updated_at, upi_id, version) 
    values
        (?, ?, ?, ?, ?, ?, ?, ?, ?, ?, ?, ?, ?, ?, ?, ?)
Hibernate: 
    insert 
    into
        users
        (bank_account_number, bank_ifsc_code, business_address, business_name, created_at, email, enabled, first_name, is_active, is_seller, last_name, password, phone, updated_at, upi_id, version) 
    values
        (?, ?, ?, ?, ?, ?, ?, ?, ?, ?, ?, ?, ?, ?, ?, ?)
2025-06-20T14:19:44.942+05:30 DEBUG 37792 --- [user-management-service] [           main] org.hibernate.SQL                        : 
    insert 
    into
        users
        (bank_account_number, bank_ifsc_code, business_address, business_name, created_at, email, enabled, first_name, is_active, is_seller, last_name, password, phone, updated_at, upi_id, version) 
    values
        (?, ?, ?, ?, ?, ?, ?, ?, ?, ?, ?, ?, ?, ?, ?, ?)
Hibernate: 
    insert 
    into
        users
        (bank_account_number, bank_ifsc_code, business_address, business_name, created_at, email, enabled, first_name, is_active, is_seller, last_name, password, phone, updated_at, upi_id, version) 
    values
        (?, ?, ?, ?, ?, ?, ?, ?, ?, ?, ?, ?, ?, ?, ?, ?)
2025-06-20T14:19:44.946+05:30 DEBUG 37792 --- [user-management-service] [           main] org.hibernate.SQL                        : 
    insert 
    into
        users
        (bank_account_number, bank_ifsc_code, business_address, business_name, created_at, email, enabled, first_name, is_active, is_seller, last_name, password, phone, updated_at, upi_id, version) 
    values
        (?, ?, ?, ?, ?, ?, ?, ?, ?, ?, ?, ?, ?, ?, ?, ?)
Hibernate: 
    insert 
    into
        users
        (bank_account_number, bank_ifsc_code, business_address, business_name, created_at, email, enabled, first_name, is_active, is_seller, last_name, password, phone, updated_at, upi_id, version) 
    values
        (?, ?, ?, ?, ?, ?, ?, ?, ?, ?, ?, ?, ?, ?, ?, ?)
2025-06-20T14:19:44.950+05:30 DEBUG 37792 --- [user-management-service] [           main] org.hibernate.SQL                        : 
    insert 
    into
        users
        (bank_account_number, bank_ifsc_code, business_address, business_name, created_at, email, enabled, first_name, is_active, is_seller, last_name, password, phone, updated_at, upi_id, version) 
    values
        (?, ?, ?, ?, ?, ?, ?, ?, ?, ?, ?, ?, ?, ?, ?, ?)
Hibernate: 
    insert 
    into
        users
        (bank_account_number, bank_ifsc_code, business_address, business_name, created_at, email, enabled, first_name, is_active, is_seller, last_name, password, phone, updated_at, upi_id, version) 
    values
        (?, ?, ?, ?, ?, ?, ?, ?, ?, ?, ?, ?, ?, ?, ?, ?)
2025-06-20T14:19:44.954+05:30 DEBUG 37792 --- [user-management-service] [           main] org.hibernate.SQL                        : 
    insert 
    into
        users
        (bank_account_number, bank_ifsc_code, business_address, business_name, created_at, email, enabled, first_name, is_active, is_seller, last_name, password, phone, updated_at, upi_id, version) 
    values
        (?, ?, ?, ?, ?, ?, ?, ?, ?, ?, ?, ?, ?, ?, ?, ?)
Hibernate: 
    insert 
    into
        users
        (bank_account_number, bank_ifsc_code, business_address, business_name, created_at, email, enabled, first_name, is_active, is_seller, last_name, password, phone, updated_at, upi_id, version) 
    values
        (?, ?, ?, ?, ?, ?, ?, ?, ?, ?, ?, ?, ?, ?, ?, ?)
2025-06-20T14:19:44.960+05:30 DEBUG 37792 --- [user-management-service] [           main] org.hibernate.SQL                        : 
    insert 
    into
        users
        (bank_account_number, bank_ifsc_code, business_address, business_name, created_at, email, enabled, first_name, is_active, is_seller, last_name, password, phone, updated_at, upi_id, version) 
    values
        (?, ?, ?, ?, ?, ?, ?, ?, ?, ?, ?, ?, ?, ?, ?, ?)
Hibernate: 
    insert 
    into
        users
        (bank_account_number, bank_ifsc_code, business_address, business_name, created_at, email, enabled, first_name, is_active, is_seller, last_name, password, phone, updated_at, upi_id, version) 
    values
        (?, ?, ?, ?, ?, ?, ?, ?, ?, ?, ?, ?, ?, ?, ?, ?)
2025-06-20T14:19:44.967+05:30 DEBUG 37792 --- [user-management-service] [           main] org.hibernate.SQL                        : 
    insert 
    into
        users
        (bank_account_number, bank_ifsc_code, business_address, business_name, created_at, email, enabled, first_name, is_active, is_seller, last_name, password, phone, updated_at, upi_id, version) 
    values
        (?, ?, ?, ?, ?, ?, ?, ?, ?, ?, ?, ?, ?, ?, ?, ?)
Hibernate: 
    insert 
    into
        users
        (bank_account_number, bank_ifsc_code, business_address, business_name, created_at, email, enabled, first_name, is_active, is_seller, last_name, password, phone, updated_at, upi_id, version) 
    values
        (?, ?, ?, ?, ?, ?, ?, ?, ?, ?, ?, ?, ?, ?, ?, ?)
2025-06-20T14:19:44.976+05:30 DEBUG 37792 --- [user-management-service] [           main] org.hibernate.SQL                        : 
    insert 
    into
        users
        (bank_account_number, bank_ifsc_code, business_address, business_name, created_at, email, enabled, first_name, is_active, is_seller, last_name, password, phone, updated_at, upi_id, version) 
    values
        (?, ?, ?, ?, ?, ?, ?, ?, ?, ?, ?, ?, ?, ?, ?, ?)
Hibernate: 
    insert 
    into
        users
        (bank_account_number, bank_ifsc_code, business_address, business_name, created_at, email, enabled, first_name, is_active, is_seller, last_name, password, phone, updated_at, upi_id, version) 
    values
        (?, ?, ?, ?, ?, ?, ?, ?, ?, ?, ?, ?, ?, ?, ?, ?)
2025-06-20T14:19:44.988+05:30 DEBUG 37792 --- [user-management-service] [           main] org.hibernate.SQL                        : 
    insert 
    into
        users
        (bank_account_number, bank_ifsc_code, business_address, business_name, created_at, email, enabled, first_name, is_active, is_seller, last_name, password, phone, updated_at, upi_id, version) 
    values
        (?, ?, ?, ?, ?, ?, ?, ?, ?, ?, ?, ?, ?, ?, ?, ?)
Hibernate: 
    insert 
    into
        users
        (bank_account_number, bank_ifsc_code, business_address, business_name, created_at, email, enabled, first_name, is_active, is_seller, last_name, password, phone, updated_at, upi_id, version) 
    values
        (?, ?, ?, ?, ?, ?, ?, ?, ?, ?, ?, ?, ?, ?, ?, ?)
2025-06-20T14:19:44.996+05:30 DEBUG 37792 --- [user-management-service] [           main] org.hibernate.SQL                        : 
    insert 
    into
        users
        (bank_account_number, bank_ifsc_code, business_address, business_name, created_at, email, enabled, first_name, is_active, is_seller, last_name, password, phone, updated_at, upi_id, version) 
    values
        (?, ?, ?, ?, ?, ?, ?, ?, ?, ?, ?, ?, ?, ?, ?, ?)
Hibernate: 
    insert 
    into
        users
        (bank_account_number, bank_ifsc_code, business_address, business_name, created_at, email, enabled, first_name, is_active, is_seller, last_name, password, phone, updated_at, upi_id, version) 
    values
        (?, ?, ?, ?, ?, ?, ?, ?, ?, ?, ?, ?, ?, ?, ?, ?)
2025-06-20T14:19:45.004+05:30 DEBUG 37792 --- [user-management-service] [           main] org.hibernate.SQL                        : 
    insert 
    into
        users
        (bank_account_number, bank_ifsc_code, business_address, business_name, created_at, email, enabled, first_name, is_active, is_seller, last_name, password, phone, updated_at, upi_id, version) 
    values
        (?, ?, ?, ?, ?, ?, ?, ?, ?, ?, ?, ?, ?, ?, ?, ?)
Hibernate: 
    insert 
    into
        users
        (bank_account_number, bank_ifsc_code, business_address, business_name, created_at, email, enabled, first_name, is_active, is_seller, last_name, password, phone, updated_at, upi_id, version) 
    values
        (?, ?, ?, ?, ?, ?, ?, ?, ?, ?, ?, ?, ?, ?, ?, ?)
2025-06-20T14:19:45.011+05:30 DEBUG 37792 --- [user-management-service] [           main] org.hibernate.SQL                        : 
    insert 
    into
        users
        (bank_account_number, bank_ifsc_code, business_address, business_name, created_at, email, enabled, first_name, is_active, is_seller, last_name, password, phone, updated_at, upi_id, version) 
    values
        (?, ?, ?, ?, ?, ?, ?, ?, ?, ?, ?, ?, ?, ?, ?, ?)
Hibernate: 
    insert 
    into
        users
        (bank_account_number, bank_ifsc_code, business_address, business_name, created_at, email, enabled, first_name, is_active, is_seller, last_name, password, phone, updated_at, upi_id, version) 
    values
        (?, ?, ?, ?, ?, ?, ?, ?, ?, ?, ?, ?, ?, ?, ?, ?)
2025-06-20T14:19:45.021+05:30 DEBUG 37792 --- [user-management-service] [           main] org.hibernate.SQL                        : 
    insert 
    into
        users
        (bank_account_number, bank_ifsc_code, business_address, business_name, created_at, email, enabled, first_name, is_active, is_seller, last_name, password, phone, updated_at, upi_id, version) 
    values
        (?, ?, ?, ?, ?, ?, ?, ?, ?, ?, ?, ?, ?, ?, ?, ?)
Hibernate: 
    insert 
    into
        users
        (bank_account_number, bank_ifsc_code, business_address, business_name, created_at, email, enabled, first_name, is_active, is_seller, last_name, password, phone, updated_at, upi_id, version) 
    values
        (?, ?, ?, ?, ?, ?, ?, ?, ?, ?, ?, ?, ?, ?, ?, ?)
2025-06-20T14:19:45.039+05:30 DEBUG 37792 --- [user-management-service] [           main] org.hibernate.SQL                        : 
    insert 
    into
        users
        (bank_account_number, bank_ifsc_code, business_address, business_name, created_at, email, enabled, first_name, is_active, is_seller, last_name, password, phone, updated_at, upi_id, version) 
    values
        (?, ?, ?, ?, ?, ?, ?, ?, ?, ?, ?, ?, ?, ?, ?, ?)
Hibernate: 
    insert 
    into
        users
        (bank_account_number, bank_ifsc_code, business_address, business_name, created_at, email, enabled, first_name, is_active, is_seller, last_name, password, phone, updated_at, upi_id, version) 
    values
        (?, ?, ?, ?, ?, ?, ?, ?, ?, ?, ?, ?, ?, ?, ?, ?)
2025-06-20T14:19:45.045+05:30 DEBUG 37792 --- [user-management-service] [           main] org.hibernate.SQL                        : 
    insert 
    into
        users
        (bank_account_number, bank_ifsc_code, business_address, business_name, created_at, email, enabled, first_name, is_active, is_seller, last_name, password, phone, updated_at, upi_id, version) 
    values
        (?, ?, ?, ?, ?, ?, ?, ?, ?, ?, ?, ?, ?, ?, ?, ?)
Hibernate: 
    insert 
    into
        users
        (bank_account_number, bank_ifsc_code, business_address, business_name, created_at, email, enabled, first_name, is_active, is_seller, last_name, password, phone, updated_at, upi_id, version) 
    values
        (?, ?, ?, ?, ?, ?, ?, ?, ?, ?, ?, ?, ?, ?, ?, ?)
2025-06-20T14:19:45.056+05:30 DEBUG 37792 --- [user-management-service] [           main] org.hibernate.SQL                        : 
    insert 
    into
        users
        (bank_account_number, bank_ifsc_code, business_address, business_name, created_at, email, enabled, first_name, is_active, is_seller, last_name, password, phone, updated_at, upi_id, version) 
    values
        (?, ?, ?, ?, ?, ?, ?, ?, ?, ?, ?, ?, ?, ?, ?, ?)
Hibernate: 
    insert 
    into
        users
        (bank_account_number, bank_ifsc_code, business_address, business_name, created_at, email, enabled, first_name, is_active, is_seller, last_name, password, phone, updated_at, upi_id, version) 
    values
        (?, ?, ?, ?, ?, ?, ?, ?, ?, ?, ?, ?, ?, ?, ?, ?)
2025-06-20T14:19:45.066+05:30 DEBUG 37792 --- [user-management-service] [           main] org.hibernate.SQL                        : 
    insert 
    into
        users
        (bank_account_number, bank_ifsc_code, business_address, business_name, created_at, email, enabled, first_name, is_active, is_seller, last_name, password, phone, updated_at, upi_id, version) 
    values
        (?, ?, ?, ?, ?, ?, ?, ?, ?, ?, ?, ?, ?, ?, ?, ?)
Hibernate: 
    insert 
    into
        users
        (bank_account_number, bank_ifsc_code, business_address, business_name, created_at, email, enabled, first_name, is_active, is_seller, last_name, password, phone, updated_at, upi_id, version) 
    values
        (?, ?, ?, ?, ?, ?, ?, ?, ?, ?, ?, ?, ?, ?, ?, ?)
2025-06-20T14:19:45.074+05:30 DEBUG 37792 --- [user-management-service] [           main] org.hibernate.SQL                        : 
    insert 
    into
        users
        (bank_account_number, bank_ifsc_code, business_address, business_name, created_at, email, enabled, first_name, is_active, is_seller, last_name, password, phone, updated_at, upi_id, version) 
    values
        (?, ?, ?, ?, ?, ?, ?, ?, ?, ?, ?, ?, ?, ?, ?, ?)
Hibernate: 
    insert 
    into
        users
        (bank_account_number, bank_ifsc_code, business_address, business_name, created_at, email, enabled, first_name, is_active, is_seller, last_name, password, phone, updated_at, upi_id, version) 
    values
        (?, ?, ?, ?, ?, ?, ?, ?, ?, ?, ?, ?, ?, ?, ?, ?)
2025-06-20T14:19:45.084+05:30 DEBUG 37792 --- [user-management-service] [           main] org.hibernate.SQL                        : 
    insert 
    into
        users
        (bank_account_number, bank_ifsc_code, business_address, business_name, created_at, email, enabled, first_name, is_active, is_seller, last_name, password, phone, updated_at, upi_id, version) 
    values
        (?, ?, ?, ?, ?, ?, ?, ?, ?, ?, ?, ?, ?, ?, ?, ?)
Hibernate: 
    insert 
    into
        users
        (bank_account_number, bank_ifsc_code, business_address, business_name, created_at, email, enabled, first_name, is_active, is_seller, last_name, password, phone, updated_at, upi_id, version) 
    values
        (?, ?, ?, ?, ?, ?, ?, ?, ?, ?, ?, ?, ?, ?, ?, ?)
2025-06-20T14:19:45.090+05:30 DEBUG 37792 --- [user-management-service] [           main] org.hibernate.SQL                        : 
    insert 
    into
        users
        (bank_account_number, bank_ifsc_code, business_address, business_name, created_at, email, enabled, first_name, is_active, is_seller, last_name, password, phone, updated_at, upi_id, version) 
    values
        (?, ?, ?, ?, ?, ?, ?, ?, ?, ?, ?, ?, ?, ?, ?, ?)
Hibernate: 
    insert 
    into
        users
        (bank_account_number, bank_ifsc_code, business_address, business_name, created_at, email, enabled, first_name, is_active, is_seller, last_name, password, phone, updated_at, upi_id, version) 
    values
        (?, ?, ?, ?, ?, ?, ?, ?, ?, ?, ?, ?, ?, ?, ?, ?)
2025-06-20T14:19:45.097+05:30 DEBUG 37792 --- [user-management-service] [           main] org.hibernate.SQL                        : 
    insert 
    into
        users
        (bank_account_number, bank_ifsc_code, business_address, business_name, created_at, email, enabled, first_name, is_active, is_seller, last_name, password, phone, updated_at, upi_id, version) 
    values
        (?, ?, ?, ?, ?, ?, ?, ?, ?, ?, ?, ?, ?, ?, ?, ?)
Hibernate: 
    insert 
    into
        users
        (bank_account_number, bank_ifsc_code, business_address, business_name, created_at, email, enabled, first_name, is_active, is_seller, last_name, password, phone, updated_at, upi_id, version) 
    values
        (?, ?, ?, ?, ?, ?, ?, ?, ?, ?, ?, ?, ?, ?, ?, ?)
2025-06-20T14:19:45.104+05:30 DEBUG 37792 --- [user-management-service] [           main] org.hibernate.SQL                        : 
    insert 
    into
        users
        (bank_account_number, bank_ifsc_code, business_address, business_name, created_at, email, enabled, first_name, is_active, is_seller, last_name, password, phone, updated_at, upi_id, version) 
    values
        (?, ?, ?, ?, ?, ?, ?, ?, ?, ?, ?, ?, ?, ?, ?, ?)
Hibernate: 
    insert 
    into
        users
        (bank_account_number, bank_ifsc_code, business_address, business_name, created_at, email, enabled, first_name, is_active, is_seller, last_name, password, phone, updated_at, upi_id, version) 
    values
        (?, ?, ?, ?, ?, ?, ?, ?, ?, ?, ?, ?, ?, ?, ?, ?)
2025-06-20T14:19:45.110+05:30 DEBUG 37792 --- [user-management-service] [           main] org.hibernate.SQL                        : 
    insert 
    into
        users
        (bank_account_number, bank_ifsc_code, business_address, business_name, created_at, email, enabled, first_name, is_active, is_seller, last_name, password, phone, updated_at, upi_id, version) 
    values
        (?, ?, ?, ?, ?, ?, ?, ?, ?, ?, ?, ?, ?, ?, ?, ?)
Hibernate: 
    insert 
    into
        users
        (bank_account_number, bank_ifsc_code, business_address, business_name, created_at, email, enabled, first_name, is_active, is_seller, last_name, password, phone, updated_at, upi_id, version) 
    values
        (?, ?, ?, ?, ?, ?, ?, ?, ?, ?, ?, ?, ?, ?, ?, ?)
2025-06-20T14:19:45.119+05:30 DEBUG 37792 --- [user-management-service] [           main] org.hibernate.SQL                        : 
    insert 
    into
        users
        (bank_account_number, bank_ifsc_code, business_address, business_name, created_at, email, enabled, first_name, is_active, is_seller, last_name, password, phone, updated_at, upi_id, version) 
    values
        (?, ?, ?, ?, ?, ?, ?, ?, ?, ?, ?, ?, ?, ?, ?, ?)
Hibernate: 
    insert 
    into
        users
        (bank_account_number, bank_ifsc_code, business_address, business_name, created_at, email, enabled, first_name, is_active, is_seller, last_name, password, phone, updated_at, upi_id, version) 
    values
        (?, ?, ?, ?, ?, ?, ?, ?, ?, ?, ?, ?, ?, ?, ?, ?)
2025-06-20T14:19:45.128+05:30 DEBUG 37792 --- [user-management-service] [           main] org.hibernate.SQL                        : 
    insert 
    into
        users
        (bank_account_number, bank_ifsc_code, business_address, business_name, created_at, email, enabled, first_name, is_active, is_seller, last_name, password, phone, updated_at, upi_id, version) 
    values
        (?, ?, ?, ?, ?, ?, ?, ?, ?, ?, ?, ?, ?, ?, ?, ?)
Hibernate: 
    insert 
    into
        users
        (bank_account_number, bank_ifsc_code, business_address, business_name, created_at, email, enabled, first_name, is_active, is_seller, last_name, password, phone, updated_at, upi_id, version) 
    values
        (?, ?, ?, ?, ?, ?, ?, ?, ?, ?, ?, ?, ?, ?, ?, ?)
2025-06-20T14:19:45.137+05:30 DEBUG 37792 --- [user-management-service] [           main] org.hibernate.SQL                        : 
    insert 
    into
        users
        (bank_account_number, bank_ifsc_code, business_address, business_name, created_at, email, enabled, first_name, is_active, is_seller, last_name, password, phone, updated_at, upi_id, version) 
    values
        (?, ?, ?, ?, ?, ?, ?, ?, ?, ?, ?, ?, ?, ?, ?, ?)
Hibernate: 
    insert 
    into
        users
        (bank_account_number, bank_ifsc_code, business_address, business_name, created_at, email, enabled, first_name, is_active, is_seller, last_name, password, phone, updated_at, upi_id, version) 
    values
        (?, ?, ?, ?, ?, ?, ?, ?, ?, ?, ?, ?, ?, ?, ?, ?)
2025-06-20T14:19:45.144+05:30 DEBUG 37792 --- [user-management-service] [           main] org.hibernate.SQL                        : 
    insert 
    into
        users
        (bank_account_number, bank_ifsc_code, business_address, business_name, created_at, email, enabled, first_name, is_active, is_seller, last_name, password, phone, updated_at, upi_id, version) 
    values
        (?, ?, ?, ?, ?, ?, ?, ?, ?, ?, ?, ?, ?, ?, ?, ?)
Hibernate: 
    insert 
    into
        users
        (bank_account_number, bank_ifsc_code, business_address, business_name, created_at, email, enabled, first_name, is_active, is_seller, last_name, password, phone, updated_at, upi_id, version) 
    values
        (?, ?, ?, ?, ?, ?, ?, ?, ?, ?, ?, ?, ?, ?, ?, ?)
2025-06-20T14:19:45.150+05:30 DEBUG 37792 --- [user-management-service] [           main] org.hibernate.SQL                        : 
    insert 
    into
        users
        (bank_account_number, bank_ifsc_code, business_address, business_name, created_at, email, enabled, first_name, is_active, is_seller, last_name, password, phone, updated_at, upi_id, version) 
    values
        (?, ?, ?, ?, ?, ?, ?, ?, ?, ?, ?, ?, ?, ?, ?, ?)
Hibernate: 
    insert 
    into
        users
        (bank_account_number, bank_ifsc_code, business_address, business_name, created_at, email, enabled, first_name, is_active, is_seller, last_name, password, phone, updated_at, upi_id, version) 
    values
        (?, ?, ?, ?, ?, ?, ?, ?, ?, ?, ?, ?, ?, ?, ?, ?)
2025-06-20T14:19:45.158+05:30 DEBUG 37792 --- [user-management-service] [           main] org.hibernate.SQL                        : 
    insert 
    into
        users
        (bank_account_number, bank_ifsc_code, business_address, business_name, created_at, email, enabled, first_name, is_active, is_seller, last_name, password, phone, updated_at, upi_id, version) 
    values
        (?, ?, ?, ?, ?, ?, ?, ?, ?, ?, ?, ?, ?, ?, ?, ?)
Hibernate: 
    insert 
    into
        users
        (bank_account_number, bank_ifsc_code, business_address, business_name, created_at, email, enabled, first_name, is_active, is_seller, last_name, password, phone, updated_at, upi_id, version) 
    values
        (?, ?, ?, ?, ?, ?, ?, ?, ?, ?, ?, ?, ?, ?, ?, ?)
2025-06-20T14:19:45.165+05:30 DEBUG 37792 --- [user-management-service] [           main] org.hibernate.SQL                        : 
    insert 
    into
        users
        (bank_account_number, bank_ifsc_code, business_address, business_name, created_at, email, enabled, first_name, is_active, is_seller, last_name, password, phone, updated_at, upi_id, version) 
    values
        (?, ?, ?, ?, ?, ?, ?, ?, ?, ?, ?, ?, ?, ?, ?, ?)
Hibernate: 
    insert 
    into
        users
        (bank_account_number, bank_ifsc_code, business_address, business_name, created_at, email, enabled, first_name, is_active, is_seller, last_name, password, phone, updated_at, upi_id, version) 
    values
        (?, ?, ?, ?, ?, ?, ?, ?, ?, ?, ?, ?, ?, ?, ?, ?)
2025-06-20T14:19:45.171+05:30 DEBUG 37792 --- [user-management-service] [           main] org.hibernate.SQL                        : 
    insert 
    into
        users
        (bank_account_number, bank_ifsc_code, business_address, business_name, created_at, email, enabled, first_name, is_active, is_seller, last_name, password, phone, updated_at, upi_id, version) 
    values
        (?, ?, ?, ?, ?, ?, ?, ?, ?, ?, ?, ?, ?, ?, ?, ?)
Hibernate: 
    insert 
    into
        users
        (bank_account_number, bank_ifsc_code, business_address, business_name, created_at, email, enabled, first_name, is_active, is_seller, last_name, password, phone, updated_at, upi_id, version) 
    values
        (?, ?, ?, ?, ?, ?, ?, ?, ?, ?, ?, ?, ?, ?, ?, ?)
2025-06-20T14:19:45.181+05:30 DEBUG 37792 --- [user-management-service] [           main] org.hibernate.SQL                        : 
    insert 
    into
        users
        (bank_account_number, bank_ifsc_code, business_address, business_name, created_at, email, enabled, first_name, is_active, is_seller, last_name, password, phone, updated_at, upi_id, version) 
    values
        (?, ?, ?, ?, ?, ?, ?, ?, ?, ?, ?, ?, ?, ?, ?, ?)
Hibernate: 
    insert 
    into
        users
        (bank_account_number, bank_ifsc_code, business_address, business_name, created_at, email, enabled, first_name, is_active, is_seller, last_name, password, phone, updated_at, upi_id, version) 
    values
        (?, ?, ?, ?, ?, ?, ?, ?, ?, ?, ?, ?, ?, ?, ?, ?)
2025-06-20T14:19:45.191+05:30 DEBUG 37792 --- [user-management-service] [           main] org.hibernate.SQL                        : 
    insert 
    into
        users
        (bank_account_number, bank_ifsc_code, business_address, business_name, created_at, email, enabled, first_name, is_active, is_seller, last_name, password, phone, updated_at, upi_id, version) 
    values
        (?, ?, ?, ?, ?, ?, ?, ?, ?, ?, ?, ?, ?, ?, ?, ?)
Hibernate: 
    insert 
    into
        users
        (bank_account_number, bank_ifsc_code, business_address, business_name, created_at, email, enabled, first_name, is_active, is_seller, last_name, password, phone, updated_at, upi_id, version) 
    values
        (?, ?, ?, ?, ?, ?, ?, ?, ?, ?, ?, ?, ?, ?, ?, ?)
2025-06-20T14:19:45.200+05:30 DEBUG 37792 --- [user-management-service] [           main] org.hibernate.SQL                        : 
    insert 
    into
        users
        (bank_account_number, bank_ifsc_code, business_address, business_name, created_at, email, enabled, first_name, is_active, is_seller, last_name, password, phone, updated_at, upi_id, version) 
    values
        (?, ?, ?, ?, ?, ?, ?, ?, ?, ?, ?, ?, ?, ?, ?, ?)
Hibernate: 
    insert 
    into
        users
        (bank_account_number, bank_ifsc_code, business_address, business_name, created_at, email, enabled, first_name, is_active, is_seller, last_name, password, phone, updated_at, upi_id, version) 
    values
        (?, ?, ?, ?, ?, ?, ?, ?, ?, ?, ?, ?, ?, ?, ?, ?)
2025-06-20T14:19:45.207+05:30 DEBUG 37792 --- [user-management-service] [           main] org.hibernate.SQL                        : 
    insert 
    into
        users
        (bank_account_number, bank_ifsc_code, business_address, business_name, created_at, email, enabled, first_name, is_active, is_seller, last_name, password, phone, updated_at, upi_id, version) 
    values
        (?, ?, ?, ?, ?, ?, ?, ?, ?, ?, ?, ?, ?, ?, ?, ?)
Hibernate: 
    insert 
    into
        users
        (bank_account_number, bank_ifsc_code, business_address, business_name, created_at, email, enabled, first_name, is_active, is_seller, last_name, password, phone, updated_at, upi_id, version) 
    values
        (?, ?, ?, ?, ?, ?, ?, ?, ?, ?, ?, ?, ?, ?, ?, ?)
2025-06-20T14:19:45.212+05:30 DEBUG 37792 --- [user-management-service] [           main] org.hibernate.SQL                        : 
    insert 
    into
        users
        (bank_account_number, bank_ifsc_code, business_address, business_name, created_at, email, enabled, first_name, is_active, is_seller, last_name, password, phone, updated_at, upi_id, version) 
    values
        (?, ?, ?, ?, ?, ?, ?, ?, ?, ?, ?, ?, ?, ?, ?, ?)
Hibernate: 
    insert 
    into
        users
        (bank_account_number, bank_ifsc_code, business_address, business_name, created_at, email, enabled, first_name, is_active, is_seller, last_name, password, phone, updated_at, upi_id, version) 
    values
        (?, ?, ?, ?, ?, ?, ?, ?, ?, ?, ?, ?, ?, ?, ?, ?)
2025-06-20T14:19:45.218+05:30 DEBUG 37792 --- [user-management-service] [           main] org.hibernate.SQL                        : 
    insert 
    into
        users
        (bank_account_number, bank_ifsc_code, business_address, business_name, created_at, email, enabled, first_name, is_active, is_seller, last_name, password, phone, updated_at, upi_id, version) 
    values
        (?, ?, ?, ?, ?, ?, ?, ?, ?, ?, ?, ?, ?, ?, ?, ?)
Hibernate: 
    insert 
    into
        users
        (bank_account_number, bank_ifsc_code, business_address, business_name, created_at, email, enabled, first_name, is_active, is_seller, last_name, password, phone, updated_at, upi_id, version) 
    values
        (?, ?, ?, ?, ?, ?, ?, ?, ?, ?, ?, ?, ?, ?, ?, ?)
2025-06-20T14:19:45.223+05:30 DEBUG 37792 --- [user-management-service] [           main] org.hibernate.SQL                        : 
    insert 
    into
        users
        (bank_account_number, bank_ifsc_code, business_address, business_name, created_at, email, enabled, first_name, is_active, is_seller, last_name, password, phone, updated_at, upi_id, version) 
    values
        (?, ?, ?, ?, ?, ?, ?, ?, ?, ?, ?, ?, ?, ?, ?, ?)
Hibernate: 
    insert 
    into
        users
        (bank_account_number, bank_ifsc_code, business_address, business_name, created_at, email, enabled, first_name, is_active, is_seller, last_name, password, phone, updated_at, upi_id, version) 
    values
        (?, ?, ?, ?, ?, ?, ?, ?, ?, ?, ?, ?, ?, ?, ?, ?)
2025-06-20T14:19:45.233+05:30 DEBUG 37792 --- [user-management-service] [           main] org.hibernate.SQL                        : 
    insert 
    into
        users
        (bank_account_number, bank_ifsc_code, business_address, business_name, created_at, email, enabled, first_name, is_active, is_seller, last_name, password, phone, updated_at, upi_id, version) 
    values
        (?, ?, ?, ?, ?, ?, ?, ?, ?, ?, ?, ?, ?, ?, ?, ?)
Hibernate: 
    insert 
    into
        users
        (bank_account_number, bank_ifsc_code, business_address, business_name, created_at, email, enabled, first_name, is_active, is_seller, last_name, password, phone, updated_at, upi_id, version) 
    values
        (?, ?, ?, ?, ?, ?, ?, ?, ?, ?, ?, ?, ?, ?, ?, ?)
2025-06-20T14:19:45.241+05:30 DEBUG 37792 --- [user-management-service] [           main] org.hibernate.SQL                        : 
    insert 
    into
        users
        (bank_account_number, bank_ifsc_code, business_address, business_name, created_at, email, enabled, first_name, is_active, is_seller, last_name, password, phone, updated_at, upi_id, version) 
    values
        (?, ?, ?, ?, ?, ?, ?, ?, ?, ?, ?, ?, ?, ?, ?, ?)
Hibernate: 
    insert 
    into
        users
        (bank_account_number, bank_ifsc_code, business_address, business_name, created_at, email, enabled, first_name, is_active, is_seller, last_name, password, phone, updated_at, upi_id, version) 
    values
        (?, ?, ?, ?, ?, ?, ?, ?, ?, ?, ?, ?, ?, ?, ?, ?)
2025-06-20T14:19:45.248+05:30 DEBUG 37792 --- [user-management-service] [           main] org.hibernate.SQL                        : 
    insert 
    into
        users
        (bank_account_number, bank_ifsc_code, business_address, business_name, created_at, email, enabled, first_name, is_active, is_seller, last_name, password, phone, updated_at, upi_id, version) 
    values
        (?, ?, ?, ?, ?, ?, ?, ?, ?, ?, ?, ?, ?, ?, ?, ?)
Hibernate: 
    insert 
    into
        users
        (bank_account_number, bank_ifsc_code, business_address, business_name, created_at, email, enabled, first_name, is_active, is_seller, last_name, password, phone, updated_at, upi_id, version) 
    values
        (?, ?, ?, ?, ?, ?, ?, ?, ?, ?, ?, ?, ?, ?, ?, ?)
2025-06-20T14:19:45.255+05:30 DEBUG 37792 --- [user-management-service] [           main] org.hibernate.SQL                        : 
    insert 
    into
        users
        (bank_account_number, bank_ifsc_code, business_address, business_name, created_at, email, enabled, first_name, is_active, is_seller, last_name, password, phone, updated_at, upi_id, version) 
    values
        (?, ?, ?, ?, ?, ?, ?, ?, ?, ?, ?, ?, ?, ?, ?, ?)
Hibernate: 
    insert 
    into
        users
        (bank_account_number, bank_ifsc_code, business_address, business_name, created_at, email, enabled, first_name, is_active, is_seller, last_name, password, phone, updated_at, upi_id, version) 
    values
        (?, ?, ?, ?, ?, ?, ?, ?, ?, ?, ?, ?, ?, ?, ?, ?)
2025-06-20T14:19:45.260+05:30 DEBUG 37792 --- [user-management-service] [           main] org.hibernate.SQL                        : 
    insert 
    into
        users
        (bank_account_number, bank_ifsc_code, business_address, business_name, created_at, email, enabled, first_name, is_active, is_seller, last_name, password, phone, updated_at, upi_id, version) 
    values
        (?, ?, ?, ?, ?, ?, ?, ?, ?, ?, ?, ?, ?, ?, ?, ?)
Hibernate: 
    insert 
    into
        users
        (bank_account_number, bank_ifsc_code, business_address, business_name, created_at, email, enabled, first_name, is_active, is_seller, last_name, password, phone, updated_at, upi_id, version) 
    values
        (?, ?, ?, ?, ?, ?, ?, ?, ?, ?, ?, ?, ?, ?, ?, ?)
2025-06-20T14:19:45.267+05:30 DEBUG 37792 --- [user-management-service] [           main] org.hibernate.SQL                        : 
    insert 
    into
        users
        (bank_account_number, bank_ifsc_code, business_address, business_name, created_at, email, enabled, first_name, is_active, is_seller, last_name, password, phone, updated_at, upi_id, version) 
    values
        (?, ?, ?, ?, ?, ?, ?, ?, ?, ?, ?, ?, ?, ?, ?, ?)
Hibernate: 
    insert 
    into
        users
        (bank_account_number, bank_ifsc_code, business_address, business_name, created_at, email, enabled, first_name, is_active, is_seller, last_name, password, phone, updated_at, upi_id, version) 
    values
        (?, ?, ?, ?, ?, ?, ?, ?, ?, ?, ?, ?, ?, ?, ?, ?)
2025-06-20T14:19:45.272+05:30 DEBUG 37792 --- [user-management-service] [           main] org.hibernate.SQL                        : 
    insert 
    into
        users
        (bank_account_number, bank_ifsc_code, business_address, business_name, created_at, email, enabled, first_name, is_active, is_seller, last_name, password, phone, updated_at, upi_id, version) 
    values
        (?, ?, ?, ?, ?, ?, ?, ?, ?, ?, ?, ?, ?, ?, ?, ?)
Hibernate: 
    insert 
    into
        users
        (bank_account_number, bank_ifsc_code, business_address, business_name, created_at, email, enabled, first_name, is_active, is_seller, last_name, password, phone, updated_at, upi_id, version) 
    values
        (?, ?, ?, ?, ?, ?, ?, ?, ?, ?, ?, ?, ?, ?, ?, ?)
2025-06-20T14:19:45.278+05:30 DEBUG 37792 --- [user-management-service] [           main] org.hibernate.SQL                        : 
    insert 
    into
        users
        (bank_account_number, bank_ifsc_code, business_address, business_name, created_at, email, enabled, first_name, is_active, is_seller, last_name, password, phone, updated_at, upi_id, version) 
    values
        (?, ?, ?, ?, ?, ?, ?, ?, ?, ?, ?, ?, ?, ?, ?, ?)
Hibernate: 
    insert 
    into
        users
        (bank_account_number, bank_ifsc_code, business_address, business_name, created_at, email, enabled, first_name, is_active, is_seller, last_name, password, phone, updated_at, upi_id, version) 
    values
        (?, ?, ?, ?, ?, ?, ?, ?, ?, ?, ?, ?, ?, ?, ?, ?)
2025-06-20T14:19:45.284+05:30 DEBUG 37792 --- [user-management-service] [           main] org.hibernate.SQL                        : 
    insert 
    into
        users
        (bank_account_number, bank_ifsc_code, business_address, business_name, created_at, email, enabled, first_name, is_active, is_seller, last_name, password, phone, updated_at, upi_id, version) 
    values
        (?, ?, ?, ?, ?, ?, ?, ?, ?, ?, ?, ?, ?, ?, ?, ?)
Hibernate: 
    insert 
    into
        users
        (bank_account_number, bank_ifsc_code, business_address, business_name, created_at, email, enabled, first_name, is_active, is_seller, last_name, password, phone, updated_at, upi_id, version) 
    values
        (?, ?, ?, ?, ?, ?, ?, ?, ?, ?, ?, ?, ?, ?, ?, ?)
2025-06-20T14:19:45.289+05:30 DEBUG 37792 --- [user-management-service] [           main] org.hibernate.SQL                        : 
    insert 
    into
        users
        (bank_account_number, bank_ifsc_code, business_address, business_name, created_at, email, enabled, first_name, is_active, is_seller, last_name, password, phone, updated_at, upi_id, version) 
    values
        (?, ?, ?, ?, ?, ?, ?, ?, ?, ?, ?, ?, ?, ?, ?, ?)
Hibernate: 
    insert 
    into
        users
        (bank_account_number, bank_ifsc_code, business_address, business_name, created_at, email, enabled, first_name, is_active, is_seller, last_name, password, phone, updated_at, upi_id, version) 
    values
        (?, ?, ?, ?, ?, ?, ?, ?, ?, ?, ?, ?, ?, ?, ?, ?)
2025-06-20T14:19:45.293+05:30 DEBUG 37792 --- [user-management-service] [           main] org.hibernate.SQL                        : 
    insert 
    into
        users
        (bank_account_number, bank_ifsc_code, business_address, business_name, created_at, email, enabled, first_name, is_active, is_seller, last_name, password, phone, updated_at, upi_id, version) 
    values
        (?, ?, ?, ?, ?, ?, ?, ?, ?, ?, ?, ?, ?, ?, ?, ?)
Hibernate: 
    insert 
    into
        users
        (bank_account_number, bank_ifsc_code, business_address, business_name, created_at, email, enabled, first_name, is_active, is_seller, last_name, password, phone, updated_at, upi_id, version) 
    values
        (?, ?, ?, ?, ?, ?, ?, ?, ?, ?, ?, ?, ?, ?, ?, ?)
2025-06-20T14:19:45.299+05:30 DEBUG 37792 --- [user-management-service] [           main] org.hibernate.SQL                        : 
    insert 
    into
        users
        (bank_account_number, bank_ifsc_code, business_address, business_name, created_at, email, enabled, first_name, is_active, is_seller, last_name, password, phone, updated_at, upi_id, version) 
    values
        (?, ?, ?, ?, ?, ?, ?, ?, ?, ?, ?, ?, ?, ?, ?, ?)
Hibernate: 
    insert 
    into
        users
        (bank_account_number, bank_ifsc_code, business_address, business_name, created_at, email, enabled, first_name, is_active, is_seller, last_name, password, phone, updated_at, upi_id, version) 
    values
        (?, ?, ?, ?, ?, ?, ?, ?, ?, ?, ?, ?, ?, ?, ?, ?)
2025-06-20T14:19:45.304+05:30 DEBUG 37792 --- [user-management-service] [           main] org.hibernate.SQL                        : 
    insert 
    into
        users
        (bank_account_number, bank_ifsc_code, business_address, business_name, created_at, email, enabled, first_name, is_active, is_seller, last_name, password, phone, updated_at, upi_id, version) 
    values
        (?, ?, ?, ?, ?, ?, ?, ?, ?, ?, ?, ?, ?, ?, ?, ?)
Hibernate: 
    insert 
    into
        users
        (bank_account_number, bank_ifsc_code, business_address, business_name, created_at, email, enabled, first_name, is_active, is_seller, last_name, password, phone, updated_at, upi_id, version) 
    values
        (?, ?, ?, ?, ?, ?, ?, ?, ?, ?, ?, ?, ?, ?, ?, ?)
2025-06-20T14:19:45.310+05:30 DEBUG 37792 --- [user-management-service] [           main] org.hibernate.SQL                        : 
    insert 
    into
        users
        (bank_account_number, bank_ifsc_code, business_address, business_name, created_at, email, enabled, first_name, is_active, is_seller, last_name, password, phone, updated_at, upi_id, version) 
    values
        (?, ?, ?, ?, ?, ?, ?, ?, ?, ?, ?, ?, ?, ?, ?, ?)
Hibernate: 
    insert 
    into
        users
        (bank_account_number, bank_ifsc_code, business_address, business_name, created_at, email, enabled, first_name, is_active, is_seller, last_name, password, phone, updated_at, upi_id, version) 
    values
        (?, ?, ?, ?, ?, ?, ?, ?, ?, ?, ?, ?, ?, ?, ?, ?)
2025-06-20T14:19:45.316+05:30 DEBUG 37792 --- [user-management-service] [           main] org.hibernate.SQL                        : 
    insert 
    into
        users
        (bank_account_number, bank_ifsc_code, business_address, business_name, created_at, email, enabled, first_name, is_active, is_seller, last_name, password, phone, updated_at, upi_id, version) 
    values
        (?, ?, ?, ?, ?, ?, ?, ?, ?, ?, ?, ?, ?, ?, ?, ?)
Hibernate: 
    insert 
    into
        users
        (bank_account_number, bank_ifsc_code, business_address, business_name, created_at, email, enabled, first_name, is_active, is_seller, last_name, password, phone, updated_at, upi_id, version) 
    values
        (?, ?, ?, ?, ?, ?, ?, ?, ?, ?, ?, ?, ?, ?, ?, ?)
2025-06-20T14:19:45.322+05:30 DEBUG 37792 --- [user-management-service] [           main] org.hibernate.SQL                        : 
    insert 
    into
        users
        (bank_account_number, bank_ifsc_code, business_address, business_name, created_at, email, enabled, first_name, is_active, is_seller, last_name, password, phone, updated_at, upi_id, version) 
    values
        (?, ?, ?, ?, ?, ?, ?, ?, ?, ?, ?, ?, ?, ?, ?, ?)
Hibernate: 
    insert 
    into
        users
        (bank_account_number, bank_ifsc_code, business_address, business_name, created_at, email, enabled, first_name, is_active, is_seller, last_name, password, phone, updated_at, upi_id, version) 
    values
        (?, ?, ?, ?, ?, ?, ?, ?, ?, ?, ?, ?, ?, ?, ?, ?)
2025-06-20T14:19:45.327+05:30 DEBUG 37792 --- [user-management-service] [           main] org.hibernate.SQL                        : 
    insert 
    into
        users
        (bank_account_number, bank_ifsc_code, business_address, business_name, created_at, email, enabled, first_name, is_active, is_seller, last_name, password, phone, updated_at, upi_id, version) 
    values
        (?, ?, ?, ?, ?, ?, ?, ?, ?, ?, ?, ?, ?, ?, ?, ?)
Hibernate: 
    insert 
    into
        users
        (bank_account_number, bank_ifsc_code, business_address, business_name, created_at, email, enabled, first_name, is_active, is_seller, last_name, password, phone, updated_at, upi_id, version) 
    values
        (?, ?, ?, ?, ?, ?, ?, ?, ?, ?, ?, ?, ?, ?, ?, ?)
2025-06-20T14:19:45.333+05:30 DEBUG 37792 --- [user-management-service] [           main] org.hibernate.SQL                        : 
    insert 
    into
        users
        (bank_account_number, bank_ifsc_code, business_address, business_name, created_at, email, enabled, first_name, is_active, is_seller, last_name, password, phone, updated_at, upi_id, version) 
    values
        (?, ?, ?, ?, ?, ?, ?, ?, ?, ?, ?, ?, ?, ?, ?, ?)
Hibernate: 
    insert 
    into
        users
        (bank_account_number, bank_ifsc_code, business_address, business_name, created_at, email, enabled, first_name, is_active, is_seller, last_name, password, phone, updated_at, upi_id, version) 
    values
        (?, ?, ?, ?, ?, ?, ?, ?, ?, ?, ?, ?, ?, ?, ?, ?)
2025-06-20T14:19:45.339+05:30 DEBUG 37792 --- [user-management-service] [           main] org.hibernate.SQL                        : 
    insert 
    into
        users
        (bank_account_number, bank_ifsc_code, business_address, business_name, created_at, email, enabled, first_name, is_active, is_seller, last_name, password, phone, updated_at, upi_id, version) 
    values
        (?, ?, ?, ?, ?, ?, ?, ?, ?, ?, ?, ?, ?, ?, ?, ?)
Hibernate: 
    insert 
    into
        users
        (bank_account_number, bank_ifsc_code, business_address, business_name, created_at, email, enabled, first_name, is_active, is_seller, last_name, password, phone, updated_at, upi_id, version) 
    values
        (?, ?, ?, ?, ?, ?, ?, ?, ?, ?, ?, ?, ?, ?, ?, ?)
2025-06-20T14:19:45.344+05:30 DEBUG 37792 --- [user-management-service] [           main] org.hibernate.SQL                        : 
    insert 
    into
        users
        (bank_account_number, bank_ifsc_code, business_address, business_name, created_at, email, enabled, first_name, is_active, is_seller, last_name, password, phone, updated_at, upi_id, version) 
    values
        (?, ?, ?, ?, ?, ?, ?, ?, ?, ?, ?, ?, ?, ?, ?, ?)
Hibernate: 
    insert 
    into
        users
        (bank_account_number, bank_ifsc_code, business_address, business_name, created_at, email, enabled, first_name, is_active, is_seller, last_name, password, phone, updated_at, upi_id, version) 
    values
        (?, ?, ?, ?, ?, ?, ?, ?, ?, ?, ?, ?, ?, ?, ?, ?)
2025-06-20T14:19:45.349+05:30 DEBUG 37792 --- [user-management-service] [           main] org.hibernate.SQL                        : 
    insert 
    into
        users
        (bank_account_number, bank_ifsc_code, business_address, business_name, created_at, email, enabled, first_name, is_active, is_seller, last_name, password, phone, updated_at, upi_id, version) 
    values
        (?, ?, ?, ?, ?, ?, ?, ?, ?, ?, ?, ?, ?, ?, ?, ?)
Hibernate: 
    insert 
    into
        users
        (bank_account_number, bank_ifsc_code, business_address, business_name, created_at, email, enabled, first_name, is_active, is_seller, last_name, password, phone, updated_at, upi_id, version) 
    values
        (?, ?, ?, ?, ?, ?, ?, ?, ?, ?, ?, ?, ?, ?, ?, ?)
2025-06-20T14:19:45.355+05:30 DEBUG 37792 --- [user-management-service] [           main] org.hibernate.SQL                        : 
    insert 
    into
        users
        (bank_account_number, bank_ifsc_code, business_address, business_name, created_at, email, enabled, first_name, is_active, is_seller, last_name, password, phone, updated_at, upi_id, version) 
    values
        (?, ?, ?, ?, ?, ?, ?, ?, ?, ?, ?, ?, ?, ?, ?, ?)
Hibernate: 
    insert 
    into
        users
        (bank_account_number, bank_ifsc_code, business_address, business_name, created_at, email, enabled, first_name, is_active, is_seller, last_name, password, phone, updated_at, upi_id, version) 
    values
        (?, ?, ?, ?, ?, ?, ?, ?, ?, ?, ?, ?, ?, ?, ?, ?)
2025-06-20T14:19:45.360+05:30 DEBUG 37792 --- [user-management-service] [           main] org.hibernate.SQL                        : 
    insert 
    into
        users
        (bank_account_number, bank_ifsc_code, business_address, business_name, created_at, email, enabled, first_name, is_active, is_seller, last_name, password, phone, updated_at, upi_id, version) 
    values
        (?, ?, ?, ?, ?, ?, ?, ?, ?, ?, ?, ?, ?, ?, ?, ?)
Hibernate: 
    insert 
    into
        users
        (bank_account_number, bank_ifsc_code, business_address, business_name, created_at, email, enabled, first_name, is_active, is_seller, last_name, password, phone, updated_at, upi_id, version) 
    values
        (?, ?, ?, ?, ?, ?, ?, ?, ?, ?, ?, ?, ?, ?, ?, ?)
2025-06-20T14:19:45.366+05:30 DEBUG 37792 --- [user-management-service] [           main] org.hibernate.SQL                        : 
    insert 
    into
        users
        (bank_account_number, bank_ifsc_code, business_address, business_name, created_at, email, enabled, first_name, is_active, is_seller, last_name, password, phone, updated_at, upi_id, version) 
    values
        (?, ?, ?, ?, ?, ?, ?, ?, ?, ?, ?, ?, ?, ?, ?, ?)
Hibernate: 
    insert 
    into
        users
        (bank_account_number, bank_ifsc_code, business_address, business_name, created_at, email, enabled, first_name, is_active, is_seller, last_name, password, phone, updated_at, upi_id, version) 
    values
        (?, ?, ?, ?, ?, ?, ?, ?, ?, ?, ?, ?, ?, ?, ?, ?)
2025-06-20T14:19:45.372+05:30 DEBUG 37792 --- [user-management-service] [           main] org.hibernate.SQL                        : 
    insert 
    into
        users
        (bank_account_number, bank_ifsc_code, business_address, business_name, created_at, email, enabled, first_name, is_active, is_seller, last_name, password, phone, updated_at, upi_id, version) 
    values
        (?, ?, ?, ?, ?, ?, ?, ?, ?, ?, ?, ?, ?, ?, ?, ?)
Hibernate: 
    insert 
    into
        users
        (bank_account_number, bank_ifsc_code, business_address, business_name, created_at, email, enabled, first_name, is_active, is_seller, last_name, password, phone, updated_at, upi_id, version) 
    values
        (?, ?, ?, ?, ?, ?, ?, ?, ?, ?, ?, ?, ?, ?, ?, ?)
2025-06-20T14:19:45.377+05:30 DEBUG 37792 --- [user-management-service] [           main] org.hibernate.SQL                        : 
    insert 
    into
        users
        (bank_account_number, bank_ifsc_code, business_address, business_name, created_at, email, enabled, first_name, is_active, is_seller, last_name, password, phone, updated_at, upi_id, version) 
    values
        (?, ?, ?, ?, ?, ?, ?, ?, ?, ?, ?, ?, ?, ?, ?, ?)
Hibernate: 
    insert 
    into
        users
        (bank_account_number, bank_ifsc_code, business_address, business_name, created_at, email, enabled, first_name, is_active, is_seller, last_name, password, phone, updated_at, upi_id, version) 
    values
        (?, ?, ?, ?, ?, ?, ?, ?, ?, ?, ?, ?, ?, ?, ?, ?)
2025-06-20T14:19:45.382+05:30 DEBUG 37792 --- [user-management-service] [           main] org.hibernate.SQL                        : 
    insert 
    into
        users
        (bank_account_number, bank_ifsc_code, business_address, business_name, created_at, email, enabled, first_name, is_active, is_seller, last_name, password, phone, updated_at, upi_id, version) 
    values
        (?, ?, ?, ?, ?, ?, ?, ?, ?, ?, ?, ?, ?, ?, ?, ?)
Hibernate: 
    insert 
    into
        users
        (bank_account_number, bank_ifsc_code, business_address, business_name, created_at, email, enabled, first_name, is_active, is_seller, last_name, password, phone, updated_at, upi_id, version) 
    values
        (?, ?, ?, ?, ?, ?, ?, ?, ?, ?, ?, ?, ?, ?, ?, ?)
2025-06-20T14:19:45.388+05:30 DEBUG 37792 --- [user-management-service] [           main] org.hibernate.SQL                        : 
    insert 
    into
        users
        (bank_account_number, bank_ifsc_code, business_address, business_name, created_at, email, enabled, first_name, is_active, is_seller, last_name, password, phone, updated_at, upi_id, version) 
    values
        (?, ?, ?, ?, ?, ?, ?, ?, ?, ?, ?, ?, ?, ?, ?, ?)
Hibernate: 
    insert 
    into
        users
        (bank_account_number, bank_ifsc_code, business_address, business_name, created_at, email, enabled, first_name, is_active, is_seller, last_name, password, phone, updated_at, upi_id, version) 
    values
        (?, ?, ?, ?, ?, ?, ?, ?, ?, ?, ?, ?, ?, ?, ?, ?)
2025-06-20T14:19:45.392+05:30 DEBUG 37792 --- [user-management-service] [           main] org.hibernate.SQL                        : 
    insert 
    into
        users
        (bank_account_number, bank_ifsc_code, business_address, business_name, created_at, email, enabled, first_name, is_active, is_seller, last_name, password, phone, updated_at, upi_id, version) 
    values
        (?, ?, ?, ?, ?, ?, ?, ?, ?, ?, ?, ?, ?, ?, ?, ?)
Hibernate: 
    insert 
    into
        users
        (bank_account_number, bank_ifsc_code, business_address, business_name, created_at, email, enabled, first_name, is_active, is_seller, last_name, password, phone, updated_at, upi_id, version) 
    values
        (?, ?, ?, ?, ?, ?, ?, ?, ?, ?, ?, ?, ?, ?, ?, ?)
2025-06-20T14:19:45.401+05:30 DEBUG 37792 --- [user-management-service] [           main] org.hibernate.SQL                        : 
    insert 
    into
        users
        (bank_account_number, bank_ifsc_code, business_address, business_name, created_at, email, enabled, first_name, is_active, is_seller, last_name, password, phone, updated_at, upi_id, version) 
    values
        (?, ?, ?, ?, ?, ?, ?, ?, ?, ?, ?, ?, ?, ?, ?, ?)
Hibernate: 
    insert 
    into
        users
        (bank_account_number, bank_ifsc_code, business_address, business_name, created_at, email, enabled, first_name, is_active, is_seller, last_name, password, phone, updated_at, upi_id, version) 
    values
        (?, ?, ?, ?, ?, ?, ?, ?, ?, ?, ?, ?, ?, ?, ?, ?)
2025-06-20T14:19:45.405+05:30 DEBUG 37792 --- [user-management-service] [           main] org.hibernate.SQL                        : 
    insert 
    into
        users
        (bank_account_number, bank_ifsc_code, business_address, business_name, created_at, email, enabled, first_name, is_active, is_seller, last_name, password, phone, updated_at, upi_id, version) 
    values
        (?, ?, ?, ?, ?, ?, ?, ?, ?, ?, ?, ?, ?, ?, ?, ?)
Hibernate: 
    insert 
    into
        users
        (bank_account_number, bank_ifsc_code, business_address, business_name, created_at, email, enabled, first_name, is_active, is_seller, last_name, password, phone, updated_at, upi_id, version) 
    values
        (?, ?, ?, ?, ?, ?, ?, ?, ?, ?, ?, ?, ?, ?, ?, ?)
2025-06-20T14:19:45.410+05:30 DEBUG 37792 --- [user-management-service] [           main] org.hibernate.SQL                        : 
    insert 
    into
        users
        (bank_account_number, bank_ifsc_code, business_address, business_name, created_at, email, enabled, first_name, is_active, is_seller, last_name, password, phone, updated_at, upi_id, version) 
    values
        (?, ?, ?, ?, ?, ?, ?, ?, ?, ?, ?, ?, ?, ?, ?, ?)
Hibernate: 
    insert 
    into
        users
        (bank_account_number, bank_ifsc_code, business_address, business_name, created_at, email, enabled, first_name, is_active, is_seller, last_name, password, phone, updated_at, upi_id, version) 
    values
        (?, ?, ?, ?, ?, ?, ?, ?, ?, ?, ?, ?, ?, ?, ?, ?)
2025-06-20T14:19:45.415+05:30 DEBUG 37792 --- [user-management-service] [           main] org.hibernate.SQL                        : 
    insert 
    into
        users
        (bank_account_number, bank_ifsc_code, business_address, business_name, created_at, email, enabled, first_name, is_active, is_seller, last_name, password, phone, updated_at, upi_id, version) 
    values
        (?, ?, ?, ?, ?, ?, ?, ?, ?, ?, ?, ?, ?, ?, ?, ?)
Hibernate: 
    insert 
    into
        users
        (bank_account_number, bank_ifsc_code, business_address, business_name, created_at, email, enabled, first_name, is_active, is_seller, last_name, password, phone, updated_at, upi_id, version) 
    values
        (?, ?, ?, ?, ?, ?, ?, ?, ?, ?, ?, ?, ?, ?, ?, ?)
2025-06-20T14:19:45.420+05:30 DEBUG 37792 --- [user-management-service] [           main] org.hibernate.SQL                        : 
    insert 
    into
        users
        (bank_account_number, bank_ifsc_code, business_address, business_name, created_at, email, enabled, first_name, is_active, is_seller, last_name, password, phone, updated_at, upi_id, version) 
    values
        (?, ?, ?, ?, ?, ?, ?, ?, ?, ?, ?, ?, ?, ?, ?, ?)
Hibernate: 
    insert 
    into
        users
        (bank_account_number, bank_ifsc_code, business_address, business_name, created_at, email, enabled, first_name, is_active, is_seller, last_name, password, phone, updated_at, upi_id, version) 
    values
        (?, ?, ?, ?, ?, ?, ?, ?, ?, ?, ?, ?, ?, ?, ?, ?)
2025-06-20T14:19:45.424+05:30 DEBUG 37792 --- [user-management-service] [           main] org.hibernate.SQL                        : 
    insert 
    into
        users
        (bank_account_number, bank_ifsc_code, business_address, business_name, created_at, email, enabled, first_name, is_active, is_seller, last_name, password, phone, updated_at, upi_id, version) 
    values
        (?, ?, ?, ?, ?, ?, ?, ?, ?, ?, ?, ?, ?, ?, ?, ?)
Hibernate: 
    insert 
    into
        users
        (bank_account_number, bank_ifsc_code, business_address, business_name, created_at, email, enabled, first_name, is_active, is_seller, last_name, password, phone, updated_at, upi_id, version) 
    values
        (?, ?, ?, ?, ?, ?, ?, ?, ?, ?, ?, ?, ?, ?, ?, ?)
2025-06-20T14:19:45.428+05:30 DEBUG 37792 --- [user-management-service] [           main] org.hibernate.SQL                        : 
    insert 
    into
        users
        (bank_account_number, bank_ifsc_code, business_address, business_name, created_at, email, enabled, first_name, is_active, is_seller, last_name, password, phone, updated_at, upi_id, version) 
    values
        (?, ?, ?, ?, ?, ?, ?, ?, ?, ?, ?, ?, ?, ?, ?, ?)
Hibernate: 
    insert 
    into
        users
        (bank_account_number, bank_ifsc_code, business_address, business_name, created_at, email, enabled, first_name, is_active, is_seller, last_name, password, phone, updated_at, upi_id, version) 
    values
        (?, ?, ?, ?, ?, ?, ?, ?, ?, ?, ?, ?, ?, ?, ?, ?)
2025-06-20T14:19:45.433+05:30 DEBUG 37792 --- [user-management-service] [           main] org.hibernate.SQL                        : 
    insert 
    into
        users
        (bank_account_number, bank_ifsc_code, business_address, business_name, created_at, email, enabled, first_name, is_active, is_seller, last_name, password, phone, updated_at, upi_id, version) 
    values
        (?, ?, ?, ?, ?, ?, ?, ?, ?, ?, ?, ?, ?, ?, ?, ?)
Hibernate: 
    insert 
    into
        users
        (bank_account_number, bank_ifsc_code, business_address, business_name, created_at, email, enabled, first_name, is_active, is_seller, last_name, password, phone, updated_at, upi_id, version) 
    values
        (?, ?, ?, ?, ?, ?, ?, ?, ?, ?, ?, ?, ?, ?, ?, ?)
2025-06-20T14:19:45.437+05:30 DEBUG 37792 --- [user-management-service] [           main] org.hibernate.SQL                        : 
    insert 
    into
        users
        (bank_account_number, bank_ifsc_code, business_address, business_name, created_at, email, enabled, first_name, is_active, is_seller, last_name, password, phone, updated_at, upi_id, version) 
    values
        (?, ?, ?, ?, ?, ?, ?, ?, ?, ?, ?, ?, ?, ?, ?, ?)
Hibernate: 
    insert 
    into
        users
        (bank_account_number, bank_ifsc_code, business_address, business_name, created_at, email, enabled, first_name, is_active, is_seller, last_name, password, phone, updated_at, upi_id, version) 
    values
        (?, ?, ?, ?, ?, ?, ?, ?, ?, ?, ?, ?, ?, ?, ?, ?)
2025-06-20T14:19:45.441+05:30 DEBUG 37792 --- [user-management-service] [           main] org.hibernate.SQL                        : 
    insert 
    into
        users
        (bank_account_number, bank_ifsc_code, business_address, business_name, created_at, email, enabled, first_name, is_active, is_seller, last_name, password, phone, updated_at, upi_id, version) 
    values
        (?, ?, ?, ?, ?, ?, ?, ?, ?, ?, ?, ?, ?, ?, ?, ?)
Hibernate: 
    insert 
    into
        users
        (bank_account_number, bank_ifsc_code, business_address, business_name, created_at, email, enabled, first_name, is_active, is_seller, last_name, password, phone, updated_at, upi_id, version) 
    values
        (?, ?, ?, ?, ?, ?, ?, ?, ?, ?, ?, ?, ?, ?, ?, ?)
2025-06-20T14:19:45.445+05:30 DEBUG 37792 --- [user-management-service] [           main] org.hibernate.SQL                        : 
    insert 
    into
        users
        (bank_account_number, bank_ifsc_code, business_address, business_name, created_at, email, enabled, first_name, is_active, is_seller, last_name, password, phone, updated_at, upi_id, version) 
    values
        (?, ?, ?, ?, ?, ?, ?, ?, ?, ?, ?, ?, ?, ?, ?, ?)
Hibernate: 
    insert 
    into
        users
        (bank_account_number, bank_ifsc_code, business_address, business_name, created_at, email, enabled, first_name, is_active, is_seller, last_name, password, phone, updated_at, upi_id, version) 
    values
        (?, ?, ?, ?, ?, ?, ?, ?, ?, ?, ?, ?, ?, ?, ?, ?)
2025-06-20T14:19:45.450+05:30 DEBUG 37792 --- [user-management-service] [           main] org.hibernate.SQL                        : 
    insert 
    into
        users
        (bank_account_number, bank_ifsc_code, business_address, business_name, created_at, email, enabled, first_name, is_active, is_seller, last_name, password, phone, updated_at, upi_id, version) 
    values
        (?, ?, ?, ?, ?, ?, ?, ?, ?, ?, ?, ?, ?, ?, ?, ?)
Hibernate: 
    insert 
    into
        users
        (bank_account_number, bank_ifsc_code, business_address, business_name, created_at, email, enabled, first_name, is_active, is_seller, last_name, password, phone, updated_at, upi_id, version) 
    values
        (?, ?, ?, ?, ?, ?, ?, ?, ?, ?, ?, ?, ?, ?, ?, ?)
2025-06-20T14:19:45.454+05:30 DEBUG 37792 --- [user-management-service] [           main] org.hibernate.SQL                        : 
    insert 
    into
        users
        (bank_account_number, bank_ifsc_code, business_address, business_name, created_at, email, enabled, first_name, is_active, is_seller, last_name, password, phone, updated_at, upi_id, version) 
    values
        (?, ?, ?, ?, ?, ?, ?, ?, ?, ?, ?, ?, ?, ?, ?, ?)
Hibernate: 
    insert 
    into
        users
        (bank_account_number, bank_ifsc_code, business_address, business_name, created_at, email, enabled, first_name, is_active, is_seller, last_name, password, phone, updated_at, upi_id, version) 
    values
        (?, ?, ?, ?, ?, ?, ?, ?, ?, ?, ?, ?, ?, ?, ?, ?)
2025-06-20T14:19:45.459+05:30 DEBUG 37792 --- [user-management-service] [           main] org.hibernate.SQL                        : 
    insert 
    into
        users
        (bank_account_number, bank_ifsc_code, business_address, business_name, created_at, email, enabled, first_name, is_active, is_seller, last_name, password, phone, updated_at, upi_id, version) 
    values
        (?, ?, ?, ?, ?, ?, ?, ?, ?, ?, ?, ?, ?, ?, ?, ?)
Hibernate: 
    insert 
    into
        users
        (bank_account_number, bank_ifsc_code, business_address, business_name, created_at, email, enabled, first_name, is_active, is_seller, last_name, password, phone, updated_at, upi_id, version) 
    values
        (?, ?, ?, ?, ?, ?, ?, ?, ?, ?, ?, ?, ?, ?, ?, ?)
2025-06-20T14:19:45.464+05:30 DEBUG 37792 --- [user-management-service] [           main] org.hibernate.SQL                        : 
    insert 
    into
        users
        (bank_account_number, bank_ifsc_code, business_address, business_name, created_at, email, enabled, first_name, is_active, is_seller, last_name, password, phone, updated_at, upi_id, version) 
    values
        (?, ?, ?, ?, ?, ?, ?, ?, ?, ?, ?, ?, ?, ?, ?, ?)
Hibernate: 
    insert 
    into
        users
        (bank_account_number, bank_ifsc_code, business_address, business_name, created_at, email, enabled, first_name, is_active, is_seller, last_name, password, phone, updated_at, upi_id, version) 
    values
        (?, ?, ?, ?, ?, ?, ?, ?, ?, ?, ?, ?, ?, ?, ?, ?)
2025-06-20T14:19:45.468+05:30 DEBUG 37792 --- [user-management-service] [           main] org.hibernate.SQL                        : 
    insert 
    into
        users
        (bank_account_number, bank_ifsc_code, business_address, business_name, created_at, email, enabled, first_name, is_active, is_seller, last_name, password, phone, updated_at, upi_id, version) 
    values
        (?, ?, ?, ?, ?, ?, ?, ?, ?, ?, ?, ?, ?, ?, ?, ?)
Hibernate: 
    insert 
    into
        users
        (bank_account_number, bank_ifsc_code, business_address, business_name, created_at, email, enabled, first_name, is_active, is_seller, last_name, password, phone, updated_at, upi_id, version) 
    values
        (?, ?, ?, ?, ?, ?, ?, ?, ?, ?, ?, ?, ?, ?, ?, ?)
2025-06-20T14:19:45.473+05:30 DEBUG 37792 --- [user-management-service] [           main] org.hibernate.SQL                        : 
    insert 
    into
        users
        (bank_account_number, bank_ifsc_code, business_address, business_name, created_at, email, enabled, first_name, is_active, is_seller, last_name, password, phone, updated_at, upi_id, version) 
    values
        (?, ?, ?, ?, ?, ?, ?, ?, ?, ?, ?, ?, ?, ?, ?, ?)
Hibernate: 
    insert 
    into
        users
        (bank_account_number, bank_ifsc_code, business_address, business_name, created_at, email, enabled, first_name, is_active, is_seller, last_name, password, phone, updated_at, upi_id, version) 
    values
        (?, ?, ?, ?, ?, ?, ?, ?, ?, ?, ?, ?, ?, ?, ?, ?)
2025-06-20T14:19:45.478+05:30 DEBUG 37792 --- [user-management-service] [           main] org.hibernate.SQL                        : 
    insert 
    into
        users
        (bank_account_number, bank_ifsc_code, business_address, business_name, created_at, email, enabled, first_name, is_active, is_seller, last_name, password, phone, updated_at, upi_id, version) 
    values
        (?, ?, ?, ?, ?, ?, ?, ?, ?, ?, ?, ?, ?, ?, ?, ?)
Hibernate: 
    insert 
    into
        users
        (bank_account_number, bank_ifsc_code, business_address, business_name, created_at, email, enabled, first_name, is_active, is_seller, last_name, password, phone, updated_at, upi_id, version) 
    values
        (?, ?, ?, ?, ?, ?, ?, ?, ?, ?, ?, ?, ?, ?, ?, ?)
2025-06-20T14:19:45.482+05:30 DEBUG 37792 --- [user-management-service] [           main] org.hibernate.SQL                        : 
    insert 
    into
        users
        (bank_account_number, bank_ifsc_code, business_address, business_name, created_at, email, enabled, first_name, is_active, is_seller, last_name, password, phone, updated_at, upi_id, version) 
    values
        (?, ?, ?, ?, ?, ?, ?, ?, ?, ?, ?, ?, ?, ?, ?, ?)
Hibernate: 
    insert 
    into
        users
        (bank_account_number, bank_ifsc_code, business_address, business_name, created_at, email, enabled, first_name, is_active, is_seller, last_name, password, phone, updated_at, upi_id, version) 
    values
        (?, ?, ?, ?, ?, ?, ?, ?, ?, ?, ?, ?, ?, ?, ?, ?)
2025-06-20T14:19:45.487+05:30 DEBUG 37792 --- [user-management-service] [           main] org.hibernate.SQL                        : 
    insert 
    into
        users
        (bank_account_number, bank_ifsc_code, business_address, business_name, created_at, email, enabled, first_name, is_active, is_seller, last_name, password, phone, updated_at, upi_id, version) 
    values
        (?, ?, ?, ?, ?, ?, ?, ?, ?, ?, ?, ?, ?, ?, ?, ?)
Hibernate: 
    insert 
    into
        users
        (bank_account_number, bank_ifsc_code, business_address, business_name, created_at, email, enabled, first_name, is_active, is_seller, last_name, password, phone, updated_at, upi_id, version) 
    values
        (?, ?, ?, ?, ?, ?, ?, ?, ?, ?, ?, ?, ?, ?, ?, ?)
2025-06-20T14:19:45.492+05:30 DEBUG 37792 --- [user-management-service] [           main] org.hibernate.SQL                        : 
    insert 
    into
        users
        (bank_account_number, bank_ifsc_code, business_address, business_name, created_at, email, enabled, first_name, is_active, is_seller, last_name, password, phone, updated_at, upi_id, version) 
    values
        (?, ?, ?, ?, ?, ?, ?, ?, ?, ?, ?, ?, ?, ?, ?, ?)
Hibernate: 
    insert 
    into
        users
        (bank_account_number, bank_ifsc_code, business_address, business_name, created_at, email, enabled, first_name, is_active, is_seller, last_name, password, phone, updated_at, upi_id, version) 
    values
        (?, ?, ?, ?, ?, ?, ?, ?, ?, ?, ?, ?, ?, ?, ?, ?)
2025-06-20T14:19:45.499+05:30 DEBUG 37792 --- [user-management-service] [           main] org.hibernate.SQL                        : 
    insert 
    into
        users
        (bank_account_number, bank_ifsc_code, business_address, business_name, created_at, email, enabled, first_name, is_active, is_seller, last_name, password, phone, updated_at, upi_id, version) 
    values
        (?, ?, ?, ?, ?, ?, ?, ?, ?, ?, ?, ?, ?, ?, ?, ?)
Hibernate: 
    insert 
    into
        users
        (bank_account_number, bank_ifsc_code, business_address, business_name, created_at, email, enabled, first_name, is_active, is_seller, last_name, password, phone, updated_at, upi_id, version) 
    values
        (?, ?, ?, ?, ?, ?, ?, ?, ?, ?, ?, ?, ?, ?, ?, ?)
2025-06-20T14:19:45.504+05:30 DEBUG 37792 --- [user-management-service] [           main] org.hibernate.SQL                        : 
    insert 
    into
        users
        (bank_account_number, bank_ifsc_code, business_address, business_name, created_at, email, enabled, first_name, is_active, is_seller, last_name, password, phone, updated_at, upi_id, version) 
    values
        (?, ?, ?, ?, ?, ?, ?, ?, ?, ?, ?, ?, ?, ?, ?, ?)
Hibernate: 
    insert 
    into
        users
        (bank_account_number, bank_ifsc_code, business_address, business_name, created_at, email, enabled, first_name, is_active, is_seller, last_name, password, phone, updated_at, upi_id, version) 
    values
        (?, ?, ?, ?, ?, ?, ?, ?, ?, ?, ?, ?, ?, ?, ?, ?)
2025-06-20T14:19:45.510+05:30 DEBUG 37792 --- [user-management-service] [           main] org.hibernate.SQL                        : 
    insert 
    into
        users
        (bank_account_number, bank_ifsc_code, business_address, business_name, created_at, email, enabled, first_name, is_active, is_seller, last_name, password, phone, updated_at, upi_id, version) 
    values
        (?, ?, ?, ?, ?, ?, ?, ?, ?, ?, ?, ?, ?, ?, ?, ?)
Hibernate: 
    insert 
    into
        users
        (bank_account_number, bank_ifsc_code, business_address, business_name, created_at, email, enabled, first_name, is_active, is_seller, last_name, password, phone, updated_at, upi_id, version) 
    values
        (?, ?, ?, ?, ?, ?, ?, ?, ?, ?, ?, ?, ?, ?, ?, ?)
2025-06-20T14:19:45.515+05:30 DEBUG 37792 --- [user-management-service] [           main] org.hibernate.SQL                        : 
    insert 
    into
        users
        (bank_account_number, bank_ifsc_code, business_address, business_name, created_at, email, enabled, first_name, is_active, is_seller, last_name, password, phone, updated_at, upi_id, version) 
    values
        (?, ?, ?, ?, ?, ?, ?, ?, ?, ?, ?, ?, ?, ?, ?, ?)
Hibernate: 
    insert 
    into
        users
        (bank_account_number, bank_ifsc_code, business_address, business_name, created_at, email, enabled, first_name, is_active, is_seller, last_name, password, phone, updated_at, upi_id, version) 
    values
        (?, ?, ?, ?, ?, ?, ?, ?, ?, ?, ?, ?, ?, ?, ?, ?)
2025-06-20T14:19:45.521+05:30 DEBUG 37792 --- [user-management-service] [           main] org.hibernate.SQL                        : 
    insert 
    into
        users
        (bank_account_number, bank_ifsc_code, business_address, business_name, created_at, email, enabled, first_name, is_active, is_seller, last_name, password, phone, updated_at, upi_id, version) 
    values
        (?, ?, ?, ?, ?, ?, ?, ?, ?, ?, ?, ?, ?, ?, ?, ?)
Hibernate: 
    insert 
    into
        users
        (bank_account_number, bank_ifsc_code, business_address, business_name, created_at, email, enabled, first_name, is_active, is_seller, last_name, password, phone, updated_at, upi_id, version) 
    values
        (?, ?, ?, ?, ?, ?, ?, ?, ?, ?, ?, ?, ?, ?, ?, ?)
2025-06-20T14:19:45.525+05:30 DEBUG 37792 --- [user-management-service] [           main] org.hibernate.SQL                        : 
    insert 
    into
        users
        (bank_account_number, bank_ifsc_code, business_address, business_name, created_at, email, enabled, first_name, is_active, is_seller, last_name, password, phone, updated_at, upi_id, version) 
    values
        (?, ?, ?, ?, ?, ?, ?, ?, ?, ?, ?, ?, ?, ?, ?, ?)
Hibernate: 
    insert 
    into
        users
        (bank_account_number, bank_ifsc_code, business_address, business_name, created_at, email, enabled, first_name, is_active, is_seller, last_name, password, phone, updated_at, upi_id, version) 
    values
        (?, ?, ?, ?, ?, ?, ?, ?, ?, ?, ?, ?, ?, ?, ?, ?)
2025-06-20T14:19:45.530+05:30 DEBUG 37792 --- [user-management-service] [           main] org.hibernate.SQL                        : 
    insert 
    into
        users
        (bank_account_number, bank_ifsc_code, business_address, business_name, created_at, email, enabled, first_name, is_active, is_seller, last_name, password, phone, updated_at, upi_id, version) 
    values
        (?, ?, ?, ?, ?, ?, ?, ?, ?, ?, ?, ?, ?, ?, ?, ?)
Hibernate: 
    insert 
    into
        users
        (bank_account_number, bank_ifsc_code, business_address, business_name, created_at, email, enabled, first_name, is_active, is_seller, last_name, password, phone, updated_at, upi_id, version) 
    values
        (?, ?, ?, ?, ?, ?, ?, ?, ?, ?, ?, ?, ?, ?, ?, ?)
2025-06-20T14:19:45.536+05:30 DEBUG 37792 --- [user-management-service] [           main] org.hibernate.SQL                        : 
    insert 
    into
        users
        (bank_account_number, bank_ifsc_code, business_address, business_name, created_at, email, enabled, first_name, is_active, is_seller, last_name, password, phone, updated_at, upi_id, version) 
    values
        (?, ?, ?, ?, ?, ?, ?, ?, ?, ?, ?, ?, ?, ?, ?, ?)
Hibernate: 
    insert 
    into
        users
        (bank_account_number, bank_ifsc_code, business_address, business_name, created_at, email, enabled, first_name, is_active, is_seller, last_name, password, phone, updated_at, upi_id, version) 
    values
        (?, ?, ?, ?, ?, ?, ?, ?, ?, ?, ?, ?, ?, ?, ?, ?)
2025-06-20T14:19:45.541+05:30 DEBUG 37792 --- [user-management-service] [           main] org.hibernate.SQL                        : 
    insert 
    into
        users
        (bank_account_number, bank_ifsc_code, business_address, business_name, created_at, email, enabled, first_name, is_active, is_seller, last_name, password, phone, updated_at, upi_id, version) 
    values
        (?, ?, ?, ?, ?, ?, ?, ?, ?, ?, ?, ?, ?, ?, ?, ?)
Hibernate: 
    insert 
    into
        users
        (bank_account_number, bank_ifsc_code, business_address, business_name, created_at, email, enabled, first_name, is_active, is_seller, last_name, password, phone, updated_at, upi_id, version) 
    values
        (?, ?, ?, ?, ?, ?, ?, ?, ?, ?, ?, ?, ?, ?, ?, ?)
2025-06-20T14:19:45.547+05:30 DEBUG 37792 --- [user-management-service] [           main] org.hibernate.SQL                        : 
    insert 
    into
        users
        (bank_account_number, bank_ifsc_code, business_address, business_name, created_at, email, enabled, first_name, is_active, is_seller, last_name, password, phone, updated_at, upi_id, version) 
    values
        (?, ?, ?, ?, ?, ?, ?, ?, ?, ?, ?, ?, ?, ?, ?, ?)
Hibernate: 
    insert 
    into
        users
        (bank_account_number, bank_ifsc_code, business_address, business_name, created_at, email, enabled, first_name, is_active, is_seller, last_name, password, phone, updated_at, upi_id, version) 
    values
        (?, ?, ?, ?, ?, ?, ?, ?, ?, ?, ?, ?, ?, ?, ?, ?)
2025-06-20T14:19:45.552+05:30 DEBUG 37792 --- [user-management-service] [           main] org.hibernate.SQL                        : 
    insert 
    into
        users
        (bank_account_number, bank_ifsc_code, business_address, business_name, created_at, email, enabled, first_name, is_active, is_seller, last_name, password, phone, updated_at, upi_id, version) 
    values
        (?, ?, ?, ?, ?, ?, ?, ?, ?, ?, ?, ?, ?, ?, ?, ?)
Hibernate: 
    insert 
    into
        users
        (bank_account_number, bank_ifsc_code, business_address, business_name, created_at, email, enabled, first_name, is_active, is_seller, last_name, password, phone, updated_at, upi_id, version) 
    values
        (?, ?, ?, ?, ?, ?, ?, ?, ?, ?, ?, ?, ?, ?, ?, ?)
2025-06-20T14:19:45.557+05:30 DEBUG 37792 --- [user-management-service] [           main] org.hibernate.SQL                        : 
    insert 
    into
        users
        (bank_account_number, bank_ifsc_code, business_address, business_name, created_at, email, enabled, first_name, is_active, is_seller, last_name, password, phone, updated_at, upi_id, version) 
    values
        (?, ?, ?, ?, ?, ?, ?, ?, ?, ?, ?, ?, ?, ?, ?, ?)
Hibernate: 
    insert 
    into
        users
        (bank_account_number, bank_ifsc_code, business_address, business_name, created_at, email, enabled, first_name, is_active, is_seller, last_name, password, phone, updated_at, upi_id, version) 
    values
        (?, ?, ?, ?, ?, ?, ?, ?, ?, ?, ?, ?, ?, ?, ?, ?)
2025-06-20T14:19:45.562+05:30 DEBUG 37792 --- [user-management-service] [           main] org.hibernate.SQL                        : 
    insert 
    into
        users
        (bank_account_number, bank_ifsc_code, business_address, business_name, created_at, email, enabled, first_name, is_active, is_seller, last_name, password, phone, updated_at, upi_id, version) 
    values
        (?, ?, ?, ?, ?, ?, ?, ?, ?, ?, ?, ?, ?, ?, ?, ?)
Hibernate: 
    insert 
    into
        users
        (bank_account_number, bank_ifsc_code, business_address, business_name, created_at, email, enabled, first_name, is_active, is_seller, last_name, password, phone, updated_at, upi_id, version) 
    values
        (?, ?, ?, ?, ?, ?, ?, ?, ?, ?, ?, ?, ?, ?, ?, ?)
2025-06-20T14:19:45.567+05:30 DEBUG 37792 --- [user-management-service] [           main] org.hibernate.SQL                        : 
    insert 
    into
        users
        (bank_account_number, bank_ifsc_code, business_address, business_name, created_at, email, enabled, first_name, is_active, is_seller, last_name, password, phone, updated_at, upi_id, version) 
    values
        (?, ?, ?, ?, ?, ?, ?, ?, ?, ?, ?, ?, ?, ?, ?, ?)
Hibernate: 
    insert 
    into
        users
        (bank_account_number, bank_ifsc_code, business_address, business_name, created_at, email, enabled, first_name, is_active, is_seller, last_name, password, phone, updated_at, upi_id, version) 
    values
        (?, ?, ?, ?, ?, ?, ?, ?, ?, ?, ?, ?, ?, ?, ?, ?)
2025-06-20T14:19:45.572+05:30 DEBUG 37792 --- [user-management-service] [           main] org.hibernate.SQL                        : 
    insert 
    into
        users
        (bank_account_number, bank_ifsc_code, business_address, business_name, created_at, email, enabled, first_name, is_active, is_seller, last_name, password, phone, updated_at, upi_id, version) 
    values
        (?, ?, ?, ?, ?, ?, ?, ?, ?, ?, ?, ?, ?, ?, ?, ?)
Hibernate: 
    insert 
    into
        users
        (bank_account_number, bank_ifsc_code, business_address, business_name, created_at, email, enabled, first_name, is_active, is_seller, last_name, password, phone, updated_at, upi_id, version) 
    values
        (?, ?, ?, ?, ?, ?, ?, ?, ?, ?, ?, ?, ?, ?, ?, ?)
2025-06-20T14:19:45.575+05:30 DEBUG 37792 --- [user-management-service] [           main] org.hibernate.SQL                        : 
    insert 
    into
        users
        (bank_account_number, bank_ifsc_code, business_address, business_name, created_at, email, enabled, first_name, is_active, is_seller, last_name, password, phone, updated_at, upi_id, version) 
    values
        (?, ?, ?, ?, ?, ?, ?, ?, ?, ?, ?, ?, ?, ?, ?, ?)
Hibernate: 
    insert 
    into
        users
        (bank_account_number, bank_ifsc_code, business_address, business_name, created_at, email, enabled, first_name, is_active, is_seller, last_name, password, phone, updated_at, upi_id, version) 
    values
        (?, ?, ?, ?, ?, ?, ?, ?, ?, ?, ?, ?, ?, ?, ?, ?)
2025-06-20T14:19:45.579+05:30 DEBUG 37792 --- [user-management-service] [           main] org.hibernate.SQL                        : 
    insert 
    into
        users
        (bank_account_number, bank_ifsc_code, business_address, business_name, created_at, email, enabled, first_name, is_active, is_seller, last_name, password, phone, updated_at, upi_id, version) 
    values
        (?, ?, ?, ?, ?, ?, ?, ?, ?, ?, ?, ?, ?, ?, ?, ?)
Hibernate: 
    insert 
    into
        users
        (bank_account_number, bank_ifsc_code, business_address, business_name, created_at, email, enabled, first_name, is_active, is_seller, last_name, password, phone, updated_at, upi_id, version) 
    values
        (?, ?, ?, ?, ?, ?, ?, ?, ?, ?, ?, ?, ?, ?, ?, ?)
2025-06-20T14:19:45.582+05:30 DEBUG 37792 --- [user-management-service] [           main] org.hibernate.SQL                        : 
    insert 
    into
        users
        (bank_account_number, bank_ifsc_code, business_address, business_name, created_at, email, enabled, first_name, is_active, is_seller, last_name, password, phone, updated_at, upi_id, version) 
    values
        (?, ?, ?, ?, ?, ?, ?, ?, ?, ?, ?, ?, ?, ?, ?, ?)
Hibernate: 
    insert 
    into
        users
        (bank_account_number, bank_ifsc_code, business_address, business_name, created_at, email, enabled, first_name, is_active, is_seller, last_name, password, phone, updated_at, upi_id, version) 
    values
        (?, ?, ?, ?, ?, ?, ?, ?, ?, ?, ?, ?, ?, ?, ?, ?)
2025-06-20T14:19:45.586+05:30 DEBUG 37792 --- [user-management-service] [           main] org.hibernate.SQL                        : 
    insert 
    into
        users
        (bank_account_number, bank_ifsc_code, business_address, business_name, created_at, email, enabled, first_name, is_active, is_seller, last_name, password, phone, updated_at, upi_id, version) 
    values
        (?, ?, ?, ?, ?, ?, ?, ?, ?, ?, ?, ?, ?, ?, ?, ?)
Hibernate: 
    insert 
    into
        users
        (bank_account_number, bank_ifsc_code, business_address, business_name, created_at, email, enabled, first_name, is_active, is_seller, last_name, password, phone, updated_at, upi_id, version) 
    values
        (?, ?, ?, ?, ?, ?, ?, ?, ?, ?, ?, ?, ?, ?, ?, ?)
2025-06-20T14:19:45.590+05:30 DEBUG 37792 --- [user-management-service] [           main] org.hibernate.SQL                        : 
    insert 
    into
        users
        (bank_account_number, bank_ifsc_code, business_address, business_name, created_at, email, enabled, first_name, is_active, is_seller, last_name, password, phone, updated_at, upi_id, version) 
    values
        (?, ?, ?, ?, ?, ?, ?, ?, ?, ?, ?, ?, ?, ?, ?, ?)
Hibernate: 
    insert 
    into
        users
        (bank_account_number, bank_ifsc_code, business_address, business_name, created_at, email, enabled, first_name, is_active, is_seller, last_name, password, phone, updated_at, upi_id, version) 
    values
        (?, ?, ?, ?, ?, ?, ?, ?, ?, ?, ?, ?, ?, ?, ?, ?)
2025-06-20T14:19:45.593+05:30 DEBUG 37792 --- [user-management-service] [           main] org.hibernate.SQL                        : 
    insert 
    into
        users
        (bank_account_number, bank_ifsc_code, business_address, business_name, created_at, email, enabled, first_name, is_active, is_seller, last_name, password, phone, updated_at, upi_id, version) 
    values
        (?, ?, ?, ?, ?, ?, ?, ?, ?, ?, ?, ?, ?, ?, ?, ?)
Hibernate: 
    insert 
    into
        users
        (bank_account_number, bank_ifsc_code, business_address, business_name, created_at, email, enabled, first_name, is_active, is_seller, last_name, password, phone, updated_at, upi_id, version) 
    values
        (?, ?, ?, ?, ?, ?, ?, ?, ?, ?, ?, ?, ?, ?, ?, ?)
2025-06-20T14:19:45.597+05:30 DEBUG 37792 --- [user-management-service] [           main] org.hibernate.SQL                        : 
    insert 
    into
        users
        (bank_account_number, bank_ifsc_code, business_address, business_name, created_at, email, enabled, first_name, is_active, is_seller, last_name, password, phone, updated_at, upi_id, version) 
    values
        (?, ?, ?, ?, ?, ?, ?, ?, ?, ?, ?, ?, ?, ?, ?, ?)
Hibernate: 
    insert 
    into
        users
        (bank_account_number, bank_ifsc_code, business_address, business_name, created_at, email, enabled, first_name, is_active, is_seller, last_name, password, phone, updated_at, upi_id, version) 
    values
        (?, ?, ?, ?, ?, ?, ?, ?, ?, ?, ?, ?, ?, ?, ?, ?)
2025-06-20T14:19:45.602+05:30 DEBUG 37792 --- [user-management-service] [           main] org.hibernate.SQL                        : 
    insert 
    into
        users
        (bank_account_number, bank_ifsc_code, business_address, business_name, created_at, email, enabled, first_name, is_active, is_seller, last_name, password, phone, updated_at, upi_id, version) 
    values
        (?, ?, ?, ?, ?, ?, ?, ?, ?, ?, ?, ?, ?, ?, ?, ?)
Hibernate: 
    insert 
    into
        users
        (bank_account_number, bank_ifsc_code, business_address, business_name, created_at, email, enabled, first_name, is_active, is_seller, last_name, password, phone, updated_at, upi_id, version) 
    values
        (?, ?, ?, ?, ?, ?, ?, ?, ?, ?, ?, ?, ?, ?, ?, ?)
2025-06-20T14:19:45.608+05:30 DEBUG 37792 --- [user-management-service] [           main] org.hibernate.SQL                        : 
    insert 
    into
        users
        (bank_account_number, bank_ifsc_code, business_address, business_name, created_at, email, enabled, first_name, is_active, is_seller, last_name, password, phone, updated_at, upi_id, version) 
    values
        (?, ?, ?, ?, ?, ?, ?, ?, ?, ?, ?, ?, ?, ?, ?, ?)
Hibernate: 
    insert 
    into
        users
        (bank_account_number, bank_ifsc_code, business_address, business_name, created_at, email, enabled, first_name, is_active, is_seller, last_name, password, phone, updated_at, upi_id, version) 
    values
        (?, ?, ?, ?, ?, ?, ?, ?, ?, ?, ?, ?, ?, ?, ?, ?)
2025-06-20T14:19:45.613+05:30 DEBUG 37792 --- [user-management-service] [           main] org.hibernate.SQL                        : 
    insert 
    into
        users
        (bank_account_number, bank_ifsc_code, business_address, business_name, created_at, email, enabled, first_name, is_active, is_seller, last_name, password, phone, updated_at, upi_id, version) 
    values
        (?, ?, ?, ?, ?, ?, ?, ?, ?, ?, ?, ?, ?, ?, ?, ?)
Hibernate: 
    insert 
    into
        users
        (bank_account_number, bank_ifsc_code, business_address, business_name, created_at, email, enabled, first_name, is_active, is_seller, last_name, password, phone, updated_at, upi_id, version) 
    values
        (?, ?, ?, ?, ?, ?, ?, ?, ?, ?, ?, ?, ?, ?, ?, ?)
2025-06-20T14:19:45.618+05:30 DEBUG 37792 --- [user-management-service] [           main] org.hibernate.SQL                        : 
    insert 
    into
        users
        (bank_account_number, bank_ifsc_code, business_address, business_name, created_at, email, enabled, first_name, is_active, is_seller, last_name, password, phone, updated_at, upi_id, version) 
    values
        (?, ?, ?, ?, ?, ?, ?, ?, ?, ?, ?, ?, ?, ?, ?, ?)
Hibernate: 
    insert 
    into
        users
        (bank_account_number, bank_ifsc_code, business_address, business_name, created_at, email, enabled, first_name, is_active, is_seller, last_name, password, phone, updated_at, upi_id, version) 
    values
        (?, ?, ?, ?, ?, ?, ?, ?, ?, ?, ?, ?, ?, ?, ?, ?)
2025-06-20T14:19:45.622+05:30 DEBUG 37792 --- [user-management-service] [           main] org.hibernate.SQL                        : 
    insert 
    into
        users
        (bank_account_number, bank_ifsc_code, business_address, business_name, created_at, email, enabled, first_name, is_active, is_seller, last_name, password, phone, updated_at, upi_id, version) 
    values
        (?, ?, ?, ?, ?, ?, ?, ?, ?, ?, ?, ?, ?, ?, ?, ?)
Hibernate: 
    insert 
    into
        users
        (bank_account_number, bank_ifsc_code, business_address, business_name, created_at, email, enabled, first_name, is_active, is_seller, last_name, password, phone, updated_at, upi_id, version) 
    values
        (?, ?, ?, ?, ?, ?, ?, ?, ?, ?, ?, ?, ?, ?, ?, ?)
2025-06-20T14:19:45.626+05:30 DEBUG 37792 --- [user-management-service] [           main] org.hibernate.SQL                        : 
    insert 
    into
        users
        (bank_account_number, bank_ifsc_code, business_address, business_name, created_at, email, enabled, first_name, is_active, is_seller, last_name, password, phone, updated_at, upi_id, version) 
    values
        (?, ?, ?, ?, ?, ?, ?, ?, ?, ?, ?, ?, ?, ?, ?, ?)
Hibernate: 
    insert 
    into
        users
        (bank_account_number, bank_ifsc_code, business_address, business_name, created_at, email, enabled, first_name, is_active, is_seller, last_name, password, phone, updated_at, upi_id, version) 
    values
        (?, ?, ?, ?, ?, ?, ?, ?, ?, ?, ?, ?, ?, ?, ?, ?)
2025-06-20T14:19:45.631+05:30 DEBUG 37792 --- [user-management-service] [           main] org.hibernate.SQL                        : 
    insert 
    into
        users
        (bank_account_number, bank_ifsc_code, business_address, business_name, created_at, email, enabled, first_name, is_active, is_seller, last_name, password, phone, updated_at, upi_id, version) 
    values
        (?, ?, ?, ?, ?, ?, ?, ?, ?, ?, ?, ?, ?, ?, ?, ?)
Hibernate: 
    insert 
    into
        users
        (bank_account_number, bank_ifsc_code, business_address, business_name, created_at, email, enabled, first_name, is_active, is_seller, last_name, password, phone, updated_at, upi_id, version) 
    values
        (?, ?, ?, ?, ?, ?, ?, ?, ?, ?, ?, ?, ?, ?, ?, ?)
2025-06-20T14:19:45.634+05:30 DEBUG 37792 --- [user-management-service] [           main] org.hibernate.SQL                        : 
    insert 
    into
        users
        (bank_account_number, bank_ifsc_code, business_address, business_name, created_at, email, enabled, first_name, is_active, is_seller, last_name, password, phone, updated_at, upi_id, version) 
    values
        (?, ?, ?, ?, ?, ?, ?, ?, ?, ?, ?, ?, ?, ?, ?, ?)
Hibernate: 
    insert 
    into
        users
        (bank_account_number, bank_ifsc_code, business_address, business_name, created_at, email, enabled, first_name, is_active, is_seller, last_name, password, phone, updated_at, upi_id, version) 
    values
        (?, ?, ?, ?, ?, ?, ?, ?, ?, ?, ?, ?, ?, ?, ?, ?)
2025-06-20T14:19:45.638+05:30 DEBUG 37792 --- [user-management-service] [           main] org.hibernate.SQL                        : 
    insert 
    into
        users
        (bank_account_number, bank_ifsc_code, business_address, business_name, created_at, email, enabled, first_name, is_active, is_seller, last_name, password, phone, updated_at, upi_id, version) 
    values
        (?, ?, ?, ?, ?, ?, ?, ?, ?, ?, ?, ?, ?, ?, ?, ?)
Hibernate: 
    insert 
    into
        users
        (bank_account_number, bank_ifsc_code, business_address, business_name, created_at, email, enabled, first_name, is_active, is_seller, last_name, password, phone, updated_at, upi_id, version) 
    values
        (?, ?, ?, ?, ?, ?, ?, ?, ?, ?, ?, ?, ?, ?, ?, ?)
2025-06-20T14:19:45.641+05:30 DEBUG 37792 --- [user-management-service] [           main] org.hibernate.SQL                        : 
    insert 
    into
        users
        (bank_account_number, bank_ifsc_code, business_address, business_name, created_at, email, enabled, first_name, is_active, is_seller, last_name, password, phone, updated_at, upi_id, version) 
    values
        (?, ?, ?, ?, ?, ?, ?, ?, ?, ?, ?, ?, ?, ?, ?, ?)
Hibernate: 
    insert 
    into
        users
        (bank_account_number, bank_ifsc_code, business_address, business_name, created_at, email, enabled, first_name, is_active, is_seller, last_name, password, phone, updated_at, upi_id, version) 
    values
        (?, ?, ?, ?, ?, ?, ?, ?, ?, ?, ?, ?, ?, ?, ?, ?)
2025-06-20T14:19:45.644+05:30 DEBUG 37792 --- [user-management-service] [           main] org.hibernate.SQL                        : 
    insert 
    into
        users
        (bank_account_number, bank_ifsc_code, business_address, business_name, created_at, email, enabled, first_name, is_active, is_seller, last_name, password, phone, updated_at, upi_id, version) 
    values
        (?, ?, ?, ?, ?, ?, ?, ?, ?, ?, ?, ?, ?, ?, ?, ?)
Hibernate: 
    insert 
    into
        users
        (bank_account_number, bank_ifsc_code, business_address, business_name, created_at, email, enabled, first_name, is_active, is_seller, last_name, password, phone, updated_at, upi_id, version) 
    values
        (?, ?, ?, ?, ?, ?, ?, ?, ?, ?, ?, ?, ?, ?, ?, ?)
2025-06-20T14:19:45.649+05:30 DEBUG 37792 --- [user-management-service] [           main] org.hibernate.SQL                        : 
    insert 
    into
        users
        (bank_account_number, bank_ifsc_code, business_address, business_name, created_at, email, enabled, first_name, is_active, is_seller, last_name, password, phone, updated_at, upi_id, version) 
    values
        (?, ?, ?, ?, ?, ?, ?, ?, ?, ?, ?, ?, ?, ?, ?, ?)
Hibernate: 
    insert 
    into
        users
        (bank_account_number, bank_ifsc_code, business_address, business_name, created_at, email, enabled, first_name, is_active, is_seller, last_name, password, phone, updated_at, upi_id, version) 
    values
        (?, ?, ?, ?, ?, ?, ?, ?, ?, ?, ?, ?, ?, ?, ?, ?)
2025-06-20T14:19:45.653+05:30 DEBUG 37792 --- [user-management-service] [           main] org.hibernate.SQL                        : 
    insert 
    into
        users
        (bank_account_number, bank_ifsc_code, business_address, business_name, created_at, email, enabled, first_name, is_active, is_seller, last_name, password, phone, updated_at, upi_id, version) 
    values
        (?, ?, ?, ?, ?, ?, ?, ?, ?, ?, ?, ?, ?, ?, ?, ?)
Hibernate: 
    insert 
    into
        users
        (bank_account_number, bank_ifsc_code, business_address, business_name, created_at, email, enabled, first_name, is_active, is_seller, last_name, password, phone, updated_at, upi_id, version) 
    values
        (?, ?, ?, ?, ?, ?, ?, ?, ?, ?, ?, ?, ?, ?, ?, ?)
2025-06-20T14:19:45.657+05:30 DEBUG 37792 --- [user-management-service] [           main] org.hibernate.SQL                        : 
    insert 
    into
        users
        (bank_account_number, bank_ifsc_code, business_address, business_name, created_at, email, enabled, first_name, is_active, is_seller, last_name, password, phone, updated_at, upi_id, version) 
    values
        (?, ?, ?, ?, ?, ?, ?, ?, ?, ?, ?, ?, ?, ?, ?, ?)
Hibernate: 
    insert 
    into
        users
        (bank_account_number, bank_ifsc_code, business_address, business_name, created_at, email, enabled, first_name, is_active, is_seller, last_name, password, phone, updated_at, upi_id, version) 
    values
        (?, ?, ?, ?, ?, ?, ?, ?, ?, ?, ?, ?, ?, ?, ?, ?)
2025-06-20T14:19:45.661+05:30 DEBUG 37792 --- [user-management-service] [           main] org.hibernate.SQL                        : 
    insert 
    into
        users
        (bank_account_number, bank_ifsc_code, business_address, business_name, created_at, email, enabled, first_name, is_active, is_seller, last_name, password, phone, updated_at, upi_id, version) 
    values
        (?, ?, ?, ?, ?, ?, ?, ?, ?, ?, ?, ?, ?, ?, ?, ?)
Hibernate: 
    insert 
    into
        users
        (bank_account_number, bank_ifsc_code, business_address, business_name, created_at, email, enabled, first_name, is_active, is_seller, last_name, password, phone, updated_at, upi_id, version) 
    values
        (?, ?, ?, ?, ?, ?, ?, ?, ?, ?, ?, ?, ?, ?, ?, ?)
2025-06-20T14:19:45.665+05:30 DEBUG 37792 --- [user-management-service] [           main] org.hibernate.SQL                        : 
    insert 
    into
        users
        (bank_account_number, bank_ifsc_code, business_address, business_name, created_at, email, enabled, first_name, is_active, is_seller, last_name, password, phone, updated_at, upi_id, version) 
    values
        (?, ?, ?, ?, ?, ?, ?, ?, ?, ?, ?, ?, ?, ?, ?, ?)
Hibernate: 
    insert 
    into
        users
        (bank_account_number, bank_ifsc_code, business_address, business_name, created_at, email, enabled, first_name, is_active, is_seller, last_name, password, phone, updated_at, upi_id, version) 
    values
        (?, ?, ?, ?, ?, ?, ?, ?, ?, ?, ?, ?, ?, ?, ?, ?)
2025-06-20T14:19:45.669+05:30 DEBUG 37792 --- [user-management-service] [           main] org.hibernate.SQL                        : 
    insert 
    into
        users
        (bank_account_number, bank_ifsc_code, business_address, business_name, created_at, email, enabled, first_name, is_active, is_seller, last_name, password, phone, updated_at, upi_id, version) 
    values
        (?, ?, ?, ?, ?, ?, ?, ?, ?, ?, ?, ?, ?, ?, ?, ?)
Hibernate: 
    insert 
    into
        users
        (bank_account_number, bank_ifsc_code, business_address, business_name, created_at, email, enabled, first_name, is_active, is_seller, last_name, password, phone, updated_at, upi_id, version) 
    values
        (?, ?, ?, ?, ?, ?, ?, ?, ?, ?, ?, ?, ?, ?, ?, ?)
2025-06-20T14:19:45.672+05:30 DEBUG 37792 --- [user-management-service] [           main] org.hibernate.SQL                        : 
    insert 
    into
        users
        (bank_account_number, bank_ifsc_code, business_address, business_name, created_at, email, enabled, first_name, is_active, is_seller, last_name, password, phone, updated_at, upi_id, version) 
    values
        (?, ?, ?, ?, ?, ?, ?, ?, ?, ?, ?, ?, ?, ?, ?, ?)
Hibernate: 
    insert 
    into
        users
        (bank_account_number, bank_ifsc_code, business_address, business_name, created_at, email, enabled, first_name, is_active, is_seller, last_name, password, phone, updated_at, upi_id, version) 
    values
        (?, ?, ?, ?, ?, ?, ?, ?, ?, ?, ?, ?, ?, ?, ?, ?)
2025-06-20T14:19:45.675+05:30 DEBUG 37792 --- [user-management-service] [           main] org.hibernate.SQL                        : 
    insert 
    into
        users
        (bank_account_number, bank_ifsc_code, business_address, business_name, created_at, email, enabled, first_name, is_active, is_seller, last_name, password, phone, updated_at, upi_id, version) 
    values
        (?, ?, ?, ?, ?, ?, ?, ?, ?, ?, ?, ?, ?, ?, ?, ?)
Hibernate: 
    insert 
    into
        users
        (bank_account_number, bank_ifsc_code, business_address, business_name, created_at, email, enabled, first_name, is_active, is_seller, last_name, password, phone, updated_at, upi_id, version) 
    values
        (?, ?, ?, ?, ?, ?, ?, ?, ?, ?, ?, ?, ?, ?, ?, ?)
2025-06-20T14:19:45.679+05:30 DEBUG 37792 --- [user-management-service] [           main] org.hibernate.SQL                        : 
    insert 
    into
        users
        (bank_account_number, bank_ifsc_code, business_address, business_name, created_at, email, enabled, first_name, is_active, is_seller, last_name, password, phone, updated_at, upi_id, version) 
    values
        (?, ?, ?, ?, ?, ?, ?, ?, ?, ?, ?, ?, ?, ?, ?, ?)
Hibernate: 
    insert 
    into
        users
        (bank_account_number, bank_ifsc_code, business_address, business_name, created_at, email, enabled, first_name, is_active, is_seller, last_name, password, phone, updated_at, upi_id, version) 
    values
        (?, ?, ?, ?, ?, ?, ?, ?, ?, ?, ?, ?, ?, ?, ?, ?)
2025-06-20T14:19:45.682+05:30 DEBUG 37792 --- [user-management-service] [           main] org.hibernate.SQL                        : 
    insert 
    into
        users
        (bank_account_number, bank_ifsc_code, business_address, business_name, created_at, email, enabled, first_name, is_active, is_seller, last_name, password, phone, updated_at, upi_id, version) 
    values
        (?, ?, ?, ?, ?, ?, ?, ?, ?, ?, ?, ?, ?, ?, ?, ?)
Hibernate: 
    insert 
    into
        users
        (bank_account_number, bank_ifsc_code, business_address, business_name, created_at, email, enabled, first_name, is_active, is_seller, last_name, password, phone, updated_at, upi_id, version) 
    values
        (?, ?, ?, ?, ?, ?, ?, ?, ?, ?, ?, ?, ?, ?, ?, ?)
2025-06-20T14:19:45.686+05:30 DEBUG 37792 --- [user-management-service] [           main] org.hibernate.SQL                        : 
    insert 
    into
        users
        (bank_account_number, bank_ifsc_code, business_address, business_name, created_at, email, enabled, first_name, is_active, is_seller, last_name, password, phone, updated_at, upi_id, version) 
    values
        (?, ?, ?, ?, ?, ?, ?, ?, ?, ?, ?, ?, ?, ?, ?, ?)
Hibernate: 
    insert 
    into
        users
        (bank_account_number, bank_ifsc_code, business_address, business_name, created_at, email, enabled, first_name, is_active, is_seller, last_name, password, phone, updated_at, upi_id, version) 
    values
        (?, ?, ?, ?, ?, ?, ?, ?, ?, ?, ?, ?, ?, ?, ?, ?)
2025-06-20T14:19:45.689+05:30 DEBUG 37792 --- [user-management-service] [           main] org.hibernate.SQL                        : 
    insert 
    into
        users
        (bank_account_number, bank_ifsc_code, business_address, business_name, created_at, email, enabled, first_name, is_active, is_seller, last_name, password, phone, updated_at, upi_id, version) 
    values
        (?, ?, ?, ?, ?, ?, ?, ?, ?, ?, ?, ?, ?, ?, ?, ?)
Hibernate: 
    insert 
    into
        users
        (bank_account_number, bank_ifsc_code, business_address, business_name, created_at, email, enabled, first_name, is_active, is_seller, last_name, password, phone, updated_at, upi_id, version) 
    values
        (?, ?, ?, ?, ?, ?, ?, ?, ?, ?, ?, ?, ?, ?, ?, ?)
2025-06-20T14:19:45.692+05:30 DEBUG 37792 --- [user-management-service] [           main] org.hibernate.SQL                        : 
    insert 
    into
        users
        (bank_account_number, bank_ifsc_code, business_address, business_name, created_at, email, enabled, first_name, is_active, is_seller, last_name, password, phone, updated_at, upi_id, version) 
    values
        (?, ?, ?, ?, ?, ?, ?, ?, ?, ?, ?, ?, ?, ?, ?, ?)
Hibernate: 
    insert 
    into
        users
        (bank_account_number, bank_ifsc_code, business_address, business_name, created_at, email, enabled, first_name, is_active, is_seller, last_name, password, phone, updated_at, upi_id, version) 
    values
        (?, ?, ?, ?, ?, ?, ?, ?, ?, ?, ?, ?, ?, ?, ?, ?)
2025-06-20T14:19:45.696+05:30 DEBUG 37792 --- [user-management-service] [           main] org.hibernate.SQL                        : 
    insert 
    into
        users
        (bank_account_number, bank_ifsc_code, business_address, business_name, created_at, email, enabled, first_name, is_active, is_seller, last_name, password, phone, updated_at, upi_id, version) 
    values
        (?, ?, ?, ?, ?, ?, ?, ?, ?, ?, ?, ?, ?, ?, ?, ?)
Hibernate: 
    insert 
    into
        users
        (bank_account_number, bank_ifsc_code, business_address, business_name, created_at, email, enabled, first_name, is_active, is_seller, last_name, password, phone, updated_at, upi_id, version) 
    values
        (?, ?, ?, ?, ?, ?, ?, ?, ?, ?, ?, ?, ?, ?, ?, ?)
2025-06-20T14:19:45.699+05:30 DEBUG 37792 --- [user-management-service] [           main] org.hibernate.SQL                        : 
    insert 
    into
        users
        (bank_account_number, bank_ifsc_code, business_address, business_name, created_at, email, enabled, first_name, is_active, is_seller, last_name, password, phone, updated_at, upi_id, version) 
    values
        (?, ?, ?, ?, ?, ?, ?, ?, ?, ?, ?, ?, ?, ?, ?, ?)
Hibernate: 
    insert 
    into
        users
        (bank_account_number, bank_ifsc_code, business_address, business_name, created_at, email, enabled, first_name, is_active, is_seller, last_name, password, phone, updated_at, upi_id, version) 
    values
        (?, ?, ?, ?, ?, ?, ?, ?, ?, ?, ?, ?, ?, ?, ?, ?)
2025-06-20T14:19:45.702+05:30 DEBUG 37792 --- [user-management-service] [           main] org.hibernate.SQL                        : 
    insert 
    into
        users
        (bank_account_number, bank_ifsc_code, business_address, business_name, created_at, email, enabled, first_name, is_active, is_seller, last_name, password, phone, updated_at, upi_id, version) 
    values
        (?, ?, ?, ?, ?, ?, ?, ?, ?, ?, ?, ?, ?, ?, ?, ?)
Hibernate: 
    insert 
    into
        users
        (bank_account_number, bank_ifsc_code, business_address, business_name, created_at, email, enabled, first_name, is_active, is_seller, last_name, password, phone, updated_at, upi_id, version) 
    values
        (?, ?, ?, ?, ?, ?, ?, ?, ?, ?, ?, ?, ?, ?, ?, ?)
2025-06-20T14:19:45.706+05:30 DEBUG 37792 --- [user-management-service] [           main] org.hibernate.SQL                        : 
    insert 
    into
        users
        (bank_account_number, bank_ifsc_code, business_address, business_name, created_at, email, enabled, first_name, is_active, is_seller, last_name, password, phone, updated_at, upi_id, version) 
    values
        (?, ?, ?, ?, ?, ?, ?, ?, ?, ?, ?, ?, ?, ?, ?, ?)
Hibernate: 
    insert 
    into
        users
        (bank_account_number, bank_ifsc_code, business_address, business_name, created_at, email, enabled, first_name, is_active, is_seller, last_name, password, phone, updated_at, upi_id, version) 
    values
        (?, ?, ?, ?, ?, ?, ?, ?, ?, ?, ?, ?, ?, ?, ?, ?)
2025-06-20T14:19:45.710+05:30 DEBUG 37792 --- [user-management-service] [           main] org.hibernate.SQL                        : 
    insert 
    into
        users
        (bank_account_number, bank_ifsc_code, business_address, business_name, created_at, email, enabled, first_name, is_active, is_seller, last_name, password, phone, updated_at, upi_id, version) 
    values
        (?, ?, ?, ?, ?, ?, ?, ?, ?, ?, ?, ?, ?, ?, ?, ?)
Hibernate: 
    insert 
    into
        users
        (bank_account_number, bank_ifsc_code, business_address, business_name, created_at, email, enabled, first_name, is_active, is_seller, last_name, password, phone, updated_at, upi_id, version) 
    values
        (?, ?, ?, ?, ?, ?, ?, ?, ?, ?, ?, ?, ?, ?, ?, ?)
2025-06-20T14:19:45.713+05:30 DEBUG 37792 --- [user-management-service] [           main] org.hibernate.SQL                        : 
    insert 
    into
        users
        (bank_account_number, bank_ifsc_code, business_address, business_name, created_at, email, enabled, first_name, is_active, is_seller, last_name, password, phone, updated_at, upi_id, version) 
    values
        (?, ?, ?, ?, ?, ?, ?, ?, ?, ?, ?, ?, ?, ?, ?, ?)
Hibernate: 
    insert 
    into
        users
        (bank_account_number, bank_ifsc_code, business_address, business_name, created_at, email, enabled, first_name, is_active, is_seller, last_name, password, phone, updated_at, upi_id, version) 
    values
        (?, ?, ?, ?, ?, ?, ?, ?, ?, ?, ?, ?, ?, ?, ?, ?)
2025-06-20T14:19:45.718+05:30 DEBUG 37792 --- [user-management-service] [           main] org.hibernate.SQL                        : 
    insert 
    into
        users
        (bank_account_number, bank_ifsc_code, business_address, business_name, created_at, email, enabled, first_name, is_active, is_seller, last_name, password, phone, updated_at, upi_id, version) 
    values
        (?, ?, ?, ?, ?, ?, ?, ?, ?, ?, ?, ?, ?, ?, ?, ?)
Hibernate: 
    insert 
    into
        users
        (bank_account_number, bank_ifsc_code, business_address, business_name, created_at, email, enabled, first_name, is_active, is_seller, last_name, password, phone, updated_at, upi_id, version) 
    values
        (?, ?, ?, ?, ?, ?, ?, ?, ?, ?, ?, ?, ?, ?, ?, ?)
2025-06-20T14:19:45.722+05:30 DEBUG 37792 --- [user-management-service] [           main] org.hibernate.SQL                        : 
    insert 
    into
        users
        (bank_account_number, bank_ifsc_code, business_address, business_name, created_at, email, enabled, first_name, is_active, is_seller, last_name, password, phone, updated_at, upi_id, version) 
    values
        (?, ?, ?, ?, ?, ?, ?, ?, ?, ?, ?, ?, ?, ?, ?, ?)
Hibernate: 
    insert 
    into
        users
        (bank_account_number, bank_ifsc_code, business_address, business_name, created_at, email, enabled, first_name, is_active, is_seller, last_name, password, phone, updated_at, upi_id, version) 
    values
        (?, ?, ?, ?, ?, ?, ?, ?, ?, ?, ?, ?, ?, ?, ?, ?)
2025-06-20T14:19:45.726+05:30 DEBUG 37792 --- [user-management-service] [           main] org.hibernate.SQL                        : 
    insert 
    into
        users
        (bank_account_number, bank_ifsc_code, business_address, business_name, created_at, email, enabled, first_name, is_active, is_seller, last_name, password, phone, updated_at, upi_id, version) 
    values
        (?, ?, ?, ?, ?, ?, ?, ?, ?, ?, ?, ?, ?, ?, ?, ?)
Hibernate: 
    insert 
    into
        users
        (bank_account_number, bank_ifsc_code, business_address, business_name, created_at, email, enabled, first_name, is_active, is_seller, last_name, password, phone, updated_at, upi_id, version) 
    values
        (?, ?, ?, ?, ?, ?, ?, ?, ?, ?, ?, ?, ?, ?, ?, ?)
2025-06-20T14:19:45.729+05:30 DEBUG 37792 --- [user-management-service] [           main] org.hibernate.SQL                        : 
    insert 
    into
        users
        (bank_account_number, bank_ifsc_code, business_address, business_name, created_at, email, enabled, first_name, is_active, is_seller, last_name, password, phone, updated_at, upi_id, version) 
    values
        (?, ?, ?, ?, ?, ?, ?, ?, ?, ?, ?, ?, ?, ?, ?, ?)
Hibernate: 
    insert 
    into
        users
        (bank_account_number, bank_ifsc_code, business_address, business_name, created_at, email, enabled, first_name, is_active, is_seller, last_name, password, phone, updated_at, upi_id, version) 
    values
        (?, ?, ?, ?, ?, ?, ?, ?, ?, ?, ?, ?, ?, ?, ?, ?)
2025-06-20T14:19:45.732+05:30 DEBUG 37792 --- [user-management-service] [           main] org.hibernate.SQL                        : 
    insert 
    into
        users
        (bank_account_number, bank_ifsc_code, business_address, business_name, created_at, email, enabled, first_name, is_active, is_seller, last_name, password, phone, updated_at, upi_id, version) 
    values
        (?, ?, ?, ?, ?, ?, ?, ?, ?, ?, ?, ?, ?, ?, ?, ?)
Hibernate: 
    insert 
    into
        users
        (bank_account_number, bank_ifsc_code, business_address, business_name, created_at, email, enabled, first_name, is_active, is_seller, last_name, password, phone, updated_at, upi_id, version) 
    values
        (?, ?, ?, ?, ?, ?, ?, ?, ?, ?, ?, ?, ?, ?, ?, ?)
2025-06-20T14:19:45.735+05:30 DEBUG 37792 --- [user-management-service] [           main] org.hibernate.SQL                        : 
    insert 
    into
        users
        (bank_account_number, bank_ifsc_code, business_address, business_name, created_at, email, enabled, first_name, is_active, is_seller, last_name, password, phone, updated_at, upi_id, version) 
    values
        (?, ?, ?, ?, ?, ?, ?, ?, ?, ?, ?, ?, ?, ?, ?, ?)
Hibernate: 
    insert 
    into
        users
        (bank_account_number, bank_ifsc_code, business_address, business_name, created_at, email, enabled, first_name, is_active, is_seller, last_name, password, phone, updated_at, upi_id, version) 
    values
        (?, ?, ?, ?, ?, ?, ?, ?, ?, ?, ?, ?, ?, ?, ?, ?)
2025-06-20T14:19:45.738+05:30 DEBUG 37792 --- [user-management-service] [           main] org.hibernate.SQL                        : 
    insert 
    into
        users
        (bank_account_number, bank_ifsc_code, business_address, business_name, created_at, email, enabled, first_name, is_active, is_seller, last_name, password, phone, updated_at, upi_id, version) 
    values
        (?, ?, ?, ?, ?, ?, ?, ?, ?, ?, ?, ?, ?, ?, ?, ?)
Hibernate: 
    insert 
    into
        users
        (bank_account_number, bank_ifsc_code, business_address, business_name, created_at, email, enabled, first_name, is_active, is_seller, last_name, password, phone, updated_at, upi_id, version) 
    values
        (?, ?, ?, ?, ?, ?, ?, ?, ?, ?, ?, ?, ?, ?, ?, ?)
2025-06-20T14:19:45.741+05:30 DEBUG 37792 --- [user-management-service] [           main] org.hibernate.SQL                        : 
    insert 
    into
        users
        (bank_account_number, bank_ifsc_code, business_address, business_name, created_at, email, enabled, first_name, is_active, is_seller, last_name, password, phone, updated_at, upi_id, version) 
    values
        (?, ?, ?, ?, ?, ?, ?, ?, ?, ?, ?, ?, ?, ?, ?, ?)
Hibernate: 
    insert 
    into
        users
        (bank_account_number, bank_ifsc_code, business_address, business_name, created_at, email, enabled, first_name, is_active, is_seller, last_name, password, phone, updated_at, upi_id, version) 
    values
        (?, ?, ?, ?, ?, ?, ?, ?, ?, ?, ?, ?, ?, ?, ?, ?)
2025-06-20T14:19:45.745+05:30 DEBUG 37792 --- [user-management-service] [           main] org.hibernate.SQL                        : 
    insert 
    into
        users
        (bank_account_number, bank_ifsc_code, business_address, business_name, created_at, email, enabled, first_name, is_active, is_seller, last_name, password, phone, updated_at, upi_id, version) 
    values
        (?, ?, ?, ?, ?, ?, ?, ?, ?, ?, ?, ?, ?, ?, ?, ?)
Hibernate: 
    insert 
    into
        users
        (bank_account_number, bank_ifsc_code, business_address, business_name, created_at, email, enabled, first_name, is_active, is_seller, last_name, password, phone, updated_at, upi_id, version) 
    values
        (?, ?, ?, ?, ?, ?, ?, ?, ?, ?, ?, ?, ?, ?, ?, ?)
2025-06-20T14:19:45.747+05:30 DEBUG 37792 --- [user-management-service] [           main] org.hibernate.SQL                        : 
    insert 
    into
        users
        (bank_account_number, bank_ifsc_code, business_address, business_name, created_at, email, enabled, first_name, is_active, is_seller, last_name, password, phone, updated_at, upi_id, version) 
    values
        (?, ?, ?, ?, ?, ?, ?, ?, ?, ?, ?, ?, ?, ?, ?, ?)
Hibernate: 
    insert 
    into
        users
        (bank_account_number, bank_ifsc_code, business_address, business_name, created_at, email, enabled, first_name, is_active, is_seller, last_name, password, phone, updated_at, upi_id, version) 
    values
        (?, ?, ?, ?, ?, ?, ?, ?, ?, ?, ?, ?, ?, ?, ?, ?)
2025-06-20T14:19:45.749+05:30 DEBUG 37792 --- [user-management-service] [           main] org.hibernate.SQL                        : 
    insert 
    into
        users
        (bank_account_number, bank_ifsc_code, business_address, business_name, created_at, email, enabled, first_name, is_active, is_seller, last_name, password, phone, updated_at, upi_id, version) 
    values
        (?, ?, ?, ?, ?, ?, ?, ?, ?, ?, ?, ?, ?, ?, ?, ?)
Hibernate: 
    insert 
    into
        users
        (bank_account_number, bank_ifsc_code, business_address, business_name, created_at, email, enabled, first_name, is_active, is_seller, last_name, password, phone, updated_at, upi_id, version) 
    values
        (?, ?, ?, ?, ?, ?, ?, ?, ?, ?, ?, ?, ?, ?, ?, ?)
2025-06-20T14:19:45.752+05:30 DEBUG 37792 --- [user-management-service] [           main] org.hibernate.SQL                        : 
    insert 
    into
        users
        (bank_account_number, bank_ifsc_code, business_address, business_name, created_at, email, enabled, first_name, is_active, is_seller, last_name, password, phone, updated_at, upi_id, version) 
    values
        (?, ?, ?, ?, ?, ?, ?, ?, ?, ?, ?, ?, ?, ?, ?, ?)
Hibernate: 
    insert 
    into
        users
        (bank_account_number, bank_ifsc_code, business_address, business_name, created_at, email, enabled, first_name, is_active, is_seller, last_name, password, phone, updated_at, upi_id, version) 
    values
        (?, ?, ?, ?, ?, ?, ?, ?, ?, ?, ?, ?, ?, ?, ?, ?)
2025-06-20T14:19:45.755+05:30 DEBUG 37792 --- [user-management-service] [           main] org.hibernate.SQL                        : 
    insert 
    into
        users
        (bank_account_number, bank_ifsc_code, business_address, business_name, created_at, email, enabled, first_name, is_active, is_seller, last_name, password, phone, updated_at, upi_id, version) 
    values
        (?, ?, ?, ?, ?, ?, ?, ?, ?, ?, ?, ?, ?, ?, ?, ?)
Hibernate: 
    insert 
    into
        users
        (bank_account_number, bank_ifsc_code, business_address, business_name, created_at, email, enabled, first_name, is_active, is_seller, last_name, password, phone, updated_at, upi_id, version) 
    values
        (?, ?, ?, ?, ?, ?, ?, ?, ?, ?, ?, ?, ?, ?, ?, ?)
2025-06-20T14:19:45.757+05:30 DEBUG 37792 --- [user-management-service] [           main] org.hibernate.SQL                        : 
    insert 
    into
        users
        (bank_account_number, bank_ifsc_code, business_address, business_name, created_at, email, enabled, first_name, is_active, is_seller, last_name, password, phone, updated_at, upi_id, version) 
    values
        (?, ?, ?, ?, ?, ?, ?, ?, ?, ?, ?, ?, ?, ?, ?, ?)
Hibernate: 
    insert 
    into
        users
        (bank_account_number, bank_ifsc_code, business_address, business_name, created_at, email, enabled, first_name, is_active, is_seller, last_name, password, phone, updated_at, upi_id, version) 
    values
        (?, ?, ?, ?, ?, ?, ?, ?, ?, ?, ?, ?, ?, ?, ?, ?)
2025-06-20T14:19:45.760+05:30 DEBUG 37792 --- [user-management-service] [           main] org.hibernate.SQL                        : 
    insert 
    into
        users
        (bank_account_number, bank_ifsc_code, business_address, business_name, created_at, email, enabled, first_name, is_active, is_seller, last_name, password, phone, updated_at, upi_id, version) 
    values
        (?, ?, ?, ?, ?, ?, ?, ?, ?, ?, ?, ?, ?, ?, ?, ?)
Hibernate: 
    insert 
    into
        users
        (bank_account_number, bank_ifsc_code, business_address, business_name, created_at, email, enabled, first_name, is_active, is_seller, last_name, password, phone, updated_at, upi_id, version) 
    values
        (?, ?, ?, ?, ?, ?, ?, ?, ?, ?, ?, ?, ?, ?, ?, ?)
2025-06-20T14:19:45.764+05:30 DEBUG 37792 --- [user-management-service] [           main] org.hibernate.SQL                        : 
    insert 
    into
        users
        (bank_account_number, bank_ifsc_code, business_address, business_name, created_at, email, enabled, first_name, is_active, is_seller, last_name, password, phone, updated_at, upi_id, version) 
    values
        (?, ?, ?, ?, ?, ?, ?, ?, ?, ?, ?, ?, ?, ?, ?, ?)
Hibernate: 
    insert 
    into
        users
        (bank_account_number, bank_ifsc_code, business_address, business_name, created_at, email, enabled, first_name, is_active, is_seller, last_name, password, phone, updated_at, upi_id, version) 
    values
        (?, ?, ?, ?, ?, ?, ?, ?, ?, ?, ?, ?, ?, ?, ?, ?)
2025-06-20T14:19:45.766+05:30 DEBUG 37792 --- [user-management-service] [           main] org.hibernate.SQL                        : 
    insert 
    into
        users
        (bank_account_number, bank_ifsc_code, business_address, business_name, created_at, email, enabled, first_name, is_active, is_seller, last_name, password, phone, updated_at, upi_id, version) 
    values
        (?, ?, ?, ?, ?, ?, ?, ?, ?, ?, ?, ?, ?, ?, ?, ?)
Hibernate: 
    insert 
    into
        users
        (bank_account_number, bank_ifsc_code, business_address, business_name, created_at, email, enabled, first_name, is_active, is_seller, last_name, password, phone, updated_at, upi_id, version) 
    values
        (?, ?, ?, ?, ?, ?, ?, ?, ?, ?, ?, ?, ?, ?, ?, ?)
2025-06-20T14:19:45.769+05:30 DEBUG 37792 --- [user-management-service] [           main] org.hibernate.SQL                        : 
    insert 
    into
        users
        (bank_account_number, bank_ifsc_code, business_address, business_name, created_at, email, enabled, first_name, is_active, is_seller, last_name, password, phone, updated_at, upi_id, version) 
    values
        (?, ?, ?, ?, ?, ?, ?, ?, ?, ?, ?, ?, ?, ?, ?, ?)
Hibernate: 
    insert 
    into
        users
        (bank_account_number, bank_ifsc_code, business_address, business_name, created_at, email, enabled, first_name, is_active, is_seller, last_name, password, phone, updated_at, upi_id, version) 
    values
        (?, ?, ?, ?, ?, ?, ?, ?, ?, ?, ?, ?, ?, ?, ?, ?)
2025-06-20T14:19:45.772+05:30 DEBUG 37792 --- [user-management-service] [           main] org.hibernate.SQL                        : 
    insert 
    into
        users
        (bank_account_number, bank_ifsc_code, business_address, business_name, created_at, email, enabled, first_name, is_active, is_seller, last_name, password, phone, updated_at, upi_id, version) 
    values
        (?, ?, ?, ?, ?, ?, ?, ?, ?, ?, ?, ?, ?, ?, ?, ?)
Hibernate: 
    insert 
    into
        users
        (bank_account_number, bank_ifsc_code, business_address, business_name, created_at, email, enabled, first_name, is_active, is_seller, last_name, password, phone, updated_at, upi_id, version) 
    values
        (?, ?, ?, ?, ?, ?, ?, ?, ?, ?, ?, ?, ?, ?, ?, ?)
2025-06-20T14:19:45.775+05:30 DEBUG 37792 --- [user-management-service] [           main] org.hibernate.SQL                        : 
    insert 
    into
        users
        (bank_account_number, bank_ifsc_code, business_address, business_name, created_at, email, enabled, first_name, is_active, is_seller, last_name, password, phone, updated_at, upi_id, version) 
    values
        (?, ?, ?, ?, ?, ?, ?, ?, ?, ?, ?, ?, ?, ?, ?, ?)
Hibernate: 
    insert 
    into
        users
        (bank_account_number, bank_ifsc_code, business_address, business_name, created_at, email, enabled, first_name, is_active, is_seller, last_name, password, phone, updated_at, upi_id, version) 
    values
        (?, ?, ?, ?, ?, ?, ?, ?, ?, ?, ?, ?, ?, ?, ?, ?)
2025-06-20T14:19:45.778+05:30 DEBUG 37792 --- [user-management-service] [           main] org.hibernate.SQL                        : 
    insert 
    into
        users
        (bank_account_number, bank_ifsc_code, business_address, business_name, created_at, email, enabled, first_name, is_active, is_seller, last_name, password, phone, updated_at, upi_id, version) 
    values
        (?, ?, ?, ?, ?, ?, ?, ?, ?, ?, ?, ?, ?, ?, ?, ?)
Hibernate: 
    insert 
    into
        users
        (bank_account_number, bank_ifsc_code, business_address, business_name, created_at, email, enabled, first_name, is_active, is_seller, last_name, password, phone, updated_at, upi_id, version) 
    values
        (?, ?, ?, ?, ?, ?, ?, ?, ?, ?, ?, ?, ?, ?, ?, ?)
2025-06-20T14:19:45.781+05:30 DEBUG 37792 --- [user-management-service] [           main] org.hibernate.SQL                        : 
    insert 
    into
        users
        (bank_account_number, bank_ifsc_code, business_address, business_name, created_at, email, enabled, first_name, is_active, is_seller, last_name, password, phone, updated_at, upi_id, version) 
    values
        (?, ?, ?, ?, ?, ?, ?, ?, ?, ?, ?, ?, ?, ?, ?, ?)
Hibernate: 
    insert 
    into
        users
        (bank_account_number, bank_ifsc_code, business_address, business_name, created_at, email, enabled, first_name, is_active, is_seller, last_name, password, phone, updated_at, upi_id, version) 
    values
        (?, ?, ?, ?, ?, ?, ?, ?, ?, ?, ?, ?, ?, ?, ?, ?)
2025-06-20T14:19:45.785+05:30 DEBUG 37792 --- [user-management-service] [           main] org.hibernate.SQL                        : 
    insert 
    into
        users
        (bank_account_number, bank_ifsc_code, business_address, business_name, created_at, email, enabled, first_name, is_active, is_seller, last_name, password, phone, updated_at, upi_id, version) 
    values
        (?, ?, ?, ?, ?, ?, ?, ?, ?, ?, ?, ?, ?, ?, ?, ?)
Hibernate: 
    insert 
    into
        users
        (bank_account_number, bank_ifsc_code, business_address, business_name, created_at, email, enabled, first_name, is_active, is_seller, last_name, password, phone, updated_at, upi_id, version) 
    values
        (?, ?, ?, ?, ?, ?, ?, ?, ?, ?, ?, ?, ?, ?, ?, ?)
2025-06-20T14:19:45.788+05:30 DEBUG 37792 --- [user-management-service] [           main] org.hibernate.SQL                        : 
    insert 
    into
        users
        (bank_account_number, bank_ifsc_code, business_address, business_name, created_at, email, enabled, first_name, is_active, is_seller, last_name, password, phone, updated_at, upi_id, version) 
    values
        (?, ?, ?, ?, ?, ?, ?, ?, ?, ?, ?, ?, ?, ?, ?, ?)
Hibernate: 
    insert 
    into
        users
        (bank_account_number, bank_ifsc_code, business_address, business_name, created_at, email, enabled, first_name, is_active, is_seller, last_name, password, phone, updated_at, upi_id, version) 
    values
        (?, ?, ?, ?, ?, ?, ?, ?, ?, ?, ?, ?, ?, ?, ?, ?)
2025-06-20T14:19:45.790+05:30 DEBUG 37792 --- [user-management-service] [           main] org.hibernate.SQL                        : 
    insert 
    into
        users
        (bank_account_number, bank_ifsc_code, business_address, business_name, created_at, email, enabled, first_name, is_active, is_seller, last_name, password, phone, updated_at, upi_id, version) 
    values
        (?, ?, ?, ?, ?, ?, ?, ?, ?, ?, ?, ?, ?, ?, ?, ?)
Hibernate: 
    insert 
    into
        users
        (bank_account_number, bank_ifsc_code, business_address, business_name, created_at, email, enabled, first_name, is_active, is_seller, last_name, password, phone, updated_at, upi_id, version) 
    values
        (?, ?, ?, ?, ?, ?, ?, ?, ?, ?, ?, ?, ?, ?, ?, ?)
2025-06-20T14:19:45.792+05:30 DEBUG 37792 --- [user-management-service] [           main] org.hibernate.SQL                        : 
    insert 
    into
        users
        (bank_account_number, bank_ifsc_code, business_address, business_name, created_at, email, enabled, first_name, is_active, is_seller, last_name, password, phone, updated_at, upi_id, version) 
    values
        (?, ?, ?, ?, ?, ?, ?, ?, ?, ?, ?, ?, ?, ?, ?, ?)
Hibernate: 
    insert 
    into
        users
        (bank_account_number, bank_ifsc_code, business_address, business_name, created_at, email, enabled, first_name, is_active, is_seller, last_name, password, phone, updated_at, upi_id, version) 
    values
        (?, ?, ?, ?, ?, ?, ?, ?, ?, ?, ?, ?, ?, ?, ?, ?)
2025-06-20T14:19:45.795+05:30 DEBUG 37792 --- [user-management-service] [           main] org.hibernate.SQL                        : 
    insert 
    into
        users
        (bank_account_number, bank_ifsc_code, business_address, business_name, created_at, email, enabled, first_name, is_active, is_seller, last_name, password, phone, updated_at, upi_id, version) 
    values
        (?, ?, ?, ?, ?, ?, ?, ?, ?, ?, ?, ?, ?, ?, ?, ?)
Hibernate: 
    insert 
    into
        users
        (bank_account_number, bank_ifsc_code, business_address, business_name, created_at, email, enabled, first_name, is_active, is_seller, last_name, password, phone, updated_at, upi_id, version) 
    values
        (?, ?, ?, ?, ?, ?, ?, ?, ?, ?, ?, ?, ?, ?, ?, ?)
2025-06-20T14:19:45.798+05:30 DEBUG 37792 --- [user-management-service] [           main] org.hibernate.SQL                        : 
    insert 
    into
        users
        (bank_account_number, bank_ifsc_code, business_address, business_name, created_at, email, enabled, first_name, is_active, is_seller, last_name, password, phone, updated_at, upi_id, version) 
    values
        (?, ?, ?, ?, ?, ?, ?, ?, ?, ?, ?, ?, ?, ?, ?, ?)
Hibernate: 
    insert 
    into
        users
        (bank_account_number, bank_ifsc_code, business_address, business_name, created_at, email, enabled, first_name, is_active, is_seller, last_name, password, phone, updated_at, upi_id, version) 
    values
        (?, ?, ?, ?, ?, ?, ?, ?, ?, ?, ?, ?, ?, ?, ?, ?)
2025-06-20T14:19:45.800+05:30 DEBUG 37792 --- [user-management-service] [           main] org.hibernate.SQL                        : 
    insert 
    into
        users
        (bank_account_number, bank_ifsc_code, business_address, business_name, created_at, email, enabled, first_name, is_active, is_seller, last_name, password, phone, updated_at, upi_id, version) 
    values
        (?, ?, ?, ?, ?, ?, ?, ?, ?, ?, ?, ?, ?, ?, ?, ?)
Hibernate: 
    insert 
    into
        users
        (bank_account_number, bank_ifsc_code, business_address, business_name, created_at, email, enabled, first_name, is_active, is_seller, last_name, password, phone, updated_at, upi_id, version) 
    values
        (?, ?, ?, ?, ?, ?, ?, ?, ?, ?, ?, ?, ?, ?, ?, ?)
2025-06-20T14:19:45.802+05:30 DEBUG 37792 --- [user-management-service] [           main] org.hibernate.SQL                        : 
    insert 
    into
        users
        (bank_account_number, bank_ifsc_code, business_address, business_name, created_at, email, enabled, first_name, is_active, is_seller, last_name, password, phone, updated_at, upi_id, version) 
    values
        (?, ?, ?, ?, ?, ?, ?, ?, ?, ?, ?, ?, ?, ?, ?, ?)
Hibernate: 
    insert 
    into
        users
        (bank_account_number, bank_ifsc_code, business_address, business_name, created_at, email, enabled, first_name, is_active, is_seller, last_name, password, phone, updated_at, upi_id, version) 
    values
        (?, ?, ?, ?, ?, ?, ?, ?, ?, ?, ?, ?, ?, ?, ?, ?)
2025-06-20T14:19:45.805+05:30 DEBUG 37792 --- [user-management-service] [           main] org.hibernate.SQL                        : 
    insert 
    into
        users
        (bank_account_number, bank_ifsc_code, business_address, business_name, created_at, email, enabled, first_name, is_active, is_seller, last_name, password, phone, updated_at, upi_id, version) 
    values
        (?, ?, ?, ?, ?, ?, ?, ?, ?, ?, ?, ?, ?, ?, ?, ?)
Hibernate: 
    insert 
    into
        users
        (bank_account_number, bank_ifsc_code, business_address, business_name, created_at, email, enabled, first_name, is_active, is_seller, last_name, password, phone, updated_at, upi_id, version) 
    values
        (?, ?, ?, ?, ?, ?, ?, ?, ?, ?, ?, ?, ?, ?, ?, ?)
2025-06-20T14:19:45.807+05:30 DEBUG 37792 --- [user-management-service] [           main] org.hibernate.SQL                        : 
    insert 
    into
        users
        (bank_account_number, bank_ifsc_code, business_address, business_name, created_at, email, enabled, first_name, is_active, is_seller, last_name, password, phone, updated_at, upi_id, version) 
    values
        (?, ?, ?, ?, ?, ?, ?, ?, ?, ?, ?, ?, ?, ?, ?, ?)
Hibernate: 
    insert 
    into
        users
        (bank_account_number, bank_ifsc_code, business_address, business_name, created_at, email, enabled, first_name, is_active, is_seller, last_name, password, phone, updated_at, upi_id, version) 
    values
        (?, ?, ?, ?, ?, ?, ?, ?, ?, ?, ?, ?, ?, ?, ?, ?)
2025-06-20T14:19:45.810+05:30 DEBUG 37792 --- [user-management-service] [           main] org.hibernate.SQL                        : 
    insert 
    into
        users
        (bank_account_number, bank_ifsc_code, business_address, business_name, created_at, email, enabled, first_name, is_active, is_seller, last_name, password, phone, updated_at, upi_id, version) 
    values
        (?, ?, ?, ?, ?, ?, ?, ?, ?, ?, ?, ?, ?, ?, ?, ?)
Hibernate: 
    insert 
    into
        users
        (bank_account_number, bank_ifsc_code, business_address, business_name, created_at, email, enabled, first_name, is_active, is_seller, last_name, password, phone, updated_at, upi_id, version) 
    values
        (?, ?, ?, ?, ?, ?, ?, ?, ?, ?, ?, ?, ?, ?, ?, ?)
2025-06-20T14:19:45.811+05:30 DEBUG 37792 --- [user-management-service] [           main] org.hibernate.SQL                        : 
    insert 
    into
        users
        (bank_account_number, bank_ifsc_code, business_address, business_name, created_at, email, enabled, first_name, is_active, is_seller, last_name, password, phone, updated_at, upi_id, version) 
    values
        (?, ?, ?, ?, ?, ?, ?, ?, ?, ?, ?, ?, ?, ?, ?, ?)
Hibernate: 
    insert 
    into
        users
        (bank_account_number, bank_ifsc_code, business_address, business_name, created_at, email, enabled, first_name, is_active, is_seller, last_name, password, phone, updated_at, upi_id, version) 
    values
        (?, ?, ?, ?, ?, ?, ?, ?, ?, ?, ?, ?, ?, ?, ?, ?)
2025-06-20T14:19:45.815+05:30 DEBUG 37792 --- [user-management-service] [           main] org.hibernate.SQL                        : 
    insert 
    into
        users
        (bank_account_number, bank_ifsc_code, business_address, business_name, created_at, email, enabled, first_name, is_active, is_seller, last_name, password, phone, updated_at, upi_id, version) 
    values
        (?, ?, ?, ?, ?, ?, ?, ?, ?, ?, ?, ?, ?, ?, ?, ?)
Hibernate: 
    insert 
    into
        users
        (bank_account_number, bank_ifsc_code, business_address, business_name, created_at, email, enabled, first_name, is_active, is_seller, last_name, password, phone, updated_at, upi_id, version) 
    values
        (?, ?, ?, ?, ?, ?, ?, ?, ?, ?, ?, ?, ?, ?, ?, ?)
2025-06-20T14:19:45.821+05:30 DEBUG 37792 --- [user-management-service] [           main] org.hibernate.SQL                        : 
    insert 
    into
        users
        (bank_account_number, bank_ifsc_code, business_address, business_name, created_at, email, enabled, first_name, is_active, is_seller, last_name, password, phone, updated_at, upi_id, version) 
    values
        (?, ?, ?, ?, ?, ?, ?, ?, ?, ?, ?, ?, ?, ?, ?, ?)
Hibernate: 
    insert 
    into
        users
        (bank_account_number, bank_ifsc_code, business_address, business_name, created_at, email, enabled, first_name, is_active, is_seller, last_name, password, phone, updated_at, upi_id, version) 
    values
        (?, ?, ?, ?, ?, ?, ?, ?, ?, ?, ?, ?, ?, ?, ?, ?)
2025-06-20T14:19:45.827+05:30 DEBUG 37792 --- [user-management-service] [           main] org.hibernate.SQL                        : 
    insert 
    into
        users
        (bank_account_number, bank_ifsc_code, business_address, business_name, created_at, email, enabled, first_name, is_active, is_seller, last_name, password, phone, updated_at, upi_id, version) 
    values
        (?, ?, ?, ?, ?, ?, ?, ?, ?, ?, ?, ?, ?, ?, ?, ?)
Hibernate: 
    insert 
    into
        users
        (bank_account_number, bank_ifsc_code, business_address, business_name, created_at, email, enabled, first_name, is_active, is_seller, last_name, password, phone, updated_at, upi_id, version) 
    values
        (?, ?, ?, ?, ?, ?, ?, ?, ?, ?, ?, ?, ?, ?, ?, ?)
2025-06-20T14:19:45.833+05:30 DEBUG 37792 --- [user-management-service] [           main] org.hibernate.SQL                        : 
    insert 
    into
        users
        (bank_account_number, bank_ifsc_code, business_address, business_name, created_at, email, enabled, first_name, is_active, is_seller, last_name, password, phone, updated_at, upi_id, version) 
    values
        (?, ?, ?, ?, ?, ?, ?, ?, ?, ?, ?, ?, ?, ?, ?, ?)
Hibernate: 
    insert 
    into
        users
        (bank_account_number, bank_ifsc_code, business_address, business_name, created_at, email, enabled, first_name, is_active, is_seller, last_name, password, phone, updated_at, upi_id, version) 
    values
        (?, ?, ?, ?, ?, ?, ?, ?, ?, ?, ?, ?, ?, ?, ?, ?)
2025-06-20T14:19:45.837+05:30 DEBUG 37792 --- [user-management-service] [           main] org.hibernate.SQL                        : 
    insert 
    into
        users
        (bank_account_number, bank_ifsc_code, business_address, business_name, created_at, email, enabled, first_name, is_active, is_seller, last_name, password, phone, updated_at, upi_id, version) 
    values
        (?, ?, ?, ?, ?, ?, ?, ?, ?, ?, ?, ?, ?, ?, ?, ?)
Hibernate: 
    insert 
    into
        users
        (bank_account_number, bank_ifsc_code, business_address, business_name, created_at, email, enabled, first_name, is_active, is_seller, last_name, password, phone, updated_at, upi_id, version) 
    values
        (?, ?, ?, ?, ?, ?, ?, ?, ?, ?, ?, ?, ?, ?, ?, ?)
2025-06-20T14:19:45.842+05:30 DEBUG 37792 --- [user-management-service] [           main] org.hibernate.SQL                        : 
    insert 
    into
        users
        (bank_account_number, bank_ifsc_code, business_address, business_name, created_at, email, enabled, first_name, is_active, is_seller, last_name, password, phone, updated_at, upi_id, version) 
    values
        (?, ?, ?, ?, ?, ?, ?, ?, ?, ?, ?, ?, ?, ?, ?, ?)
Hibernate: 
    insert 
    into
        users
        (bank_account_number, bank_ifsc_code, business_address, business_name, created_at, email, enabled, first_name, is_active, is_seller, last_name, password, phone, updated_at, upi_id, version) 
    values
        (?, ?, ?, ?, ?, ?, ?, ?, ?, ?, ?, ?, ?, ?, ?, ?)
2025-06-20T14:19:45.847+05:30 DEBUG 37792 --- [user-management-service] [           main] org.hibernate.SQL                        : 
    insert 
    into
        users
        (bank_account_number, bank_ifsc_code, business_address, business_name, created_at, email, enabled, first_name, is_active, is_seller, last_name, password, phone, updated_at, upi_id, version) 
    values
        (?, ?, ?, ?, ?, ?, ?, ?, ?, ?, ?, ?, ?, ?, ?, ?)
Hibernate: 
    insert 
    into
        users
        (bank_account_number, bank_ifsc_code, business_address, business_name, created_at, email, enabled, first_name, is_active, is_seller, last_name, password, phone, updated_at, upi_id, version) 
    values
        (?, ?, ?, ?, ?, ?, ?, ?, ?, ?, ?, ?, ?, ?, ?, ?)
2025-06-20T14:19:45.853+05:30 DEBUG 37792 --- [user-management-service] [           main] org.hibernate.SQL                        : 
    insert 
    into
        users
        (bank_account_number, bank_ifsc_code, business_address, business_name, created_at, email, enabled, first_name, is_active, is_seller, last_name, password, phone, updated_at, upi_id, version) 
    values
        (?, ?, ?, ?, ?, ?, ?, ?, ?, ?, ?, ?, ?, ?, ?, ?)
Hibernate: 
    insert 
    into
        users
        (bank_account_number, bank_ifsc_code, business_address, business_name, created_at, email, enabled, first_name, is_active, is_seller, last_name, password, phone, updated_at, upi_id, version) 
    values
        (?, ?, ?, ?, ?, ?, ?, ?, ?, ?, ?, ?, ?, ?, ?, ?)
2025-06-20T14:19:45.858+05:30 DEBUG 37792 --- [user-management-service] [           main] org.hibernate.SQL                        : 
    insert 
    into
        users
        (bank_account_number, bank_ifsc_code, business_address, business_name, created_at, email, enabled, first_name, is_active, is_seller, last_name, password, phone, updated_at, upi_id, version) 
    values
        (?, ?, ?, ?, ?, ?, ?, ?, ?, ?, ?, ?, ?, ?, ?, ?)
Hibernate: 
    insert 
    into
        users
        (bank_account_number, bank_ifsc_code, business_address, business_name, created_at, email, enabled, first_name, is_active, is_seller, last_name, password, phone, updated_at, upi_id, version) 
    values
        (?, ?, ?, ?, ?, ?, ?, ?, ?, ?, ?, ?, ?, ?, ?, ?)
2025-06-20T14:19:45.864+05:30 DEBUG 37792 --- [user-management-service] [           main] org.hibernate.SQL                        : 
    insert 
    into
        users
        (bank_account_number, bank_ifsc_code, business_address, business_name, created_at, email, enabled, first_name, is_active, is_seller, last_name, password, phone, updated_at, upi_id, version) 
    values
        (?, ?, ?, ?, ?, ?, ?, ?, ?, ?, ?, ?, ?, ?, ?, ?)
Hibernate: 
    insert 
    into
        users
        (bank_account_number, bank_ifsc_code, business_address, business_name, created_at, email, enabled, first_name, is_active, is_seller, last_name, password, phone, updated_at, upi_id, version) 
    values
        (?, ?, ?, ?, ?, ?, ?, ?, ?, ?, ?, ?, ?, ?, ?, ?)
2025-06-20T14:19:45.870+05:30 DEBUG 37792 --- [user-management-service] [           main] org.hibernate.SQL                        : 
    insert 
    into
        users
        (bank_account_number, bank_ifsc_code, business_address, business_name, created_at, email, enabled, first_name, is_active, is_seller, last_name, password, phone, updated_at, upi_id, version) 
    values
        (?, ?, ?, ?, ?, ?, ?, ?, ?, ?, ?, ?, ?, ?, ?, ?)
Hibernate: 
    insert 
    into
        users
        (bank_account_number, bank_ifsc_code, business_address, business_name, created_at, email, enabled, first_name, is_active, is_seller, last_name, password, phone, updated_at, upi_id, version) 
    values
        (?, ?, ?, ?, ?, ?, ?, ?, ?, ?, ?, ?, ?, ?, ?, ?)
2025-06-20T14:19:45.875+05:30 DEBUG 37792 --- [user-management-service] [           main] org.hibernate.SQL                        : 
    insert 
    into
        users
        (bank_account_number, bank_ifsc_code, business_address, business_name, created_at, email, enabled, first_name, is_active, is_seller, last_name, password, phone, updated_at, upi_id, version) 
    values
        (?, ?, ?, ?, ?, ?, ?, ?, ?, ?, ?, ?, ?, ?, ?, ?)
Hibernate: 
    insert 
    into
        users
        (bank_account_number, bank_ifsc_code, business_address, business_name, created_at, email, enabled, first_name, is_active, is_seller, last_name, password, phone, updated_at, upi_id, version) 
    values
        (?, ?, ?, ?, ?, ?, ?, ?, ?, ?, ?, ?, ?, ?, ?, ?)
2025-06-20T14:19:45.879+05:30 DEBUG 37792 --- [user-management-service] [           main] org.hibernate.SQL                        : 
    insert 
    into
        users
        (bank_account_number, bank_ifsc_code, business_address, business_name, created_at, email, enabled, first_name, is_active, is_seller, last_name, password, phone, updated_at, upi_id, version) 
    values
        (?, ?, ?, ?, ?, ?, ?, ?, ?, ?, ?, ?, ?, ?, ?, ?)
Hibernate: 
    insert 
    into
        users
        (bank_account_number, bank_ifsc_code, business_address, business_name, created_at, email, enabled, first_name, is_active, is_seller, last_name, password, phone, updated_at, upi_id, version) 
    values
        (?, ?, ?, ?, ?, ?, ?, ?, ?, ?, ?, ?, ?, ?, ?, ?)
2025-06-20T14:19:45.884+05:30 DEBUG 37792 --- [user-management-service] [           main] org.hibernate.SQL                        : 
    insert 
    into
        users
        (bank_account_number, bank_ifsc_code, business_address, business_name, created_at, email, enabled, first_name, is_active, is_seller, last_name, password, phone, updated_at, upi_id, version) 
    values
        (?, ?, ?, ?, ?, ?, ?, ?, ?, ?, ?, ?, ?, ?, ?, ?)
Hibernate: 
    insert 
    into
        users
        (bank_account_number, bank_ifsc_code, business_address, business_name, created_at, email, enabled, first_name, is_active, is_seller, last_name, password, phone, updated_at, upi_id, version) 
    values
        (?, ?, ?, ?, ?, ?, ?, ?, ?, ?, ?, ?, ?, ?, ?, ?)
2025-06-20T14:19:45.888+05:30 DEBUG 37792 --- [user-management-service] [           main] org.hibernate.SQL                        : 
    insert 
    into
        users
        (bank_account_number, bank_ifsc_code, business_address, business_name, created_at, email, enabled, first_name, is_active, is_seller, last_name, password, phone, updated_at, upi_id, version) 
    values
        (?, ?, ?, ?, ?, ?, ?, ?, ?, ?, ?, ?, ?, ?, ?, ?)
Hibernate: 
    insert 
    into
        users
        (bank_account_number, bank_ifsc_code, business_address, business_name, created_at, email, enabled, first_name, is_active, is_seller, last_name, password, phone, updated_at, upi_id, version) 
    values
        (?, ?, ?, ?, ?, ?, ?, ?, ?, ?, ?, ?, ?, ?, ?, ?)
2025-06-20T14:19:45.892+05:30 DEBUG 37792 --- [user-management-service] [           main] org.hibernate.SQL                        : 
    insert 
    into
        users
        (bank_account_number, bank_ifsc_code, business_address, business_name, created_at, email, enabled, first_name, is_active, is_seller, last_name, password, phone, updated_at, upi_id, version) 
    values
        (?, ?, ?, ?, ?, ?, ?, ?, ?, ?, ?, ?, ?, ?, ?, ?)
Hibernate: 
    insert 
    into
        users
        (bank_account_number, bank_ifsc_code, business_address, business_name, created_at, email, enabled, first_name, is_active, is_seller, last_name, password, phone, updated_at, upi_id, version) 
    values
        (?, ?, ?, ?, ?, ?, ?, ?, ?, ?, ?, ?, ?, ?, ?, ?)
2025-06-20T14:19:45.895+05:30 DEBUG 37792 --- [user-management-service] [           main] org.hibernate.SQL                        : 
    insert 
    into
        users
        (bank_account_number, bank_ifsc_code, business_address, business_name, created_at, email, enabled, first_name, is_active, is_seller, last_name, password, phone, updated_at, upi_id, version) 
    values
        (?, ?, ?, ?, ?, ?, ?, ?, ?, ?, ?, ?, ?, ?, ?, ?)
Hibernate: 
    insert 
    into
        users
        (bank_account_number, bank_ifsc_code, business_address, business_name, created_at, email, enabled, first_name, is_active, is_seller, last_name, password, phone, updated_at, upi_id, version) 
    values
        (?, ?, ?, ?, ?, ?, ?, ?, ?, ?, ?, ?, ?, ?, ?, ?)
2025-06-20T14:19:45.899+05:30 DEBUG 37792 --- [user-management-service] [           main] org.hibernate.SQL                        : 
    insert 
    into
        users
        (bank_account_number, bank_ifsc_code, business_address, business_name, created_at, email, enabled, first_name, is_active, is_seller, last_name, password, phone, updated_at, upi_id, version) 
    values
        (?, ?, ?, ?, ?, ?, ?, ?, ?, ?, ?, ?, ?, ?, ?, ?)
Hibernate: 
    insert 
    into
        users
        (bank_account_number, bank_ifsc_code, business_address, business_name, created_at, email, enabled, first_name, is_active, is_seller, last_name, password, phone, updated_at, upi_id, version) 
    values
        (?, ?, ?, ?, ?, ?, ?, ?, ?, ?, ?, ?, ?, ?, ?, ?)
2025-06-20T14:19:45.902+05:30 DEBUG 37792 --- [user-management-service] [           main] org.hibernate.SQL                        : 
    insert 
    into
        users
        (bank_account_number, bank_ifsc_code, business_address, business_name, created_at, email, enabled, first_name, is_active, is_seller, last_name, password, phone, updated_at, upi_id, version) 
    values
        (?, ?, ?, ?, ?, ?, ?, ?, ?, ?, ?, ?, ?, ?, ?, ?)
Hibernate: 
    insert 
    into
        users
        (bank_account_number, bank_ifsc_code, business_address, business_name, created_at, email, enabled, first_name, is_active, is_seller, last_name, password, phone, updated_at, upi_id, version) 
    values
        (?, ?, ?, ?, ?, ?, ?, ?, ?, ?, ?, ?, ?, ?, ?, ?)
2025-06-20T14:19:45.905+05:30 DEBUG 37792 --- [user-management-service] [           main] org.hibernate.SQL                        : 
    insert 
    into
        users
        (bank_account_number, bank_ifsc_code, business_address, business_name, created_at, email, enabled, first_name, is_active, is_seller, last_name, password, phone, updated_at, upi_id, version) 
    values
        (?, ?, ?, ?, ?, ?, ?, ?, ?, ?, ?, ?, ?, ?, ?, ?)
Hibernate: 
    insert 
    into
        users
        (bank_account_number, bank_ifsc_code, business_address, business_name, created_at, email, enabled, first_name, is_active, is_seller, last_name, password, phone, updated_at, upi_id, version) 
    values
        (?, ?, ?, ?, ?, ?, ?, ?, ?, ?, ?, ?, ?, ?, ?, ?)
2025-06-20T14:19:45.908+05:30 DEBUG 37792 --- [user-management-service] [           main] org.hibernate.SQL                        : 
    insert 
    into
        users
        (bank_account_number, bank_ifsc_code, business_address, business_name, created_at, email, enabled, first_name, is_active, is_seller, last_name, password, phone, updated_at, upi_id, version) 
    values
        (?, ?, ?, ?, ?, ?, ?, ?, ?, ?, ?, ?, ?, ?, ?, ?)
Hibernate: 
    insert 
    into
        users
        (bank_account_number, bank_ifsc_code, business_address, business_name, created_at, email, enabled, first_name, is_active, is_seller, last_name, password, phone, updated_at, upi_id, version) 
    values
        (?, ?, ?, ?, ?, ?, ?, ?, ?, ?, ?, ?, ?, ?, ?, ?)
2025-06-20T14:19:45.911+05:30 DEBUG 37792 --- [user-management-service] [           main] org.hibernate.SQL                        : 
    insert 
    into
        users
        (bank_account_number, bank_ifsc_code, business_address, business_name, created_at, email, enabled, first_name, is_active, is_seller, last_name, password, phone, updated_at, upi_id, version) 
    values
        (?, ?, ?, ?, ?, ?, ?, ?, ?, ?, ?, ?, ?, ?, ?, ?)
Hibernate: 
    insert 
    into
        users
        (bank_account_number, bank_ifsc_code, business_address, business_name, created_at, email, enabled, first_name, is_active, is_seller, last_name, password, phone, updated_at, upi_id, version) 
    values
        (?, ?, ?, ?, ?, ?, ?, ?, ?, ?, ?, ?, ?, ?, ?, ?)
2025-06-20T14:19:45.913+05:30 DEBUG 37792 --- [user-management-service] [           main] org.hibernate.SQL                        : 
    insert 
    into
        users
        (bank_account_number, bank_ifsc_code, business_address, business_name, created_at, email, enabled, first_name, is_active, is_seller, last_name, password, phone, updated_at, upi_id, version) 
    values
        (?, ?, ?, ?, ?, ?, ?, ?, ?, ?, ?, ?, ?, ?, ?, ?)
Hibernate: 
    insert 
    into
        users
        (bank_account_number, bank_ifsc_code, business_address, business_name, created_at, email, enabled, first_name, is_active, is_seller, last_name, password, phone, updated_at, upi_id, version) 
    values
        (?, ?, ?, ?, ?, ?, ?, ?, ?, ?, ?, ?, ?, ?, ?, ?)
2025-06-20T14:19:45.916+05:30 DEBUG 37792 --- [user-management-service] [           main] org.hibernate.SQL                        : 
    insert 
    into
        users
        (bank_account_number, bank_ifsc_code, business_address, business_name, created_at, email, enabled, first_name, is_active, is_seller, last_name, password, phone, updated_at, upi_id, version) 
    values
        (?, ?, ?, ?, ?, ?, ?, ?, ?, ?, ?, ?, ?, ?, ?, ?)
Hibernate: 
    insert 
    into
        users
        (bank_account_number, bank_ifsc_code, business_address, business_name, created_at, email, enabled, first_name, is_active, is_seller, last_name, password, phone, updated_at, upi_id, version) 
    values
        (?, ?, ?, ?, ?, ?, ?, ?, ?, ?, ?, ?, ?, ?, ?, ?)
2025-06-20T14:19:45.919+05:30 DEBUG 37792 --- [user-management-service] [           main] org.hibernate.SQL                        : 
    insert 
    into
        users
        (bank_account_number, bank_ifsc_code, business_address, business_name, created_at, email, enabled, first_name, is_active, is_seller, last_name, password, phone, updated_at, upi_id, version) 
    values
        (?, ?, ?, ?, ?, ?, ?, ?, ?, ?, ?, ?, ?, ?, ?, ?)
Hibernate: 
    insert 
    into
        users
        (bank_account_number, bank_ifsc_code, business_address, business_name, created_at, email, enabled, first_name, is_active, is_seller, last_name, password, phone, updated_at, upi_id, version) 
    values
        (?, ?, ?, ?, ?, ?, ?, ?, ?, ?, ?, ?, ?, ?, ?, ?)
2025-06-20T14:19:45.921+05:30 DEBUG 37792 --- [user-management-service] [           main] org.hibernate.SQL                        : 
    insert 
    into
        users
        (bank_account_number, bank_ifsc_code, business_address, business_name, created_at, email, enabled, first_name, is_active, is_seller, last_name, password, phone, updated_at, upi_id, version) 
    values
        (?, ?, ?, ?, ?, ?, ?, ?, ?, ?, ?, ?, ?, ?, ?, ?)
Hibernate: 
    insert 
    into
        users
        (bank_account_number, bank_ifsc_code, business_address, business_name, created_at, email, enabled, first_name, is_active, is_seller, last_name, password, phone, updated_at, upi_id, version) 
    values
        (?, ?, ?, ?, ?, ?, ?, ?, ?, ?, ?, ?, ?, ?, ?, ?)
2025-06-20T14:19:45.923+05:30 DEBUG 37792 --- [user-management-service] [           main] org.hibernate.SQL                        : 
    insert 
    into
        users
        (bank_account_number, bank_ifsc_code, business_address, business_name, created_at, email, enabled, first_name, is_active, is_seller, last_name, password, phone, updated_at, upi_id, version) 
    values
        (?, ?, ?, ?, ?, ?, ?, ?, ?, ?, ?, ?, ?, ?, ?, ?)
Hibernate: 
    insert 
    into
        users
        (bank_account_number, bank_ifsc_code, business_address, business_name, created_at, email, enabled, first_name, is_active, is_seller, last_name, password, phone, updated_at, upi_id, version) 
    values
        (?, ?, ?, ?, ?, ?, ?, ?, ?, ?, ?, ?, ?, ?, ?, ?)
2025-06-20T14:19:45.926+05:30 DEBUG 37792 --- [user-management-service] [           main] org.hibernate.SQL                        : 
    insert 
    into
        users
        (bank_account_number, bank_ifsc_code, business_address, business_name, created_at, email, enabled, first_name, is_active, is_seller, last_name, password, phone, updated_at, upi_id, version) 
    values
        (?, ?, ?, ?, ?, ?, ?, ?, ?, ?, ?, ?, ?, ?, ?, ?)
Hibernate: 
    insert 
    into
        users
        (bank_account_number, bank_ifsc_code, business_address, business_name, created_at, email, enabled, first_name, is_active, is_seller, last_name, password, phone, updated_at, upi_id, version) 
    values
        (?, ?, ?, ?, ?, ?, ?, ?, ?, ?, ?, ?, ?, ?, ?, ?)
2025-06-20T14:19:45.929+05:30 DEBUG 37792 --- [user-management-service] [           main] org.hibernate.SQL                        : 
    insert 
    into
        users
        (bank_account_number, bank_ifsc_code, business_address, business_name, created_at, email, enabled, first_name, is_active, is_seller, last_name, password, phone, updated_at, upi_id, version) 
    values
        (?, ?, ?, ?, ?, ?, ?, ?, ?, ?, ?, ?, ?, ?, ?, ?)
Hibernate: 
    insert 
    into
        users
        (bank_account_number, bank_ifsc_code, business_address, business_name, created_at, email, enabled, first_name, is_active, is_seller, last_name, password, phone, updated_at, upi_id, version) 
    values
        (?, ?, ?, ?, ?, ?, ?, ?, ?, ?, ?, ?, ?, ?, ?, ?)
2025-06-20T14:19:45.932+05:30 DEBUG 37792 --- [user-management-service] [           main] org.hibernate.SQL                        : 
    insert 
    into
        users
        (bank_account_number, bank_ifsc_code, business_address, business_name, created_at, email, enabled, first_name, is_active, is_seller, last_name, password, phone, updated_at, upi_id, version) 
    values
        (?, ?, ?, ?, ?, ?, ?, ?, ?, ?, ?, ?, ?, ?, ?, ?)
Hibernate: 
    insert 
    into
        users
        (bank_account_number, bank_ifsc_code, business_address, business_name, created_at, email, enabled, first_name, is_active, is_seller, last_name, password, phone, updated_at, upi_id, version) 
    values
        (?, ?, ?, ?, ?, ?, ?, ?, ?, ?, ?, ?, ?, ?, ?, ?)
2025-06-20T14:19:45.934+05:30 DEBUG 37792 --- [user-management-service] [           main] org.hibernate.SQL                        : 
    insert 
    into
        users
        (bank_account_number, bank_ifsc_code, business_address, business_name, created_at, email, enabled, first_name, is_active, is_seller, last_name, password, phone, updated_at, upi_id, version) 
    values
        (?, ?, ?, ?, ?, ?, ?, ?, ?, ?, ?, ?, ?, ?, ?, ?)
Hibernate: 
    insert 
    into
        users
        (bank_account_number, bank_ifsc_code, business_address, business_name, created_at, email, enabled, first_name, is_active, is_seller, last_name, password, phone, updated_at, upi_id, version) 
    values
        (?, ?, ?, ?, ?, ?, ?, ?, ?, ?, ?, ?, ?, ?, ?, ?)
2025-06-20T14:19:45.937+05:30 DEBUG 37792 --- [user-management-service] [           main] org.hibernate.SQL                        : 
    insert 
    into
        users
        (bank_account_number, bank_ifsc_code, business_address, business_name, created_at, email, enabled, first_name, is_active, is_seller, last_name, password, phone, updated_at, upi_id, version) 
    values
        (?, ?, ?, ?, ?, ?, ?, ?, ?, ?, ?, ?, ?, ?, ?, ?)
Hibernate: 
    insert 
    into
        users
        (bank_account_number, bank_ifsc_code, business_address, business_name, created_at, email, enabled, first_name, is_active, is_seller, last_name, password, phone, updated_at, upi_id, version) 
    values
        (?, ?, ?, ?, ?, ?, ?, ?, ?, ?, ?, ?, ?, ?, ?, ?)
2025-06-20T14:19:45.940+05:30 DEBUG 37792 --- [user-management-service] [           main] org.hibernate.SQL                        : 
    insert 
    into
        users
        (bank_account_number, bank_ifsc_code, business_address, business_name, created_at, email, enabled, first_name, is_active, is_seller, last_name, password, phone, updated_at, upi_id, version) 
    values
        (?, ?, ?, ?, ?, ?, ?, ?, ?, ?, ?, ?, ?, ?, ?, ?)
Hibernate: 
    insert 
    into
        users
        (bank_account_number, bank_ifsc_code, business_address, business_name, created_at, email, enabled, first_name, is_active, is_seller, last_name, password, phone, updated_at, upi_id, version) 
    values
        (?, ?, ?, ?, ?, ?, ?, ?, ?, ?, ?, ?, ?, ?, ?, ?)
2025-06-20T14:19:45.943+05:30 DEBUG 37792 --- [user-management-service] [           main] org.hibernate.SQL                        : 
    insert 
    into
        users
        (bank_account_number, bank_ifsc_code, business_address, business_name, created_at, email, enabled, first_name, is_active, is_seller, last_name, password, phone, updated_at, upi_id, version) 
    values
        (?, ?, ?, ?, ?, ?, ?, ?, ?, ?, ?, ?, ?, ?, ?, ?)
Hibernate: 
    insert 
    into
        users
        (bank_account_number, bank_ifsc_code, business_address, business_name, created_at, email, enabled, first_name, is_active, is_seller, last_name, password, phone, updated_at, upi_id, version) 
    values
        (?, ?, ?, ?, ?, ?, ?, ?, ?, ?, ?, ?, ?, ?, ?, ?)
2025-06-20T14:19:45.946+05:30 DEBUG 37792 --- [user-management-service] [           main] org.hibernate.SQL                        : 
    insert 
    into
        users
        (bank_account_number, bank_ifsc_code, business_address, business_name, created_at, email, enabled, first_name, is_active, is_seller, last_name, password, phone, updated_at, upi_id, version) 
    values
        (?, ?, ?, ?, ?, ?, ?, ?, ?, ?, ?, ?, ?, ?, ?, ?)
Hibernate: 
    insert 
    into
        users
        (bank_account_number, bank_ifsc_code, business_address, business_name, created_at, email, enabled, first_name, is_active, is_seller, last_name, password, phone, updated_at, upi_id, version) 
    values
        (?, ?, ?, ?, ?, ?, ?, ?, ?, ?, ?, ?, ?, ?, ?, ?)
2025-06-20T14:19:45.949+05:30 DEBUG 37792 --- [user-management-service] [           main] org.hibernate.SQL                        : 
    insert 
    into
        users
        (bank_account_number, bank_ifsc_code, business_address, business_name, created_at, email, enabled, first_name, is_active, is_seller, last_name, password, phone, updated_at, upi_id, version) 
    values
        (?, ?, ?, ?, ?, ?, ?, ?, ?, ?, ?, ?, ?, ?, ?, ?)
Hibernate: 
    insert 
    into
        users
        (bank_account_number, bank_ifsc_code, business_address, business_name, created_at, email, enabled, first_name, is_active, is_seller, last_name, password, phone, updated_at, upi_id, version) 
    values
        (?, ?, ?, ?, ?, ?, ?, ?, ?, ?, ?, ?, ?, ?, ?, ?)
2025-06-20T14:19:45.952+05:30 DEBUG 37792 --- [user-management-service] [           main] org.hibernate.SQL                        : 
    insert 
    into
        users
        (bank_account_number, bank_ifsc_code, business_address, business_name, created_at, email, enabled, first_name, is_active, is_seller, last_name, password, phone, updated_at, upi_id, version) 
    values
        (?, ?, ?, ?, ?, ?, ?, ?, ?, ?, ?, ?, ?, ?, ?, ?)
Hibernate: 
    insert 
    into
        users
        (bank_account_number, bank_ifsc_code, business_address, business_name, created_at, email, enabled, first_name, is_active, is_seller, last_name, password, phone, updated_at, upi_id, version) 
    values
        (?, ?, ?, ?, ?, ?, ?, ?, ?, ?, ?, ?, ?, ?, ?, ?)
2025-06-20T14:19:45.954+05:30 DEBUG 37792 --- [user-management-service] [           main] org.hibernate.SQL                        : 
    insert 
    into
        users
        (bank_account_number, bank_ifsc_code, business_address, business_name, created_at, email, enabled, first_name, is_active, is_seller, last_name, password, phone, updated_at, upi_id, version) 
    values
        (?, ?, ?, ?, ?, ?, ?, ?, ?, ?, ?, ?, ?, ?, ?, ?)
Hibernate: 
    insert 
    into
        users
        (bank_account_number, bank_ifsc_code, business_address, business_name, created_at, email, enabled, first_name, is_active, is_seller, last_name, password, phone, updated_at, upi_id, version) 
    values
        (?, ?, ?, ?, ?, ?, ?, ?, ?, ?, ?, ?, ?, ?, ?, ?)
2025-06-20T14:19:45.957+05:30 DEBUG 37792 --- [user-management-service] [           main] org.hibernate.SQL                        : 
    insert 
    into
        users
        (bank_account_number, bank_ifsc_code, business_address, business_name, created_at, email, enabled, first_name, is_active, is_seller, last_name, password, phone, updated_at, upi_id, version) 
    values
        (?, ?, ?, ?, ?, ?, ?, ?, ?, ?, ?, ?, ?, ?, ?, ?)
Hibernate: 
    insert 
    into
        users
        (bank_account_number, bank_ifsc_code, business_address, business_name, created_at, email, enabled, first_name, is_active, is_seller, last_name, password, phone, updated_at, upi_id, version) 
    values
        (?, ?, ?, ?, ?, ?, ?, ?, ?, ?, ?, ?, ?, ?, ?, ?)
2025-06-20T14:19:45.959+05:30 DEBUG 37792 --- [user-management-service] [           main] org.hibernate.SQL                        : 
    insert 
    into
        users
        (bank_account_number, bank_ifsc_code, business_address, business_name, created_at, email, enabled, first_name, is_active, is_seller, last_name, password, phone, updated_at, upi_id, version) 
    values
        (?, ?, ?, ?, ?, ?, ?, ?, ?, ?, ?, ?, ?, ?, ?, ?)
Hibernate: 
    insert 
    into
        users
        (bank_account_number, bank_ifsc_code, business_address, business_name, created_at, email, enabled, first_name, is_active, is_seller, last_name, password, phone, updated_at, upi_id, version) 
    values
        (?, ?, ?, ?, ?, ?, ?, ?, ?, ?, ?, ?, ?, ?, ?, ?)
2025-06-20T14:19:45.962+05:30 DEBUG 37792 --- [user-management-service] [           main] org.hibernate.SQL                        : 
    insert 
    into
        users
        (bank_account_number, bank_ifsc_code, business_address, business_name, created_at, email, enabled, first_name, is_active, is_seller, last_name, password, phone, updated_at, upi_id, version) 
    values
        (?, ?, ?, ?, ?, ?, ?, ?, ?, ?, ?, ?, ?, ?, ?, ?)
Hibernate: 
    insert 
    into
        users
        (bank_account_number, bank_ifsc_code, business_address, business_name, created_at, email, enabled, first_name, is_active, is_seller, last_name, password, phone, updated_at, upi_id, version) 
    values
        (?, ?, ?, ?, ?, ?, ?, ?, ?, ?, ?, ?, ?, ?, ?, ?)
2025-06-20T14:19:45.964+05:30 DEBUG 37792 --- [user-management-service] [           main] org.hibernate.SQL                        : 
    insert 
    into
        users
        (bank_account_number, bank_ifsc_code, business_address, business_name, created_at, email, enabled, first_name, is_active, is_seller, last_name, password, phone, updated_at, upi_id, version) 
    values
        (?, ?, ?, ?, ?, ?, ?, ?, ?, ?, ?, ?, ?, ?, ?, ?)
Hibernate: 
    insert 
    into
        users
        (bank_account_number, bank_ifsc_code, business_address, business_name, created_at, email, enabled, first_name, is_active, is_seller, last_name, password, phone, updated_at, upi_id, version) 
    values
        (?, ?, ?, ?, ?, ?, ?, ?, ?, ?, ?, ?, ?, ?, ?, ?)
2025-06-20T14:19:45.967+05:30 DEBUG 37792 --- [user-management-service] [           main] org.hibernate.SQL                        : 
    insert 
    into
        users
        (bank_account_number, bank_ifsc_code, business_address, business_name, created_at, email, enabled, first_name, is_active, is_seller, last_name, password, phone, updated_at, upi_id, version) 
    values
        (?, ?, ?, ?, ?, ?, ?, ?, ?, ?, ?, ?, ?, ?, ?, ?)
Hibernate: 
    insert 
    into
        users
        (bank_account_number, bank_ifsc_code, business_address, business_name, created_at, email, enabled, first_name, is_active, is_seller, last_name, password, phone, updated_at, upi_id, version) 
    values
        (?, ?, ?, ?, ?, ?, ?, ?, ?, ?, ?, ?, ?, ?, ?, ?)
2025-06-20T14:19:45.970+05:30 DEBUG 37792 --- [user-management-service] [           main] org.hibernate.SQL                        : 
    insert 
    into
        users
        (bank_account_number, bank_ifsc_code, business_address, business_name, created_at, email, enabled, first_name, is_active, is_seller, last_name, password, phone, updated_at, upi_id, version) 
    values
        (?, ?, ?, ?, ?, ?, ?, ?, ?, ?, ?, ?, ?, ?, ?, ?)
Hibernate: 
    insert 
    into
        users
        (bank_account_number, bank_ifsc_code, business_address, business_name, created_at, email, enabled, first_name, is_active, is_seller, last_name, password, phone, updated_at, upi_id, version) 
    values
        (?, ?, ?, ?, ?, ?, ?, ?, ?, ?, ?, ?, ?, ?, ?, ?)
2025-06-20T14:19:45.973+05:30 DEBUG 37792 --- [user-management-service] [           main] org.hibernate.SQL                        : 
    insert 
    into
        users
        (bank_account_number, bank_ifsc_code, business_address, business_name, created_at, email, enabled, first_name, is_active, is_seller, last_name, password, phone, updated_at, upi_id, version) 
    values
        (?, ?, ?, ?, ?, ?, ?, ?, ?, ?, ?, ?, ?, ?, ?, ?)
Hibernate: 
    insert 
    into
        users
        (bank_account_number, bank_ifsc_code, business_address, business_name, created_at, email, enabled, first_name, is_active, is_seller, last_name, password, phone, updated_at, upi_id, version) 
    values
        (?, ?, ?, ?, ?, ?, ?, ?, ?, ?, ?, ?, ?, ?, ?, ?)
2025-06-20T14:19:45.976+05:30 DEBUG 37792 --- [user-management-service] [           main] org.hibernate.SQL                        : 
    insert 
    into
        users
        (bank_account_number, bank_ifsc_code, business_address, business_name, created_at, email, enabled, first_name, is_active, is_seller, last_name, password, phone, updated_at, upi_id, version) 
    values
        (?, ?, ?, ?, ?, ?, ?, ?, ?, ?, ?, ?, ?, ?, ?, ?)
Hibernate: 
    insert 
    into
        users
        (bank_account_number, bank_ifsc_code, business_address, business_name, created_at, email, enabled, first_name, is_active, is_seller, last_name, password, phone, updated_at, upi_id, version) 
    values
        (?, ?, ?, ?, ?, ?, ?, ?, ?, ?, ?, ?, ?, ?, ?, ?)
2025-06-20T14:19:45.977+05:30 DEBUG 37792 --- [user-management-service] [           main] org.hibernate.SQL                        : 
    insert 
    into
        users
        (bank_account_number, bank_ifsc_code, business_address, business_name, created_at, email, enabled, first_name, is_active, is_seller, last_name, password, phone, updated_at, upi_id, version) 
    values
        (?, ?, ?, ?, ?, ?, ?, ?, ?, ?, ?, ?, ?, ?, ?, ?)
Hibernate: 
    insert 
    into
        users
        (bank_account_number, bank_ifsc_code, business_address, business_name, created_at, email, enabled, first_name, is_active, is_seller, last_name, password, phone, updated_at, upi_id, version) 
    values
        (?, ?, ?, ?, ?, ?, ?, ?, ?, ?, ?, ?, ?, ?, ?, ?)
2025-06-20T14:19:45.979+05:30 DEBUG 37792 --- [user-management-service] [           main] org.hibernate.SQL                        : 
    insert 
    into
        users
        (bank_account_number, bank_ifsc_code, business_address, business_name, created_at, email, enabled, first_name, is_active, is_seller, last_name, password, phone, updated_at, upi_id, version) 
    values
        (?, ?, ?, ?, ?, ?, ?, ?, ?, ?, ?, ?, ?, ?, ?, ?)
Hibernate: 
    insert 
    into
        users
        (bank_account_number, bank_ifsc_code, business_address, business_name, created_at, email, enabled, first_name, is_active, is_seller, last_name, password, phone, updated_at, upi_id, version) 
    values
        (?, ?, ?, ?, ?, ?, ?, ?, ?, ?, ?, ?, ?, ?, ?, ?)
2025-06-20T14:19:45.982+05:30 DEBUG 37792 --- [user-management-service] [           main] org.hibernate.SQL                        : 
    insert 
    into
        users
        (bank_account_number, bank_ifsc_code, business_address, business_name, created_at, email, enabled, first_name, is_active, is_seller, last_name, password, phone, updated_at, upi_id, version) 
    values
        (?, ?, ?, ?, ?, ?, ?, ?, ?, ?, ?, ?, ?, ?, ?, ?)
Hibernate: 
    insert 
    into
        users
        (bank_account_number, bank_ifsc_code, business_address, business_name, created_at, email, enabled, first_name, is_active, is_seller, last_name, password, phone, updated_at, upi_id, version) 
    values
        (?, ?, ?, ?, ?, ?, ?, ?, ?, ?, ?, ?, ?, ?, ?, ?)
2025-06-20T14:19:45.984+05:30 DEBUG 37792 --- [user-management-service] [           main] org.hibernate.SQL                        : 
    insert 
    into
        users
        (bank_account_number, bank_ifsc_code, business_address, business_name, created_at, email, enabled, first_name, is_active, is_seller, last_name, password, phone, updated_at, upi_id, version) 
    values
        (?, ?, ?, ?, ?, ?, ?, ?, ?, ?, ?, ?, ?, ?, ?, ?)
Hibernate: 
    insert 
    into
        users
        (bank_account_number, bank_ifsc_code, business_address, business_name, created_at, email, enabled, first_name, is_active, is_seller, last_name, password, phone, updated_at, upi_id, version) 
    values
        (?, ?, ?, ?, ?, ?, ?, ?, ?, ?, ?, ?, ?, ?, ?, ?)
2025-06-20T14:19:45.987+05:30 DEBUG 37792 --- [user-management-service] [           main] org.hibernate.SQL                        : 
    insert 
    into
        users
        (bank_account_number, bank_ifsc_code, business_address, business_name, created_at, email, enabled, first_name, is_active, is_seller, last_name, password, phone, updated_at, upi_id, version) 
    values
        (?, ?, ?, ?, ?, ?, ?, ?, ?, ?, ?, ?, ?, ?, ?, ?)
Hibernate: 
    insert 
    into
        users
        (bank_account_number, bank_ifsc_code, business_address, business_name, created_at, email, enabled, first_name, is_active, is_seller, last_name, password, phone, updated_at, upi_id, version) 
    values
        (?, ?, ?, ?, ?, ?, ?, ?, ?, ?, ?, ?, ?, ?, ?, ?)
2025-06-20T14:19:45.989+05:30 DEBUG 37792 --- [user-management-service] [           main] org.hibernate.SQL                        : 
    insert 
    into
        users
        (bank_account_number, bank_ifsc_code, business_address, business_name, created_at, email, enabled, first_name, is_active, is_seller, last_name, password, phone, updated_at, upi_id, version) 
    values
        (?, ?, ?, ?, ?, ?, ?, ?, ?, ?, ?, ?, ?, ?, ?, ?)
Hibernate: 
    insert 
    into
        users
        (bank_account_number, bank_ifsc_code, business_address, business_name, created_at, email, enabled, first_name, is_active, is_seller, last_name, password, phone, updated_at, upi_id, version) 
    values
        (?, ?, ?, ?, ?, ?, ?, ?, ?, ?, ?, ?, ?, ?, ?, ?)
2025-06-20T14:19:45.991+05:30 DEBUG 37792 --- [user-management-service] [           main] org.hibernate.SQL                        : 
    insert 
    into
        users
        (bank_account_number, bank_ifsc_code, business_address, business_name, created_at, email, enabled, first_name, is_active, is_seller, last_name, password, phone, updated_at, upi_id, version) 
    values
        (?, ?, ?, ?, ?, ?, ?, ?, ?, ?, ?, ?, ?, ?, ?, ?)
Hibernate: 
    insert 
    into
        users
        (bank_account_number, bank_ifsc_code, business_address, business_name, created_at, email, enabled, first_name, is_active, is_seller, last_name, password, phone, updated_at, upi_id, version) 
    values
        (?, ?, ?, ?, ?, ?, ?, ?, ?, ?, ?, ?, ?, ?, ?, ?)
2025-06-20T14:19:45.993+05:30 DEBUG 37792 --- [user-management-service] [           main] org.hibernate.SQL                        : 
    insert 
    into
        users
        (bank_account_number, bank_ifsc_code, business_address, business_name, created_at, email, enabled, first_name, is_active, is_seller, last_name, password, phone, updated_at, upi_id, version) 
    values
        (?, ?, ?, ?, ?, ?, ?, ?, ?, ?, ?, ?, ?, ?, ?, ?)
Hibernate: 
    insert 
    into
        users
        (bank_account_number, bank_ifsc_code, business_address, business_name, created_at, email, enabled, first_name, is_active, is_seller, last_name, password, phone, updated_at, upi_id, version) 
    values
        (?, ?, ?, ?, ?, ?, ?, ?, ?, ?, ?, ?, ?, ?, ?, ?)
2025-06-20T14:19:45.994+05:30 DEBUG 37792 --- [user-management-service] [           main] org.hibernate.SQL                        : 
    insert 
    into
        users
        (bank_account_number, bank_ifsc_code, business_address, business_name, created_at, email, enabled, first_name, is_active, is_seller, last_name, password, phone, updated_at, upi_id, version) 
    values
        (?, ?, ?, ?, ?, ?, ?, ?, ?, ?, ?, ?, ?, ?, ?, ?)
Hibernate: 
    insert 
    into
        users
        (bank_account_number, bank_ifsc_code, business_address, business_name, created_at, email, enabled, first_name, is_active, is_seller, last_name, password, phone, updated_at, upi_id, version) 
    values
        (?, ?, ?, ?, ?, ?, ?, ?, ?, ?, ?, ?, ?, ?, ?, ?)
2025-06-20T14:19:45.997+05:30 DEBUG 37792 --- [user-management-service] [           main] org.hibernate.SQL                        : 
    insert 
    into
        users
        (bank_account_number, bank_ifsc_code, business_address, business_name, created_at, email, enabled, first_name, is_active, is_seller, last_name, password, phone, updated_at, upi_id, version) 
    values
        (?, ?, ?, ?, ?, ?, ?, ?, ?, ?, ?, ?, ?, ?, ?, ?)
Hibernate: 
    insert 
    into
        users
        (bank_account_number, bank_ifsc_code, business_address, business_name, created_at, email, enabled, first_name, is_active, is_seller, last_name, password, phone, updated_at, upi_id, version) 
    values
        (?, ?, ?, ?, ?, ?, ?, ?, ?, ?, ?, ?, ?, ?, ?, ?)
2025-06-20T14:19:46.003+05:30 DEBUG 37792 --- [user-management-service] [           main] org.hibernate.SQL                        : 
    insert 
    into
        users
        (bank_account_number, bank_ifsc_code, business_address, business_name, created_at, email, enabled, first_name, is_active, is_seller, last_name, password, phone, updated_at, upi_id, version) 
    values
        (?, ?, ?, ?, ?, ?, ?, ?, ?, ?, ?, ?, ?, ?, ?, ?)
Hibernate: 
    insert 
    into
        users
        (bank_account_number, bank_ifsc_code, business_address, business_name, created_at, email, enabled, first_name, is_active, is_seller, last_name, password, phone, updated_at, upi_id, version) 
    values
        (?, ?, ?, ?, ?, ?, ?, ?, ?, ?, ?, ?, ?, ?, ?, ?)
2025-06-20T14:19:46.006+05:30 DEBUG 37792 --- [user-management-service] [           main] org.hibernate.SQL                        : 
    insert 
    into
        users
        (bank_account_number, bank_ifsc_code, business_address, business_name, created_at, email, enabled, first_name, is_active, is_seller, last_name, password, phone, updated_at, upi_id, version) 
    values
        (?, ?, ?, ?, ?, ?, ?, ?, ?, ?, ?, ?, ?, ?, ?, ?)
Hibernate: 
    insert 
    into
        users
        (bank_account_number, bank_ifsc_code, business_address, business_name, created_at, email, enabled, first_name, is_active, is_seller, last_name, password, phone, updated_at, upi_id, version) 
    values
        (?, ?, ?, ?, ?, ?, ?, ?, ?, ?, ?, ?, ?, ?, ?, ?)
2025-06-20T14:19:46.008+05:30 DEBUG 37792 --- [user-management-service] [           main] org.hibernate.SQL                        : 
    insert 
    into
        users
        (bank_account_number, bank_ifsc_code, business_address, business_name, created_at, email, enabled, first_name, is_active, is_seller, last_name, password, phone, updated_at, upi_id, version) 
    values
        (?, ?, ?, ?, ?, ?, ?, ?, ?, ?, ?, ?, ?, ?, ?, ?)
Hibernate: 
    insert 
    into
        users
        (bank_account_number, bank_ifsc_code, business_address, business_name, created_at, email, enabled, first_name, is_active, is_seller, last_name, password, phone, updated_at, upi_id, version) 
    values
        (?, ?, ?, ?, ?, ?, ?, ?, ?, ?, ?, ?, ?, ?, ?, ?)
2025-06-20T14:19:46.011+05:30 DEBUG 37792 --- [user-management-service] [           main] org.hibernate.SQL                        : 
    insert 
    into
        users
        (bank_account_number, bank_ifsc_code, business_address, business_name, created_at, email, enabled, first_name, is_active, is_seller, last_name, password, phone, updated_at, upi_id, version) 
    values
        (?, ?, ?, ?, ?, ?, ?, ?, ?, ?, ?, ?, ?, ?, ?, ?)
Hibernate: 
    insert 
    into
        users
        (bank_account_number, bank_ifsc_code, business_address, business_name, created_at, email, enabled, first_name, is_active, is_seller, last_name, password, phone, updated_at, upi_id, version) 
    values
        (?, ?, ?, ?, ?, ?, ?, ?, ?, ?, ?, ?, ?, ?, ?, ?)
2025-06-20T14:19:46.015+05:30 DEBUG 37792 --- [user-management-service] [           main] org.hibernate.SQL                        : 
    insert 
    into
        users
        (bank_account_number, bank_ifsc_code, business_address, business_name, created_at, email, enabled, first_name, is_active, is_seller, last_name, password, phone, updated_at, upi_id, version) 
    values
        (?, ?, ?, ?, ?, ?, ?, ?, ?, ?, ?, ?, ?, ?, ?, ?)
Hibernate: 
    insert 
    into
        users
        (bank_account_number, bank_ifsc_code, business_address, business_name, created_at, email, enabled, first_name, is_active, is_seller, last_name, password, phone, updated_at, upi_id, version) 
    values
        (?, ?, ?, ?, ?, ?, ?, ?, ?, ?, ?, ?, ?, ?, ?, ?)
2025-06-20T14:19:46.018+05:30 DEBUG 37792 --- [user-management-service] [           main] org.hibernate.SQL                        : 
    insert 
    into
        users
        (bank_account_number, bank_ifsc_code, business_address, business_name, created_at, email, enabled, first_name, is_active, is_seller, last_name, password, phone, updated_at, upi_id, version) 
    values
        (?, ?, ?, ?, ?, ?, ?, ?, ?, ?, ?, ?, ?, ?, ?, ?)
Hibernate: 
    insert 
    into
        users
        (bank_account_number, bank_ifsc_code, business_address, business_name, created_at, email, enabled, first_name, is_active, is_seller, last_name, password, phone, updated_at, upi_id, version) 
    values
        (?, ?, ?, ?, ?, ?, ?, ?, ?, ?, ?, ?, ?, ?, ?, ?)
2025-06-20T14:19:46.022+05:30 DEBUG 37792 --- [user-management-service] [           main] org.hibernate.SQL                        : 
    insert 
    into
        users
        (bank_account_number, bank_ifsc_code, business_address, business_name, created_at, email, enabled, first_name, is_active, is_seller, last_name, password, phone, updated_at, upi_id, version) 
    values
        (?, ?, ?, ?, ?, ?, ?, ?, ?, ?, ?, ?, ?, ?, ?, ?)
Hibernate: 
    insert 
    into
        users
        (bank_account_number, bank_ifsc_code, business_address, business_name, created_at, email, enabled, first_name, is_active, is_seller, last_name, password, phone, updated_at, upi_id, version) 
    values
        (?, ?, ?, ?, ?, ?, ?, ?, ?, ?, ?, ?, ?, ?, ?, ?)
2025-06-20T14:19:46.025+05:30 DEBUG 37792 --- [user-management-service] [           main] org.hibernate.SQL                        : 
    insert 
    into
        users
        (bank_account_number, bank_ifsc_code, business_address, business_name, created_at, email, enabled, first_name, is_active, is_seller, last_name, password, phone, updated_at, upi_id, version) 
    values
        (?, ?, ?, ?, ?, ?, ?, ?, ?, ?, ?, ?, ?, ?, ?, ?)
Hibernate: 
    insert 
    into
        users
        (bank_account_number, bank_ifsc_code, business_address, business_name, created_at, email, enabled, first_name, is_active, is_seller, last_name, password, phone, updated_at, upi_id, version) 
    values
        (?, ?, ?, ?, ?, ?, ?, ?, ?, ?, ?, ?, ?, ?, ?, ?)
2025-06-20T14:19:46.027+05:30 DEBUG 37792 --- [user-management-service] [           main] org.hibernate.SQL                        : 
    insert 
    into
        users
        (bank_account_number, bank_ifsc_code, business_address, business_name, created_at, email, enabled, first_name, is_active, is_seller, last_name, password, phone, updated_at, upi_id, version) 
    values
        (?, ?, ?, ?, ?, ?, ?, ?, ?, ?, ?, ?, ?, ?, ?, ?)
Hibernate: 
    insert 
    into
        users
        (bank_account_number, bank_ifsc_code, business_address, business_name, created_at, email, enabled, first_name, is_active, is_seller, last_name, password, phone, updated_at, upi_id, version) 
    values
        (?, ?, ?, ?, ?, ?, ?, ?, ?, ?, ?, ?, ?, ?, ?, ?)
2025-06-20T14:19:46.032+05:30 DEBUG 37792 --- [user-management-service] [           main] org.hibernate.SQL                        : 
    insert 
    into
        users
        (bank_account_number, bank_ifsc_code, business_address, business_name, created_at, email, enabled, first_name, is_active, is_seller, last_name, password, phone, updated_at, upi_id, version) 
    values
        (?, ?, ?, ?, ?, ?, ?, ?, ?, ?, ?, ?, ?, ?, ?, ?)
Hibernate: 
    insert 
    into
        users
        (bank_account_number, bank_ifsc_code, business_address, business_name, created_at, email, enabled, first_name, is_active, is_seller, last_name, password, phone, updated_at, upi_id, version) 
    values
        (?, ?, ?, ?, ?, ?, ?, ?, ?, ?, ?, ?, ?, ?, ?, ?)
2025-06-20T14:19:46.038+05:30 DEBUG 37792 --- [user-management-service] [           main] org.hibernate.SQL                        : 
    insert 
    into
        users
        (bank_account_number, bank_ifsc_code, business_address, business_name, created_at, email, enabled, first_name, is_active, is_seller, last_name, password, phone, updated_at, upi_id, version) 
    values
        (?, ?, ?, ?, ?, ?, ?, ?, ?, ?, ?, ?, ?, ?, ?, ?)
Hibernate: 
    insert 
    into
        users
        (bank_account_number, bank_ifsc_code, business_address, business_name, created_at, email, enabled, first_name, is_active, is_seller, last_name, password, phone, updated_at, upi_id, version) 
    values
        (?, ?, ?, ?, ?, ?, ?, ?, ?, ?, ?, ?, ?, ?, ?, ?)
2025-06-20T14:19:46.043+05:30 DEBUG 37792 --- [user-management-service] [           main] org.hibernate.SQL                        : 
    insert 
    into
        users
        (bank_account_number, bank_ifsc_code, business_address, business_name, created_at, email, enabled, first_name, is_active, is_seller, last_name, password, phone, updated_at, upi_id, version) 
    values
        (?, ?, ?, ?, ?, ?, ?, ?, ?, ?, ?, ?, ?, ?, ?, ?)
Hibernate: 
    insert 
    into
        users
        (bank_account_number, bank_ifsc_code, business_address, business_name, created_at, email, enabled, first_name, is_active, is_seller, last_name, password, phone, updated_at, upi_id, version) 
    values
        (?, ?, ?, ?, ?, ?, ?, ?, ?, ?, ?, ?, ?, ?, ?, ?)
2025-06-20T14:19:46.049+05:30 DEBUG 37792 --- [user-management-service] [           main] org.hibernate.SQL                        : 
    insert 
    into
        users
        (bank_account_number, bank_ifsc_code, business_address, business_name, created_at, email, enabled, first_name, is_active, is_seller, last_name, password, phone, updated_at, upi_id, version) 
    values
        (?, ?, ?, ?, ?, ?, ?, ?, ?, ?, ?, ?, ?, ?, ?, ?)
Hibernate: 
    insert 
    into
        users
        (bank_account_number, bank_ifsc_code, business_address, business_name, created_at, email, enabled, first_name, is_active, is_seller, last_name, password, phone, updated_at, upi_id, version) 
    values
        (?, ?, ?, ?, ?, ?, ?, ?, ?, ?, ?, ?, ?, ?, ?, ?)
2025-06-20T14:19:46.054+05:30 DEBUG 37792 --- [user-management-service] [           main] org.hibernate.SQL                        : 
    insert 
    into
        users
        (bank_account_number, bank_ifsc_code, business_address, business_name, created_at, email, enabled, first_name, is_active, is_seller, last_name, password, phone, updated_at, upi_id, version) 
    values
        (?, ?, ?, ?, ?, ?, ?, ?, ?, ?, ?, ?, ?, ?, ?, ?)
Hibernate: 
    insert 
    into
        users
        (bank_account_number, bank_ifsc_code, business_address, business_name, created_at, email, enabled, first_name, is_active, is_seller, last_name, password, phone, updated_at, upi_id, version) 
    values
        (?, ?, ?, ?, ?, ?, ?, ?, ?, ?, ?, ?, ?, ?, ?, ?)
2025-06-20T14:19:46.058+05:30 DEBUG 37792 --- [user-management-service] [           main] org.hibernate.SQL                        : 
    insert 
    into
        users
        (bank_account_number, bank_ifsc_code, business_address, business_name, created_at, email, enabled, first_name, is_active, is_seller, last_name, password, phone, updated_at, upi_id, version) 
    values
        (?, ?, ?, ?, ?, ?, ?, ?, ?, ?, ?, ?, ?, ?, ?, ?)
Hibernate: 
    insert 
    into
        users
        (bank_account_number, bank_ifsc_code, business_address, business_name, created_at, email, enabled, first_name, is_active, is_seller, last_name, password, phone, updated_at, upi_id, version) 
    values
        (?, ?, ?, ?, ?, ?, ?, ?, ?, ?, ?, ?, ?, ?, ?, ?)
2025-06-20T14:19:46.062+05:30 DEBUG 37792 --- [user-management-service] [           main] org.hibernate.SQL                        : 
    insert 
    into
        users
        (bank_account_number, bank_ifsc_code, business_address, business_name, created_at, email, enabled, first_name, is_active, is_seller, last_name, password, phone, updated_at, upi_id, version) 
    values
        (?, ?, ?, ?, ?, ?, ?, ?, ?, ?, ?, ?, ?, ?, ?, ?)
Hibernate: 
    insert 
    into
        users
        (bank_account_number, bank_ifsc_code, business_address, business_name, created_at, email, enabled, first_name, is_active, is_seller, last_name, password, phone, updated_at, upi_id, version) 
    values
        (?, ?, ?, ?, ?, ?, ?, ?, ?, ?, ?, ?, ?, ?, ?, ?)
2025-06-20T14:19:46.068+05:30 DEBUG 37792 --- [user-management-service] [           main] org.hibernate.SQL                        : 
    insert 
    into
        users
        (bank_account_number, bank_ifsc_code, business_address, business_name, created_at, email, enabled, first_name, is_active, is_seller, last_name, password, phone, updated_at, upi_id, version) 
    values
        (?, ?, ?, ?, ?, ?, ?, ?, ?, ?, ?, ?, ?, ?, ?, ?)
Hibernate: 
    insert 
    into
        users
        (bank_account_number, bank_ifsc_code, business_address, business_name, created_at, email, enabled, first_name, is_active, is_seller, last_name, password, phone, updated_at, upi_id, version) 
    values
        (?, ?, ?, ?, ?, ?, ?, ?, ?, ?, ?, ?, ?, ?, ?, ?)
2025-06-20T14:19:46.072+05:30 DEBUG 37792 --- [user-management-service] [           main] org.hibernate.SQL                        : 
    insert 
    into
        users
        (bank_account_number, bank_ifsc_code, business_address, business_name, created_at, email, enabled, first_name, is_active, is_seller, last_name, password, phone, updated_at, upi_id, version) 
    values
        (?, ?, ?, ?, ?, ?, ?, ?, ?, ?, ?, ?, ?, ?, ?, ?)
Hibernate: 
    insert 
    into
        users
        (bank_account_number, bank_ifsc_code, business_address, business_name, created_at, email, enabled, first_name, is_active, is_seller, last_name, password, phone, updated_at, upi_id, version) 
    values
        (?, ?, ?, ?, ?, ?, ?, ?, ?, ?, ?, ?, ?, ?, ?, ?)
2025-06-20T14:19:46.076+05:30 DEBUG 37792 --- [user-management-service] [           main] org.hibernate.SQL                        : 
    insert 
    into
        users
        (bank_account_number, bank_ifsc_code, business_address, business_name, created_at, email, enabled, first_name, is_active, is_seller, last_name, password, phone, updated_at, upi_id, version) 
    values
        (?, ?, ?, ?, ?, ?, ?, ?, ?, ?, ?, ?, ?, ?, ?, ?)
Hibernate: 
    insert 
    into
        users
        (bank_account_number, bank_ifsc_code, business_address, business_name, created_at, email, enabled, first_name, is_active, is_seller, last_name, password, phone, updated_at, upi_id, version) 
    values
        (?, ?, ?, ?, ?, ?, ?, ?, ?, ?, ?, ?, ?, ?, ?, ?)
2025-06-20T14:19:46.080+05:30 DEBUG 37792 --- [user-management-service] [           main] org.hibernate.SQL                        : 
    insert 
    into
        users
        (bank_account_number, bank_ifsc_code, business_address, business_name, created_at, email, enabled, first_name, is_active, is_seller, last_name, password, phone, updated_at, upi_id, version) 
    values
        (?, ?, ?, ?, ?, ?, ?, ?, ?, ?, ?, ?, ?, ?, ?, ?)
Hibernate: 
    insert 
    into
        users
        (bank_account_number, bank_ifsc_code, business_address, business_name, created_at, email, enabled, first_name, is_active, is_seller, last_name, password, phone, updated_at, upi_id, version) 
    values
        (?, ?, ?, ?, ?, ?, ?, ?, ?, ?, ?, ?, ?, ?, ?, ?)
2025-06-20T14:19:46.085+05:30 DEBUG 37792 --- [user-management-service] [           main] org.hibernate.SQL                        : 
    insert 
    into
        users
        (bank_account_number, bank_ifsc_code, business_address, business_name, created_at, email, enabled, first_name, is_active, is_seller, last_name, password, phone, updated_at, upi_id, version) 
    values
        (?, ?, ?, ?, ?, ?, ?, ?, ?, ?, ?, ?, ?, ?, ?, ?)
Hibernate: 
    insert 
    into
        users
        (bank_account_number, bank_ifsc_code, business_address, business_name, created_at, email, enabled, first_name, is_active, is_seller, last_name, password, phone, updated_at, upi_id, version) 
    values
        (?, ?, ?, ?, ?, ?, ?, ?, ?, ?, ?, ?, ?, ?, ?, ?)
2025-06-20T14:19:46.089+05:30 DEBUG 37792 --- [user-management-service] [           main] org.hibernate.SQL                        : 
    insert 
    into
        users
        (bank_account_number, bank_ifsc_code, business_address, business_name, created_at, email, enabled, first_name, is_active, is_seller, last_name, password, phone, updated_at, upi_id, version) 
    values
        (?, ?, ?, ?, ?, ?, ?, ?, ?, ?, ?, ?, ?, ?, ?, ?)
Hibernate: 
    insert 
    into
        users
        (bank_account_number, bank_ifsc_code, business_address, business_name, created_at, email, enabled, first_name, is_active, is_seller, last_name, password, phone, updated_at, upi_id, version) 
    values
        (?, ?, ?, ?, ?, ?, ?, ?, ?, ?, ?, ?, ?, ?, ?, ?)
2025-06-20T14:19:46.091+05:30 DEBUG 37792 --- [user-management-service] [           main] org.hibernate.SQL                        : 
    insert 
    into
        users
        (bank_account_number, bank_ifsc_code, business_address, business_name, created_at, email, enabled, first_name, is_active, is_seller, last_name, password, phone, updated_at, upi_id, version) 
    values
        (?, ?, ?, ?, ?, ?, ?, ?, ?, ?, ?, ?, ?, ?, ?, ?)
Hibernate: 
    insert 
    into
        users
        (bank_account_number, bank_ifsc_code, business_address, business_name, created_at, email, enabled, first_name, is_active, is_seller, last_name, password, phone, updated_at, upi_id, version) 
    values
        (?, ?, ?, ?, ?, ?, ?, ?, ?, ?, ?, ?, ?, ?, ?, ?)
2025-06-20T14:19:46.094+05:30 DEBUG 37792 --- [user-management-service] [           main] org.hibernate.SQL                        : 
    insert 
    into
        users
        (bank_account_number, bank_ifsc_code, business_address, business_name, created_at, email, enabled, first_name, is_active, is_seller, last_name, password, phone, updated_at, upi_id, version) 
    values
        (?, ?, ?, ?, ?, ?, ?, ?, ?, ?, ?, ?, ?, ?, ?, ?)
Hibernate: 
    insert 
    into
        users
        (bank_account_number, bank_ifsc_code, business_address, business_name, created_at, email, enabled, first_name, is_active, is_seller, last_name, password, phone, updated_at, upi_id, version) 
    values
        (?, ?, ?, ?, ?, ?, ?, ?, ?, ?, ?, ?, ?, ?, ?, ?)
2025-06-20T14:19:46.096+05:30 DEBUG 37792 --- [user-management-service] [           main] org.hibernate.SQL                        : 
    insert 
    into
        users
        (bank_account_number, bank_ifsc_code, business_address, business_name, created_at, email, enabled, first_name, is_active, is_seller, last_name, password, phone, updated_at, upi_id, version) 
    values
        (?, ?, ?, ?, ?, ?, ?, ?, ?, ?, ?, ?, ?, ?, ?, ?)
Hibernate: 
    insert 
    into
        users
        (bank_account_number, bank_ifsc_code, business_address, business_name, created_at, email, enabled, first_name, is_active, is_seller, last_name, password, phone, updated_at, upi_id, version) 
    values
        (?, ?, ?, ?, ?, ?, ?, ?, ?, ?, ?, ?, ?, ?, ?, ?)
2025-06-20T14:19:46.099+05:30 DEBUG 37792 --- [user-management-service] [           main] org.hibernate.SQL                        : 
    insert 
    into
        users
        (bank_account_number, bank_ifsc_code, business_address, business_name, created_at, email, enabled, first_name, is_active, is_seller, last_name, password, phone, updated_at, upi_id, version) 
    values
        (?, ?, ?, ?, ?, ?, ?, ?, ?, ?, ?, ?, ?, ?, ?, ?)
Hibernate: 
    insert 
    into
        users
        (bank_account_number, bank_ifsc_code, business_address, business_name, created_at, email, enabled, first_name, is_active, is_seller, last_name, password, phone, updated_at, upi_id, version) 
    values
        (?, ?, ?, ?, ?, ?, ?, ?, ?, ?, ?, ?, ?, ?, ?, ?)
2025-06-20T14:19:46.101+05:30 DEBUG 37792 --- [user-management-service] [           main] org.hibernate.SQL                        : 
    insert 
    into
        users
        (bank_account_number, bank_ifsc_code, business_address, business_name, created_at, email, enabled, first_name, is_active, is_seller, last_name, password, phone, updated_at, upi_id, version) 
    values
        (?, ?, ?, ?, ?, ?, ?, ?, ?, ?, ?, ?, ?, ?, ?, ?)
Hibernate: 
    insert 
    into
        users
        (bank_account_number, bank_ifsc_code, business_address, business_name, created_at, email, enabled, first_name, is_active, is_seller, last_name, password, phone, updated_at, upi_id, version) 
    values
        (?, ?, ?, ?, ?, ?, ?, ?, ?, ?, ?, ?, ?, ?, ?, ?)
2025-06-20T14:19:46.103+05:30 DEBUG 37792 --- [user-management-service] [           main] org.hibernate.SQL                        : 
    insert 
    into
        users
        (bank_account_number, bank_ifsc_code, business_address, business_name, created_at, email, enabled, first_name, is_active, is_seller, last_name, password, phone, updated_at, upi_id, version) 
    values
        (?, ?, ?, ?, ?, ?, ?, ?, ?, ?, ?, ?, ?, ?, ?, ?)
Hibernate: 
    insert 
    into
        users
        (bank_account_number, bank_ifsc_code, business_address, business_name, created_at, email, enabled, first_name, is_active, is_seller, last_name, password, phone, updated_at, upi_id, version) 
    values
        (?, ?, ?, ?, ?, ?, ?, ?, ?, ?, ?, ?, ?, ?, ?, ?)
2025-06-20T14:19:46.106+05:30 DEBUG 37792 --- [user-management-service] [           main] org.hibernate.SQL                        : 
    insert 
    into
        users
        (bank_account_number, bank_ifsc_code, business_address, business_name, created_at, email, enabled, first_name, is_active, is_seller, last_name, password, phone, updated_at, upi_id, version) 
    values
        (?, ?, ?, ?, ?, ?, ?, ?, ?, ?, ?, ?, ?, ?, ?, ?)
Hibernate: 
    insert 
    into
        users
        (bank_account_number, bank_ifsc_code, business_address, business_name, created_at, email, enabled, first_name, is_active, is_seller, last_name, password, phone, updated_at, upi_id, version) 
    values
        (?, ?, ?, ?, ?, ?, ?, ?, ?, ?, ?, ?, ?, ?, ?, ?)
2025-06-20T14:19:46.108+05:30 DEBUG 37792 --- [user-management-service] [           main] org.hibernate.SQL                        : 
    insert 
    into
        users
        (bank_account_number, bank_ifsc_code, business_address, business_name, created_at, email, enabled, first_name, is_active, is_seller, last_name, password, phone, updated_at, upi_id, version) 
    values
        (?, ?, ?, ?, ?, ?, ?, ?, ?, ?, ?, ?, ?, ?, ?, ?)
Hibernate: 
    insert 
    into
        users
        (bank_account_number, bank_ifsc_code, business_address, business_name, created_at, email, enabled, first_name, is_active, is_seller, last_name, password, phone, updated_at, upi_id, version) 
    values
        (?, ?, ?, ?, ?, ?, ?, ?, ?, ?, ?, ?, ?, ?, ?, ?)
2025-06-20T14:19:46.111+05:30 DEBUG 37792 --- [user-management-service] [           main] org.hibernate.SQL                        : 
    insert 
    into
        users
        (bank_account_number, bank_ifsc_code, business_address, business_name, created_at, email, enabled, first_name, is_active, is_seller, last_name, password, phone, updated_at, upi_id, version) 
    values
        (?, ?, ?, ?, ?, ?, ?, ?, ?, ?, ?, ?, ?, ?, ?, ?)
Hibernate: 
    insert 
    into
        users
        (bank_account_number, bank_ifsc_code, business_address, business_name, created_at, email, enabled, first_name, is_active, is_seller, last_name, password, phone, updated_at, upi_id, version) 
    values
        (?, ?, ?, ?, ?, ?, ?, ?, ?, ?, ?, ?, ?, ?, ?, ?)
2025-06-20T14:19:46.114+05:30 DEBUG 37792 --- [user-management-service] [           main] org.hibernate.SQL                        : 
    insert 
    into
        users
        (bank_account_number, bank_ifsc_code, business_address, business_name, created_at, email, enabled, first_name, is_active, is_seller, last_name, password, phone, updated_at, upi_id, version) 
    values
        (?, ?, ?, ?, ?, ?, ?, ?, ?, ?, ?, ?, ?, ?, ?, ?)
Hibernate: 
    insert 
    into
        users
        (bank_account_number, bank_ifsc_code, business_address, business_name, created_at, email, enabled, first_name, is_active, is_seller, last_name, password, phone, updated_at, upi_id, version) 
    values
        (?, ?, ?, ?, ?, ?, ?, ?, ?, ?, ?, ?, ?, ?, ?, ?)
2025-06-20T14:19:46.118+05:30 DEBUG 37792 --- [user-management-service] [           main] org.hibernate.SQL                        : 
    insert 
    into
        users
        (bank_account_number, bank_ifsc_code, business_address, business_name, created_at, email, enabled, first_name, is_active, is_seller, last_name, password, phone, updated_at, upi_id, version) 
    values
        (?, ?, ?, ?, ?, ?, ?, ?, ?, ?, ?, ?, ?, ?, ?, ?)
Hibernate: 
    insert 
    into
        users
        (bank_account_number, bank_ifsc_code, business_address, business_name, created_at, email, enabled, first_name, is_active, is_seller, last_name, password, phone, updated_at, upi_id, version) 
    values
        (?, ?, ?, ?, ?, ?, ?, ?, ?, ?, ?, ?, ?, ?, ?, ?)
2025-06-20T14:19:46.120+05:30 DEBUG 37792 --- [user-management-service] [           main] org.hibernate.SQL                        : 
    insert 
    into
        users
        (bank_account_number, bank_ifsc_code, business_address, business_name, created_at, email, enabled, first_name, is_active, is_seller, last_name, password, phone, updated_at, upi_id, version) 
    values
        (?, ?, ?, ?, ?, ?, ?, ?, ?, ?, ?, ?, ?, ?, ?, ?)
Hibernate: 
    insert 
    into
        users
        (bank_account_number, bank_ifsc_code, business_address, business_name, created_at, email, enabled, first_name, is_active, is_seller, last_name, password, phone, updated_at, upi_id, version) 
    values
        (?, ?, ?, ?, ?, ?, ?, ?, ?, ?, ?, ?, ?, ?, ?, ?)
2025-06-20T14:19:46.123+05:30 DEBUG 37792 --- [user-management-service] [           main] org.hibernate.SQL                        : 
    insert 
    into
        users
        (bank_account_number, bank_ifsc_code, business_address, business_name, created_at, email, enabled, first_name, is_active, is_seller, last_name, password, phone, updated_at, upi_id, version) 
    values
        (?, ?, ?, ?, ?, ?, ?, ?, ?, ?, ?, ?, ?, ?, ?, ?)
Hibernate: 
    insert 
    into
        users
        (bank_account_number, bank_ifsc_code, business_address, business_name, created_at, email, enabled, first_name, is_active, is_seller, last_name, password, phone, updated_at, upi_id, version) 
    values
        (?, ?, ?, ?, ?, ?, ?, ?, ?, ?, ?, ?, ?, ?, ?, ?)
2025-06-20T14:19:46.126+05:30 DEBUG 37792 --- [user-management-service] [           main] org.hibernate.SQL                        : 
    insert 
    into
        users
        (bank_account_number, bank_ifsc_code, business_address, business_name, created_at, email, enabled, first_name, is_active, is_seller, last_name, password, phone, updated_at, upi_id, version) 
    values
        (?, ?, ?, ?, ?, ?, ?, ?, ?, ?, ?, ?, ?, ?, ?, ?)
Hibernate: 
    insert 
    into
        users
        (bank_account_number, bank_ifsc_code, business_address, business_name, created_at, email, enabled, first_name, is_active, is_seller, last_name, password, phone, updated_at, upi_id, version) 
    values
        (?, ?, ?, ?, ?, ?, ?, ?, ?, ?, ?, ?, ?, ?, ?, ?)
2025-06-20T14:19:46.130+05:30 DEBUG 37792 --- [user-management-service] [           main] org.hibernate.SQL                        : 
    insert 
    into
        users
        (bank_account_number, bank_ifsc_code, business_address, business_name, created_at, email, enabled, first_name, is_active, is_seller, last_name, password, phone, updated_at, upi_id, version) 
    values
        (?, ?, ?, ?, ?, ?, ?, ?, ?, ?, ?, ?, ?, ?, ?, ?)
Hibernate: 
    insert 
    into
        users
        (bank_account_number, bank_ifsc_code, business_address, business_name, created_at, email, enabled, first_name, is_active, is_seller, last_name, password, phone, updated_at, upi_id, version) 
    values
        (?, ?, ?, ?, ?, ?, ?, ?, ?, ?, ?, ?, ?, ?, ?, ?)
2025-06-20T14:19:46.131+05:30 DEBUG 37792 --- [user-management-service] [           main] org.hibernate.SQL                        : 
    insert 
    into
        users
        (bank_account_number, bank_ifsc_code, business_address, business_name, created_at, email, enabled, first_name, is_active, is_seller, last_name, password, phone, updated_at, upi_id, version) 
    values
        (?, ?, ?, ?, ?, ?, ?, ?, ?, ?, ?, ?, ?, ?, ?, ?)
Hibernate: 
    insert 
    into
        users
        (bank_account_number, bank_ifsc_code, business_address, business_name, created_at, email, enabled, first_name, is_active, is_seller, last_name, password, phone, updated_at, upi_id, version) 
    values
        (?, ?, ?, ?, ?, ?, ?, ?, ?, ?, ?, ?, ?, ?, ?, ?)
2025-06-20T14:19:46.135+05:30 DEBUG 37792 --- [user-management-service] [           main] org.hibernate.SQL                        : 
    insert 
    into
        users
        (bank_account_number, bank_ifsc_code, business_address, business_name, created_at, email, enabled, first_name, is_active, is_seller, last_name, password, phone, updated_at, upi_id, version) 
    values
        (?, ?, ?, ?, ?, ?, ?, ?, ?, ?, ?, ?, ?, ?, ?, ?)
Hibernate: 
    insert 
    into
        users
        (bank_account_number, bank_ifsc_code, business_address, business_name, created_at, email, enabled, first_name, is_active, is_seller, last_name, password, phone, updated_at, upi_id, version) 
    values
        (?, ?, ?, ?, ?, ?, ?, ?, ?, ?, ?, ?, ?, ?, ?, ?)
2025-06-20T14:19:46.137+05:30 DEBUG 37792 --- [user-management-service] [           main] org.hibernate.SQL                        : 
    insert 
    into
        users
        (bank_account_number, bank_ifsc_code, business_address, business_name, created_at, email, enabled, first_name, is_active, is_seller, last_name, password, phone, updated_at, upi_id, version) 
    values
        (?, ?, ?, ?, ?, ?, ?, ?, ?, ?, ?, ?, ?, ?, ?, ?)
Hibernate: 
    insert 
    into
        users
        (bank_account_number, bank_ifsc_code, business_address, business_name, created_at, email, enabled, first_name, is_active, is_seller, last_name, password, phone, updated_at, upi_id, version) 
    values
        (?, ?, ?, ?, ?, ?, ?, ?, ?, ?, ?, ?, ?, ?, ?, ?)
2025-06-20T14:19:46.141+05:30 DEBUG 37792 --- [user-management-service] [           main] org.hibernate.SQL                        : 
    insert 
    into
        users
        (bank_account_number, bank_ifsc_code, business_address, business_name, created_at, email, enabled, first_name, is_active, is_seller, last_name, password, phone, updated_at, upi_id, version) 
    values
        (?, ?, ?, ?, ?, ?, ?, ?, ?, ?, ?, ?, ?, ?, ?, ?)
Hibernate: 
    insert 
    into
        users
        (bank_account_number, bank_ifsc_code, business_address, business_name, created_at, email, enabled, first_name, is_active, is_seller, last_name, password, phone, updated_at, upi_id, version) 
    values
        (?, ?, ?, ?, ?, ?, ?, ?, ?, ?, ?, ?, ?, ?, ?, ?)
2025-06-20T14:19:46.145+05:30 DEBUG 37792 --- [user-management-service] [           main] org.hibernate.SQL                        : 
    insert 
    into
        users
        (bank_account_number, bank_ifsc_code, business_address, business_name, created_at, email, enabled, first_name, is_active, is_seller, last_name, password, phone, updated_at, upi_id, version) 
    values
        (?, ?, ?, ?, ?, ?, ?, ?, ?, ?, ?, ?, ?, ?, ?, ?)
Hibernate: 
    insert 
    into
        users
        (bank_account_number, bank_ifsc_code, business_address, business_name, created_at, email, enabled, first_name, is_active, is_seller, last_name, password, phone, updated_at, upi_id, version) 
    values
        (?, ?, ?, ?, ?, ?, ?, ?, ?, ?, ?, ?, ?, ?, ?, ?)
2025-06-20T14:19:46.148+05:30 DEBUG 37792 --- [user-management-service] [           main] org.hibernate.SQL                        : 
    insert 
    into
        users
        (bank_account_number, bank_ifsc_code, business_address, business_name, created_at, email, enabled, first_name, is_active, is_seller, last_name, password, phone, updated_at, upi_id, version) 
    values
        (?, ?, ?, ?, ?, ?, ?, ?, ?, ?, ?, ?, ?, ?, ?, ?)
Hibernate: 
    insert 
    into
        users
        (bank_account_number, bank_ifsc_code, business_address, business_name, created_at, email, enabled, first_name, is_active, is_seller, last_name, password, phone, updated_at, upi_id, version) 
    values
        (?, ?, ?, ?, ?, ?, ?, ?, ?, ?, ?, ?, ?, ?, ?, ?)
2025-06-20T14:19:46.151+05:30 DEBUG 37792 --- [user-management-service] [           main] org.hibernate.SQL                        : 
    insert 
    into
        users
        (bank_account_number, bank_ifsc_code, business_address, business_name, created_at, email, enabled, first_name, is_active, is_seller, last_name, password, phone, updated_at, upi_id, version) 
    values
        (?, ?, ?, ?, ?, ?, ?, ?, ?, ?, ?, ?, ?, ?, ?, ?)
Hibernate: 
    insert 
    into
        users
        (bank_account_number, bank_ifsc_code, business_address, business_name, created_at, email, enabled, first_name, is_active, is_seller, last_name, password, phone, updated_at, upi_id, version) 
    values
        (?, ?, ?, ?, ?, ?, ?, ?, ?, ?, ?, ?, ?, ?, ?, ?)
2025-06-20T14:19:46.154+05:30 DEBUG 37792 --- [user-management-service] [           main] org.hibernate.SQL                        : 
    insert 
    into
        users
        (bank_account_number, bank_ifsc_code, business_address, business_name, created_at, email, enabled, first_name, is_active, is_seller, last_name, password, phone, updated_at, upi_id, version) 
    values
        (?, ?, ?, ?, ?, ?, ?, ?, ?, ?, ?, ?, ?, ?, ?, ?)
Hibernate: 
    insert 
    into
        users
        (bank_account_number, bank_ifsc_code, business_address, business_name, created_at, email, enabled, first_name, is_active, is_seller, last_name, password, phone, updated_at, upi_id, version) 
    values
        (?, ?, ?, ?, ?, ?, ?, ?, ?, ?, ?, ?, ?, ?, ?, ?)
2025-06-20T14:19:46.156+05:30 DEBUG 37792 --- [user-management-service] [           main] org.hibernate.SQL                        : 
    insert 
    into
        users
        (bank_account_number, bank_ifsc_code, business_address, business_name, created_at, email, enabled, first_name, is_active, is_seller, last_name, password, phone, updated_at, upi_id, version) 
    values
        (?, ?, ?, ?, ?, ?, ?, ?, ?, ?, ?, ?, ?, ?, ?, ?)
Hibernate: 
    insert 
    into
        users
        (bank_account_number, bank_ifsc_code, business_address, business_name, created_at, email, enabled, first_name, is_active, is_seller, last_name, password, phone, updated_at, upi_id, version) 
    values
        (?, ?, ?, ?, ?, ?, ?, ?, ?, ?, ?, ?, ?, ?, ?, ?)
2025-06-20T14:19:46.159+05:30 DEBUG 37792 --- [user-management-service] [           main] org.hibernate.SQL                        : 
    insert 
    into
        users
        (bank_account_number, bank_ifsc_code, business_address, business_name, created_at, email, enabled, first_name, is_active, is_seller, last_name, password, phone, updated_at, upi_id, version) 
    values
        (?, ?, ?, ?, ?, ?, ?, ?, ?, ?, ?, ?, ?, ?, ?, ?)
Hibernate: 
    insert 
    into
        users
        (bank_account_number, bank_ifsc_code, business_address, business_name, created_at, email, enabled, first_name, is_active, is_seller, last_name, password, phone, updated_at, upi_id, version) 
    values
        (?, ?, ?, ?, ?, ?, ?, ?, ?, ?, ?, ?, ?, ?, ?, ?)
2025-06-20T14:19:46.162+05:30 DEBUG 37792 --- [user-management-service] [           main] org.hibernate.SQL                        : 
    insert 
    into
        users
        (bank_account_number, bank_ifsc_code, business_address, business_name, created_at, email, enabled, first_name, is_active, is_seller, last_name, password, phone, updated_at, upi_id, version) 
    values
        (?, ?, ?, ?, ?, ?, ?, ?, ?, ?, ?, ?, ?, ?, ?, ?)
Hibernate: 
    insert 
    into
        users
        (bank_account_number, bank_ifsc_code, business_address, business_name, created_at, email, enabled, first_name, is_active, is_seller, last_name, password, phone, updated_at, upi_id, version) 
    values
        (?, ?, ?, ?, ?, ?, ?, ?, ?, ?, ?, ?, ?, ?, ?, ?)
2025-06-20T14:19:46.164+05:30 DEBUG 37792 --- [user-management-service] [           main] org.hibernate.SQL                        : 
    insert 
    into
        users
        (bank_account_number, bank_ifsc_code, business_address, business_name, created_at, email, enabled, first_name, is_active, is_seller, last_name, password, phone, updated_at, upi_id, version) 
    values
        (?, ?, ?, ?, ?, ?, ?, ?, ?, ?, ?, ?, ?, ?, ?, ?)
Hibernate: 
    insert 
    into
        users
        (bank_account_number, bank_ifsc_code, business_address, business_name, created_at, email, enabled, first_name, is_active, is_seller, last_name, password, phone, updated_at, upi_id, version) 
    values
        (?, ?, ?, ?, ?, ?, ?, ?, ?, ?, ?, ?, ?, ?, ?, ?)
2025-06-20T14:19:46.168+05:30 DEBUG 37792 --- [user-management-service] [           main] org.hibernate.SQL                        : 
    insert 
    into
        users
        (bank_account_number, bank_ifsc_code, business_address, business_name, created_at, email, enabled, first_name, is_active, is_seller, last_name, password, phone, updated_at, upi_id, version) 
    values
        (?, ?, ?, ?, ?, ?, ?, ?, ?, ?, ?, ?, ?, ?, ?, ?)
Hibernate: 
    insert 
    into
        users
        (bank_account_number, bank_ifsc_code, business_address, business_name, created_at, email, enabled, first_name, is_active, is_seller, last_name, password, phone, updated_at, upi_id, version) 
    values
        (?, ?, ?, ?, ?, ?, ?, ?, ?, ?, ?, ?, ?, ?, ?, ?)
2025-06-20T14:19:46.171+05:30 DEBUG 37792 --- [user-management-service] [           main] org.hibernate.SQL                        : 
    insert 
    into
        users
        (bank_account_number, bank_ifsc_code, business_address, business_name, created_at, email, enabled, first_name, is_active, is_seller, last_name, password, phone, updated_at, upi_id, version) 
    values
        (?, ?, ?, ?, ?, ?, ?, ?, ?, ?, ?, ?, ?, ?, ?, ?)
Hibernate: 
    insert 
    into
        users
        (bank_account_number, bank_ifsc_code, business_address, business_name, created_at, email, enabled, first_name, is_active, is_seller, last_name, password, phone, updated_at, upi_id, version) 
    values
        (?, ?, ?, ?, ?, ?, ?, ?, ?, ?, ?, ?, ?, ?, ?, ?)
2025-06-20T14:19:46.173+05:30 DEBUG 37792 --- [user-management-service] [           main] org.hibernate.SQL                        : 
    insert 
    into
        users
        (bank_account_number, bank_ifsc_code, business_address, business_name, created_at, email, enabled, first_name, is_active, is_seller, last_name, password, phone, updated_at, upi_id, version) 
    values
        (?, ?, ?, ?, ?, ?, ?, ?, ?, ?, ?, ?, ?, ?, ?, ?)
Hibernate: 
    insert 
    into
        users
        (bank_account_number, bank_ifsc_code, business_address, business_name, created_at, email, enabled, first_name, is_active, is_seller, last_name, password, phone, updated_at, upi_id, version) 
    values
        (?, ?, ?, ?, ?, ?, ?, ?, ?, ?, ?, ?, ?, ?, ?, ?)
2025-06-20T14:19:46.175+05:30 DEBUG 37792 --- [user-management-service] [           main] org.hibernate.SQL                        : 
    insert 
    into
        users
        (bank_account_number, bank_ifsc_code, business_address, business_name, created_at, email, enabled, first_name, is_active, is_seller, last_name, password, phone, updated_at, upi_id, version) 
    values
        (?, ?, ?, ?, ?, ?, ?, ?, ?, ?, ?, ?, ?, ?, ?, ?)
Hibernate: 
    insert 
    into
        users
        (bank_account_number, bank_ifsc_code, business_address, business_name, created_at, email, enabled, first_name, is_active, is_seller, last_name, password, phone, updated_at, upi_id, version) 
    values
        (?, ?, ?, ?, ?, ?, ?, ?, ?, ?, ?, ?, ?, ?, ?, ?)
2025-06-20T14:19:46.178+05:30 DEBUG 37792 --- [user-management-service] [           main] org.hibernate.SQL                        : 
    insert 
    into
        users
        (bank_account_number, bank_ifsc_code, business_address, business_name, created_at, email, enabled, first_name, is_active, is_seller, last_name, password, phone, updated_at, upi_id, version) 
    values
        (?, ?, ?, ?, ?, ?, ?, ?, ?, ?, ?, ?, ?, ?, ?, ?)
Hibernate: 
    insert 
    into
        users
        (bank_account_number, bank_ifsc_code, business_address, business_name, created_at, email, enabled, first_name, is_active, is_seller, last_name, password, phone, updated_at, upi_id, version) 
    values
        (?, ?, ?, ?, ?, ?, ?, ?, ?, ?, ?, ?, ?, ?, ?, ?)
2025-06-20T14:19:46.180+05:30 DEBUG 37792 --- [user-management-service] [           main] org.hibernate.SQL                        : 
    insert 
    into
        users
        (bank_account_number, bank_ifsc_code, business_address, business_name, created_at, email, enabled, first_name, is_active, is_seller, last_name, password, phone, updated_at, upi_id, version) 
    values
        (?, ?, ?, ?, ?, ?, ?, ?, ?, ?, ?, ?, ?, ?, ?, ?)
Hibernate: 
    insert 
    into
        users
        (bank_account_number, bank_ifsc_code, business_address, business_name, created_at, email, enabled, first_name, is_active, is_seller, last_name, password, phone, updated_at, upi_id, version) 
    values
        (?, ?, ?, ?, ?, ?, ?, ?, ?, ?, ?, ?, ?, ?, ?, ?)
2025-06-20T14:19:46.183+05:30 DEBUG 37792 --- [user-management-service] [           main] org.hibernate.SQL                        : 
    insert 
    into
        users
        (bank_account_number, bank_ifsc_code, business_address, business_name, created_at, email, enabled, first_name, is_active, is_seller, last_name, password, phone, updated_at, upi_id, version) 
    values
        (?, ?, ?, ?, ?, ?, ?, ?, ?, ?, ?, ?, ?, ?, ?, ?)
Hibernate: 
    insert 
    into
        users
        (bank_account_number, bank_ifsc_code, business_address, business_name, created_at, email, enabled, first_name, is_active, is_seller, last_name, password, phone, updated_at, upi_id, version) 
    values
        (?, ?, ?, ?, ?, ?, ?, ?, ?, ?, ?, ?, ?, ?, ?, ?)
2025-06-20T14:19:46.185+05:30 DEBUG 37792 --- [user-management-service] [           main] org.hibernate.SQL                        : 
    insert 
    into
        users
        (bank_account_number, bank_ifsc_code, business_address, business_name, created_at, email, enabled, first_name, is_active, is_seller, last_name, password, phone, updated_at, upi_id, version) 
    values
        (?, ?, ?, ?, ?, ?, ?, ?, ?, ?, ?, ?, ?, ?, ?, ?)
Hibernate: 
    insert 
    into
        users
        (bank_account_number, bank_ifsc_code, business_address, business_name, created_at, email, enabled, first_name, is_active, is_seller, last_name, password, phone, updated_at, upi_id, version) 
    values
        (?, ?, ?, ?, ?, ?, ?, ?, ?, ?, ?, ?, ?, ?, ?, ?)
2025-06-20T14:19:46.187+05:30 DEBUG 37792 --- [user-management-service] [           main] org.hibernate.SQL                        : 
    insert 
    into
        users
        (bank_account_number, bank_ifsc_code, business_address, business_name, created_at, email, enabled, first_name, is_active, is_seller, last_name, password, phone, updated_at, upi_id, version) 
    values
        (?, ?, ?, ?, ?, ?, ?, ?, ?, ?, ?, ?, ?, ?, ?, ?)
Hibernate: 
    insert 
    into
        users
        (bank_account_number, bank_ifsc_code, business_address, business_name, created_at, email, enabled, first_name, is_active, is_seller, last_name, password, phone, updated_at, upi_id, version) 
    values
        (?, ?, ?, ?, ?, ?, ?, ?, ?, ?, ?, ?, ?, ?, ?, ?)
2025-06-20T14:19:46.189+05:30 DEBUG 37792 --- [user-management-service] [           main] org.hibernate.SQL                        : 
    insert 
    into
        users
        (bank_account_number, bank_ifsc_code, business_address, business_name, created_at, email, enabled, first_name, is_active, is_seller, last_name, password, phone, updated_at, upi_id, version) 
    values
        (?, ?, ?, ?, ?, ?, ?, ?, ?, ?, ?, ?, ?, ?, ?, ?)
Hibernate: 
    insert 
    into
        users
        (bank_account_number, bank_ifsc_code, business_address, business_name, created_at, email, enabled, first_name, is_active, is_seller, last_name, password, phone, updated_at, upi_id, version) 
    values
        (?, ?, ?, ?, ?, ?, ?, ?, ?, ?, ?, ?, ?, ?, ?, ?)
2025-06-20T14:19:46.191+05:30 DEBUG 37792 --- [user-management-service] [           main] org.hibernate.SQL                        : 
    insert 
    into
        users
        (bank_account_number, bank_ifsc_code, business_address, business_name, created_at, email, enabled, first_name, is_active, is_seller, last_name, password, phone, updated_at, upi_id, version) 
    values
        (?, ?, ?, ?, ?, ?, ?, ?, ?, ?, ?, ?, ?, ?, ?, ?)
Hibernate: 
    insert 
    into
        users
        (bank_account_number, bank_ifsc_code, business_address, business_name, created_at, email, enabled, first_name, is_active, is_seller, last_name, password, phone, updated_at, upi_id, version) 
    values
        (?, ?, ?, ?, ?, ?, ?, ?, ?, ?, ?, ?, ?, ?, ?, ?)
2025-06-20T14:19:46.194+05:30 DEBUG 37792 --- [user-management-service] [           main] org.hibernate.SQL                        : 
    insert 
    into
        users
        (bank_account_number, bank_ifsc_code, business_address, business_name, created_at, email, enabled, first_name, is_active, is_seller, last_name, password, phone, updated_at, upi_id, version) 
    values
        (?, ?, ?, ?, ?, ?, ?, ?, ?, ?, ?, ?, ?, ?, ?, ?)
Hibernate: 
    insert 
    into
        users
        (bank_account_number, bank_ifsc_code, business_address, business_name, created_at, email, enabled, first_name, is_active, is_seller, last_name, password, phone, updated_at, upi_id, version) 
    values
        (?, ?, ?, ?, ?, ?, ?, ?, ?, ?, ?, ?, ?, ?, ?, ?)
2025-06-20T14:19:46.196+05:30 DEBUG 37792 --- [user-management-service] [           main] org.hibernate.SQL                        : 
    insert 
    into
        users
        (bank_account_number, bank_ifsc_code, business_address, business_name, created_at, email, enabled, first_name, is_active, is_seller, last_name, password, phone, updated_at, upi_id, version) 
    values
        (?, ?, ?, ?, ?, ?, ?, ?, ?, ?, ?, ?, ?, ?, ?, ?)
Hibernate: 
    insert 
    into
        users
        (bank_account_number, bank_ifsc_code, business_address, business_name, created_at, email, enabled, first_name, is_active, is_seller, last_name, password, phone, updated_at, upi_id, version) 
    values
        (?, ?, ?, ?, ?, ?, ?, ?, ?, ?, ?, ?, ?, ?, ?, ?)
2025-06-20T14:19:46.200+05:30 DEBUG 37792 --- [user-management-service] [           main] org.hibernate.SQL                        : 
    insert 
    into
        users
        (bank_account_number, bank_ifsc_code, business_address, business_name, created_at, email, enabled, first_name, is_active, is_seller, last_name, password, phone, updated_at, upi_id, version) 
    values
        (?, ?, ?, ?, ?, ?, ?, ?, ?, ?, ?, ?, ?, ?, ?, ?)
Hibernate: 
    insert 
    into
        users
        (bank_account_number, bank_ifsc_code, business_address, business_name, created_at, email, enabled, first_name, is_active, is_seller, last_name, password, phone, updated_at, upi_id, version) 
    values
        (?, ?, ?, ?, ?, ?, ?, ?, ?, ?, ?, ?, ?, ?, ?, ?)
2025-06-20T14:19:46.202+05:30 DEBUG 37792 --- [user-management-service] [           main] org.hibernate.SQL                        : 
    insert 
    into
        users
        (bank_account_number, bank_ifsc_code, business_address, business_name, created_at, email, enabled, first_name, is_active, is_seller, last_name, password, phone, updated_at, upi_id, version) 
    values
        (?, ?, ?, ?, ?, ?, ?, ?, ?, ?, ?, ?, ?, ?, ?, ?)
Hibernate: 
    insert 
    into
        users
        (bank_account_number, bank_ifsc_code, business_address, business_name, created_at, email, enabled, first_name, is_active, is_seller, last_name, password, phone, updated_at, upi_id, version) 
    values
        (?, ?, ?, ?, ?, ?, ?, ?, ?, ?, ?, ?, ?, ?, ?, ?)
2025-06-20T14:19:46.205+05:30 DEBUG 37792 --- [user-management-service] [           main] org.hibernate.SQL                        : 
    insert 
    into
        users
        (bank_account_number, bank_ifsc_code, business_address, business_name, created_at, email, enabled, first_name, is_active, is_seller, last_name, password, phone, updated_at, upi_id, version) 
    values
        (?, ?, ?, ?, ?, ?, ?, ?, ?, ?, ?, ?, ?, ?, ?, ?)
Hibernate: 
    insert 
    into
        users
        (bank_account_number, bank_ifsc_code, business_address, business_name, created_at, email, enabled, first_name, is_active, is_seller, last_name, password, phone, updated_at, upi_id, version) 
    values
        (?, ?, ?, ?, ?, ?, ?, ?, ?, ?, ?, ?, ?, ?, ?, ?)
2025-06-20T14:19:46.207+05:30 DEBUG 37792 --- [user-management-service] [           main] org.hibernate.SQL                        : 
    insert 
    into
        users
        (bank_account_number, bank_ifsc_code, business_address, business_name, created_at, email, enabled, first_name, is_active, is_seller, last_name, password, phone, updated_at, upi_id, version) 
    values
        (?, ?, ?, ?, ?, ?, ?, ?, ?, ?, ?, ?, ?, ?, ?, ?)
Hibernate: 
    insert 
    into
        users
        (bank_account_number, bank_ifsc_code, business_address, business_name, created_at, email, enabled, first_name, is_active, is_seller, last_name, password, phone, updated_at, upi_id, version) 
    values
        (?, ?, ?, ?, ?, ?, ?, ?, ?, ?, ?, ?, ?, ?, ?, ?)
2025-06-20T14:19:46.210+05:30 DEBUG 37792 --- [user-management-service] [           main] org.hibernate.SQL                        : 
    insert 
    into
        users
        (bank_account_number, bank_ifsc_code, business_address, business_name, created_at, email, enabled, first_name, is_active, is_seller, last_name, password, phone, updated_at, upi_id, version) 
    values
        (?, ?, ?, ?, ?, ?, ?, ?, ?, ?, ?, ?, ?, ?, ?, ?)
Hibernate: 
    insert 
    into
        users
        (bank_account_number, bank_ifsc_code, business_address, business_name, created_at, email, enabled, first_name, is_active, is_seller, last_name, password, phone, updated_at, upi_id, version) 
    values
        (?, ?, ?, ?, ?, ?, ?, ?, ?, ?, ?, ?, ?, ?, ?, ?)
2025-06-20T14:19:46.231+05:30 DEBUG 37792 --- [user-management-service] [           main] org.hibernate.SQL                        : 
    select
        u1_0.id,
        u1_0.bank_account_number,
        u1_0.bank_ifsc_code,
        u1_0.business_address,
        u1_0.business_name,
        u1_0.created_at,
        u1_0.email,
        u1_0.enabled,
        u1_0.first_name,
        u1_0.is_active,
        u1_0.is_seller,
        u1_0.last_name,
        u1_0.password,
        u1_0.phone,
        u1_0.updated_at,
        u1_0.upi_id,
        u1_0.version 
    from
        users u1_0
Hibernate: 
    select
        u1_0.id,
        u1_0.bank_account_number,
        u1_0.bank_ifsc_code,
        u1_0.business_address,
        u1_0.business_name,
        u1_0.created_at,
        u1_0.email,
        u1_0.enabled,
        u1_0.first_name,
        u1_0.is_active,
        u1_0.is_seller,
        u1_0.last_name,
        u1_0.password,
        u1_0.phone,
        u1_0.updated_at,
        u1_0.upi_id,
        u1_0.version 
    from
        users u1_0
]]></system-out>
  </testcase>
  <testcase name="shouldRejectUserCreation_WhenPhoneNumberIsNull" classname="com.foodorder.usermanagement.service.UserServiceEdgeCaseTest" time="0.046">
    <system-out><![CDATA[2025-06-20T14:19:46.332+05:30 DEBUG 37792 --- [user-management-service] [           main] org.hibernate.SQL                        : 
    select
        u1_0.id,
        u1_0.bank_account_number,
        u1_0.bank_ifsc_code,
        u1_0.business_address,
        u1_0.business_name,
        u1_0.created_at,
        u1_0.email,
        u1_0.enabled,
        u1_0.first_name,
        u1_0.is_active,
        u1_0.is_seller,
        u1_0.last_name,
        u1_0.password,
        u1_0.phone,
        u1_0.updated_at,
        u1_0.upi_id,
        u1_0.version 
    from
        users u1_0
Hibernate: 
    select
        u1_0.id,
        u1_0.bank_account_number,
        u1_0.bank_ifsc_code,
        u1_0.business_address,
        u1_0.business_name,
        u1_0.created_at,
        u1_0.email,
        u1_0.enabled,
        u1_0.first_name,
        u1_0.is_active,
        u1_0.is_seller,
        u1_0.last_name,
        u1_0.password,
        u1_0.phone,
        u1_0.updated_at,
        u1_0.upi_id,
        u1_0.version 
    from
        users u1_0
]]></system-out>
  </testcase>
  <testcase name="getAllUsers_XssAttempt" classname="com.foodorder.usermanagement.service.UserServiceEdgeCaseTest" time="0.02">
    <system-out><![CDATA[2025-06-20T14:19:46.370+05:30 DEBUG 37792 --- [user-management-service] [           main] org.hibernate.SQL                        : 
    select
        u1_0.id,
        u1_0.bank_account_number,
        u1_0.bank_ifsc_code,
        u1_0.business_address,
        u1_0.business_name,
        u1_0.created_at,
        u1_0.email,
        u1_0.enabled,
        u1_0.first_name,
        u1_0.is_active,
        u1_0.is_seller,
        u1_0.last_name,
        u1_0.password,
        u1_0.phone,
        u1_0.updated_at,
        u1_0.upi_id,
        u1_0.version 
    from
        users u1_0
Hibernate: 
    select
        u1_0.id,
        u1_0.bank_account_number,
        u1_0.bank_ifsc_code,
        u1_0.business_address,
        u1_0.business_name,
        u1_0.created_at,
        u1_0.email,
        u1_0.enabled,
        u1_0.first_name,
        u1_0.is_active,
        u1_0.is_seller,
        u1_0.last_name,
        u1_0.password,
        u1_0.phone,
        u1_0.updated_at,
        u1_0.upi_id,
        u1_0.version 
    from
        users u1_0
2025-06-20T14:19:46.373+05:30 DEBUG 37792 --- [user-management-service] [           main] org.hibernate.SQL                        : 
    insert 
    into
        users
        (bank_account_number, bank_ifsc_code, business_address, business_name, created_at, email, enabled, first_name, is_active, is_seller, last_name, password, phone, updated_at, upi_id, version) 
    values
        (?, ?, ?, ?, ?, ?, ?, ?, ?, ?, ?, ?, ?, ?, ?, ?)
Hibernate: 
    insert 
    into
        users
        (bank_account_number, bank_ifsc_code, business_address, business_name, created_at, email, enabled, first_name, is_active, is_seller, last_name, password, phone, updated_at, upi_id, version) 
    values
        (?, ?, ?, ?, ?, ?, ?, ?, ?, ?, ?, ?, ?, ?, ?, ?)
2025-06-20T14:19:46.378+05:30 DEBUG 37792 --- [user-management-service] [           main] org.hibernate.SQL                        : 
    select
        u1_0.id,
        u1_0.bank_account_number,
        u1_0.bank_ifsc_code,
        u1_0.business_address,
        u1_0.business_name,
        u1_0.created_at,
        u1_0.email,
        u1_0.enabled,
        u1_0.first_name,
        u1_0.is_active,
        u1_0.is_seller,
        u1_0.last_name,
        u1_0.password,
        u1_0.phone,
        u1_0.updated_at,
        u1_0.upi_id,
        u1_0.version 
    from
        users u1_0
Hibernate: 
    select
        u1_0.id,
        u1_0.bank_account_number,
        u1_0.bank_ifsc_code,
        u1_0.business_address,
        u1_0.business_name,
        u1_0.created_at,
        u1_0.email,
        u1_0.enabled,
        u1_0.first_name,
        u1_0.is_active,
        u1_0.is_seller,
        u1_0.last_name,
        u1_0.password,
        u1_0.phone,
        u1_0.updated_at,
        u1_0.upi_id,
        u1_0.version 
    from
        users u1_0
]]></system-out>
  </testcase>
  <testcase name="getAllUsers_MaximumFieldLengths" classname="com.foodorder.usermanagement.service.UserServiceEdgeCaseTest" time="0.019">
    <system-out><![CDATA[2025-06-20T14:19:46.390+05:30 DEBUG 37792 --- [user-management-service] [           main] org.hibernate.SQL                        : 
    select
        u1_0.id,
        u1_0.bank_account_number,
        u1_0.bank_ifsc_code,
        u1_0.business_address,
        u1_0.business_name,
        u1_0.created_at,
        u1_0.email,
        u1_0.enabled,
        u1_0.first_name,
        u1_0.is_active,
        u1_0.is_seller,
        u1_0.last_name,
        u1_0.password,
        u1_0.phone,
        u1_0.updated_at,
        u1_0.upi_id,
        u1_0.version 
    from
        users u1_0
Hibernate: 
    select
        u1_0.id,
        u1_0.bank_account_number,
        u1_0.bank_ifsc_code,
        u1_0.business_address,
        u1_0.business_name,
        u1_0.created_at,
        u1_0.email,
        u1_0.enabled,
        u1_0.first_name,
        u1_0.is_active,
        u1_0.is_seller,
        u1_0.last_name,
        u1_0.password,
        u1_0.phone,
        u1_0.updated_at,
        u1_0.upi_id,
        u1_0.version 
    from
        users u1_0
2025-06-20T14:19:46.394+05:30 DEBUG 37792 --- [user-management-service] [           main] org.hibernate.SQL                        : 
    insert 
    into
        users
        (bank_account_number, bank_ifsc_code, business_address, business_name, created_at, email, enabled, first_name, is_active, is_seller, last_name, password, phone, updated_at, upi_id, version) 
    values
        (?, ?, ?, ?, ?, ?, ?, ?, ?, ?, ?, ?, ?, ?, ?, ?)
Hibernate: 
    insert 
    into
        users
        (bank_account_number, bank_ifsc_code, business_address, business_name, created_at, email, enabled, first_name, is_active, is_seller, last_name, password, phone, updated_at, upi_id, version) 
    values
        (?, ?, ?, ?, ?, ?, ?, ?, ?, ?, ?, ?, ?, ?, ?, ?)
2025-06-20T14:19:46.400+05:30 DEBUG 37792 --- [user-management-service] [           main] org.hibernate.SQL                        : 
    select
        u1_0.id,
        u1_0.bank_account_number,
        u1_0.bank_ifsc_code,
        u1_0.business_address,
        u1_0.business_name,
        u1_0.created_at,
        u1_0.email,
        u1_0.enabled,
        u1_0.first_name,
        u1_0.is_active,
        u1_0.is_seller,
        u1_0.last_name,
        u1_0.password,
        u1_0.phone,
        u1_0.updated_at,
        u1_0.upi_id,
        u1_0.version 
    from
        users u1_0
Hibernate: 
    select
        u1_0.id,
        u1_0.bank_account_number,
        u1_0.bank_ifsc_code,
        u1_0.business_address,
        u1_0.business_name,
        u1_0.created_at,
        u1_0.email,
        u1_0.enabled,
        u1_0.first_name,
        u1_0.is_active,
        u1_0.is_seller,
        u1_0.last_name,
        u1_0.password,
        u1_0.phone,
        u1_0.updated_at,
        u1_0.upi_id,
        u1_0.version 
    from
        users u1_0
]]></system-out>
  </testcase>
  <testcase name="getAllUsers_SqlInjectionAttempt" classname="com.foodorder.usermanagement.service.UserServiceEdgeCaseTest" time="0.018">
    <system-out><![CDATA[2025-06-20T14:19:46.409+05:30 DEBUG 37792 --- [user-management-service] [           main] org.hibernate.SQL                        : 
    select
        u1_0.id,
        u1_0.bank_account_number,
        u1_0.bank_ifsc_code,
        u1_0.business_address,
        u1_0.business_name,
        u1_0.created_at,
        u1_0.email,
        u1_0.enabled,
        u1_0.first_name,
        u1_0.is_active,
        u1_0.is_seller,
        u1_0.last_name,
        u1_0.password,
        u1_0.phone,
        u1_0.updated_at,
        u1_0.upi_id,
        u1_0.version 
    from
        users u1_0
Hibernate: 
    select
        u1_0.id,
        u1_0.bank_account_number,
        u1_0.bank_ifsc_code,
        u1_0.business_address,
        u1_0.business_name,
        u1_0.created_at,
        u1_0.email,
        u1_0.enabled,
        u1_0.first_name,
        u1_0.is_active,
        u1_0.is_seller,
        u1_0.last_name,
        u1_0.password,
        u1_0.phone,
        u1_0.updated_at,
        u1_0.upi_id,
        u1_0.version 
    from
        users u1_0
2025-06-20T14:19:46.413+05:30 DEBUG 37792 --- [user-management-service] [           main] org.hibernate.SQL                        : 
    insert 
    into
        users
        (bank_account_number, bank_ifsc_code, business_address, business_name, created_at, email, enabled, first_name, is_active, is_seller, last_name, password, phone, updated_at, upi_id, version) 
    values
        (?, ?, ?, ?, ?, ?, ?, ?, ?, ?, ?, ?, ?, ?, ?, ?)
Hibernate: 
    insert 
    into
        users
        (bank_account_number, bank_ifsc_code, business_address, business_name, created_at, email, enabled, first_name, is_active, is_seller, last_name, password, phone, updated_at, upi_id, version) 
    values
        (?, ?, ?, ?, ?, ?, ?, ?, ?, ?, ?, ?, ?, ?, ?, ?)
2025-06-20T14:19:46.419+05:30 DEBUG 37792 --- [user-management-service] [           main] org.hibernate.SQL                        : 
    select
        u1_0.id,
        u1_0.bank_account_number,
        u1_0.bank_ifsc_code,
        u1_0.business_address,
        u1_0.business_name,
        u1_0.created_at,
        u1_0.email,
        u1_0.enabled,
        u1_0.first_name,
        u1_0.is_active,
        u1_0.is_seller,
        u1_0.last_name,
        u1_0.password,
        u1_0.phone,
        u1_0.updated_at,
        u1_0.upi_id,
        u1_0.version 
    from
        users u1_0
Hibernate: 
    select
        u1_0.id,
        u1_0.bank_account_number,
        u1_0.bank_ifsc_code,
        u1_0.business_address,
        u1_0.business_name,
        u1_0.created_at,
        u1_0.email,
        u1_0.enabled,
        u1_0.first_name,
        u1_0.is_active,
        u1_0.is_seller,
        u1_0.last_name,
        u1_0.password,
        u1_0.phone,
        u1_0.updated_at,
        u1_0.upi_id,
        u1_0.version 
    from
        users u1_0
]]></system-out>
  </testcase>
  <testcase name="shouldRejectUserCreation_WhenPhoneNumberIsEmpty" classname="com.foodorder.usermanagement.service.UserServiceEdgeCaseTest" time="0.01">
    <system-out><![CDATA[2025-06-20T14:19:46.428+05:30 DEBUG 37792 --- [user-management-service] [           main] org.hibernate.SQL                        : 
    select
        u1_0.id,
        u1_0.bank_account_number,
        u1_0.bank_ifsc_code,
        u1_0.business_address,
        u1_0.business_name,
        u1_0.created_at,
        u1_0.email,
        u1_0.enabled,
        u1_0.first_name,
        u1_0.is_active,
        u1_0.is_seller,
        u1_0.last_name,
        u1_0.password,
        u1_0.phone,
        u1_0.updated_at,
        u1_0.upi_id,
        u1_0.version 
    from
        users u1_0
Hibernate: 
    select
        u1_0.id,
        u1_0.bank_account_number,
        u1_0.bank_ifsc_code,
        u1_0.business_address,
        u1_0.business_name,
        u1_0.created_at,
        u1_0.email,
        u1_0.enabled,
        u1_0.first_name,
        u1_0.is_active,
        u1_0.is_seller,
        u1_0.last_name,
        u1_0.password,
        u1_0.phone,
        u1_0.updated_at,
        u1_0.upi_id,
        u1_0.version 
    from
        users u1_0
]]></system-out>
  </testcase>
  <testcase name="getAllUsers_NullFields" classname="com.foodorder.usermanagement.service.UserServiceEdgeCaseTest" time="0.009">
    <system-out><![CDATA[2025-06-20T14:19:46.439+05:30 DEBUG 37792 --- [user-management-service] [           main] org.hibernate.SQL                        : 
    select
        u1_0.id,
        u1_0.bank_account_number,
        u1_0.bank_ifsc_code,
        u1_0.business_address,
        u1_0.business_name,
        u1_0.created_at,
        u1_0.email,
        u1_0.enabled,
        u1_0.first_name,
        u1_0.is_active,
        u1_0.is_seller,
        u1_0.last_name,
        u1_0.password,
        u1_0.phone,
        u1_0.updated_at,
        u1_0.upi_id,
        u1_0.version 
    from
        users u1_0
Hibernate: 
    select
        u1_0.id,
        u1_0.bank_account_number,
        u1_0.bank_ifsc_code,
        u1_0.business_address,
        u1_0.business_name,
        u1_0.created_at,
        u1_0.email,
        u1_0.enabled,
        u1_0.first_name,
        u1_0.is_active,
        u1_0.is_seller,
        u1_0.last_name,
        u1_0.password,
        u1_0.phone,
        u1_0.updated_at,
        u1_0.upi_id,
        u1_0.version 
    from
        users u1_0
exceptionjakarta.validation.ConstraintViolationException: Validation failed for classes [com.foodorder.usermanagement.model.User] during persist time for groups [jakarta.validation.groups.Default, ]
List of constraint violations:[
	ConstraintViolationImpl{interpolatedMessage='must not be blank', propertyPath=phone, rootBeanClass=class com.foodorder.usermanagement.model.User, messageTemplate='{jakarta.validation.constraints.NotBlank.message}'}
	ConstraintViolationImpl{interpolatedMessage='must not be blank', propertyPath=firstName, rootBeanClass=class com.foodorder.usermanagement.model.User, messageTemplate='{jakarta.validation.constraints.NotBlank.message}'}
	ConstraintViolationImpl{interpolatedMessage='must not be blank', propertyPath=lastName, rootBeanClass=class com.foodorder.usermanagement.model.User, messageTemplate='{jakarta.validation.constraints.NotBlank.message}'}
]
]]></system-out>
  </testcase>
  <testcase name="getAllUsers_EmptyStrings" classname="com.foodorder.usermanagement.service.UserServiceEdgeCaseTest" time="0.01">
    <system-out><![CDATA[2025-06-20T14:19:46.449+05:30 DEBUG 37792 --- [user-management-service] [           main] org.hibernate.SQL                        : 
    select
        u1_0.id,
        u1_0.bank_account_number,
        u1_0.bank_ifsc_code,
        u1_0.business_address,
        u1_0.business_name,
        u1_0.created_at,
        u1_0.email,
        u1_0.enabled,
        u1_0.first_name,
        u1_0.is_active,
        u1_0.is_seller,
        u1_0.last_name,
        u1_0.password,
        u1_0.phone,
        u1_0.updated_at,
        u1_0.upi_id,
        u1_0.version 
    from
        users u1_0
Hibernate: 
    select
        u1_0.id,
        u1_0.bank_account_number,
        u1_0.bank_ifsc_code,
        u1_0.business_address,
        u1_0.business_name,
        u1_0.created_at,
        u1_0.email,
        u1_0.enabled,
        u1_0.first_name,
        u1_0.is_active,
        u1_0.is_seller,
        u1_0.last_name,
        u1_0.password,
        u1_0.phone,
        u1_0.updated_at,
        u1_0.upi_id,
        u1_0.version 
    from
        users u1_0
]]></system-out>
  </testcase>
  <testcase name="getAllUsers_EmptyDatabase" classname="com.foodorder.usermanagement.service.UserServiceEdgeCaseTest" time="0.01">
    <system-out><![CDATA[2025-06-20T14:19:46.459+05:30 DEBUG 37792 --- [user-management-service] [           main] org.hibernate.SQL                        : 
    select
        u1_0.id,
        u1_0.bank_account_number,
        u1_0.bank_ifsc_code,
        u1_0.business_address,
        u1_0.business_name,
        u1_0.created_at,
        u1_0.email,
        u1_0.enabled,
        u1_0.first_name,
        u1_0.is_active,
        u1_0.is_seller,
        u1_0.last_name,
        u1_0.password,
        u1_0.phone,
        u1_0.updated_at,
        u1_0.upi_id,
        u1_0.version 
    from
        users u1_0
Hibernate: 
    select
        u1_0.id,
        u1_0.bank_account_number,
        u1_0.bank_ifsc_code,
        u1_0.business_address,
        u1_0.business_name,
        u1_0.created_at,
        u1_0.email,
        u1_0.enabled,
        u1_0.first_name,
        u1_0.is_active,
        u1_0.is_seller,
        u1_0.last_name,
        u1_0.password,
        u1_0.phone,
        u1_0.updated_at,
        u1_0.upi_id,
        u1_0.version 
    from
        users u1_0
2025-06-20T14:19:46.462+05:30 DEBUG 37792 --- [user-management-service] [           main] org.hibernate.SQL                        : 
    select
        u1_0.id,
        u1_0.bank_account_number,
        u1_0.bank_ifsc_code,
        u1_0.business_address,
        u1_0.business_name,
        u1_0.created_at,
        u1_0.email,
        u1_0.enabled,
        u1_0.first_name,
        u1_0.is_active,
        u1_0.is_seller,
        u1_0.last_name,
        u1_0.password,
        u1_0.phone,
        u1_0.updated_at,
        u1_0.upi_id,
        u1_0.version 
    from
        users u1_0
Hibernate: 
    select
        u1_0.id,
        u1_0.bank_account_number,
        u1_0.bank_ifsc_code,
        u1_0.business_address,
        u1_0.business_name,
        u1_0.created_at,
        u1_0.email,
        u1_0.enabled,
        u1_0.first_name,
        u1_0.is_active,
        u1_0.is_seller,
        u1_0.last_name,
        u1_0.password,
        u1_0.phone,
        u1_0.updated_at,
        u1_0.upi_id,
        u1_0.version 
    from
        users u1_0
]]></system-out>
  </testcase>
</testsuite>